#
# There is insufficient memory for the Java Runtime Environment to continue.
# Native memory allocation (malloc) failed to allocate 32744 bytes for ChunkPool::allocate
# Possible reasons:
#   The system is out of physical RAM or swap space
#   The process is running with CompressedOops enabled, and the Java Heap may be blocking the growth of the native heap
# Possible solutions:
#   Reduce memory load on the system
#   Increase physical memory or swap space
#   Check if swap backing store is full
#   Decrease Java heap size (-Xmx/-Xms)
#   Decrease number of Java threads
#   Decrease Java thread stack sizes (-Xss)
#   Set larger code cache with -XX:ReservedCodeCacheSize=
#   JVM is running with Unscaled Compressed Oops mode in which the Java heap is
#     placed in the first 4GB address space. The Java Heap base address is the
#     maximum limit for the native heap growth. Please use -XX:HeapBaseMinAddress
#     to set the Java Heap base and to place the Java Heap above 4GB virtual address.
# This output file may be truncated or incomplete.
#
#  Out of Memory Error (arena.cpp:81), pid=12616, tid=15732
#
# JRE version: OpenJDK Runtime Environment Temurin-11.0.30+7 (11.0.30+7) (build 11.0.30+7)
# Java VM: OpenJDK 64-Bit Server VM Temurin-11.0.30+7 (11.0.30+7, mixed mode, tiered, compressed oops, g1 gc, windows-amd64)
# No core dump will be written. Minidumps are not enabled by default on client versions of Windows
#

---------------  S U M M A R Y ------------

Command Line: -javaagent:C:\Users\RAYTHEON\AppData\Local\JetBrains\IntelliJIdea2026.1\captureAgent\debugger-agent.jar=file:///C:/Users/RAYTHEON/AppData/Local/Temp/capture7306392916280080197.props -ea -Didea.test.cyclic.buffer.size=1048576 -javaagent:C:\Program Files\JetBrains\IntelliJ IDEA 2026.1\lib\idea_rt.jar=56760 -Dkotlinx.coroutines.debug.enable.creation.stack.trace=false -Ddebugger.agent.enable.coroutines=true -Dkotlinx.coroutines.debug.enable.flows.stack.trace=true -Dkotlinx.coroutines.debug.enable.mutable.state.flows.stack.trace=true -Ddebugger.async.stack.trace.for.all.threads=true -Dfile.encoding=UTF-8 com.intellij.rt.testng.RemoteTestNGStarter -usedefaultlisteners false -socket56759 @w@C:\Users\RAYTHEON\AppData\Local\Temp\idea_working_dirs_testng.tmp -temp C:\Users\RAYTHEON\AppData\Local\Temp\idea_testng.tmp

Host: Intel(R) Core(TM) i5-2450M CPU @ 2.50GHz, 4 cores, 7G,  Windows 10 , 64 bit Build 19041 (10.0.19041.5915)
Time: Sun May  3 12:51:18 2026 Egypt Daylight Time elapsed time: 5.933226 seconds (0d 0h 0m 5s)

---------------  T H R E A D  ---------------

Current thread (0x00000288e701f000):  JavaThread "C2 CompilerThread0" daemon [_thread_in_native, id=15732, stack(0x000000ef67500000,0x000000ef67600000)]


Current CompileTask:
C2:   5933 2403       4       jdk.internal.org.objectweb.asm.Frame::execute (2264 bytes)

Stack: [0x000000ef67500000,0x000000ef67600000]
Native frames: (J=compiled Java code, j=interpreted, Vv=VM code, C=native code)
V  [jvm.dll+0x6449fa]
V  [jvm.dll+0x7d6909]
V  [jvm.dll+0x7d7fe9]
V  [jvm.dll+0x7d86e3]
V  [jvm.dll+0x269105]
V  [jvm.dll+0xc29cb]
V  [jvm.dll+0xc2d6c]
V  [jvm.dll+0xc2874]
V  [jvm.dll+0x7c0309]
V  [jvm.dll+0x7bfc42]
V  [jvm.dll+0x551249]
V  [jvm.dll+0x550529]
V  [jvm.dll+0x220a7b]
V  [jvm.dll+0x222f45]
V  [jvm.dll+0x2201a8]
V  [jvm.dll+0x19e021]
V  [jvm.dll+0x2302b4]
V  [jvm.dll+0x22e6ac]
V  [jvm.dll+0x798531]
V  [jvm.dll+0x791094]
V  [jvm.dll+0x6437c5]
C  [ucrtbase.dll+0x21bb2]
C  [KERNEL32.DLL+0x17374]
C  [ntdll.dll+0x4cc91]


---------------  P R O C E S S  ---------------

Threads class SMR info:
_java_thread_list=0x00000288ea50cfa0, length=25, elements={
0x00000288c87ee800, 0x00000288e6ffe800, 0x00000288e7008800, 0x00000288e7972800,
0x00000288e7017000, 0x00000288e701b800, 0x00000288e701f000, 0x00000288e7020800,
0x00000288e7027000, 0x00000288e7ace000, 0x00000288e7c22800, 0x00000288e7d9c800,
0x00000288e7e2e800, 0x00000288e948d800, 0x00000288ea691800, 0x00000288ea477800,
0x00000288ea549000, 0x00000288ea57d800, 0x00000288ea57e800, 0x00000288ea57f800,
0x00000288ea579800, 0x00000288ea57c000, 0x00000288ea580000, 0x00000288ea57a800,
0x00000288ea57d000
}

Java Threads: ( => current thread )
  0x00000288c87ee800 JavaThread "Forwarding newSession on session null to remote" [_thread_blocked, id=1896, stack(0x000000ef66900000,0x000000ef66a00000)]
  0x00000288e6ffe800 JavaThread "Reference Handler" daemon [_thread_blocked, id=14284, stack(0x000000ef67000000,0x000000ef67100000)]
  0x00000288e7008800 JavaThread "Finalizer" daemon [_thread_blocked, id=16836, stack(0x000000ef67100000,0x000000ef67200000)]
  0x00000288e7972800 JavaThread "Signal Dispatcher" daemon [_thread_blocked, id=2780, stack(0x000000ef67200000,0x000000ef67300000)]
  0x00000288e7017000 JavaThread "Attach Listener" daemon [_thread_blocked, id=12564, stack(0x000000ef67300000,0x000000ef67400000)]
  0x00000288e701b800 JavaThread "Service Thread" daemon [_thread_blocked, id=17312, stack(0x000000ef67400000,0x000000ef67500000)]
=>0x00000288e701f000 JavaThread "C2 CompilerThread0" daemon [_thread_in_native, id=15732, stack(0x000000ef67500000,0x000000ef67600000)]
  0x00000288e7020800 JavaThread "C1 CompilerThread0" daemon [_thread_blocked, id=6020, stack(0x000000ef67600000,0x000000ef67700000)]
  0x00000288e7027000 JavaThread "Sweeper thread" daemon [_thread_blocked, id=13716, stack(0x000000ef67700000,0x000000ef67800000)]
  0x00000288e7ace000 JavaThread "Common-Cleaner" daemon [_thread_blocked, id=6520, stack(0x000000ef67800000,0x000000ef67900000)]
  0x00000288e7c22800 JavaThread "IntelliJ Suspend Helper" daemon [_thread_blocked, id=11108, stack(0x000000ef67900000,0x000000ef67a00000)]
  0x00000288e7d9c800 JavaThread "CoarseTimer" daemon [_thread_blocked, id=13216, stack(0x000000ef67a00000,0x000000ef67b00000)]
  0x00000288e7e2e800 JavaThread "Monitor Ctrl-Break" daemon [_thread_in_native, id=7016, stack(0x000000ef67b00000,0x000000ef67c00000)]
  0x00000288e948d800 JavaThread "ForkJoinPool.commonPool-worker-3" daemon [_thread_blocked, id=1216, stack(0x000000ef67f00000,0x000000ef68000000)]
  0x00000288ea691800 JavaThread "HttpClient-1-SelectorManager" daemon [_thread_in_native, id=13500, stack(0x000000ef68000000,0x000000ef68100000)]
  0x00000288ea477800 JavaThread "External Process Output Forwarder - C:\Users\RAYTHEON\.cache\selenium\chromedriver\win64\147.0.7727.117\chromedriver.exe" daemon [_thread_in_native, id=9948, stack(0x000000ef68100000,0x000000ef68200000)]
  0x00000288ea549000 JavaThread "Driver Service Executor" daemon [_thread_blocked, id=11088, stack(0x000000ef68200000,0x000000ef68300000)]
  0x00000288ea57d800 JavaThread "Driver Service Executor" daemon [_thread_in_native, id=9460, stack(0x000000ef68300000,0x000000ef68400000)]
  0x00000288ea57e800 JavaThread "UrlChecker-2" daemon [_thread_blocked, id=14628, stack(0x000000ef68400000,0x000000ef68500000)]
  0x00000288ea57f800 JavaThread "Keep-Alive-Timer" daemon [_thread_blocked, id=10672, stack(0x000000ef68600000,0x000000ef68700000)]
  0x00000288ea579800 JavaThread "JdkHttpClient-0-0" daemon [_thread_blocked, id=6088, stack(0x000000ef68800000,0x000000ef68900000)]
  0x00000288ea57c000 JavaThread "CompletableFutureDelayScheduler" daemon [_thread_blocked, id=2072, stack(0x000000ef68900000,0x000000ef68a00000)]
  0x00000288ea580000 JavaThread "JdkHttpClient-0-1" daemon [_thread_blocked, id=2388, stack(0x000000ef68a00000,0x000000ef68b00000)]
  0x00000288ea57a800 JavaThread "JdkHttpClient-0-2" daemon [_thread_blocked, id=5432, stack(0x000000ef68b00000,0x000000ef68c00000)]
  0x00000288ea57d000 JavaThread "JdkHttpClient-0-3" daemon [_thread_blocked, id=14636, stack(0x000000ef68c00000,0x000000ef68d00000)]

Other Threads:
  0x00000288e6fd7800 VMThread "VM Thread" [stack: 0x000000ef66f00000,0x000000ef67000000] [id=14956] _threads_hazard_ptr=0x00000288ea50cfa0
  0x00000288e7e2f000 WatcherThread [stack: 0x000000ef67c00000,0x000000ef67d00000] [id=16504]
  0x00000288c8807000 GCTaskThread "GC Thread#0" [stack: 0x000000ef66a00000,0x000000ef66b00000] [id=608]
  0x00000288e8478000 GCTaskThread "GC Thread#1" [stack: 0x000000ef67d00000,0x000000ef67e00000] [id=13584]
  0x00000288e83e9800 GCTaskThread "GC Thread#2" [stack: 0x000000ef67e00000,0x000000ef67f00000] [id=12404]
  0x00000288c883a000 ConcurrentGCThread "G1 Main Marker" [stack: 0x000000ef66b00000,0x000000ef66c00000] [id=8108]
  0x00000288c883e000 ConcurrentGCThread "G1 Conc#0" [stack: 0x000000ef66c00000,0x000000ef66d00000] [id=15768]
  0x00000288e6e40800 ConcurrentGCThread "G1 Refine#0" [stack: 0x000000ef66d00000,0x000000ef66e00000] [id=12060]
  0x00000288e6e41000 ConcurrentGCThread "G1 Young RemSet Sampling" [stack: 0x000000ef66e00000,0x000000ef66f00000] [id=11288]

Threads with active compile tasks:
C2 CompilerThread0     6058 2403       4       jdk.internal.org.objectweb.asm.Frame::execute (2264 bytes)
C1 CompilerThread0     6058 2414       3       jdk.internal.misc.InnocuousThread::eraseThreadLocals (23 bytes)

VM state:at safepoint (normal execution)

VM Mutex/Monitor currently owned by a thread:  ([mutex/lock_event])
[0x00000288c87eb8b0] Threads_lock - owner thread: 0x00000288e6fd7800

Heap address: 0x0000000081a00000, size: 2022 MB, Compressed Oops mode: 32-bit
Narrow klass base: 0x0000000000000000, Narrow klass shift: 3
Compressed class space size: 1073741824 Address: 0x0000000100000000

Heap:
 garbage-first heap   total 131072K, used 15059K [0x0000000081a00000, 0x0000000100000000)
  region size 1024K, 7 young (7168K), 6 survivors (6144K)
 Metaspace       used 26902K, capacity 28083K, committed 28288K, reserved 1079296K
  class space    used 2936K, capacity 3454K, committed 3456K, reserved 1048576K
Heap Regions: E=young(eden), S=young(survivor), O=old, HS=humongous(starts), HC=humongous(continues), CS=collection set, F=free, A=archive, TAMS=top-at-mark-start (previous, next)
|   0|0x0000000081a00000, 0x0000000081b00000, 0x0000000081b00000|100%|HS|  |TAMS 0x0000000081b00000, 0x0000000081b00000| Complete 
|   1|0x0000000081b00000, 0x0000000081c00000, 0x0000000081c00000|100%| O|  |TAMS 0x0000000081c00000, 0x0000000081c00000| Untracked 
|   2|0x0000000081c00000, 0x0000000081d00000, 0x0000000081d00000|100%| O|  |TAMS 0x0000000081c16c00, 0x0000000081d00000| Untracked 
|   3|0x0000000081d00000, 0x0000000081e00000, 0x0000000081e00000|100%| O|  |TAMS 0x0000000081d00000, 0x0000000081e00000| Untracked 
|   4|0x0000000081e00000, 0x0000000081f00000, 0x0000000081f00000|100%| O|  |TAMS 0x0000000081e00000, 0x0000000081f00000| Untracked 
|   5|0x0000000081f00000, 0x0000000082000000, 0x0000000082000000|100%| O|  |TAMS 0x0000000081f00000, 0x0000000082000000| Untracked 
|   6|0x0000000082000000, 0x0000000082100000, 0x0000000082100000|100%| O|  |TAMS 0x0000000082000000, 0x0000000082100000| Untracked 
|   7|0x0000000082100000, 0x0000000082200000, 0x0000000082200000|100%| O|  |TAMS 0x0000000082100000, 0x0000000082200000| Untracked 
|   8|0x0000000082200000, 0x0000000082300000, 0x0000000082300000|100%| O|  |TAMS 0x0000000082200000, 0x0000000082300000| Untracked 
|   9|0x0000000082300000, 0x000000008232a000, 0x0000000082400000| 16%| O|  |TAMS 0x0000000082300000, 0x000000008232a000| Untracked 
|  10|0x0000000082400000, 0x0000000082400000, 0x0000000082500000|  0%| F|  |TAMS 0x0000000082400000, 0x0000000082400000| Untracked 
|  11|0x0000000082500000, 0x0000000082500000, 0x0000000082600000|  0%| F|  |TAMS 0x0000000082500000, 0x0000000082500000| Untracked 
|  12|0x0000000082600000, 0x0000000082600000, 0x0000000082700000|  0%| F|  |TAMS 0x0000000082600000, 0x0000000082600000| Untracked 
|  13|0x0000000082700000, 0x0000000082700000, 0x0000000082800000|  0%| F|  |TAMS 0x0000000082700000, 0x0000000082700000| Untracked 
|  14|0x0000000082800000, 0x0000000082800000, 0x0000000082900000|  0%| F|  |TAMS 0x0000000082800000, 0x0000000082800000| Untracked 
|  15|0x0000000082900000, 0x0000000082900000, 0x0000000082a00000|  0%| F|  |TAMS 0x0000000082900000, 0x0000000082900000| Untracked 
|  16|0x0000000082a00000, 0x0000000082a00000, 0x0000000082b00000|  0%| F|  |TAMS 0x0000000082a00000, 0x0000000082a00000| Untracked 
|  17|0x0000000082b00000, 0x0000000082b00000, 0x0000000082c00000|  0%| F|  |TAMS 0x0000000082b00000, 0x0000000082b00000| Untracked 
|  18|0x0000000082c00000, 0x0000000082c00000, 0x0000000082d00000|  0%| F|  |TAMS 0x0000000082c00000, 0x0000000082c00000| Untracked 
|  19|0x0000000082d00000, 0x0000000082d00000, 0x0000000082e00000|  0%| F|  |TAMS 0x0000000082d00000, 0x0000000082d00000| Untracked 
|  20|0x0000000082e00000, 0x0000000082e00000, 0x0000000082f00000|  0%| F|  |TAMS 0x0000000082e00000, 0x0000000082e00000| Untracked 
|  21|0x0000000082f00000, 0x0000000082f00000, 0x0000000083000000|  0%| F|  |TAMS 0x0000000082f00000, 0x0000000082f00000| Untracked 
|  22|0x0000000083000000, 0x0000000083000000, 0x0000000083100000|  0%| F|  |TAMS 0x0000000083000000, 0x0000000083000000| Untracked 
|  23|0x0000000083100000, 0x0000000083100000, 0x0000000083200000|  0%| F|  |TAMS 0x0000000083100000, 0x0000000083100000| Untracked 
|  24|0x0000000083200000, 0x0000000083200000, 0x0000000083300000|  0%| F|  |TAMS 0x0000000083200000, 0x0000000083200000| Untracked 
|  25|0x0000000083300000, 0x0000000083300000, 0x0000000083400000|  0%| F|  |TAMS 0x0000000083300000, 0x0000000083300000| Untracked 
|  26|0x0000000083400000, 0x0000000083400000, 0x0000000083500000|  0%| F|  |TAMS 0x0000000083400000, 0x0000000083400000| Untracked 
|  27|0x0000000083500000, 0x0000000083500000, 0x0000000083600000|  0%| F|  |TAMS 0x0000000083500000, 0x0000000083500000| Untracked 
|  28|0x0000000083600000, 0x0000000083600000, 0x0000000083700000|  0%| F|  |TAMS 0x0000000083600000, 0x0000000083600000| Untracked 
|  29|0x0000000083700000, 0x0000000083700000, 0x0000000083800000|  0%| F|  |TAMS 0x0000000083700000, 0x0000000083700000| Untracked 
|  30|0x0000000083800000, 0x0000000083800000, 0x0000000083900000|  0%| F|  |TAMS 0x0000000083800000, 0x0000000083800000| Untracked 
|  31|0x0000000083900000, 0x0000000083900000, 0x0000000083a00000|  0%| F|  |TAMS 0x0000000083900000, 0x0000000083900000| Untracked 
|  32|0x0000000083a00000, 0x0000000083a00000, 0x0000000083b00000|  0%| F|  |TAMS 0x0000000083a00000, 0x0000000083a00000| Untracked 
|  33|0x0000000083b00000, 0x0000000083b00000, 0x0000000083c00000|  0%| F|  |TAMS 0x0000000083b00000, 0x0000000083b00000| Untracked 
|  34|0x0000000083c00000, 0x0000000083c00000, 0x0000000083d00000|  0%| F|  |TAMS 0x0000000083c00000, 0x0000000083c00000| Untracked 
|  35|0x0000000083d00000, 0x0000000083d00000, 0x0000000083e00000|  0%| F|  |TAMS 0x0000000083d00000, 0x0000000083d00000| Untracked 
|  36|0x0000000083e00000, 0x0000000083e00000, 0x0000000083f00000|  0%| F|  |TAMS 0x0000000083e00000, 0x0000000083e00000| Untracked 
|  37|0x0000000083f00000, 0x0000000083f00000, 0x0000000084000000|  0%| F|  |TAMS 0x0000000083f00000, 0x0000000083f00000| Untracked 
|  38|0x0000000084000000, 0x0000000084000000, 0x0000000084100000|  0%| F|  |TAMS 0x0000000084000000, 0x0000000084000000| Untracked 
|  39|0x0000000084100000, 0x0000000084100000, 0x0000000084200000|  0%| F|  |TAMS 0x0000000084100000, 0x0000000084100000| Untracked 
|  40|0x0000000084200000, 0x0000000084200000, 0x0000000084300000|  0%| F|  |TAMS 0x0000000084200000, 0x0000000084200000| Untracked 
|  41|0x0000000084300000, 0x0000000084300000, 0x0000000084400000|  0%| F|  |TAMS 0x0000000084300000, 0x0000000084300000| Untracked 
|  42|0x0000000084400000, 0x0000000084400000, 0x0000000084500000|  0%| F|  |TAMS 0x0000000084400000, 0x0000000084400000| Untracked 
|  43|0x0000000084500000, 0x0000000084500000, 0x0000000084600000|  0%| F|  |TAMS 0x0000000084500000, 0x0000000084500000| Untracked 
|  44|0x0000000084600000, 0x0000000084600000, 0x0000000084700000|  0%| F|  |TAMS 0x0000000084600000, 0x0000000084600000| Untracked 
|  45|0x0000000084700000, 0x0000000084700000, 0x0000000084800000|  0%| F|  |TAMS 0x0000000084700000, 0x0000000084700000| Untracked 
|  46|0x0000000084800000, 0x0000000084800000, 0x0000000084900000|  0%| F|  |TAMS 0x0000000084800000, 0x0000000084800000| Untracked 
|  47|0x0000000084900000, 0x0000000084900000, 0x0000000084a00000|  0%| F|  |TAMS 0x0000000084900000, 0x0000000084900000| Untracked 
|  48|0x0000000084a00000, 0x0000000084a00000, 0x0000000084b00000|  0%| F|  |TAMS 0x0000000084a00000, 0x0000000084a00000| Untracked 
|  49|0x0000000084b00000, 0x0000000084b00000, 0x0000000084c00000|  0%| F|  |TAMS 0x0000000084b00000, 0x0000000084b00000| Untracked 
|  50|0x0000000084c00000, 0x0000000084c00000, 0x0000000084d00000|  0%| F|  |TAMS 0x0000000084c00000, 0x0000000084c00000| Untracked 
|  51|0x0000000084d00000, 0x0000000084d00000, 0x0000000084e00000|  0%| F|  |TAMS 0x0000000084d00000, 0x0000000084d00000| Untracked 
|  52|0x0000000084e00000, 0x0000000084e00000, 0x0000000084f00000|  0%| F|  |TAMS 0x0000000084e00000, 0x0000000084e00000| Untracked 
|  53|0x0000000084f00000, 0x0000000084f00000, 0x0000000085000000|  0%| F|  |TAMS 0x0000000084f00000, 0x0000000084f00000| Untracked 
|  54|0x0000000085000000, 0x0000000085000000, 0x0000000085100000|  0%| F|  |TAMS 0x0000000085000000, 0x0000000085000000| Untracked 
|  55|0x0000000085100000, 0x0000000085100000, 0x0000000085200000|  0%| F|  |TAMS 0x0000000085100000, 0x0000000085100000| Untracked 
|  56|0x0000000085200000, 0x0000000085200000, 0x0000000085300000|  0%| F|  |TAMS 0x0000000085200000, 0x0000000085200000| Untracked 
|  57|0x0000000085300000, 0x0000000085300000, 0x0000000085400000|  0%| F|  |TAMS 0x0000000085300000, 0x0000000085300000| Untracked 
|  58|0x0000000085400000, 0x0000000085400000, 0x0000000085500000|  0%| F|  |TAMS 0x0000000085400000, 0x0000000085400000| Untracked 
|  59|0x0000000085500000, 0x0000000085500000, 0x0000000085600000|  0%| F|  |TAMS 0x0000000085500000, 0x0000000085500000| Untracked 
|  60|0x0000000085600000, 0x0000000085600000, 0x0000000085700000|  0%| F|  |TAMS 0x0000000085600000, 0x0000000085600000| Untracked 
|  61|0x0000000085700000, 0x0000000085700000, 0x0000000085800000|  0%| F|  |TAMS 0x0000000085700000, 0x0000000085700000| Untracked 
|  62|0x0000000085800000, 0x0000000085800000, 0x0000000085900000|  0%| F|  |TAMS 0x0000000085800000, 0x0000000085800000| Untracked 
|  63|0x0000000085900000, 0x0000000085900000, 0x0000000085a00000|  0%| F|  |TAMS 0x0000000085900000, 0x0000000085900000| Untracked 
|  64|0x0000000085a00000, 0x0000000085a00000, 0x0000000085b00000|  0%| F|  |TAMS 0x0000000085a00000, 0x0000000085a00000| Untracked 
|  65|0x0000000085b00000, 0x0000000085b00000, 0x0000000085c00000|  0%| F|  |TAMS 0x0000000085b00000, 0x0000000085b00000| Untracked 
|  66|0x0000000085c00000, 0x0000000085c00000, 0x0000000085d00000|  0%| F|  |TAMS 0x0000000085c00000, 0x0000000085c00000| Untracked 
|  67|0x0000000085d00000, 0x0000000085d00000, 0x0000000085e00000|  0%| F|  |TAMS 0x0000000085d00000, 0x0000000085d00000| Untracked 
|  68|0x0000000085e00000, 0x0000000085e00000, 0x0000000085f00000|  0%| F|  |TAMS 0x0000000085e00000, 0x0000000085e00000| Untracked 
|  69|0x0000000085f00000, 0x0000000085f00000, 0x0000000086000000|  0%| F|  |TAMS 0x0000000085f00000, 0x0000000085f00000| Untracked 
|  70|0x0000000086000000, 0x0000000086000000, 0x0000000086100000|  0%| F|  |TAMS 0x0000000086000000, 0x0000000086000000| Untracked 
|  71|0x0000000086100000, 0x0000000086100000, 0x0000000086200000|  0%| F|  |TAMS 0x0000000086100000, 0x0000000086100000| Untracked 
|  72|0x0000000086200000, 0x0000000086200000, 0x0000000086300000|  0%| F|  |TAMS 0x0000000086200000, 0x0000000086200000| Untracked 
|  73|0x0000000086300000, 0x0000000086300000, 0x0000000086400000|  0%| F|  |TAMS 0x0000000086300000, 0x0000000086300000| Untracked 
|  74|0x0000000086400000, 0x0000000086400000, 0x0000000086500000|  0%| F|  |TAMS 0x0000000086400000, 0x0000000086400000| Untracked 
|  75|0x0000000086500000, 0x0000000086500000, 0x0000000086600000|  0%| F|  |TAMS 0x0000000086500000, 0x0000000086500000| Untracked 
|  76|0x0000000086600000, 0x0000000086600000, 0x0000000086700000|  0%| F|  |TAMS 0x0000000086600000, 0x0000000086600000| Untracked 
|  77|0x0000000086700000, 0x0000000086700000, 0x0000000086800000|  0%| F|  |TAMS 0x0000000086700000, 0x0000000086700000| Untracked 
|  78|0x0000000086800000, 0x0000000086800000, 0x0000000086900000|  0%| F|  |TAMS 0x0000000086800000, 0x0000000086800000| Untracked 
|  79|0x0000000086900000, 0x0000000086900000, 0x0000000086a00000|  0%| F|  |TAMS 0x0000000086900000, 0x0000000086900000| Untracked 
|  80|0x0000000086a00000, 0x0000000086a00000, 0x0000000086b00000|  0%| F|  |TAMS 0x0000000086a00000, 0x0000000086a00000| Untracked 
|  81|0x0000000086b00000, 0x0000000086b00000, 0x0000000086c00000|  0%| F|  |TAMS 0x0000000086b00000, 0x0000000086b00000| Untracked 
|  82|0x0000000086c00000, 0x0000000086c00000, 0x0000000086d00000|  0%| F|  |TAMS 0x0000000086c00000, 0x0000000086c00000| Untracked 
|  83|0x0000000086d00000, 0x0000000086d00000, 0x0000000086e00000|  0%| F|  |TAMS 0x0000000086d00000, 0x0000000086d00000| Untracked 
|  84|0x0000000086e00000, 0x0000000086e00000, 0x0000000086f00000|  0%| F|  |TAMS 0x0000000086e00000, 0x0000000086e00000| Untracked 
|  85|0x0000000086f00000, 0x0000000086f00000, 0x0000000087000000|  0%| F|  |TAMS 0x0000000086f00000, 0x0000000086f00000| Untracked 
|  86|0x0000000087000000, 0x0000000087000000, 0x0000000087100000|  0%| F|  |TAMS 0x0000000087000000, 0x0000000087000000| Untracked 
|  87|0x0000000087100000, 0x0000000087100000, 0x0000000087200000|  0%| F|  |TAMS 0x0000000087100000, 0x0000000087100000| Untracked 
|  88|0x0000000087200000, 0x0000000087200000, 0x0000000087300000|  0%| F|  |TAMS 0x0000000087200000, 0x0000000087200000| Untracked 
|  89|0x0000000087300000, 0x0000000087300000, 0x0000000087400000|  0%| F|  |TAMS 0x0000000087300000, 0x0000000087300000| Untracked 
|  90|0x0000000087400000, 0x0000000087400000, 0x0000000087500000|  0%| F|  |TAMS 0x0000000087400000, 0x0000000087400000| Untracked 
|  91|0x0000000087500000, 0x0000000087500000, 0x0000000087600000|  0%| F|  |TAMS 0x0000000087500000, 0x0000000087500000| Untracked 
|  92|0x0000000087600000, 0x0000000087600000, 0x0000000087700000|  0%| F|  |TAMS 0x0000000087600000, 0x0000000087600000| Untracked 
|  93|0x0000000087700000, 0x0000000087700000, 0x0000000087800000|  0%| F|  |TAMS 0x0000000087700000, 0x0000000087700000| Untracked 
|  94|0x0000000087800000, 0x0000000087800000, 0x0000000087900000|  0%| F|  |TAMS 0x0000000087800000, 0x0000000087800000| Untracked 
|  95|0x0000000087900000, 0x0000000087900000, 0x0000000087a00000|  0%| F|  |TAMS 0x0000000087900000, 0x0000000087900000| Untracked 
|  96|0x0000000087a00000, 0x0000000087a00000, 0x0000000087b00000|  0%| F|  |TAMS 0x0000000087a00000, 0x0000000087a00000| Untracked 
|  97|0x0000000087b00000, 0x0000000087b00000, 0x0000000087c00000|  0%| F|  |TAMS 0x0000000087b00000, 0x0000000087b00000| Untracked 
|  98|0x0000000087c00000, 0x0000000087c00000, 0x0000000087d00000|  0%| F|  |TAMS 0x0000000087c00000, 0x0000000087c00000| Untracked 
|  99|0x0000000087d00000, 0x0000000087d8acb0, 0x0000000087e00000| 54%| S|CS|TAMS 0x0000000087d00000, 0x0000000087d00000| Complete 
| 100|0x0000000087e00000, 0x0000000087f00000, 0x0000000087f00000|100%| S|CS|TAMS 0x0000000087e00000, 0x0000000087e00000| Complete 
| 101|0x0000000087f00000, 0x0000000088000000, 0x0000000088000000|100%| S|CS|TAMS 0x0000000087f00000, 0x0000000087f00000| Complete 
| 102|0x0000000088000000, 0x0000000088100000, 0x0000000088100000|100%| S|CS|TAMS 0x0000000088000000, 0x0000000088000000| Complete 
| 103|0x0000000088100000, 0x0000000088200000, 0x0000000088200000|100%| S|CS|TAMS 0x0000000088100000, 0x0000000088100000| Complete 
| 104|0x0000000088200000, 0x0000000088300000, 0x0000000088300000|100%| S|CS|TAMS 0x0000000088200000, 0x0000000088200000| Complete 
| 105|0x0000000088300000, 0x0000000088300000, 0x0000000088400000|  0%| F|  |TAMS 0x0000000088300000, 0x0000000088300000| Untracked 
| 106|0x0000000088400000, 0x0000000088400000, 0x0000000088500000|  0%| F|  |TAMS 0x0000000088400000, 0x0000000088400000| Untracked 
| 107|0x0000000088500000, 0x0000000088500000, 0x0000000088600000|  0%| F|  |TAMS 0x0000000088500000, 0x0000000088500000| Untracked 
| 108|0x0000000088600000, 0x0000000088600000, 0x0000000088700000|  0%| F|  |TAMS 0x0000000088600000, 0x0000000088600000| Untracked 
| 109|0x0000000088700000, 0x0000000088700000, 0x0000000088800000|  0%| F|  |TAMS 0x0000000088700000, 0x0000000088700000| Untracked 
| 110|0x0000000088800000, 0x0000000088800000, 0x0000000088900000|  0%| F|  |TAMS 0x0000000088800000, 0x0000000088800000| Untracked 
| 111|0x0000000088900000, 0x0000000088900000, 0x0000000088a00000|  0%| F|  |TAMS 0x0000000088900000, 0x0000000088900000| Untracked 
| 112|0x0000000088a00000, 0x0000000088a00000, 0x0000000088b00000|  0%| F|  |TAMS 0x0000000088a00000, 0x0000000088a00000| Untracked 
| 113|0x0000000088b00000, 0x0000000088b00000, 0x0000000088c00000|  0%| F|  |TAMS 0x0000000088b00000, 0x0000000088b00000| Untracked 
| 114|0x0000000088c00000, 0x0000000088c00000, 0x0000000088d00000|  0%| F|  |TAMS 0x0000000088c00000, 0x0000000088c00000| Untracked 
| 115|0x0000000088d00000, 0x0000000088d00000, 0x0000000088e00000|  0%| F|  |TAMS 0x0000000088d00000, 0x0000000088d00000| Untracked 
| 116|0x0000000088e00000, 0x0000000088e00000, 0x0000000088f00000|  0%| F|  |TAMS 0x0000000088e00000, 0x0000000088e00000| Untracked 
| 117|0x0000000088f00000, 0x0000000088f00000, 0x0000000089000000|  0%| F|  |TAMS 0x0000000088f00000, 0x0000000088f00000| Untracked 
| 118|0x0000000089000000, 0x0000000089000000, 0x0000000089100000|  0%| F|  |TAMS 0x0000000089000000, 0x0000000089000000| Untracked 
| 119|0x0000000089100000, 0x0000000089100000, 0x0000000089200000|  0%| F|  |TAMS 0x0000000089100000, 0x0000000089100000| Untracked 
| 120|0x0000000089200000, 0x0000000089200000, 0x0000000089300000|  0%| F|  |TAMS 0x0000000089200000, 0x0000000089200000| Untracked 
| 121|0x0000000089300000, 0x0000000089300000, 0x0000000089400000|  0%| F|  |TAMS 0x0000000089300000, 0x0000000089300000| Untracked 
| 122|0x0000000089400000, 0x0000000089400000, 0x0000000089500000|  0%| F|  |TAMS 0x0000000089400000, 0x0000000089400000| Untracked 
| 123|0x0000000089500000, 0x0000000089500000, 0x0000000089600000|  0%| F|  |TAMS 0x0000000089500000, 0x0000000089500000| Untracked 
| 124|0x0000000089600000, 0x0000000089600000, 0x0000000089700000|  0%| F|  |TAMS 0x0000000089600000, 0x0000000089600000| Untracked 
| 125|0x0000000089700000, 0x0000000089700000, 0x0000000089800000|  0%| F|  |TAMS 0x0000000089700000, 0x0000000089700000| Untracked 
| 126|0x0000000089800000, 0x0000000089800000, 0x0000000089900000|  0%| F|  |TAMS 0x0000000089800000, 0x0000000089800000| Untracked 
| 127|0x0000000089900000, 0x0000000089965ee8, 0x0000000089a00000| 39%| E|  |TAMS 0x0000000089900000, 0x0000000089900000| Complete 

Card table byte_map: [0x00000288e03b0000,0x00000288e07b0000] _byte_map_base: 0x00000288dffa3000

Marking Bits (Prev, Next): (CMBitMap*) 0x00000288c88313b0, (CMBitMap*) 0x00000288c8831378
 Prev Bits: [0x00000288e2b50000, 0x00000288e4ae8000)
 Next Bits: [0x00000288e0bb0000, 0x00000288e2b48000)

Polling page: 0x00000288c67d0000

Metaspace:

Usage:
  Non-class:     24.05 MB capacity,    23.40 MB ( 97%) used,   532.88 KB (  2%) free+waste,   129.88 KB ( <1%) overhead. 
      Class:      3.37 MB capacity,     2.87 MB ( 85%) used,   452.41 KB ( 13%) free+waste,    65.25 KB (  2%) overhead. 
       Both:     27.42 MB capacity,    26.27 MB ( 96%) used,   985.29 KB (  4%) free+waste,   195.12 KB ( <1%) overhead. 

Virtual space:
  Non-class space:       30.00 MB reserved,      24.25 MB ( 81%) committed 
      Class space:        1.00 GB reserved,       3.38 MB ( <1%) committed 
             Both:        1.03 GB reserved,      27.62 MB (  3%) committed 

Chunk freelists:
   Non-Class:  11.00 KB
       Class:  2.00 KB
        Both:  13.00 KB

MaxMetaspaceSize: 17179869184.00 GB
CompressedClassSpaceSize: 1.00 GB
Initial GC threshold: 20.80 MB
Current GC threshold: 35.32 MB
CDS: off

CodeHeap 'non-profiled nmethods': size=120064Kb used=1110Kb max_used=1110Kb free=118953Kb
 bounds [0x00000288d8a70000, 0x00000288d8ce0000, 0x00000288dffb0000]
CodeHeap 'profiled nmethods': size=120000Kb used=5005Kb max_used=5005Kb free=114994Kb
 bounds [0x00000288d1540000, 0x00000288d1a30000, 0x00000288d8a70000]
CodeHeap 'non-nmethods': size=5696Kb used=1260Kb max_used=1275Kb free=4435Kb
 bounds [0x00000288d0fb0000, 0x00000288d1220000, 0x00000288d1540000]
 total_blobs=2954 nmethods=2406 adapters=460
 compilation: enabled
              stopped_count=0, restarted_count=0
 full_count=0

Compilation events (20 events):
Event: 5.858 Thread 0x00000288e7020800 2397       3       java.lang.invoke.InvokerBytecodeGenerator::classFilePrologue (86 bytes)
Event: 5.858 Thread 0x00000288e701f000 nmethod 2402 0x00000288d8b84f90 code [0x00000288d8b85120, 0x00000288d8b851f8]
Event: 5.859 Thread 0x00000288e701f000 2403       4       jdk.internal.org.objectweb.asm.Frame::execute (2264 bytes)
Event: 5.860 Thread 0x00000288e7020800 nmethod 2397 0x00000288d1a1f110 code [0x00000288d1a1f440, 0x00000288d1a203a8]
Event: 5.860 Thread 0x00000288e7020800 2398       3       java.lang.invoke.InvokerBytecodeGenerator::bogusMethod (74 bytes)
Event: 5.860 Thread 0x00000288e7020800 nmethod 2398 0x00000288d1a20910 code [0x00000288d1a20ac0, 0x00000288d1a20bd8]
Event: 5.860 Thread 0x00000288e7020800 2399       3       java.lang.invoke.InvokerBytecodeGenerator::maybeDump (33 bytes)
Event: 5.860 Thread 0x00000288e7020800 nmethod 2399 0x00000288d1a20c90 code [0x00000288d1a20e40, 0x00000288d1a20f58]
Event: 5.860 Thread 0x00000288e7020800 2401   !   3       java.lang.invoke.InvokerBytecodeGenerator::resolveInvokerMember (41 bytes)
Event: 5.860 Thread 0x00000288e7020800 nmethod 2401 0x00000288d1a21010 code [0x00000288d1a21200, 0x00000288d1a21528]
Event: 5.865 Thread 0x00000288e7020800 2406       3       java.lang.invoke.InfoFromMemberName::<init> (72 bytes)
Event: 5.866 Thread 0x00000288e7020800 nmethod 2406 0x00000288d1a21690 code [0x00000288d1a21840, 0x00000288d1a21a18]
Event: 5.877 Thread 0x00000288e7020800 2407       3       com.intellij.rt.debugger.agent.CaptureStorage$ConcurrentIdentityWeakHashMap$HardKey::equals (24 bytes)
Event: 5.878 Thread 0x00000288e7020800 nmethod 2407 0x00000288d1a21b10 code [0x00000288d1a21ce0, 0x00000288d1a22108]
Event: 5.878 Thread 0x00000288e7020800 2408       3       com.intellij.rt.debugger.agent.CaptureStorage$ConcurrentIdentityWeakHashMap::access$1100 (6 bytes)
Event: 5.878 Thread 0x00000288e7020800 nmethod 2408 0x00000288d1a22210 code [0x00000288d1a223c0, 0x00000288d1a224c8]
Event: 5.880 Thread 0x00000288e7020800 2409       3       java.util.stream.ReferencePipeline::filter (22 bytes)
Event: 5.881 Thread 0x00000288e7020800 nmethod 2409 0x00000288d1a22590 code [0x00000288d1a22780, 0x00000288d1a22c98]
Event: 5.881 Thread 0x00000288e7020800 2410       3       java.util.stream.ReferencePipeline$2::<init> (20 bytes)
Event: 5.881 Thread 0x00000288e7020800 nmethod 2410 0x00000288d1a22e90 code [0x00000288d1a23060, 0x00000288d1a23328]

GC Heap History (6 events):
Event: 1.009 GC heap before
{Heap before GC invocations=0 (full 0):
 garbage-first heap   total 131072K, used 15360K [0x0000000081a00000, 0x0000000100000000)
  region size 1024K, 14 young (14336K), 0 survivors (0K)
 Metaspace       used 9086K, capacity 9228K, committed 9344K, reserved 1058816K
  class space    used 802K, capacity 840K, committed 896K, reserved 1048576K
}
Event: 1.014 GC heap after
{Heap after GC invocations=1 (full 0):
 garbage-first heap   total 131072K, used 4187K [0x0000000081a00000, 0x0000000100000000)
  region size 1024K, 2 young (2048K), 2 survivors (2048K)
 Metaspace       used 9086K, capacity 9228K, committed 9344K, reserved 1058816K
  class space    used 802K, capacity 840K, committed 896K, reserved 1048576K
}
Event: 3.034 GC heap before
{Heap before GC invocations=1 (full 0):
 garbage-first heap   total 131072K, used 52315K [0x0000000081a00000, 0x0000000100000000)
  region size 1024K, 50 young (51200K), 2 survivors (2048K)
 Metaspace       used 20420K, capacity 21115K, committed 21248K, reserved 1069056K
  class space    used 2108K, capacity 2437K, committed 2560K, reserved 1048576K
}
Event: 3.051 GC heap after
{Heap after GC invocations=2 (full 0):
 garbage-first heap   total 131072K, used 9344K [0x0000000081a00000, 0x0000000100000000)
  region size 1024K, 8 young (8192K), 8 survivors (8192K)
 Metaspace       used 20420K, capacity 21115K, committed 21248K, reserved 1069056K
  class space    used 2108K, capacity 2437K, committed 2560K, reserved 1048576K
}
Event: 3.382 GC heap before
{Heap before GC invocations=3 (full 0):
 garbage-first heap   total 131072K, used 27776K [0x0000000081a00000, 0x0000000100000000)
  region size 1024K, 26 young (26624K), 8 survivors (8192K)
 Metaspace       used 21707K, capacity 22450K, committed 22656K, reserved 1069056K
  class space    used 2242K, capacity 2585K, committed 2688K, reserved 1048576K
}
Event: 3.402 GC heap after
{Heap after GC invocations=4 (full 0):
 garbage-first heap   total 131072K, used 13480K [0x0000000081a00000, 0x0000000100000000)
  region size 1024K, 4 young (4096K), 4 survivors (4096K)
 Metaspace       used 21707K, capacity 22450K, committed 22656K, reserved 1069056K
  class space    used 2242K, capacity 2585K, committed 2688K, reserved 1048576K
}

Deoptimization events (20 events):
Event: 3.644 Thread 0x00000288c87ee800 Uncommon trap: trap_request=0xffffff76 fr.pc=0x00000288d8b63fd8 relative=0x0000000000001678
Event: 3.644 Thread 0x00000288c87ee800 Uncommon trap: reason=loop_limit_check action=maybe_recompile pc=0x00000288d8b63fd8 method=java.lang.invoke.LambdaForm.useCount(Ljava/lang/invoke/LambdaForm$Name;)I @ 62 c2
Event: 3.644 Thread 0x00000288c87ee800 DEOPT PACKING pc=0x00000288d8b63fd8 sp=0x000000ef669fbd90
Event: 3.644 Thread 0x00000288c87ee800 DEOPT UNPACKING pc=0x00000288d0ffa1af sp=0x000000ef669fbc58 mode 2
Event: 3.771 Thread 0x00000288c87ee800 Uncommon trap: trap_request=0xffffff4d fr.pc=0x00000288d8ad8df0 relative=0x0000000000000450
Event: 3.771 Thread 0x00000288c87ee800 Uncommon trap: reason=unstable_if action=reinterpret pc=0x00000288d8ad8df0 method=jdk.internal.org.objectweb.asm.Type.getArgumentsAndReturnSizes(Ljava/lang/String;)I @ 41 c2
Event: 3.771 Thread 0x00000288c87ee800 DEOPT PACKING pc=0x00000288d8ad8df0 sp=0x000000ef669fb120
Event: 3.771 Thread 0x00000288c87ee800 DEOPT UNPACKING pc=0x00000288d0ffa1af sp=0x000000ef669fb0a0 mode 2
Event: 3.771 Thread 0x00000288c87ee800 Uncommon trap: trap_request=0xffffff4d fr.pc=0x00000288d8af4f80 relative=0x0000000000000560
Event: 3.771 Thread 0x00000288c87ee800 Uncommon trap: reason=unstable_if action=reinterpret pc=0x00000288d8af4f80 method=jdk.internal.org.objectweb.asm.Frame.push(Ljdk/internal/org/objectweb/asm/ClassWriter;Ljava/lang/String;)V @ 24 c2
Event: 3.771 Thread 0x00000288c87ee800 DEOPT PACKING pc=0x00000288d8af4f80 sp=0x000000ef669fb010
Event: 3.771 Thread 0x00000288c87ee800 DEOPT UNPACKING pc=0x00000288d0ffa1af sp=0x000000ef669faf30 mode 2
Event: 3.860 Thread 0x00000288c87ee800 Uncommon trap: trap_request=0xffffff4d fr.pc=0x00000288d8b23e00 relative=0x0000000000000360
Event: 3.860 Thread 0x00000288c87ee800 Uncommon trap: reason=unstable_if action=reinterpret pc=0x00000288d8b23e00 method=java.io.ByteArrayInputStream.read([BII)I @ 35 c2
Event: 3.860 Thread 0x00000288c87ee800 DEOPT PACKING pc=0x00000288d8b23e00 sp=0x000000ef669fcd20
Event: 3.860 Thread 0x00000288c87ee800 DEOPT UNPACKING pc=0x00000288d0ffa1af sp=0x000000ef669fcce0 mode 2
Event: 3.957 Thread 0x00000288ea579800 Uncommon trap: trap_request=0xffffffcc fr.pc=0x00000288d8b75314 relative=0x0000000000000354
Event: 3.957 Thread 0x00000288ea579800 Uncommon trap: reason=intrinsic_or_type_checked_inlining action=make_not_entrant pc=0x00000288d8b75314 method=java.util.Arrays.copyOf([Ljava/lang/Object;ILjava/lang/Class;)[Ljava/lang/Object; @ 35 c2
Event: 3.957 Thread 0x00000288ea579800 DEOPT PACKING pc=0x00000288d8b75314 sp=0x000000ef688fccf0
Event: 3.957 Thread 0x00000288ea579800 DEOPT UNPACKING pc=0x00000288d0ffa1af sp=0x000000ef688fcc80 mode 2

Classes redefined (1 events):
Event: 0.504 Thread 0x00000288e6fd7800 redefined class name=java.lang.Throwable, count=1

Internal exceptions (20 events):
Event: 3.662 Thread 0x00000288c87ee800 Exception <a 'java/lang/NoSuchMethodError'{0x00000000893601e8}: 'java.lang.Object java.lang.invoke.DirectMethodHandle$Holder.invokeStaticInit(java.lang.Object, java.lang.Object, long, java.lang.Object)'> (0x00000000893601e8) thrown at [s\src\hotspot\share\interpreter\linkResolver.cpp, line 773]
Event: 3.693 Thread 0x00000288ea57e800 Exception <a 'java/net/ConnectException'{0x0000000089127e90}: Connection refused: connect> (0x0000000089127e90) thrown at [s\src\hotspot\share\prims\jni.cpp, line 638]
Event: 3.712 Thread 0x00000288ea57e800 Exception <a 'java/net/ConnectException'{0x00000000891296e8}: Connection refused: connect> (0x00000000891296e8) thrown at [s\src\hotspot\share\prims\jni.cpp, line 638]
Event: 3.771 Thread 0x00000288c87ee800 Exception <a 'java/lang/NoSuchMethodError'{0x00000000891956c8}: 'double java.lang.invoke.DirectMethodHandle$Holder.invokeVirtual(java.lang.Object, java.lang.Object)'> (0x00000000891956c8) thrown at [s\src\hotspot\share\interpreter\linkResolver.cpp, line 773]
Event: 3.772 Thread 0x00000288c87ee800 Exception <a 'java/lang/NoSuchMethodError'{0x000000008919b4b0}: 'float java.lang.invoke.DirectMethodHandle$Holder.invokeVirtual(java.lang.Object, java.lang.Object)'> (0x000000008919b4b0) thrown at [s\src\hotspot\share\interpreter\linkResolver.cpp, line 773]
Event: 3.773 Thread 0x00000288c87ee800 Exception <a 'java/lang/NoSuchMethodError'{0x00000000891a3978}: 'long java.lang.invoke.DirectMethodHandle$Holder.invokeVirtual(java.lang.Object, java.lang.Object)'> (0x00000000891a3978) thrown at [s\src\hotspot\share\interpreter\linkResolver.cpp, line 773]
Event: 3.821 Thread 0x00000288c87ee800 Exception <a 'java/lang/NoSuchMethodError'{0x00000000890fe198}: 'java.lang.Object java.lang.invoke.DirectMethodHandle$Holder.invokeStatic(java.lang.Object, java.lang.Object, java.lang.Object, java.lang.Object, java.lang.Object, java.lang.Object, java.lang.Object, java.lang.Object, java.lang.Object, java.lang.Object, java.lang.Object, int)'> (0x00000000890fe198) thrown at [s\src\hotspot\share\interpreter\linkResolver.cpp, line 773]
Event: 3.824 Thread 0x00000288c87ee800 Exception <a 'java/lang/NoSuchMethodError'{0x0000000088f1d8f0}: 'java.lang.Object java.lang.invoke.DirectMethodHandle$Holder.invokeStatic(java.lang.Object, java.lang.Object, java.lang.Object, java.lang.Object, java.lang.Object, java.lang.Object, java.lang.Object, java.lang.Object, java.lang.Object, java.lang.Object, java.lang.Object, int, int)'> (0x0000000088f1d8f0) thrown at [s\src\hotspot\share\interpreter\linkResolver.cpp, line 773]
Event: 3.827 Thread 0x00000288c87ee800 Exception <a 'java/lang/NoSuchMethodError'{0x0000000088f3d538}: 'java.lang.Object java.lang.invoke.DirectMethodHandle$Holder.invokeStatic(java.lang.Object, java.lang.Object, java.lang.Object, java.lang.Object, java.lang.Object, java.lang.Object, java.lang.Object, java.lang.Object, java.lang.Object, java.lang.Object, java.lang.Object, int, int, java.lang.Object)'> (0x0000000088f3d538) thrown at [s\src\hotspot\share\interpreter\linkResolver.cpp, line 773]
Event: 3.830 Thread 0x00000288c87ee800 Exception <a 'java/lang/NoSuchMethodError'{0x0000000088f5e8b8}: 'java.lang.Object java.lang.invoke.DirectMethodHandle$Holder.invokeStatic(java.lang.Object, java.lang.Object, java.lang.Object, java.lang.Object, java.lang.Object, java.lang.Object, java.lang.Object, java.lang.Object, java.lang.Object, java.lang.Object, java.lang.Object, int, int, java.lang.Object, java.lang.Object)'> (0x0000000088f5e8b8) thrown at [s\src\hotspot\share\interpreter\linkResolver.cpp, line 773]
Event: 3.833 Thread 0x00000288c87ee800 Exception <a 'java/lang/NoSuchMethodError'{0x0000000088f75280}: 'java.lang.Object java.lang.invoke.Invokers$Holder.linkToTargetMethod(java.lang.Object, int, int, java.lang.Object)'> (0x0000000088f75280) thrown at [s\src\hotspot\share\interpreter\linkResolver.cpp, line 773]
Event: 3.837 Thread 0x00000288c87ee800 Exception <a 'java/lang/NoSuchMethodError'{0x0000000088f80d10}: 'void java.lang.invoke.DirectMethodHandle$Holder.invokeStatic(java.lang.Object, java.lang.Object, int)'> (0x0000000088f80d10) thrown at [s\src\hotspot\share\interpreter\linkResolver.cpp, line 773]
Event: 3.866 Thread 0x00000288c87ee800 Exception <a 'java/lang/NoSuchMethodError'{0x0000000088e4d040}: 'int java.lang.invoke.DirectMethodHandle$Holder.invokeVirtual(java.lang.Object, java.lang.Object, java.lang.Object)'> (0x0000000088e4d040) thrown at [s\src\hotspot\share\interpreter\linkResolver.cpp, line 773]
Event: 3.955 Thread 0x00000288ea579800 Exception <a 'java/lang/NoSuchMethodError'{0x0000000088c9f648}: 'java.lang.Object java.lang.invoke.DirectMethodHandle$Holder.invokeSpecial(java.lang.Object, java.lang.Object, int, int, java.lang.Object, java.lang.Object, int)'> (0x0000000088c9f648) thrown at [s\src\hotspot\share\interpreter\linkResolver.cpp, line 773]
Event: 3.955 Thread 0x00000288ea579800 Exception <a 'java/lang/NoSuchMethodError'{0x0000000088ca2b40}: 'java.lang.Object java.lang.invoke.DelegatingMethodHandle$Holder.reinvoke_L(java.lang.Object, int, int, java.lang.Object, java.lang.Object, int)'> (0x0000000088ca2b40) thrown at [s\src\hotspot\share\interpreter\linkResolver.cpp, line 773]
Event: 3.957 Thread 0x00000288ea579800 Exception <a 'java/lang/NoSuchMethodError'{0x0000000088cb3900}: 'java.lang.Object java.lang.invoke.DirectMethodHandle$Holder.invokeSpecial(java.lang.Object, java.lang.Object, java.lang.Object, java.lang.Object, int)'> (0x0000000088cb3900) thrown at [s\src\hotspot\share\interpreter\linkResolver.cpp, line 773]
Event: 3.958 Thread 0x00000288ea579800 Exception <a 'java/lang/NoSuchMethodError'{0x0000000088cb69d0}: 'java.lang.Object java.lang.invoke.Invokers$Holder.linkToTargetMethod(java.lang.Object, java.lang.Object, int, java.lang.Object)'> (0x0000000088cb69d0) thrown at [s\src\hotspot\share\interpreter\linkResolver.cpp, line 773]
Event: 3.996 Thread 0x00000288ea579800 Exception <a 'java/lang/NoSuchMethodError'{0x0000000088b48e60}: 'void java.lang.invoke.DirectMethodHandle$Holder.invokeSpecial(java.lang.Object, java.lang.Object, java.lang.Object, java.lang.Object, java.lang.Object)'> (0x0000000088b48e60) thrown at [s\src\hotspot\share\interpreter\linkResolver.cpp, line 773]
Event: 4.006 Thread 0x00000288ea579800 Exception <a 'java/lang/NoSuchMethodError'{0x0000000088b79498}: 'long java.lang.invoke.DirectMethodHandle$Holder.invokeStatic(java.lang.Object, long, long)'> (0x0000000088b79498) thrown at [s\src\hotspot\share\interpreter\linkResolver.cpp, line 773]
Event: 5.865 Thread 0x00000288ea580000 Exception <a 'java/lang/NoSuchMethodError'{0x000000008896a880}: 'void java.lang.invoke.DirectMethodHandle$Holder.invokeSpecial(java.lang.Object, java.lang.Object, java.lang.Object, java.lang.Object, java.lang.Object, java.lang.Object, java.lang.Object)'> (0x000000008896a880) thrown at [s\src\hotspot\share\interpreter\linkResolver.cpp, line 773]

Events (20 events):
Event: 5.882 Executing VM operation: RevokeBias
Event: 5.882 Executing VM operation: RevokeBias done
Event: 5.882 Executing VM operation: RevokeBias
Event: 5.882 Executing VM operation: RevokeBias done
Event: 5.882 Executing VM operation: RevokeBias
Event: 5.882 Executing VM operation: RevokeBias done
Event: 5.882 Executing VM operation: RevokeBias
Event: 5.882 Executing VM operation: RevokeBias done
Event: 5.882 Executing VM operation: RevokeBias
Event: 5.883 Executing VM operation: RevokeBias done
Event: 5.883 Executing VM operation: RevokeBias
Event: 5.883 Executing VM operation: RevokeBias done
Event: 5.888 loading class com/google/common/collect/Multimap
Event: 5.888 loading class com/google/common/collect/Multimap done
Event: 5.900 loading class com/google/common/collect/ListMultimap
Event: 5.900 loading class com/google/common/collect/ListMultimap done
Event: 5.903 loading class com/google/common/base/Ascii
Event: 5.903 loading class com/google/common/base/Ascii done
Event: 5.904 loading class com/google/common/collect/ImmutableListMultimap
Event: 5.904 loading class com/google/common/collect/ImmutableListMultimap done


Dynamic libraries:
0x00007ff7bf2e0000 - 0x00007ff7bf2ee000 	C:\Program Files\Eclipse Adoptium\jdk-11.0.30.7-hotspot\bin\java.exe
0x00007fff899f0000 - 0x00007fff89be8000 	C:\Windows\SYSTEM32\ntdll.dll
0x00007fff87f40000 - 0x00007fff88002000 	C:\Windows\System32\KERNEL32.DLL
0x00007fff87710000 - 0x00007fff87a06000 	C:\Windows\System32\KERNELBASE.dll
0x00007fff87480000 - 0x00007fff87580000 	C:\Windows\System32\ucrtbase.dll
0x00007fff820c0000 - 0x00007fff820de000 	C:\Program Files\Eclipse Adoptium\jdk-11.0.30.7-hotspot\bin\VCRUNTIME140.dll
0x00007fff81a00000 - 0x00007fff81a17000 	C:\Program Files\Eclipse Adoptium\jdk-11.0.30.7-hotspot\bin\jli.dll
0x00007fff87a10000 - 0x00007fff87bb1000 	C:\Windows\System32\USER32.dll
0x00007fff87450000 - 0x00007fff87472000 	C:\Windows\System32\win32u.dll
0x00007fff87e30000 - 0x00007fff87e5b000 	C:\Windows\System32\GDI32.dll
0x00007fff87080000 - 0x00007fff87199000 	C:\Windows\System32\gdi32full.dll
0x00007fff871d0000 - 0x00007fff8726d000 	C:\Windows\System32\msvcp_win.dll
0x00007fff776a0000 - 0x00007fff7793b000 	C:\Windows\WinSxS\amd64_microsoft.windows.common-controls_6595b64144ccf1df_6.0.19041.6456_none_60b8a6cb71f64256\COMCTL32.dll
0x00007fff87bc0000 - 0x00007fff87c5e000 	C:\Windows\System32\msvcrt.dll
0x00007fff89620000 - 0x00007fff8964f000 	C:\Windows\System32\IMM32.DLL
0x00007fff81bd0000 - 0x00007fff81bdc000 	C:\Program Files\Eclipse Adoptium\jdk-11.0.30.7-hotspot\bin\vcruntime140_1.dll
0x00007fff6e920000 - 0x00007fff6e9ad000 	C:\Program Files\Eclipse Adoptium\jdk-11.0.30.7-hotspot\bin\msvcp140.dll
0x00007fff60420000 - 0x00007fff60fe2000 	C:\Program Files\Eclipse Adoptium\jdk-11.0.30.7-hotspot\bin\server\jvm.dll
0x00007fff88c70000 - 0x00007fff88d21000 	C:\Windows\System32\ADVAPI32.dll
0x00007fff87c60000 - 0x00007fff87cff000 	C:\Windows\System32\sechost.dll
0x00007fff89500000 - 0x00007fff89620000 	C:\Windows\System32\RPCRT4.dll
0x00007fff871a0000 - 0x00007fff871c7000 	C:\Windows\System32\bcrypt.dll
0x00007fff89820000 - 0x00007fff8988b000 	C:\Windows\System32\WS2_32.dll
0x00007fff88af0000 - 0x00007fff88af8000 	C:\Windows\System32\PSAPI.DLL
0x00007fff76890000 - 0x00007fff7689a000 	C:\Windows\SYSTEM32\VERSION.dll
0x00007fff76820000 - 0x00007fff76847000 	C:\Windows\SYSTEM32\WINMM.dll
0x00007fff84ef0000 - 0x00007fff84f02000 	C:\Windows\SYSTEM32\kernel.appcore.dll
0x00007fff81bb0000 - 0x00007fff81bc0000 	C:\Program Files\Eclipse Adoptium\jdk-11.0.30.7-hotspot\bin\verify.dll
0x00007fff769d0000 - 0x00007fff76bd1000 	C:\Windows\SYSTEM32\DBGHELP.DLL
0x00007fff74920000 - 0x00007fff74954000 	C:\Windows\SYSTEM32\dbgcore.DLL
0x00007fff875d0000 - 0x00007fff87652000 	C:\Windows\System32\bcryptPrimitives.dll
0x00007fff819a0000 - 0x00007fff819c8000 	C:\Program Files\Eclipse Adoptium\jdk-11.0.30.7-hotspot\bin\java.dll
0x00007fff81af0000 - 0x00007fff81afa000 	C:\Program Files\Eclipse Adoptium\jdk-11.0.30.7-hotspot\bin\jimage.dll
0x00007fff818d0000 - 0x00007fff818de000 	C:\Program Files\Eclipse Adoptium\jdk-11.0.30.7-hotspot\bin\instrument.dll
0x00007fff81960000 - 0x00007fff81978000 	C:\Program Files\Eclipse Adoptium\jdk-11.0.30.7-hotspot\bin\zip.dll
0x00007fff88380000 - 0x00007fff88af0000 	C:\Windows\System32\SHELL32.dll
0x00007fff850f0000 - 0x00007fff85895000 	C:\Windows\SYSTEM32\windows.storage.dll
0x00007fff88010000 - 0x00007fff88364000 	C:\Windows\System32\combase.dll
0x00007fff869d0000 - 0x00007fff869fb000 	C:\Windows\SYSTEM32\Wldp.dll
0x00007fff89200000 - 0x00007fff892cd000 	C:\Windows\System32\OLEAUT32.dll
0x00007fff88b60000 - 0x00007fff88c0d000 	C:\Windows\System32\SHCORE.dll
0x00007fff88c10000 - 0x00007fff88c6b000 	C:\Windows\System32\shlwapi.dll
0x00007fff86fb0000 - 0x00007fff86fd4000 	C:\Windows\SYSTEM32\profapi.dll
0x00007fff817d0000 - 0x00007fff817e9000 	C:\Program Files\Eclipse Adoptium\jdk-11.0.30.7-hotspot\bin\net.dll
0x00007fff7f260000 - 0x00007fff7f36a000 	C:\Windows\SYSTEM32\WINHTTP.dll
0x00007fff86730000 - 0x00007fff8679a000 	C:\Windows\system32\mswsock.dll
0x00007fff815d0000 - 0x00007fff815e3000 	C:\Program Files\Eclipse Adoptium\jdk-11.0.30.7-hotspot\bin\nio.dll
0x00007fff86930000 - 0x00007fff86948000 	C:\Windows\SYSTEM32\CRYPTSP.dll
0x00007fff86050000 - 0x00007fff86088000 	C:\Windows\system32\rsaenh.dll
0x00007fff86f30000 - 0x00007fff86f5e000 	C:\Windows\SYSTEM32\USERENV.dll
0x00007fff86920000 - 0x00007fff8692c000 	C:\Windows\SYSTEM32\CRYPTBASE.dll
0x00007fff86410000 - 0x00007fff8644b000 	C:\Windows\SYSTEM32\IPHLPAPI.DLL
0x00007fff88370000 - 0x00007fff88378000 	C:\Windows\System32\NSI.dll
0x00007fff7e050000 - 0x00007fff7e067000 	C:\Windows\SYSTEM32\dhcpcsvc6.DLL
0x00007fff7e520000 - 0x00007fff7e53d000 	C:\Windows\SYSTEM32\dhcpcsvc.DLL
0x00007fff86450000 - 0x00007fff8651a000 	C:\Windows\SYSTEM32\DNSAPI.dll
0x00007fff7fb70000 - 0x00007fff7fb97000 	C:\Program Files\Eclipse Adoptium\jdk-11.0.30.7-hotspot\bin\sunec.dll
0x00007fff7f5c0000 - 0x00007fff7f5ca000 	C:\Windows\System32\rasadhlp.dll
0x00007fff78980000 - 0x00007fff78a00000 	C:\Windows\System32\fwpuclnt.dll

dbghelp: loaded successfully - version: 4.0.5 - missing functions: none
symbol engine: initialized successfully - sym options: 0x614 - pdb path: .;C:\Program Files\Eclipse Adoptium\jdk-11.0.30.7-hotspot\bin;C:\Windows\SYSTEM32;C:\Windows\WinSxS\amd64_microsoft.windows.common-controls_6595b64144ccf1df_6.0.19041.6456_none_60b8a6cb71f64256;C:\Program Files\Eclipse Adoptium\jdk-11.0.30.7-hotspot\bin\server

VM Arguments:
jvm_args: -javaagent:C:\Users\RAYTHEON\AppData\Local\JetBrains\IntelliJIdea2026.1\captureAgent\debugger-agent.jar=file:///C:/Users/RAYTHEON/AppData/Local/Temp/capture7306392916280080197.props -ea -Didea.test.cyclic.buffer.size=1048576 -javaagent:C:\Program Files\JetBrains\IntelliJ IDEA 2026.1\lib\idea_rt.jar=56760 -Dkotlinx.coroutines.debug.enable.creation.stack.trace=false -Ddebugger.agent.enable.coroutines=true -Dkotlinx.coroutines.debug.enable.flows.stack.trace=true -Dkotlinx.coroutines.debug.enable.mutable.state.flows.stack.trace=true -Ddebugger.async.stack.trace.for.all.threads=true -Dfile.encoding=UTF-8 
java_command: com.intellij.rt.testng.RemoteTestNGStarter -usedefaultlisteners false -socket56759 @w@C:\Users\RAYTHEON\AppData\Local\Temp\idea_working_dirs_testng.tmp -temp C:\Users\RAYTHEON\AppData\Local\Temp\idea_testng.tmp
java_class_path (initial): C:\Program Files\JetBrains\IntelliJ IDEA 2026.1\lib\idea_rt.jar;C:\Program Files\JetBrains\IntelliJ IDEA 2026.1\plugins\testng\lib\testng-rt.jar;F:\selenuim\TodoApplocationProject\target\test-classes;F:\selenuim\TodoApplocationProject\target\classes;C:\Users\RAYTHEON\.m2\repository\org\seleniumhq\selenium\selenium-java\4.43.0\selenium-java-4.43.0.jar;C:\Users\RAYTHEON\.m2\repository\org\seleniumhq\selenium\selenium-api\4.43.0\selenium-api-4.43.0.jar;C:\Users\RAYTHEON\.m2\repository\org\jspecify\jspecify\1.0.0\jspecify-1.0.0.jar;C:\Users\RAYTHEON\.m2\repository\org\seleniumhq\selenium\selenium-chrome-driver\4.43.0\selenium-chrome-driver-4.43.0.jar;C:\Users\RAYTHEON\.m2\repository\com\google\auto\service\auto-service-annotations\1.1.1\auto-service-annotations-1.1.1.jar;C:\Users\RAYTHEON\.m2\repository\org\seleniumhq\selenium\selenium-chromium-driver\4.43.0\selenium-chromium-driver-4.43.0.jar;C:\Users\RAYTHEON\.m2\repository\org\seleniumhq\selenium\selenium-json\4.43.0\selenium-json-4.43.0.jar;C:\Users\RAYTHEON\.m2\repository\org\seleniumhq\selenium\selenium-manager\4.43.0\selenium-manager-4.43.0.jar;C:\Users\RAYTHEON\.m2\repository\org\seleniumhq\selenium\selenium-devtools-v145\4.43.0\selenium-devtools-v145-4.43.0.jar;C:\Users\RAYTHEON\.m2\repository\org\seleniumhq\selenium\selenium-devtools-v146\4.43.0\selenium-devtools-v146-4.43.0.jar;C:\Users\RAYTHEON\.m2\repository\org\seleniumhq\selenium\selenium-devtools-v147\4.43.0\selenium-devtools-v147-4.43.0.jar;C:\Users\RAYTHEON\.m2\repository\org\seleniumhq\selenium\selenium-edge-driver\4.43.0\selenium-edge-driver-4.43.0.jar;C:\Users\RAYTHEON\.m2\repository\org\seleniumhq\selenium\selenium-firefox-driver\4.43.0\selenium-firefox-driver-4.43.0.jar;C:\Users\RAYTHEON\.m2\repository\org\seleniumhq\selenium\selenium-http\4.43.0\selenium-http-4.43.0.jar;C:\Users\RAYTHEON\.m2\repository\org\seleniumhq\selenium\selenium-ie-driver\4.43.0\selenium-ie-driver-4.43.0.jar;C:\Users\RAYTHEON\.m2\repository\org\
Launcher Type: SUN_STANDARD

[Global flags]
     intx CICompilerCount                          = 3                                         {product} {ergonomic}
     uint ConcGCThreads                            = 1                                         {product} {ergonomic}
     uint G1ConcRefinementThreads                  = 4                                         {product} {ergonomic}
   size_t G1HeapRegionSize                         = 1048576                                   {product} {ergonomic}
    uintx GCDrainStackTargetSize                   = 64                                        {product} {ergonomic}
   size_t InitialHeapSize                          = 134217728                                 {product} {ergonomic}
   size_t MarkStackSize                            = 4194304                                   {product} {ergonomic}
   size_t MaxHeapSize                              = 2120220672                                {product} {ergonomic}
   size_t MaxNewSize                               = 1271922688                                {product} {ergonomic}
   size_t MinHeapDeltaBytes                        = 1048576                                   {product} {ergonomic}
    uintx NonNMethodCodeHeapSize                   = 5830732                                {pd product} {ergonomic}
    uintx NonProfiledCodeHeapSize                  = 122913754                              {pd product} {ergonomic}
    uintx ProfiledCodeHeapSize                     = 122913754                              {pd product} {ergonomic}
    uintx ReservedCodeCacheSize                    = 251658240                              {pd product} {ergonomic}
     bool SegmentedCodeCache                       = true                                      {product} {ergonomic}
     bool UseCompressedClassPointers               = true                                 {lp64_product} {ergonomic}
     bool UseCompressedOops                        = true                                 {lp64_product} {ergonomic}
     bool UseG1GC                                  = true                                      {product} {ergonomic}
     bool UseLargePagesIndividualAllocation        = false                                  {pd product} {ergonomic}

Logging:
Log output configuration:
 #0: stdout all=warning uptime,level,tags
 #1: stderr all=off uptime,level,tags

Environment Variables:
JAVA_HOME=C:\Program Files\Eclipse Adoptium\jdk-11.0.30.7-hotspot\
PATH=C:\Program Files\Eclipse Adoptium\jdk-11.0.30.7-hotspot\bin;C:\Program Files\Eclipse Adoptium\jdk-8.0.482.8-hotspot\bin;C:\Windows\system32;C:\Windows;C:\Windows\System32\Wbem;C:\Windows\System32\WindowsPowerShell\v1.0\;C:\Windows\System32\OpenSSH\;C:\Program Files\nodejs\;C:\Users\RAYTHEON\AppData\Local\Microsoft\WindowsApps;C:\Users\RAYTHEON\AppData\Roaming\npm;C:\Program Files\JetBrains\IntelliJ IDEA 2026.1\bin
USERNAME=ADHAM
OS=Windows_NT
PROCESSOR_IDENTIFIER=Intel64 Family 6 Model 42 Stepping 7, GenuineIntel
TMP=C:\Users\RAYTHEON\AppData\Local\Temp
TEMP=C:\Users\RAYTHEON\AppData\Local\Temp



---------------  S Y S T E M  ---------------

OS: Windows 10 , 64 bit Build 19041 (10.0.19041.5915)
OS uptime: 2 days 2:31 hours

CPU:total 4 (initial active 4) (2 cores per cpu, 2 threads per core) family 6 model 42 stepping 7 microcode 0x2f, cmov, cx8, fxsr, mmx, sse, sse2, sse3, ssse3, sse4.1, sse4.2, popcnt, avx, aes, clmul, ht, tsc, tscinvbit

Memory: 4k page, system-wide physical 8086M (608M free)
TotalPageFile size 10134M (AvailPageFile size 5M)
current process WorkingSet (physical memory assigned to process): 159M, peak: 164M
current process commit charge ("private bytes"): 253M, peak: 257M

vm_info: OpenJDK 64-Bit Server VM (11.0.30+7) for windows-amd64 JRE (11.0.30+7), built on Jan 21 2026 06:15:59 by "" with MS VC++ 17.7 (VS2022)

END.
