#
# There is insufficient memory for the Java Runtime Environment to continue.
# Native memory allocation (mmap) failed to map 134217728 bytes for Failed to commit area from 0x0000000081a00000 to 0x0000000089a00000 of length 134217728.
# Possible reasons:
#   The system is out of physical RAM or swap space
#   The process is running with CompressedOops enabled, and the Java Heap may be blocking the growth of the native heap
# Possible solutions:
#   Reduce memory load on the system
#   Increase physical memory or swap space
#   Check if swap backing store is full
#   Decrease Java heap size (-Xmx/-Xms)
#   Decrease number of Java threads
#   Decrease Java thread stack sizes (-Xss)
#   Set larger code cache with -XX:ReservedCodeCacheSize=
# This output file may be truncated or incomplete.
#
#  Out of Memory Error (os_windows.cpp:3391), pid=16040, tid=13340
#
# JRE version:  (11.0.30+7) (build )
# Java VM: OpenJDK 64-Bit Server VM (11.0.30+7, mixed mode, sharing, tiered, compressed oops, g1 gc, windows-amd64)
# No core dump will be written. Minidumps are not enabled by default on client versions of Windows
#

---------------  S U M M A R Y ------------

Command Line: C:\Users\RAYTHEON\AppData\Local\Temp\surefire11229602336605972364\surefirebooter-20260506003614570_3.jar C:\Users\RAYTHEON\AppData\Local\Temp\surefire11229602336605972364 2026-05-06T00-36-12_965-jvmRun1 surefire-20260506003614570_1tmp surefire_0-20260506003614570_2tmp

Host: Intel(R) Core(TM) i5-2450M CPU @ 2.50GHz, 4 cores, 7G,  Windows 10 , 64 bit Build 19041 (10.0.19041.5915)
Time: Wed May  6 00:36:15 2026 Egypt Daylight Time elapsed time: 0.020399 seconds (0d 0h 0m 0s)

---------------  T H R E A D  ---------------

Current thread (0x000001badee32800):  JavaThread "Unknown thread" [_thread_in_vm, id=13340, stack(0x0000001e06700000,0x0000001e06800000)]

Stack: [0x0000001e06700000,0x0000001e06800000]
Native frames: (J=compiled Java code, j=interpreted, Vv=VM code, C=native code)
V  [jvm.dll+0x6449fa]
V  [jvm.dll+0x7d6909]
V  [jvm.dll+0x7d7fe9]
V  [jvm.dll+0x7d86e3]
V  [jvm.dll+0x269105]
V  [jvm.dll+0x641c19]
V  [jvm.dll+0x6364b5]
V  [jvm.dll+0x32559d]
V  [jvm.dll+0x325402]
V  [jvm.dll+0x32a026]
V  [jvm.dll+0x371080]
V  [jvm.dll+0x370af2]
V  [jvm.dll+0x3004c8]
V  [jvm.dll+0x3015c5]
V  [jvm.dll+0x7b0807]
V  [jvm.dll+0x7b1f8f]
V  [jvm.dll+0x37e379]
V  [jvm.dll+0x79242f]
V  [jvm.dll+0x3eec37]
V  [jvm.dll+0x3f1131]
C  [jli.dll+0x52c0]
C  [ucrtbase.dll+0x21bb2]
C  [KERNEL32.DLL+0x17374]
C  [ntdll.dll+0x4cc91]


---------------  P R O C E S S  ---------------

Threads class SMR info:
_java_thread_list=0x000001baded32880, length=0, elements={
}

Java Threads: ( => current thread )

Other Threads:
  0x000001badee4c800 GCTaskThread "GC Thread#0" [stack: 0x0000001e06800000,0x0000001e06900000] [id=15112]
  0x000001badee7b800 ConcurrentGCThread "G1 Main Marker" [stack: 0x0000001e06900000,0x0000001e06a00000] [id=9776]
  0x000001badee7f000 ConcurrentGCThread "G1 Conc#0" [stack: 0x0000001e06a00000,0x0000001e06b00000] [id=8868]

[error occurred during error reporting (printing all threads), id 0xc0000005, EXCEPTION_ACCESS_VIOLATION (0xc0000005) at pc=0x00007fff6c811327]

VM state:not at safepoint (not fully initialized)

VM Mutex/Monitor currently owned by a thread:  ([mutex/lock_event])
[0x000001badee2e780] Heap_lock - owner thread: 0x000001badee32800

Heap address: 0x0000000081a00000, size: 2022 MB, Compressed Oops mode: Non-zero based: 0x0000000081a00000
Narrow klass base: 0x0000000000000000, Narrow klass shift: 0

GC Heap History (0 events):
No events

Deoptimization events (0 events):
No events

Classes redefined (0 events):
No events

Internal exceptions (0 events):
No events

Events (1 events):
Event: 0.013 Loaded shared library C:\Program Files\Eclipse Adoptium\jdk-11.0.30.7-hotspot\bin\zip.dll


Dynamic libraries:
0x00007ff6835e0000 - 0x00007ff6835ee000 	C:\Program Files\Eclipse Adoptium\jdk-11.0.30.7-hotspot\bin\java.exe
0x00007fffcaa50000 - 0x00007fffcac48000 	C:\Windows\SYSTEM32\ntdll.dll
0x00007fffc9340000 - 0x00007fffc9402000 	C:\Windows\System32\KERNEL32.DLL
0x00007fffc85a0000 - 0x00007fffc8896000 	C:\Windows\System32\KERNELBASE.dll
0x00007fffc82d0000 - 0x00007fffc83d0000 	C:\Windows\System32\ucrtbase.dll
0x00007fffc2fe0000 - 0x00007fffc2ffe000 	C:\Program Files\Eclipse Adoptium\jdk-11.0.30.7-hotspot\bin\VCRUNTIME140.dll
0x00007fffc0eb0000 - 0x00007fffc0ec7000 	C:\Program Files\Eclipse Adoptium\jdk-11.0.30.7-hotspot\bin\jli.dll
0x00007fffc9ea0000 - 0x00007fffca041000 	C:\Windows\System32\USER32.dll
0x00007fffc83d0000 - 0x00007fffc83f2000 	C:\Windows\System32\win32u.dll
0x00007fffb86f0000 - 0x00007fffb898b000 	C:\Windows\WinSxS\amd64_microsoft.windows.common-controls_6595b64144ccf1df_6.0.19041.6456_none_60b8a6cb71f64256\COMCTL32.dll
0x00007fffca230000 - 0x00007fffca25b000 	C:\Windows\System32\GDI32.dll
0x00007fffc8be0000 - 0x00007fffc8c7e000 	C:\Windows\System32\msvcrt.dll
0x00007fffc8950000 - 0x00007fffc8a69000 	C:\Windows\System32\gdi32full.dll
0x00007fffc8480000 - 0x00007fffc851d000 	C:\Windows\System32\msvcp_win.dll
0x00007fffc8c80000 - 0x00007fffc8caf000 	C:\Windows\System32\IMM32.DLL
0x00007fffc2fd0000 - 0x00007fffc2fdc000 	C:\Program Files\Eclipse Adoptium\jdk-11.0.30.7-hotspot\bin\vcruntime140_1.dll
0x00007fffa4960000 - 0x00007fffa49ed000 	C:\Program Files\Eclipse Adoptium\jdk-11.0.30.7-hotspot\bin\msvcp140.dll
0x00007fff6c500000 - 0x00007fff6d0c2000 	C:\Program Files\Eclipse Adoptium\jdk-11.0.30.7-hotspot\bin\server\jvm.dll
0x00007fffca2e0000 - 0x00007fffca391000 	C:\Windows\System32\ADVAPI32.dll
0x00007fffca120000 - 0x00007fffca1bf000 	C:\Windows\System32\sechost.dll
0x00007fffca460000 - 0x00007fffca580000 	C:\Windows\System32\RPCRT4.dll
0x00007fffc8400000 - 0x00007fffc8427000 	C:\Windows\System32\bcrypt.dll
0x00007fffca1c0000 - 0x00007fffca22b000 	C:\Windows\System32\WS2_32.dll
0x00007fffc8cb0000 - 0x00007fffc8cb8000 	C:\Windows\System32\PSAPI.DLL
0x00007fffb7850000 - 0x00007fffb785a000 	C:\Windows\SYSTEM32\VERSION.dll
0x00007fffb7780000 - 0x00007fffb77a7000 	C:\Windows\SYSTEM32\WINMM.dll
0x00007fffc5f50000 - 0x00007fffc5f62000 	C:\Windows\SYSTEM32\kernel.appcore.dll
0x00007fffc2bc0000 - 0x00007fffc2bd0000 	C:\Program Files\Eclipse Adoptium\jdk-11.0.30.7-hotspot\bin\verify.dll
0x00007fffb7920000 - 0x00007fffb7b21000 	C:\Windows\SYSTEM32\DBGHELP.DLL
0x00007fffb5570000 - 0x00007fffb55a4000 	C:\Windows\SYSTEM32\dbgcore.DLL
0x00007fffc8240000 - 0x00007fffc82c2000 	C:\Windows\System32\bcryptPrimitives.dll
0x00007fffb8590000 - 0x00007fffb85b8000 	C:\Program Files\Eclipse Adoptium\jdk-11.0.30.7-hotspot\bin\java.dll
0x00007fffc2550000 - 0x00007fffc255a000 	C:\Program Files\Eclipse Adoptium\jdk-11.0.30.7-hotspot\bin\jimage.dll
0x00007fffb8e80000 - 0x00007fffb8e98000 	C:\Program Files\Eclipse Adoptium\jdk-11.0.30.7-hotspot\bin\zip.dll

dbghelp: loaded successfully - version: 4.0.5 - missing functions: none
symbol engine: initialized successfully - sym options: 0x614 - pdb path: .;C:\Program Files\Eclipse Adoptium\jdk-11.0.30.7-hotspot\bin;C:\Windows\SYSTEM32;C:\Windows\WinSxS\amd64_microsoft.windows.common-controls_6595b64144ccf1df_6.0.19041.6456_none_60b8a6cb71f64256;C:\Program Files\Eclipse Adoptium\jdk-11.0.30.7-hotspot\bin\server

VM Arguments:
java_command: C:\Users\RAYTHEON\AppData\Local\Temp\surefire11229602336605972364\surefirebooter-20260506003614570_3.jar C:\Users\RAYTHEON\AppData\Local\Temp\surefire11229602336605972364 2026-05-06T00-36-12_965-jvmRun1 surefire-20260506003614570_1tmp surefire_0-20260506003614570_2tmp
java_class_path (initial): C:\Users\RAYTHEON\AppData\Local\Temp\surefire11229602336605972364\surefirebooter-20260506003614570_3.jar
Launcher Type: SUN_STANDARD

[Global flags]
     intx CICompilerCount                          = 3                                         {product} {ergonomic}
     uint ConcGCThreads                            = 1                                         {product} {ergonomic}
     uint G1ConcRefinementThreads                  = 4                                         {product} {ergonomic}
   size_t G1HeapRegionSize                         = 1048576                                   {product} {ergonomic}
    uintx GCDrainStackTargetSize                   = 64                                        {product} {ergonomic}
   size_t InitialHeapSize                          = 134217728                                 {product} {ergonomic}
   size_t MarkStackSize                            = 4194304                                   {product} {ergonomic}
   size_t MaxHeapSize                              = 2120220672                                {product} {ergonomic}
   size_t MinHeapDeltaBytes                        = 1048576                                   {product} {ergonomic}
    uintx NonNMethodCodeHeapSize                   = 5830732                                {pd product} {ergonomic}
    uintx NonProfiledCodeHeapSize                  = 122913754                              {pd product} {ergonomic}
    uintx ProfiledCodeHeapSize                     = 122913754                              {pd product} {ergonomic}
    uintx ReservedCodeCacheSize                    = 251658240                              {pd product} {ergonomic}
     bool SegmentedCodeCache                       = true                                      {product} {ergonomic}
     bool UseCompressedClassPointers               = true                                 {lp64_product} {ergonomic}
     bool UseCompressedOops                        = true                                 {lp64_product} {ergonomic}
     bool UseG1GC                                  = true                                      {product} {ergonomic}
     bool UseLargePagesIndividualAllocation        = false                                  {pd product} {ergonomic}

Logging:
Log output configuration:
 #0: stdout all=warning uptime,level,tags
 #1: stderr all=off uptime,level,tags

Environment Variables:
JAVA_HOME=C:\Program Files\Eclipse Adoptium\jdk-11.0.30.7-hotspot\
PATH=C:\Program Files\Eclipse Adoptium\jdk-11.0.30.7-hotspot\bin;C:\Program Files\Eclipse Adoptium\jdk-8.0.482.8-hotspot\bin;C:\Windows\system32;C:\Windows;C:\Windows\System32\Wbem;C:\Windows\System32\WindowsPowerShell\v1.0\;C:\Windows\System32\OpenSSH\;C:\Program Files\nodejs\;C:\Users\RAYTHEON\Documents\apache-maven-3.9.15\bin;C:\Users\RAYTHEON\AppData\Local\Microsoft\WindowsApps;C:\Users\RAYTHEON\AppData\Roaming\npm;C:\Program Files\JetBrains\IntelliJ IDEA 2026.1\bin
USERNAME=ADHAM
OS=Windows_NT
PROCESSOR_IDENTIFIER=Intel64 Family 6 Model 42 Stepping 7, GenuineIntel
TMP=C:\Users\RAYTHEON\AppData\Local\Temp
TEMP=C:\Users\RAYTHEON\AppData\Local\Temp



---------------  S Y S T E M  ---------------

OS: Windows 10 , 64 bit Build 19041 (10.0.19041.5915)
OS uptime: 2 days 11:43 hours

CPU:total 4 (initial active 4) (2 cores per cpu, 2 threads per core) family 6 model 42 stepping 7 microcode 0x2f, cmov, cx8, fxsr, mmx, sse, sse2, sse3, ssse3, sse4.1, sse4.2, popcnt, avx, aes, clmul, ht, tsc, tscinvbit

Memory: 4k page, system-wide physical 8086M (744M free)
TotalPageFile size 10128M (AvailPageFile size 72M)
current process WorkingSet (physical memory assigned to process): 10M, peak: 10M
current process commit charge ("private bytes"): 51M, peak: 179M

vm_info: OpenJDK 64-Bit Server VM (11.0.30+7) for windows-amd64 JRE (11.0.30+7), built on Jan 21 2026 06:15:59 by "" with MS VC++ 17.7 (VS2022)

END.
