#
# There is insufficient memory for the Java Runtime Environment to continue.
# Native memory allocation (malloc) failed to allocate 1821136 bytes for Chunk::new
# Possible reasons:
#   The system is out of physical RAM or swap space
#   The process is running with CompressedOops enabled, and the Java Heap may be blocking the growth of the native heap
# Possible solutions:
#   Reduce memory load on the system
#   Increase physical memory or swap space
#   Check if swap backing store is full
#   Decrease Java heap size (-Xmx/-Xms)
#   Decrease number of Java threads
#   Decrease Java thread stack sizes (-Xss)
#   Set larger code cache with -XX:ReservedCodeCacheSize=
#   JVM is running with Unscaled Compressed Oops mode in which the Java heap is
#     placed in the first 4GB address space. The Java Heap base address is the
#     maximum limit for the native heap growth. Please use -XX:HeapBaseMinAddress
#     to set the Java Heap base and to place the Java Heap above 4GB virtual address.
# This output file may be truncated or incomplete.
#
#  Out of Memory Error (arena.cpp:197), pid=2708, tid=18348
#
# JRE version: OpenJDK Runtime Environment Temurin-11.0.30+7 (11.0.30+7) (build 11.0.30+7)
# Java VM: OpenJDK 64-Bit Server VM Temurin-11.0.30+7 (11.0.30+7, mixed mode, tiered, compressed oops, g1 gc, windows-amd64)
# No core dump will be written. Minidumps are not enabled by default on client versions of Windows
#

---------------  S U M M A R Y ------------

Command Line: -javaagent:C:\Program Files\JetBrains\IntelliJ IDEA 2026.1\lib\idea_rt.jar=53463 -Dfile.encoding=UTF-8 com.qacart.todo.testcases.Dummyforrestassured

Host: Intel(R) Core(TM) i5-2450M CPU @ 2.50GHz, 4 cores, 7G,  Windows 10 , 64 bit Build 19041 (10.0.19041.5915)
Time: Mon May 11 13:49:49 2026 Egypt Daylight Time elapsed time: 6.984667 seconds (0d 0h 0m 6s)

---------------  T H R E A D  ---------------

Current thread (0x0000028f34608800):  JavaThread "C2 CompilerThread0" daemon [_thread_in_native, id=18348, stack(0x000000cf55000000,0x000000cf55100000)]


Current CompileTask:
C2:   6984 3227   !   4       jdk.internal.loader.BuiltinClassLoader::loadClassOrNull (143 bytes)

Stack: [0x000000cf55000000,0x000000cf55100000]
Native frames: (J=compiled Java code, j=interpreted, Vv=VM code, C=native code)
V  [jvm.dll+0x6449fa]
V  [jvm.dll+0x7d6909]
V  [jvm.dll+0x7d7fe9]
V  [jvm.dll+0x7d86e3]
V  [jvm.dll+0x269105]
V  [jvm.dll+0xc275c]
V  [jvm.dll+0xc2d6c]
V  [jvm.dll+0x37867f]
V  [jvm.dll+0x1b2f32]
V  [jvm.dll+0x2213fd]
V  [jvm.dll+0x2202d3]
V  [jvm.dll+0x19e021]
V  [jvm.dll+0x2302b4]
V  [jvm.dll+0x22e6ac]
V  [jvm.dll+0x798531]
V  [jvm.dll+0x791094]
V  [jvm.dll+0x6437c5]
C  [ucrtbase.dll+0x21bb2]
C  [KERNEL32.DLL+0x17374]
C  [ntdll.dll+0x4cc91]


---------------  P R O C E S S  ---------------

Threads class SMR info:
_java_thread_list=0x0000028f369f1460, length=14, elements={
0x0000028f15dee800, 0x0000028f345e8000, 0x0000028f345f2000, 0x0000028f34f62800,
0x0000028f34600000, 0x0000028f34604800, 0x0000028f34608800, 0x0000028f3460e000,
0x0000028f34618800, 0x0000028f350b7000, 0x0000028f350bb000, 0x0000028f350b9000,
0x0000028f350bd800, 0x0000028f35e85800
}

Java Threads: ( => current thread )
  0x0000028f15dee800 JavaThread "main" [_thread_in_Java, id=5724, stack(0x000000cf54400000,0x000000cf54500000)]
  0x0000028f345e8000 JavaThread "Reference Handler" daemon [_thread_blocked, id=14420, stack(0x000000cf54b00000,0x000000cf54c00000)]
  0x0000028f345f2000 JavaThread "Finalizer" daemon [_thread_blocked, id=15748, stack(0x000000cf54c00000,0x000000cf54d00000)]
  0x0000028f34f62800 JavaThread "Signal Dispatcher" daemon [_thread_blocked, id=7980, stack(0x000000cf54d00000,0x000000cf54e00000)]
  0x0000028f34600000 JavaThread "Attach Listener" daemon [_thread_blocked, id=14180, stack(0x000000cf54e00000,0x000000cf54f00000)]
  0x0000028f34604800 JavaThread "Service Thread" daemon [_thread_blocked, id=9200, stack(0x000000cf54f00000,0x000000cf55000000)]
=>0x0000028f34608800 JavaThread "C2 CompilerThread0" daemon [_thread_in_native, id=18348, stack(0x000000cf55000000,0x000000cf55100000)]
  0x0000028f3460e000 JavaThread "C1 CompilerThread0" daemon [_thread_blocked, id=6112, stack(0x000000cf55100000,0x000000cf55200000)]
  0x0000028f34618800 JavaThread "Sweeper thread" daemon [_thread_blocked, id=2484, stack(0x000000cf55200000,0x000000cf55300000)]
  0x0000028f350b7000 JavaThread "Common-Cleaner" daemon [_thread_blocked, id=7904, stack(0x000000cf55300000,0x000000cf55400000)]
  0x0000028f350bb000 JavaThread "Monitor Ctrl-Break" daemon [_thread_in_native, id=5152, stack(0x000000cf55400000,0x000000cf55500000)]
  0x0000028f350b9000 JavaThread "ForkJoinPool.commonPool-worker-3" daemon [_thread_blocked, id=5044, stack(0x000000cf55900000,0x000000cf55a00000)]
  0x0000028f350bd800 JavaThread "ForkJoinPool.commonPool-worker-5" daemon [_thread_blocked, id=14156, stack(0x000000cf55a00000,0x000000cf55b00000)]
  0x0000028f35e85800 JavaThread "C2 CompilerThread1" daemon [_thread_in_native, id=15216, stack(0x000000cf55600000,0x000000cf55700000)]

Other Threads:
  0x0000028f345c3800 VMThread "VM Thread" [stack: 0x000000cf54a00000,0x000000cf54b00000] [id=5696]
  0x0000028f35186000 WatcherThread [stack: 0x000000cf55500000,0x000000cf55600000] [id=3912]
  0x0000028f15e08000 GCTaskThread "GC Thread#0" [stack: 0x000000cf54500000,0x000000cf54600000] [id=14940]
  0x0000028f3581a800 GCTaskThread "GC Thread#1" [stack: 0x000000cf55700000,0x000000cf55800000] [id=16716]
  0x0000028f35c09000 GCTaskThread "GC Thread#2" [stack: 0x000000cf55800000,0x000000cf55900000] [id=15012]
  0x0000028f15e36800 ConcurrentGCThread "G1 Main Marker" [stack: 0x000000cf54600000,0x000000cf54700000] [id=17816]
  0x0000028f15e39000 ConcurrentGCThread "G1 Conc#0" [stack: 0x000000cf54700000,0x000000cf54800000] [id=10612]
  0x0000028f34430800 ConcurrentGCThread "G1 Refine#0" [stack: 0x000000cf54800000,0x000000cf54900000] [id=7760]
  0x0000028f34431800 ConcurrentGCThread "G1 Young RemSet Sampling" [stack: 0x000000cf54900000,0x000000cf54a00000] [id=16612]

Threads with active compile tasks:
C2 CompilerThread0     7013 3227   !   4       jdk.internal.loader.BuiltinClassLoader::loadClassOrNull (143 bytes)
C1 CompilerThread0     7013 3461       3       java.util.TimSort::gallopRight (335 bytes)
C2 CompilerThread1     7013 3436       4       groovyjarjarantlr4.v4.runtime.atn.ParserATNSimulator::getEpsilonTarget (147 bytes)

VM state:not at safepoint (normal execution)

VM Mutex/Monitor currently owned by a thread: None

Heap address: 0x0000000081a00000, size: 2022 MB, Compressed Oops mode: 32-bit
Narrow klass base: 0x0000000000000000, Narrow klass shift: 3
Compressed class space size: 1073741824 Address: 0x0000000100000000

Heap:
 garbage-first heap   total 131072K, used 61311K [0x0000000081a00000, 0x0000000100000000)
  region size 1024K, 47 young (48128K), 6 survivors (6144K)
 Metaspace       used 31589K, capacity 32745K, committed 32768K, reserved 1077248K
  class space    used 3561K, capacity 4079K, committed 4096K, reserved 1048576K
Heap Regions: E=young(eden), S=young(survivor), O=old, HS=humongous(starts), HC=humongous(continues), CS=collection set, F=free, A=archive, TAMS=top-at-mark-start (previous, next)
|   0|0x0000000081a00000, 0x0000000081b00000, 0x0000000081b00000|100%|HS|  |TAMS 0x0000000081b00000, 0x0000000081a00000| Complete 
|   1|0x0000000081b00000, 0x0000000081c00000, 0x0000000081c00000|100%| O|  |TAMS 0x0000000081c00000, 0x0000000081b00000| Untracked 
|   2|0x0000000081c00000, 0x0000000081d00000, 0x0000000081d00000|100%| O|  |TAMS 0x0000000081d00000, 0x0000000081c00000| Untracked 
|   3|0x0000000081d00000, 0x0000000081e00000, 0x0000000081e00000|100%| O|  |TAMS 0x0000000081e00000, 0x0000000081d00000| Untracked 
|   4|0x0000000081e00000, 0x0000000081f00000, 0x0000000081f00000|100%| O|  |TAMS 0x0000000081f00000, 0x0000000081e00000| Untracked 
|   5|0x0000000081f00000, 0x0000000082000000, 0x0000000082000000|100%| O|  |TAMS 0x0000000082000000, 0x0000000081f00000| Untracked 
|   6|0x0000000082000000, 0x0000000082100000, 0x0000000082100000|100%| O|  |TAMS 0x0000000082100000, 0x0000000082000000| Untracked 
|   7|0x0000000082100000, 0x0000000082200000, 0x0000000082200000|100%| O|  |TAMS 0x0000000082200000, 0x0000000082100000| Untracked 
|   8|0x0000000082200000, 0x0000000082300000, 0x0000000082300000|100%| O|  |TAMS 0x0000000082300000, 0x0000000082200000| Untracked 
|   9|0x0000000082300000, 0x0000000082400000, 0x0000000082400000|100%| O|  |TAMS 0x0000000082400000, 0x0000000082300000| Untracked 
|  10|0x0000000082400000, 0x0000000082500000, 0x0000000082500000|100%| O|  |TAMS 0x0000000082500000, 0x0000000082400000| Untracked 
|  11|0x0000000082500000, 0x0000000082600000, 0x0000000082600000|100%| O|  |TAMS 0x0000000082600000, 0x0000000082500000| Untracked 
|  12|0x0000000082600000, 0x0000000082700000, 0x0000000082700000|100%| O|  |TAMS 0x0000000082700000, 0x0000000082600000| Untracked 
|  13|0x0000000082700000, 0x0000000082800000, 0x0000000082800000|100%| O|  |TAMS 0x0000000082776e00, 0x0000000082700000| Untracked 
|  14|0x0000000082800000, 0x00000000828dfe00, 0x0000000082900000| 87%| O|  |TAMS 0x0000000082800000, 0x0000000082800000| Untracked 
|  15|0x0000000082900000, 0x0000000082900000, 0x0000000082a00000|  0%| F|  |TAMS 0x0000000082900000, 0x0000000082900000| Untracked 
|  16|0x0000000082a00000, 0x0000000082a00000, 0x0000000082b00000|  0%| F|  |TAMS 0x0000000082a00000, 0x0000000082a00000| Untracked 
|  17|0x0000000082b00000, 0x0000000082b00000, 0x0000000082c00000|  0%| F|  |TAMS 0x0000000082b00000, 0x0000000082b00000| Untracked 
|  18|0x0000000082c00000, 0x0000000082c00000, 0x0000000082d00000|  0%| F|  |TAMS 0x0000000082c00000, 0x0000000082c00000| Untracked 
|  19|0x0000000082d00000, 0x0000000082d00000, 0x0000000082e00000|  0%| F|  |TAMS 0x0000000082d00000, 0x0000000082d00000| Untracked 
|  20|0x0000000082e00000, 0x0000000082e00000, 0x0000000082f00000|  0%| F|  |TAMS 0x0000000082e00000, 0x0000000082e00000| Untracked 
|  21|0x0000000082f00000, 0x0000000082f00000, 0x0000000083000000|  0%| F|  |TAMS 0x0000000082f00000, 0x0000000082f00000| Untracked 
|  22|0x0000000083000000, 0x0000000083000000, 0x0000000083100000|  0%| F|  |TAMS 0x0000000083000000, 0x0000000083000000| Untracked 
|  23|0x0000000083100000, 0x0000000083100000, 0x0000000083200000|  0%| F|  |TAMS 0x0000000083100000, 0x0000000083100000| Untracked 
|  24|0x0000000083200000, 0x0000000083200000, 0x0000000083300000|  0%| F|  |TAMS 0x0000000083200000, 0x0000000083200000| Untracked 
|  25|0x0000000083300000, 0x0000000083300000, 0x0000000083400000|  0%| F|  |TAMS 0x0000000083300000, 0x0000000083300000| Untracked 
|  26|0x0000000083400000, 0x0000000083400000, 0x0000000083500000|  0%| F|  |TAMS 0x0000000083400000, 0x0000000083400000| Untracked 
|  27|0x0000000083500000, 0x0000000083500000, 0x0000000083600000|  0%| F|  |TAMS 0x0000000083500000, 0x0000000083500000| Untracked 
|  28|0x0000000083600000, 0x0000000083600000, 0x0000000083700000|  0%| F|  |TAMS 0x0000000083600000, 0x0000000083600000| Untracked 
|  29|0x0000000083700000, 0x0000000083700000, 0x0000000083800000|  0%| F|  |TAMS 0x0000000083700000, 0x0000000083700000| Untracked 
|  30|0x0000000083800000, 0x0000000083800000, 0x0000000083900000|  0%| F|  |TAMS 0x0000000083800000, 0x0000000083800000| Untracked 
|  31|0x0000000083900000, 0x0000000083900000, 0x0000000083a00000|  0%| F|  |TAMS 0x0000000083900000, 0x0000000083900000| Untracked 
|  32|0x0000000083a00000, 0x0000000083a00000, 0x0000000083b00000|  0%| F|  |TAMS 0x0000000083a00000, 0x0000000083a00000| Untracked 
|  33|0x0000000083b00000, 0x0000000083b00000, 0x0000000083c00000|  0%| F|  |TAMS 0x0000000083b00000, 0x0000000083b00000| Untracked 
|  34|0x0000000083c00000, 0x0000000083c00000, 0x0000000083d00000|  0%| F|  |TAMS 0x0000000083c00000, 0x0000000083c00000| Untracked 
|  35|0x0000000083d00000, 0x0000000083d00000, 0x0000000083e00000|  0%| F|  |TAMS 0x0000000083d00000, 0x0000000083d00000| Untracked 
|  36|0x0000000083e00000, 0x0000000083e00000, 0x0000000083f00000|  0%| F|  |TAMS 0x0000000083e00000, 0x0000000083e00000| Untracked 
|  37|0x0000000083f00000, 0x0000000083f00000, 0x0000000084000000|  0%| F|  |TAMS 0x0000000083f00000, 0x0000000083f00000| Untracked 
|  38|0x0000000084000000, 0x0000000084000000, 0x0000000084100000|  0%| F|  |TAMS 0x0000000084000000, 0x0000000084000000| Untracked 
|  39|0x0000000084100000, 0x0000000084100000, 0x0000000084200000|  0%| F|  |TAMS 0x0000000084100000, 0x0000000084100000| Untracked 
|  40|0x0000000084200000, 0x0000000084200000, 0x0000000084300000|  0%| F|  |TAMS 0x0000000084200000, 0x0000000084200000| Untracked 
|  41|0x0000000084300000, 0x0000000084300000, 0x0000000084400000|  0%| F|  |TAMS 0x0000000084300000, 0x0000000084300000| Untracked 
|  42|0x0000000084400000, 0x0000000084400000, 0x0000000084500000|  0%| F|  |TAMS 0x0000000084400000, 0x0000000084400000| Untracked 
|  43|0x0000000084500000, 0x0000000084500000, 0x0000000084600000|  0%| F|  |TAMS 0x0000000084500000, 0x0000000084500000| Untracked 
|  44|0x0000000084600000, 0x0000000084600000, 0x0000000084700000|  0%| F|  |TAMS 0x0000000084600000, 0x0000000084600000| Untracked 
|  45|0x0000000084700000, 0x0000000084700000, 0x0000000084800000|  0%| F|  |TAMS 0x0000000084700000, 0x0000000084700000| Untracked 
|  46|0x0000000084800000, 0x0000000084800000, 0x0000000084900000|  0%| F|  |TAMS 0x0000000084800000, 0x0000000084800000| Untracked 
|  47|0x0000000084900000, 0x0000000084900000, 0x0000000084a00000|  0%| F|  |TAMS 0x0000000084900000, 0x0000000084900000| Untracked 
|  48|0x0000000084a00000, 0x0000000084a00000, 0x0000000084b00000|  0%| F|  |TAMS 0x0000000084a00000, 0x0000000084a00000| Untracked 
|  49|0x0000000084b00000, 0x0000000084b00000, 0x0000000084c00000|  0%| F|  |TAMS 0x0000000084b00000, 0x0000000084b00000| Untracked 
|  50|0x0000000084c00000, 0x0000000084c00000, 0x0000000084d00000|  0%| F|  |TAMS 0x0000000084c00000, 0x0000000084c00000| Untracked 
|  51|0x0000000084d00000, 0x0000000084d00000, 0x0000000084e00000|  0%| F|  |TAMS 0x0000000084d00000, 0x0000000084d00000| Untracked 
|  52|0x0000000084e00000, 0x0000000084e00000, 0x0000000084f00000|  0%| F|  |TAMS 0x0000000084e00000, 0x0000000084e00000| Untracked 
|  53|0x0000000084f00000, 0x0000000084f00000, 0x0000000085000000|  0%| F|  |TAMS 0x0000000084f00000, 0x0000000084f00000| Untracked 
|  54|0x0000000085000000, 0x0000000085000000, 0x0000000085100000|  0%| F|  |TAMS 0x0000000085000000, 0x0000000085000000| Untracked 
|  55|0x0000000085100000, 0x0000000085100000, 0x0000000085200000|  0%| F|  |TAMS 0x0000000085100000, 0x0000000085100000| Untracked 
|  56|0x0000000085200000, 0x0000000085200000, 0x0000000085300000|  0%| F|  |TAMS 0x0000000085200000, 0x0000000085200000| Untracked 
|  57|0x0000000085300000, 0x0000000085300000, 0x0000000085400000|  0%| F|  |TAMS 0x0000000085300000, 0x0000000085300000| Untracked 
|  58|0x0000000085400000, 0x0000000085400000, 0x0000000085500000|  0%| F|  |TAMS 0x0000000085400000, 0x0000000085400000| Untracked 
|  59|0x0000000085500000, 0x0000000085500000, 0x0000000085600000|  0%| F|  |TAMS 0x0000000085500000, 0x0000000085500000| Untracked 
|  60|0x0000000085600000, 0x0000000085600000, 0x0000000085700000|  0%| F|  |TAMS 0x0000000085600000, 0x0000000085600000| Untracked 
|  61|0x0000000085700000, 0x0000000085700000, 0x0000000085800000|  0%| F|  |TAMS 0x0000000085700000, 0x0000000085700000| Untracked 
|  62|0x0000000085800000, 0x0000000085800000, 0x0000000085900000|  0%| F|  |TAMS 0x0000000085800000, 0x0000000085800000| Untracked 
|  63|0x0000000085900000, 0x0000000085900000, 0x0000000085a00000|  0%| F|  |TAMS 0x0000000085900000, 0x0000000085900000| Untracked 
|  64|0x0000000085a00000, 0x0000000085a00000, 0x0000000085b00000|  0%| F|  |TAMS 0x0000000085a00000, 0x0000000085a00000| Untracked 
|  65|0x0000000085b00000, 0x0000000085b00000, 0x0000000085c00000|  0%| F|  |TAMS 0x0000000085b00000, 0x0000000085b00000| Untracked 
|  66|0x0000000085c00000, 0x0000000085c00000, 0x0000000085d00000|  0%| F|  |TAMS 0x0000000085c00000, 0x0000000085c00000| Untracked 
|  67|0x0000000085d00000, 0x0000000085d00000, 0x0000000085e00000|  0%| F|  |TAMS 0x0000000085d00000, 0x0000000085d00000| Untracked 
|  68|0x0000000085e00000, 0x0000000085e00000, 0x0000000085f00000|  0%| F|  |TAMS 0x0000000085e00000, 0x0000000085e00000| Untracked 
|  69|0x0000000085f00000, 0x0000000085f00000, 0x0000000086000000|  0%| F|  |TAMS 0x0000000085f00000, 0x0000000085f00000| Untracked 
|  70|0x0000000086000000, 0x0000000086000000, 0x0000000086100000|  0%| F|  |TAMS 0x0000000086000000, 0x0000000086000000| Untracked 
|  71|0x0000000086100000, 0x0000000086100000, 0x0000000086200000|  0%| F|  |TAMS 0x0000000086100000, 0x0000000086100000| Untracked 
|  72|0x0000000086200000, 0x0000000086200000, 0x0000000086300000|  0%| F|  |TAMS 0x0000000086200000, 0x0000000086200000| Untracked 
|  73|0x0000000086300000, 0x0000000086300000, 0x0000000086400000|  0%| F|  |TAMS 0x0000000086300000, 0x0000000086300000| Untracked 
|  74|0x0000000086400000, 0x0000000086400000, 0x0000000086500000|  0%| F|  |TAMS 0x0000000086400000, 0x0000000086400000| Untracked 
|  75|0x0000000086500000, 0x0000000086500000, 0x0000000086600000|  0%| F|  |TAMS 0x0000000086500000, 0x0000000086500000| Untracked 
|  76|0x0000000086600000, 0x0000000086600000, 0x0000000086700000|  0%| F|  |TAMS 0x0000000086600000, 0x0000000086600000| Untracked 
|  77|0x0000000086700000, 0x0000000086800000, 0x0000000086800000|100%| S|CS|TAMS 0x0000000086700000, 0x0000000086700000| Complete 
|  78|0x0000000086800000, 0x0000000086900000, 0x0000000086900000|100%| S|CS|TAMS 0x0000000086800000, 0x0000000086800000| Complete 
|  79|0x0000000086900000, 0x0000000086a00000, 0x0000000086a00000|100%| S|CS|TAMS 0x0000000086900000, 0x0000000086900000| Complete 
|  80|0x0000000086a00000, 0x0000000086b00000, 0x0000000086b00000|100%| S|CS|TAMS 0x0000000086a00000, 0x0000000086a00000| Complete 
|  81|0x0000000086b00000, 0x0000000086c00000, 0x0000000086c00000|100%| S|CS|TAMS 0x0000000086b00000, 0x0000000086b00000| Complete 
|  82|0x0000000086c00000, 0x0000000086d00000, 0x0000000086d00000|100%| S|CS|TAMS 0x0000000086c00000, 0x0000000086c00000| Complete 
|  83|0x0000000086d00000, 0x0000000086d00000, 0x0000000086e00000|  0%| F|  |TAMS 0x0000000086d00000, 0x0000000086d00000| Untracked 
|  84|0x0000000086e00000, 0x0000000086e00000, 0x0000000086f00000|  0%| F|  |TAMS 0x0000000086e00000, 0x0000000086e00000| Untracked 
|  85|0x0000000086f00000, 0x0000000086f00000, 0x0000000087000000|  0%| F|  |TAMS 0x0000000086f00000, 0x0000000086f00000| Untracked 
|  86|0x0000000087000000, 0x0000000087000000, 0x0000000087100000|  0%| F|  |TAMS 0x0000000087000000, 0x0000000087000000| Untracked 
|  87|0x0000000087100000, 0x0000000087180800, 0x0000000087200000| 50%| E|  |TAMS 0x0000000087100000, 0x0000000087100000| Complete 
|  88|0x0000000087200000, 0x0000000087300000, 0x0000000087300000|100%| E|CS|TAMS 0x0000000087200000, 0x0000000087200000| Complete 
|  89|0x0000000087300000, 0x0000000087400000, 0x0000000087400000|100%| E|CS|TAMS 0x0000000087300000, 0x0000000087300000| Complete 
|  90|0x0000000087400000, 0x0000000087500000, 0x0000000087500000|100%| E|CS|TAMS 0x0000000087400000, 0x0000000087400000| Complete 
|  91|0x0000000087500000, 0x0000000087600000, 0x0000000087600000|100%| E|CS|TAMS 0x0000000087500000, 0x0000000087500000| Complete 
|  92|0x0000000087600000, 0x0000000087700000, 0x0000000087700000|100%| E|CS|TAMS 0x0000000087600000, 0x0000000087600000| Complete 
|  93|0x0000000087700000, 0x0000000087800000, 0x0000000087800000|100%| E|CS|TAMS 0x0000000087700000, 0x0000000087700000| Complete 
|  94|0x0000000087800000, 0x0000000087900000, 0x0000000087900000|100%| E|CS|TAMS 0x0000000087800000, 0x0000000087800000| Complete 
|  95|0x0000000087900000, 0x0000000087a00000, 0x0000000087a00000|100%| E|CS|TAMS 0x0000000087900000, 0x0000000087900000| Complete 
|  96|0x0000000087a00000, 0x0000000087b00000, 0x0000000087b00000|100%| E|CS|TAMS 0x0000000087a00000, 0x0000000087a00000| Complete 
|  97|0x0000000087b00000, 0x0000000087c00000, 0x0000000087c00000|100%| E|CS|TAMS 0x0000000087b00000, 0x0000000087b00000| Complete 
|  98|0x0000000087c00000, 0x0000000087d00000, 0x0000000087d00000|100%| E|CS|TAMS 0x0000000087c00000, 0x0000000087c00000| Complete 
|  99|0x0000000087d00000, 0x0000000087e00000, 0x0000000087e00000|100%| E|CS|TAMS 0x0000000087d00000, 0x0000000087d00000| Complete 
| 100|0x0000000087e00000, 0x0000000087f00000, 0x0000000087f00000|100%| E|CS|TAMS 0x0000000087e00000, 0x0000000087e00000| Complete 
| 101|0x0000000087f00000, 0x0000000088000000, 0x0000000088000000|100%| E|CS|TAMS 0x0000000087f00000, 0x0000000087f00000| Complete 
| 102|0x0000000088000000, 0x0000000088100000, 0x0000000088100000|100%| E|CS|TAMS 0x0000000088000000, 0x0000000088000000| Complete 
| 103|0x0000000088100000, 0x0000000088200000, 0x0000000088200000|100%| E|CS|TAMS 0x0000000088100000, 0x0000000088100000| Complete 
| 104|0x0000000088200000, 0x0000000088300000, 0x0000000088300000|100%| E|CS|TAMS 0x0000000088200000, 0x0000000088200000| Complete 
| 105|0x0000000088300000, 0x0000000088400000, 0x0000000088400000|100%| E|CS|TAMS 0x0000000088300000, 0x0000000088300000| Complete 
| 106|0x0000000088400000, 0x0000000088500000, 0x0000000088500000|100%| E|CS|TAMS 0x0000000088400000, 0x0000000088400000| Complete 
| 107|0x0000000088500000, 0x0000000088600000, 0x0000000088600000|100%| E|CS|TAMS 0x0000000088500000, 0x0000000088500000| Complete 
| 108|0x0000000088600000, 0x0000000088700000, 0x0000000088700000|100%| E|  |TAMS 0x0000000088600000, 0x0000000088600000| Complete 
| 109|0x0000000088700000, 0x0000000088800000, 0x0000000088800000|100%| E|CS|TAMS 0x0000000088700000, 0x0000000088700000| Complete 
| 110|0x0000000088800000, 0x0000000088900000, 0x0000000088900000|100%| E|CS|TAMS 0x0000000088800000, 0x0000000088800000| Complete 
| 111|0x0000000088900000, 0x0000000088a00000, 0x0000000088a00000|100%| E|CS|TAMS 0x0000000088900000, 0x0000000088900000| Complete 
| 112|0x0000000088a00000, 0x0000000088b00000, 0x0000000088b00000|100%| E|CS|TAMS 0x0000000088a00000, 0x0000000088a00000| Complete 
| 113|0x0000000088b00000, 0x0000000088c00000, 0x0000000088c00000|100%| E|CS|TAMS 0x0000000088b00000, 0x0000000088b00000| Complete 
| 114|0x0000000088c00000, 0x0000000088d00000, 0x0000000088d00000|100%| E|CS|TAMS 0x0000000088c00000, 0x0000000088c00000| Complete 
| 115|0x0000000088d00000, 0x0000000088e00000, 0x0000000088e00000|100%| E|CS|TAMS 0x0000000088d00000, 0x0000000088d00000| Complete 
| 116|0x0000000088e00000, 0x0000000088f00000, 0x0000000088f00000|100%| E|CS|TAMS 0x0000000088e00000, 0x0000000088e00000| Complete 
| 117|0x0000000088f00000, 0x0000000089000000, 0x0000000089000000|100%| E|CS|TAMS 0x0000000088f00000, 0x0000000088f00000| Complete 
| 118|0x0000000089000000, 0x0000000089100000, 0x0000000089100000|100%| E|CS|TAMS 0x0000000089000000, 0x0000000089000000| Complete 
| 119|0x0000000089100000, 0x0000000089200000, 0x0000000089200000|100%| E|CS|TAMS 0x0000000089100000, 0x0000000089100000| Complete 
| 120|0x0000000089200000, 0x0000000089300000, 0x0000000089300000|100%| E|CS|TAMS 0x0000000089200000, 0x0000000089200000| Complete 
| 121|0x0000000089300000, 0x0000000089400000, 0x0000000089400000|100%| E|CS|TAMS 0x0000000089300000, 0x0000000089300000| Complete 
| 122|0x0000000089400000, 0x0000000089500000, 0x0000000089500000|100%| E|CS|TAMS 0x0000000089400000, 0x0000000089400000| Complete 
| 123|0x0000000089500000, 0x0000000089600000, 0x0000000089600000|100%| E|CS|TAMS 0x0000000089500000, 0x0000000089500000| Complete 
| 124|0x0000000089600000, 0x0000000089700000, 0x0000000089700000|100%| E|CS|TAMS 0x0000000089600000, 0x0000000089600000| Complete 
| 125|0x0000000089700000, 0x0000000089800000, 0x0000000089800000|100%| E|CS|TAMS 0x0000000089700000, 0x0000000089700000| Complete 
| 126|0x0000000089800000, 0x0000000089900000, 0x0000000089900000|100%| E|CS|TAMS 0x0000000089800000, 0x0000000089800000| Complete 
| 127|0x0000000089900000, 0x0000000089a00000, 0x0000000089a00000|100%| E|CS|TAMS 0x0000000089900000, 0x0000000089900000| Complete 

Card table byte_map: [0x0000028f2d9b0000,0x0000028f2ddb0000] _byte_map_base: 0x0000028f2d5a3000

Marking Bits (Prev, Next): (CMBitMap*) 0x0000028f15e2dd80, (CMBitMap*) 0x0000028f15e2dd48
 Prev Bits: [0x0000028f30150000, 0x0000028f320e8000)
 Next Bits: [0x0000028f2e1b0000, 0x0000028f30148000)

Polling page: 0x0000028f155c0000

Metaspace:

Usage:
  Non-class:     27.99 MB capacity,    27.37 MB ( 98%) used,   563.85 KB (  2%) free+waste,    74.38 KB ( <1%) overhead. 
      Class:      3.98 MB capacity,     3.48 MB ( 87%) used,   478.38 KB ( 12%) free+waste,    38.94 KB ( <1%) overhead. 
       Both:     31.98 MB capacity,    30.85 MB ( 96%) used,     1.02 MB (  3%) free+waste,   113.31 KB ( <1%) overhead. 

Virtual space:
  Non-class space:       28.00 MB reserved,      28.00 MB (100%) committed 
      Class space:        1.00 GB reserved,       4.00 MB ( <1%) committed 
             Both:        1.03 GB reserved,      32.00 MB (  3%) committed 

Chunk freelists:
   Non-Class:  6.00 KB
       Class:  17.00 KB
        Both:  23.00 KB

MaxMetaspaceSize: 17179869184.00 GB
CompressedClassSpaceSize: 1.00 GB
Initial GC threshold: 20.80 MB
Current GC threshold: 35.00 MB
CDS: off

CodeHeap 'non-profiled nmethods': size=120064Kb used=1608Kb max_used=1608Kb free=118455Kb
 bounds [0x0000028f26070000, 0x0000028f262e0000, 0x0000028f2d5b0000]
CodeHeap 'profiled nmethods': size=120000Kb used=7080Kb max_used=7080Kb free=112919Kb
 bounds [0x0000028f1eb40000, 0x0000028f1f230000, 0x0000028f26070000]
CodeHeap 'non-nmethods': size=5696Kb used=2278Kb max_used=2310Kb free=3417Kb
 bounds [0x0000028f1e5b0000, 0x0000028f1e820000, 0x0000028f1eb40000]
 total_blobs=4212 nmethods=3444 adapters=679
 compilation: enabled
              stopped_count=0, restarted_count=0
 full_count=0

Compilation events (20 events):
Event: 6.978 Thread 0x0000028f3460e000 nmethod 3432 0x0000028f1f21e110 code [0x0000028f1f21e2e0, 0x0000028f1f21e5e8]
Event: 6.978 Thread 0x0000028f3460e000 3433       3       groovyjarjarantlr4.v4.runtime.atn.ParserATNSimulator::lambda$static$1 (40 bytes)
Event: 6.978 Thread 0x0000028f3460e000 nmethod 3433 0x0000028f1f21e710 code [0x0000028f1f21e900, 0x0000028f1f21ed38]
Event: 6.978 Thread 0x0000028f3460e000 3429       3       groovyjarjarantlr4.v4.runtime.misc.FlexibleHashMap$Entry::<init> (15 bytes)
Event: 6.978 Thread 0x0000028f3460e000 nmethod 3429 0x0000028f1f21ef10 code [0x0000028f1f21f0c0, 0x0000028f1f21f2d8]
Event: 6.979 Thread 0x0000028f3460e000 3434       3       java.lang.StrictMath::floorOrCeil (128 bytes)
Event: 6.979 Thread 0x0000028f3460e000 nmethod 3434 0x0000028f1f21f390 code [0x0000028f1f21f560, 0x0000028f1f21f9b8]
Event: 6.979 Thread 0x0000028f3460e000 3435       3       groovyjarjarantlr4.v4.runtime.atn.SingletonPredictionContext::equals (65 bytes)
Event: 6.979 Thread 0x0000028f35e85800 3436       4       groovyjarjarantlr4.v4.runtime.atn.ParserATNSimulator::getEpsilonTarget (147 bytes)
Event: 6.980 Thread 0x0000028f3460e000 nmethod 3435 0x0000028f1f21fa90 code [0x0000028f1f21fc80, 0x0000028f1f2201c8]
Event: 6.980 Thread 0x0000028f3460e000 3437       1       groovyjarjarantlr4.v4.runtime.atn.ActionTransition::isEpsilon (2 bytes)
Event: 6.980 Thread 0x0000028f3460e000 nmethod 3437 0x0000028f261ff710 code [0x0000028f261ff8c0, 0x0000028f261ff978]
Event: 6.980 Thread 0x0000028f3460e000 3438       3       groovyjarjarantlr4.v4.runtime.atn.ParserATNSimulator::getReachableTarget (23 bytes)
Event: 6.980 Thread 0x0000028f3460e000 nmethod 3438 0x0000028f1f220310 code [0x0000028f1f2204e0, 0x0000028f1f220728]
Event: 6.981 Thread 0x0000028f3460e000 3439       3       groovyjarjarantlr4.v4.runtime.atn.ATNConfig::<init> (42 bytes)
Event: 6.981 Thread 0x0000028f3460e000 nmethod 3439 0x0000028f1f220810 code [0x0000028f1f2209c0, 0x0000028f1f220bf8]
Event: 6.981 Thread 0x0000028f3460e000 3440       1       groovyjarjarantlr4.v4.runtime.atn.SingletonPredictionContext::hasEmpty (2 bytes)
Event: 6.981 Thread 0x0000028f3460e000 nmethod 3440 0x0000028f261ffa10 code [0x0000028f261ffbc0, 0x0000028f261ffc78]
Event: 6.982 Thread 0x0000028f3460e000 3442       3       groovyjarjarantlr4.v4.runtime.atn.AtomTransition::matches (14 bytes)
Event: 6.982 Thread 0x0000028f3460e000 nmethod 3442 0x0000028f1f220d10 code [0x0000028f1f220ec0, 0x0000028f1f221018]

GC Heap History (12 events):
Event: 1.309 GC heap before
{Heap before GC invocations=0 (full 0):
 garbage-first heap   total 131072K, used 14336K [0x0000000081a00000, 0x0000000100000000)
  region size 1024K, 14 young (14336K), 0 survivors (0K)
 Metaspace       used 9350K, capacity 9467K, committed 9600K, reserved 1058816K
  class space    used 823K, capacity 856K, committed 896K, reserved 1048576K
}
Event: 1.315 GC heap after
{Heap after GC invocations=1 (full 0):
 garbage-first heap   total 131072K, used 5358K [0x0000000081a00000, 0x0000000100000000)
  region size 1024K, 2 young (2048K), 2 survivors (2048K)
 Metaspace       used 9350K, capacity 9467K, committed 9600K, reserved 1058816K
  class space    used 823K, capacity 856K, committed 896K, reserved 1048576K
}
Event: 1.648 GC heap before
{Heap before GC invocations=1 (full 0):
 garbage-first heap   total 131072K, used 14574K [0x0000000081a00000, 0x0000000100000000)
  region size 1024K, 11 young (11264K), 2 survivors (2048K)
 Metaspace       used 11601K, capacity 11785K, committed 11904K, reserved 1060864K
  class space    used 1037K, capacity 1099K, committed 1152K, reserved 1048576K
}
Event: 1.653 GC heap after
{Heap after GC invocations=2 (full 0):
 garbage-first heap   total 131072K, used 6330K [0x0000000081a00000, 0x0000000100000000)
  region size 1024K, 1 young (1024K), 1 survivors (1024K)
 Metaspace       used 11601K, capacity 11785K, committed 11904K, reserved 1060864K
  class space    used 1037K, capacity 1099K, committed 1152K, reserved 1048576K
}
Event: 2.393 GC heap before
{Heap before GC invocations=2 (full 0):
 garbage-first heap   total 131072K, used 36026K [0x0000000081a00000, 0x0000000100000000)
  region size 1024K, 27 young (27648K), 1 survivors (1024K)
 Metaspace       used 16141K, capacity 16397K, committed 16512K, reserved 1064960K
  class space    used 1460K, capacity 1550K, committed 1664K, reserved 1048576K
}
Event: 2.402 GC heap after
{Heap after GC invocations=3 (full 0):
 garbage-first heap   total 131072K, used 9465K [0x0000000081a00000, 0x0000000100000000)
  region size 1024K, 4 young (4096K), 4 survivors (4096K)
 Metaspace       used 16141K, capacity 16397K, committed 16512K, reserved 1064960K
  class space    used 1460K, capacity 1550K, committed 1664K, reserved 1048576K
}
Event: 3.179 GC heap before
{Heap before GC invocations=3 (full 0):
 garbage-first heap   total 131072K, used 42233K [0x0000000081a00000, 0x0000000100000000)
  region size 1024K, 37 young (37888K), 4 survivors (4096K)
 Metaspace       used 19372K, capacity 20033K, committed 20096K, reserved 1067008K
  class space    used 1841K, capacity 2125K, committed 2176K, reserved 1048576K
}
Event: 3.197 GC heap after
{Heap after GC invocations=4 (full 0):
 garbage-first heap   total 131072K, used 14899K [0x0000000081a00000, 0x0000000100000000)
  region size 1024K, 5 young (5120K), 5 survivors (5120K)
 Metaspace       used 19372K, capacity 20033K, committed 20096K, reserved 1067008K
  class space    used 1841K, capacity 2125K, committed 2176K, reserved 1048576K
}
Event: 3.517 GC heap before
{Heap before GC invocations=4 (full 0):
 garbage-first heap   total 131072K, used 33331K [0x0000000081a00000, 0x0000000100000000)
  region size 1024K, 24 young (24576K), 5 survivors (5120K)
 Metaspace       used 20432K, capacity 21201K, committed 21248K, reserved 1069056K
  class space    used 1991K, capacity 2298K, committed 2304K, reserved 1048576K
}
Event: 3.530 GC heap after
{Heap after GC invocations=5 (full 0):
 garbage-first heap   total 131072K, used 16084K [0x0000000081a00000, 0x0000000100000000)
  region size 1024K, 3 young (3072K), 3 survivors (3072K)
 Metaspace       used 20432K, capacity 21201K, committed 21248K, reserved 1069056K
  class space    used 1991K, capacity 2298K, committed 2304K, reserved 1048576K
}
Event: 6.027 GC heap before
{Heap before GC invocations=6 (full 0):
 garbage-first heap   total 131072K, used 59092K [0x0000000081a00000, 0x0000000100000000)
  region size 1024K, 45 young (46080K), 3 survivors (3072K)
 Metaspace       used 28295K, capacity 29394K, committed 29696K, reserved 1075200K
  class space    used 3004K, capacity 3486K, committed 3584K, reserved 1048576K
}
Event: 6.044 GC heap after
{Heap after GC invocations=7 (full 0):
 garbage-first heap   total 131072K, used 21375K [0x0000000081a00000, 0x0000000100000000)
  region size 1024K, 6 young (6144K), 6 survivors (6144K)
 Metaspace       used 28295K, capacity 29394K, committed 29696K, reserved 1075200K
  class space    used 3004K, capacity 3486K, committed 3584K, reserved 1048576K
}

Deoptimization events (20 events):
Event: 5.100 Thread 0x0000028f15dee800 DEOPT PACKING pc=0x0000028f261ac7d4 sp=0x000000cf544f9910
Event: 5.100 Thread 0x0000028f15dee800 DEOPT UNPACKING pc=0x0000028f1e5fa1af sp=0x000000cf544f9860 mode 2
Event: 5.112 Thread 0x0000028f15dee800 DEOPT PACKING pc=0x0000028f1f005a76 sp=0x000000cf544f8b70
Event: 5.112 Thread 0x0000028f15dee800 DEOPT UNPACKING pc=0x0000028f1e5fa95e sp=0x000000cf544f8090 mode 0
Event: 6.110 Thread 0x0000028f15dee800 Uncommon trap: trap_request=0xffffff4d fr.pc=0x0000028f261b8e34 relative=0x0000000000002594
Event: 6.110 Thread 0x0000028f15dee800 Uncommon trap: reason=unstable_if action=reinterpret pc=0x0000028f261b8e34 method=java.util.regex.Pattern.compile()V @ 369 c2
Event: 6.110 Thread 0x0000028f15dee800 DEOPT PACKING pc=0x0000028f261b8e34 sp=0x000000cf544fda80
Event: 6.110 Thread 0x0000028f15dee800 DEOPT UNPACKING pc=0x0000028f1e5fa1af sp=0x000000cf544fda60 mode 2
Event: 6.116 Thread 0x0000028f15dee800 Uncommon trap: trap_request=0xffffff4d fr.pc=0x0000028f2614f4e8 relative=0x0000000000000208
Event: 6.116 Thread 0x0000028f15dee800 Uncommon trap: reason=unstable_if action=reinterpret pc=0x0000028f2614f4e8 method=java.util.regex.Pattern$LastNode.match(Ljava/util/regex/Matcher;ILjava/lang/CharSequence;)Z @ 5 c2
Event: 6.116 Thread 0x0000028f15dee800 DEOPT PACKING pc=0x0000028f2614f4e8 sp=0x000000cf544fc750
Event: 6.116 Thread 0x0000028f15dee800 DEOPT UNPACKING pc=0x0000028f1e5fa1af sp=0x000000cf544fc6a0 mode 2
Event: 6.167 Thread 0x0000028f15dee800 Uncommon trap: trap_request=0xffffff4d fr.pc=0x0000028f261d2fc4 relative=0x0000000000001024
Event: 6.167 Thread 0x0000028f15dee800 Uncommon trap: reason=unstable_if action=reinterpret pc=0x0000028f261d2fc4 method=org.codehaus.groovy.runtime.metaclass.MetaMethodIndex.isOverridden(Lgroovy/lang/MetaMethod;Lgroovy/lang/MetaMethod;)Z @ 52 c2
Event: 6.167 Thread 0x0000028f15dee800 DEOPT PACKING pc=0x0000028f261d2fc4 sp=0x000000cf544fe140
Event: 6.167 Thread 0x0000028f15dee800 DEOPT UNPACKING pc=0x0000028f1e5fa1af sp=0x000000cf544fe0c0 mode 2
Event: 6.234 Thread 0x0000028f15dee800 Uncommon trap: trap_request=0xffffffde fr.pc=0x0000028f261a3578 relative=0x0000000000000558
Event: 6.234 Thread 0x0000028f15dee800 Uncommon trap: reason=class_check action=maybe_recompile pc=0x0000028f261a3578 method=java.util.regex.Matcher.search(I)Z @ 121 c2
Event: 6.234 Thread 0x0000028f15dee800 DEOPT PACKING pc=0x0000028f261a3578 sp=0x000000cf544fe3a0
Event: 6.234 Thread 0x0000028f15dee800 DEOPT UNPACKING pc=0x0000028f1e5fa1af sp=0x000000cf544fe360 mode 2

Classes redefined (0 events):
No events

Internal exceptions (20 events):
Event: 6.204 Thread 0x0000028f15dee800 Exception <a 'java/lang/ClassNotFoundException'{0x0000000088ba2848}: io/restassured/internal/common/assertion/AssertionSupport$3BeanInfo> (0x0000000088ba2848) thrown at [s\src\hotspot\share\classfile\systemDictionary.cpp, line 230]
Event: 6.205 Thread 0x0000028f15dee800 Exception <a 'java/lang/ClassNotFoundException'{0x0000000088bb5358}: io/restassured/internal/common/assertion/AssertionSupport$3Customizer> (0x0000000088bb5358) thrown at [s\src\hotspot\share\classfile\systemDictionary.cpp, line 230]
Event: 6.207 Thread 0x0000028f15dee800 Exception <a 'java/lang/ClassNotFoundException'{0x0000000088bcc830}: groovy/runtime/metaclass/[Lio/restassured/internal/common/assertion/PathFragmentEscaper;MetaClass> (0x0000000088bcc830) thrown at [s\src\hotspot\share\prims\jni.cpp, line 638]
Event: 6.209 Thread 0x0000028f15dee800 Exception <a 'java/lang/ClassNotFoundException'{0x0000000088bd3610}: [Lio/restassured/internal/common/assertion/PathFragmentEscaper;BeanInfo> (0x0000000088bd3610) thrown at [s\src\hotspot\share\prims\jni.cpp, line 638]
Event: 6.209 Thread 0x0000028f15dee800 Exception <a 'java/lang/ClassNotFoundException'{0x0000000088bd3bf8}: [Lio/restassured/internal/common/assertion/PathFragmentEscaper;BeanInfo> (0x0000000088bd3bf8) thrown at [s\src\hotspot\share\prims\jni.cpp, line 638]
Event: 6.209 Thread 0x0000028f15dee800 Exception <a 'java/lang/ClassNotFoundException'{0x0000000088bd41e0}: [Lio/restassured/internal/common/assertion/PathFragmentEscaper;BeanInfo> (0x0000000088bd41e0) thrown at [s\src\hotspot\share\prims\jni.cpp, line 638]
Event: 6.209 Thread 0x0000028f15dee800 Exception <a 'java/lang/ClassNotFoundException'{0x0000000088bd48d0}: [Lio/restassured/internal/common/assertion/PathFragmentEscaper;Customizer> (0x0000000088bd48d0) thrown at [s\src\hotspot\share\prims\jni.cpp, line 638]
Event: 6.209 Thread 0x0000028f15dee800 Exception <a 'java/lang/ClassNotFoundException'{0x0000000088bd4ec0}: [Lio/restassured/internal/common/assertion/PathFragmentEscaper;Customizer> (0x0000000088bd4ec0) thrown at [s\src\hotspot\share\prims\jni.cpp, line 638]
Event: 6.209 Thread 0x0000028f15dee800 Exception <a 'java/lang/ClassNotFoundException'{0x0000000088bd54b0}: [Lio/restassured/internal/common/assertion/PathFragmentEscaper;Customizer> (0x0000000088bd54b0) thrown at [s\src\hotspot\share\prims\jni.cpp, line 638]
Event: 6.214 Thread 0x0000028f15dee800 Exception <a 'java/lang/ClassNotFoundException'{0x0000000088a09610}: java/lang/CharacterBeanInfo> (0x0000000088a09610) thrown at [s\src\hotspot\share\classfile\systemDictionary.cpp, line 230]
Event: 6.214 Thread 0x0000028f15dee800 Exception <a 'java/lang/ClassNotFoundException'{0x0000000088a0a8a0}: java/lang/CharacterCustomizer> (0x0000000088a0a8a0) thrown at [s\src\hotspot\share\classfile\systemDictionary.cpp, line 230]
Event: 6.224 Thread 0x0000028f15dee800 Exception <a 'java/lang/ClassNotFoundException'{0x0000000088a82440}: org/apache/commons/lang3/math/NumberUtilsBeanInfo> (0x0000000088a82440) thrown at [s\src\hotspot\share\classfile\systemDictionary.cpp, line 230]
Event: 6.225 Thread 0x0000028f15dee800 Exception <a 'java/lang/ClassNotFoundException'{0x0000000088a92868}: org/apache/commons/lang3/math/NumberUtilsCustomizer> (0x0000000088a92868) thrown at [s\src\hotspot\share\classfile\systemDictionary.cpp, line 230]
Event: 6.239 Thread 0x0000028f15dee800 Exception <a 'java/lang/ClassNotFoundException'{0x000000008893f4d0}: groovy/lang/BindingBeanInfo> (0x000000008893f4d0) thrown at [s\src\hotspot\share\classfile\systemDictionary.cpp, line 230]
Event: 6.240 Thread 0x0000028f15dee800 Exception <a 'java/lang/ClassNotFoundException'{0x0000000088958480}: groovy/lang/BindingCustomizer> (0x0000000088958480) thrown at [s\src\hotspot\share\classfile\systemDictionary.cpp, line 230]
Event: 6.246 Thread 0x0000028f15dee800 Exception <a 'java/lang/ClassNotFoundException'{0x00000000889a3b78}: groovy/lang/GroovyShellBeanInfo> (0x00000000889a3b78) thrown at [s\src\hotspot\share\classfile\systemDictionary.cpp, line 230]
Event: 6.247 Thread 0x0000028f15dee800 Exception <a 'java/lang/ClassNotFoundException'{0x00000000889bd1f0}: groovy/lang/GroovyShellCustomizer> (0x00000000889bd1f0) thrown at [s\src\hotspot\share\classfile\systemDictionary.cpp, line 230]
Event: 6.277 Thread 0x0000028f15dee800 Exception <a 'java/lang/NoSuchMethodError'{0x00000000888d7170}: 'void java.lang.invoke.DirectMethodHandle$Holder.invokeVirtual(java.lang.Object, java.lang.Object)'> (0x00000000888d7170) thrown at [s\src\hotspot\share\interpreter\linkResolver.cpp, line 773]
Event: 6.279 Thread 0x0000028f15dee800 Exception <a 'java/lang/NoSuchMethodError'{0x00000000888df6e8}: 'void java.lang.invoke.DirectMethodHandle$Holder.invokeSpecial(java.lang.Object, java.lang.Object, java.lang.Object, java.lang.Object, java.lang.Object)'> (0x00000000888df6e8) thrown at [s\src\hotspot\share\interpreter\linkResolver.cpp, line 773]
Event: 6.317 Thread 0x0000028f15dee800 Exception <a 'java/lang/NoSuchMethodError'{0x00000000887ba220}: 'void java.lang.invoke.DirectMethodHandle$Holder.invokeStatic(java.lang.Object, java.lang.Object, java.lang.Object, java.lang.Object, java.lang.Object, java.lang.Object)'> (0x00000000887ba220) thrown at [s\src\hotspot\share\interpreter\linkResolver.cpp, line 773]

Events (20 events):
Event: 6.923 loading class groovyjarjarantlr4/v4/runtime/dfa/HashEdgeMap
Event: 6.923 loading class groovyjarjarantlr4/v4/runtime/dfa/HashEdgeMap done
Event: 6.925 loading class groovyjarjarantlr4/v4/runtime/misc/Utils
Event: 6.925 loading class groovyjarjarantlr4/v4/runtime/misc/Utils done
Event: 6.926 loading class groovyjarjarantlr4/v4/runtime/dfa/ArrayEdgeMap
Event: 6.926 loading class groovyjarjarantlr4/v4/runtime/dfa/ArrayEdgeMap done
Event: 6.927 loading class java/util/concurrent/atomic/AtomicIntegerArray
Event: 6.928 loading class java/util/concurrent/atomic/AtomicIntegerArray done
Event: 6.928 loading class java/lang/invoke/VarHandleInts$Array
Event: 6.928 loading class java/lang/invoke/VarHandleInts$Array done
Event: 6.931 loading class groovyjarjarantlr4/v4/runtime/CommonToken
Event: 6.931 loading class groovyjarjarantlr4/v4/runtime/CommonToken done
Event: 6.931 loading class groovyjarjarantlr4/v4/runtime/WritableToken
Event: 6.931 loading class groovyjarjarantlr4/v4/runtime/WritableToken done
Event: 6.933 loading class groovyjarjarantlr4/v4/runtime/atn/PredictionContextCache$PredictionContextAndInt
Event: 6.933 loading class groovyjarjarantlr4/v4/runtime/atn/PredictionContextCache$PredictionContextAndInt done
Event: 6.934 loading class groovyjarjarantlr4/v4/runtime/atn/PredictionContextCache$IdentityCommutativePredictionContextOperands
Event: 6.934 loading class groovyjarjarantlr4/v4/runtime/atn/PredictionContextCache$IdentityCommutativePredictionContextOperands done
Event: 6.976 loading class groovyjarjarantlr4/v4/runtime/atn/SimulatorState
Event: 6.976 loading class groovyjarjarantlr4/v4/runtime/atn/SimulatorState done


Dynamic libraries:
0x00007ff718540000 - 0x00007ff71854e000 	C:\Program Files\Eclipse Adoptium\jdk-11.0.30.7-hotspot\bin\java.exe
0x00007ffa37250000 - 0x00007ffa37448000 	C:\Windows\SYSTEM32\ntdll.dll
0x00007ffa36140000 - 0x00007ffa36202000 	C:\Windows\System32\KERNEL32.DLL
0x00007ffa34a70000 - 0x00007ffa34d66000 	C:\Windows\System32\KERNELBASE.dll
0x00007ffa34e10000 - 0x00007ffa34f10000 	C:\Windows\System32\ucrtbase.dll
0x00007ffa2e550000 - 0x00007ffa2e56e000 	C:\Program Files\Eclipse Adoptium\jdk-11.0.30.7-hotspot\bin\VCRUNTIME140.dll
0x00007ffa2ee70000 - 0x00007ffa2ee87000 	C:\Program Files\Eclipse Adoptium\jdk-11.0.30.7-hotspot\bin\jli.dll
0x00007ffa36550000 - 0x00007ffa366f1000 	C:\Windows\System32\USER32.dll
0x00007ffa24ff0000 - 0x00007ffa2528b000 	C:\Windows\WinSxS\amd64_microsoft.windows.common-controls_6595b64144ccf1df_6.0.19041.6456_none_60b8a6cb71f64256\COMCTL32.dll
0x00007ffa36b80000 - 0x00007ffa36c1e000 	C:\Windows\System32\msvcrt.dll
0x00007ffa34a40000 - 0x00007ffa34a62000 	C:\Windows\System32\win32u.dll
0x00007ffa35390000 - 0x00007ffa353bb000 	C:\Windows\System32\GDI32.dll
0x00007ffa34f60000 - 0x00007ffa35079000 	C:\Windows\System32\gdi32full.dll
0x00007ffa34d70000 - 0x00007ffa34e0d000 	C:\Windows\System32\msvcp_win.dll
0x00007ffa35560000 - 0x00007ffa3558f000 	C:\Windows\System32\IMM32.DLL
0x00007ffa2ef20000 - 0x00007ffa2ef2c000 	C:\Program Files\Eclipse Adoptium\jdk-11.0.30.7-hotspot\bin\vcruntime140_1.dll
0x00007ffa1bd60000 - 0x00007ffa1bded000 	C:\Program Files\Eclipse Adoptium\jdk-11.0.30.7-hotspot\bin\msvcp140.dll
0x00007ffa07c00000 - 0x00007ffa087c2000 	C:\Program Files\Eclipse Adoptium\jdk-11.0.30.7-hotspot\bin\server\jvm.dll
0x00007ffa353c0000 - 0x00007ffa35471000 	C:\Windows\System32\ADVAPI32.dll
0x00007ffa36220000 - 0x00007ffa362bf000 	C:\Windows\System32\sechost.dll
0x00007ffa362c0000 - 0x00007ffa363e0000 	C:\Windows\System32\RPCRT4.dll
0x00007ffa35080000 - 0x00007ffa350a7000 	C:\Windows\System32\bcrypt.dll
0x00007ffa354f0000 - 0x00007ffa3555b000 	C:\Windows\System32\WS2_32.dll
0x00007ffa36790000 - 0x00007ffa36798000 	C:\Windows\System32\PSAPI.DLL
0x00007ffa23870000 - 0x00007ffa23897000 	C:\Windows\SYSTEM32\WINMM.dll
0x00007ffa238a0000 - 0x00007ffa238aa000 	C:\Windows\SYSTEM32\VERSION.dll
0x00007ffa32750000 - 0x00007ffa32762000 	C:\Windows\SYSTEM32\kernel.appcore.dll
0x00007ffa2ed50000 - 0x00007ffa2ed60000 	C:\Program Files\Eclipse Adoptium\jdk-11.0.30.7-hotspot\bin\verify.dll
0x00007ffa238c0000 - 0x00007ffa23ac1000 	C:\Windows\SYSTEM32\DBGHELP.DLL
0x00007ffa21a70000 - 0x00007ffa21aa4000 	C:\Windows\SYSTEM32\dbgcore.DLL
0x00007ffa350b0000 - 0x00007ffa35132000 	C:\Windows\System32\bcryptPrimitives.dll
0x00007ffa2da80000 - 0x00007ffa2daa8000 	C:\Program Files\Eclipse Adoptium\jdk-11.0.30.7-hotspot\bin\java.dll
0x00007ffa2ec80000 - 0x00007ffa2ec8a000 	C:\Program Files\Eclipse Adoptium\jdk-11.0.30.7-hotspot\bin\jimage.dll
0x00007ffa2e520000 - 0x00007ffa2e52e000 	C:\Program Files\Eclipse Adoptium\jdk-11.0.30.7-hotspot\bin\instrument.dll
0x00007ffa2e4a0000 - 0x00007ffa2e4b8000 	C:\Program Files\Eclipse Adoptium\jdk-11.0.30.7-hotspot\bin\zip.dll
0x00007ffa358f0000 - 0x00007ffa36060000 	C:\Windows\System32\SHELL32.dll
0x00007ffa32950000 - 0x00007ffa330f5000 	C:\Windows\SYSTEM32\windows.storage.dll
0x00007ffa35590000 - 0x00007ffa358e4000 	C:\Windows\System32\combase.dll
0x00007ffa34230000 - 0x00007ffa3425b000 	C:\Windows\SYSTEM32\Wldp.dll
0x00007ffa36cd0000 - 0x00007ffa36d9d000 	C:\Windows\System32\OLEAUT32.dll
0x00007ffa36440000 - 0x00007ffa364ed000 	C:\Windows\System32\SHCORE.dll
0x00007ffa364f0000 - 0x00007ffa3654b000 	C:\Windows\System32\shlwapi.dll
0x00007ffa34810000 - 0x00007ffa34834000 	C:\Windows\SYSTEM32\profapi.dll
0x00007ffa2d520000 - 0x00007ffa2d539000 	C:\Program Files\Eclipse Adoptium\jdk-11.0.30.7-hotspot\bin\net.dll
0x00007ffa2ca20000 - 0x00007ffa2cb2a000 	C:\Windows\SYSTEM32\WINHTTP.dll
0x00007ffa33f90000 - 0x00007ffa33ffa000 	C:\Windows\system32\mswsock.dll
0x00007ffa2c850000 - 0x00007ffa2c863000 	C:\Program Files\Eclipse Adoptium\jdk-11.0.30.7-hotspot\bin\nio.dll
0x00007ffa2cbe0000 - 0x00007ffa2cbee000 	C:\Program Files\Eclipse Adoptium\jdk-11.0.30.7-hotspot\bin\sunmscapi.dll
0x00007ffa348e0000 - 0x00007ffa34a3d000 	C:\Windows\System32\CRYPT32.dll
0x00007ffa342a0000 - 0x00007ffa342c7000 	C:\Windows\SYSTEM32\ncrypt.dll
0x00007ffa34260000 - 0x00007ffa3429b000 	C:\Windows\SYSTEM32\NTASN1.dll
0x00007ffa2b820000 - 0x00007ffa2b847000 	C:\Program Files\Eclipse Adoptium\jdk-11.0.30.7-hotspot\bin\sunec.dll
0x00007ffa34190000 - 0x00007ffa341a8000 	C:\Windows\SYSTEM32\CRYPTSP.dll
0x00007ffa338b0000 - 0x00007ffa338e8000 	C:\Windows\system32\rsaenh.dll
0x00007ffa347d0000 - 0x00007ffa347fe000 	C:\Windows\SYSTEM32\USERENV.dll
0x00007ffa34180000 - 0x00007ffa3418c000 	C:\Windows\SYSTEM32\CRYPTBASE.dll
0x00007ffa33c70000 - 0x00007ffa33cab000 	C:\Windows\SYSTEM32\IPHLPAPI.DLL
0x00007ffa36210000 - 0x00007ffa36218000 	C:\Windows\System32\NSI.dll
0x00007ffa2bb40000 - 0x00007ffa2bb57000 	C:\Windows\SYSTEM32\dhcpcsvc6.DLL
0x00007ffa2c090000 - 0x00007ffa2c0ad000 	C:\Windows\SYSTEM32\dhcpcsvc.DLL
0x00007ffa33cb0000 - 0x00007ffa33d7a000 	C:\Windows\SYSTEM32\DNSAPI.dll
0x00007ffa2cc50000 - 0x00007ffa2cc5a000 	C:\Windows\System32\rasadhlp.dll
0x00007ffa26200000 - 0x00007ffa26280000 	C:\Windows\System32\fwpuclnt.dll

dbghelp: loaded successfully - version: 4.0.5 - missing functions: none
symbol engine: initialized successfully - sym options: 0x614 - pdb path: .;C:\Program Files\Eclipse Adoptium\jdk-11.0.30.7-hotspot\bin;C:\Windows\SYSTEM32;C:\Windows\WinSxS\amd64_microsoft.windows.common-controls_6595b64144ccf1df_6.0.19041.6456_none_60b8a6cb71f64256;C:\Program Files\Eclipse Adoptium\jdk-11.0.30.7-hotspot\bin\server

VM Arguments:
jvm_args: -javaagent:C:\Program Files\JetBrains\IntelliJ IDEA 2026.1\lib\idea_rt.jar=53463 -Dfile.encoding=UTF-8 
java_command: com.qacart.todo.testcases.Dummyforrestassured
java_class_path (initial): F:\selenuim\TodoApplocationProject\target\test-classes;F:\selenuim\TodoApplocationProject\target\classes;C:\Users\RAYTHEON\.m2\repository\org\seleniumhq\selenium\selenium-java\4.43.0\selenium-java-4.43.0.jar;C:\Users\RAYTHEON\.m2\repository\org\seleniumhq\selenium\selenium-api\4.43.0\selenium-api-4.43.0.jar;C:\Users\RAYTHEON\.m2\repository\org\jspecify\jspecify\1.0.0\jspecify-1.0.0.jar;C:\Users\RAYTHEON\.m2\repository\org\seleniumhq\selenium\selenium-chrome-driver\4.43.0\selenium-chrome-driver-4.43.0.jar;C:\Users\RAYTHEON\.m2\repository\com\google\auto\service\auto-service-annotations\1.1.1\auto-service-annotations-1.1.1.jar;C:\Users\RAYTHEON\.m2\repository\org\seleniumhq\selenium\selenium-chromium-driver\4.43.0\selenium-chromium-driver-4.43.0.jar;C:\Users\RAYTHEON\.m2\repository\org\seleniumhq\selenium\selenium-json\4.43.0\selenium-json-4.43.0.jar;C:\Users\RAYTHEON\.m2\repository\org\seleniumhq\selenium\selenium-manager\4.43.0\selenium-manager-4.43.0.jar;C:\Users\RAYTHEON\.m2\repository\org\seleniumhq\selenium\selenium-devtools-v145\4.43.0\selenium-devtools-v145-4.43.0.jar;C:\Users\RAYTHEON\.m2\repository\org\seleniumhq\selenium\selenium-devtools-v146\4.43.0\selenium-devtools-v146-4.43.0.jar;C:\Users\RAYTHEON\.m2\repository\org\seleniumhq\selenium\selenium-devtools-v147\4.43.0\selenium-devtools-v147-4.43.0.jar;C:\Users\RAYTHEON\.m2\repository\org\seleniumhq\selenium\selenium-edge-driver\4.43.0\selenium-edge-driver-4.43.0.jar;C:\Users\RAYTHEON\.m2\repository\org\seleniumhq\selenium\selenium-firefox-driver\4.43.0\selenium-firefox-driver-4.43.0.jar;C:\Users\RAYTHEON\.m2\repository\org\seleniumhq\selenium\selenium-http\4.43.0\selenium-http-4.43.0.jar;C:\Users\RAYTHEON\.m2\repository\org\seleniumhq\selenium\selenium-ie-driver\4.43.0\selenium-ie-driver-4.43.0.jar;C:\Users\RAYTHEON\.m2\repository\org\seleniumhq\selenium\selenium-remote-driver\4.43.0\selenium-remote-driver-4.43.0.jar;C:\Users\RAYTHEON\.m2\repository\com\google\guava\guava\33.5.
Launcher Type: SUN_STANDARD

[Global flags]
     intx CICompilerCount                          = 3                                         {product} {ergonomic}
     uint ConcGCThreads                            = 1                                         {product} {ergonomic}
     uint G1ConcRefinementThreads                  = 4                                         {product} {ergonomic}
   size_t G1HeapRegionSize                         = 1048576                                   {product} {ergonomic}
    uintx GCDrainStackTargetSize                   = 64                                        {product} {ergonomic}
   size_t InitialHeapSize                          = 134217728                                 {product} {ergonomic}
   size_t MarkStackSize                            = 4194304                                   {product} {ergonomic}
   size_t MaxHeapSize                              = 2120220672                                {product} {ergonomic}
   size_t MaxNewSize                               = 1271922688                                {product} {ergonomic}
   size_t MinHeapDeltaBytes                        = 1048576                                   {product} {ergonomic}
    uintx NonNMethodCodeHeapSize                   = 5830732                                {pd product} {ergonomic}
    uintx NonProfiledCodeHeapSize                  = 122913754                              {pd product} {ergonomic}
    uintx ProfiledCodeHeapSize                     = 122913754                              {pd product} {ergonomic}
    uintx ReservedCodeCacheSize                    = 251658240                              {pd product} {ergonomic}
     bool SegmentedCodeCache                       = true                                      {product} {ergonomic}
     bool UseCompressedClassPointers               = true                                 {lp64_product} {ergonomic}
     bool UseCompressedOops                        = true                                 {lp64_product} {ergonomic}
     bool UseG1GC                                  = true                                      {product} {ergonomic}
     bool UseLargePagesIndividualAllocation        = false                                  {pd product} {ergonomic}

Logging:
Log output configuration:
 #0: stdout all=warning uptime,level,tags
 #1: stderr all=off uptime,level,tags

Environment Variables:
JAVA_HOME=C:\Program Files\Eclipse Adoptium\jdk-11.0.30.7-hotspot\
PATH=C:\Program Files\Eclipse Adoptium\jdk-11.0.30.7-hotspot\bin;C:\Program Files\Eclipse Adoptium\jdk-8.0.482.8-hotspot\bin;C:\Windows\system32;C:\Windows;C:\Windows\System32\Wbem;C:\Windows\System32\WindowsPowerShell\v1.0\;C:\Windows\System32\OpenSSH\;C:\Program Files\nodejs\;C:\Users\RAYTHEON\Documents\apache-maven-3.9.15\bin;C:\Users\RAYTHEON\AppData\Local\Microsoft\WindowsApps;C:\Users\RAYTHEON\AppData\Roaming\npm;C:\Program Files\JetBrains\IntelliJ IDEA 2026.1\bin
USERNAME=ADHAM
OS=Windows_NT
PROCESSOR_IDENTIFIER=Intel64 Family 6 Model 42 Stepping 7, GenuineIntel
TMP=C:\Users\RAYTHEON\AppData\Local\Temp
TEMP=C:\Users\RAYTHEON\AppData\Local\Temp



---------------  S Y S T E M  ---------------

OS: Windows 10 , 64 bit Build 19041 (10.0.19041.5915)
OS uptime: 1 days 2:23 hours

CPU:total 4 (initial active 4) (2 cores per cpu, 2 threads per core) family 6 model 42 stepping 7 microcode 0x2f, cmov, cx8, fxsr, mmx, sse, sse2, sse3, ssse3, sse4.1, sse4.2, popcnt, avx, aes, clmul, ht, tsc, tscinvbit

Memory: 4k page, system-wide physical 8086M (735M free)
TotalPageFile size 10134M (AvailPageFile size 7M)
current process WorkingSet (physical memory assigned to process): 178M, peak: 180M
current process commit charge ("private bytes"): 270M, peak: 273M

vm_info: OpenJDK 64-Bit Server VM (11.0.30+7) for windows-amd64 JRE (11.0.30+7), built on Jan 21 2026 06:15:59 by "" with MS VC++ 17.7 (VS2022)

END.
