#
# There is insufficient memory for the Java Runtime Environment to continue.
# Native memory allocation (malloc) failed to allocate 196016 bytes for Chunk::new
# Possible reasons:
#   The system is out of physical RAM or swap space
#   The process is running with CompressedOops enabled, and the Java Heap may be blocking the growth of the native heap
# Possible solutions:
#   Reduce memory load on the system
#   Increase physical memory or swap space
#   Check if swap backing store is full
#   Decrease Java heap size (-Xmx/-Xms)
#   Decrease number of Java threads
#   Decrease Java thread stack sizes (-Xss)
#   Set larger code cache with -XX:ReservedCodeCacheSize=
#   JVM is running with Unscaled Compressed Oops mode in which the Java heap is
#     placed in the first 4GB address space. The Java Heap base address is the
#     maximum limit for the native heap growth. Please use -XX:HeapBaseMinAddress
#     to set the Java Heap base and to place the Java Heap above 4GB virtual address.
# This output file may be truncated or incomplete.
#
#  Out of Memory Error (arena.cpp:197), pid=13212, tid=2132
#
# JRE version: OpenJDK Runtime Environment Temurin-11.0.30+7 (11.0.30+7) (build 11.0.30+7)
# Java VM: OpenJDK 64-Bit Server VM Temurin-11.0.30+7 (11.0.30+7, mixed mode, tiered, compressed oops, g1 gc, windows-amd64)
# No core dump will be written. Minidumps are not enabled by default on client versions of Windows
#

---------------  S U M M A R Y ------------

Command Line: C:\Users\RAYTHEON\AppData\Local\Temp\surefire15302387709201026250\surefirebooter-20260512222403098_3.jar C:\Users\RAYTHEON\AppData\Local\Temp\surefire15302387709201026250 2026-05-12T22-24-02_585-jvmRun1 surefire-20260512222403098_1tmp surefire_0-20260512222403098_2tmp

Host: Intel(R) Core(TM) i5-2450M CPU @ 2.50GHz, 4 cores, 7G,  Windows 10 , 64 bit Build 19041 (10.0.19041.5915)
Time: Tue May 12 22:24:09 2026 Egypt Daylight Time elapsed time: 5.940648 seconds (0d 0h 0m 5s)

---------------  T H R E A D  ---------------

Current thread (0x000001bd427c6800):  JavaThread "C2 CompilerThread0" daemon [_thread_in_native, id=2132, stack(0x0000001b88900000,0x0000001b88a00000)]


Current CompileTask:
C2:   5940 2710   !   4       java.net.URL::set (114 bytes)

Stack: [0x0000001b88900000,0x0000001b88a00000]
Native frames: (J=compiled Java code, j=interpreted, Vv=VM code, C=native code)
V  [jvm.dll+0x6449fa]
V  [jvm.dll+0x7d6909]
V  [jvm.dll+0x7d7fe9]
V  [jvm.dll+0x7d86e3]
V  [jvm.dll+0x269105]
V  [jvm.dll+0xc275c]
V  [jvm.dll+0xc2d6c]
V  [jvm.dll+0x37867f]
V  [jvm.dll+0x343185]
V  [jvm.dll+0x34254a]
V  [jvm.dll+0x2212ad]
V  [jvm.dll+0x2202d3]
V  [jvm.dll+0x19e021]
V  [jvm.dll+0x2302b4]
V  [jvm.dll+0x22e6ac]
V  [jvm.dll+0x798531]
V  [jvm.dll+0x791094]
V  [jvm.dll+0x6437c5]
C  [ucrtbase.dll+0x21bb2]
C  [KERNEL32.DLL+0x17374]
C  [ntdll.dll+0x4cc91]


---------------  P R O C E S S  ---------------

Threads class SMR info:
_java_thread_list=0x000001bd449951c0, length=48, elements={
0x000001bd21eed000, 0x000001bd427ab000, 0x000001bd427b4800, 0x000001bd427a8000,
0x000001bd427a9000, 0x000001bd427bc000, 0x000001bd427c6800, 0x000001bd427ce000,
0x000001bd427d0000, 0x000001bd4326f000, 0x000001bd43780000, 0x000001bd43762800,
0x000001bd44bf4800, 0x000001bd44713800, 0x000001bd4457f800, 0x000001bd44878800,
0x000001bd45286800, 0x000001bd44c13800, 0x000001bd45447800, 0x000001bd44db2800,
0x000001bd44db4000, 0x000001bd44db1000, 0x000001bd44db5000, 0x000001bd44db3800,
0x000001bd44db6000, 0x000001bd44db2000, 0x000001bd44db7800, 0x000001bd44db6800,
0x000001bd45361800, 0x000001bd4535f000, 0x000001bd45362000, 0x000001bd45360800,
0x000001bd4535d800, 0x000001bd45363000, 0x000001bd45364000, 0x000001bd4535e000,
0x000001bd45364800, 0x000001bd456e2000, 0x000001bd45365800, 0x000001bd45360000,
0x000001bd4536b000, 0x000001bd45367000, 0x000001bd45368800, 0x000001bd45369800,
0x000001bd4536c000, 0x000001bd45366800, 0x000001bd45368000, 0x000001bd4536a800
}

Java Threads: ( => current thread )
  0x000001bd21eed000 JavaThread "main" [_thread_blocked, id=14172, stack(0x0000001b87c00000,0x0000001b87d00000)]
  0x000001bd427ab000 JavaThread "Reference Handler" daemon [_thread_blocked, id=15720, stack(0x0000001b88300000,0x0000001b88400000)]
  0x000001bd427b4800 JavaThread "Finalizer" daemon [_thread_blocked, id=13544, stack(0x0000001b88400000,0x0000001b88500000)]
  0x000001bd427a8000 JavaThread "Signal Dispatcher" daemon [_thread_blocked, id=12940, stack(0x0000001b88600000,0x0000001b88700000)]
  0x000001bd427a9000 JavaThread "Attach Listener" daemon [_thread_blocked, id=4848, stack(0x0000001b88700000,0x0000001b88800000)]
  0x000001bd427bc000 JavaThread "Service Thread" daemon [_thread_blocked, id=6348, stack(0x0000001b88800000,0x0000001b88900000)]
=>0x000001bd427c6800 JavaThread "C2 CompilerThread0" daemon [_thread_in_native, id=2132, stack(0x0000001b88900000,0x0000001b88a00000)]
  0x000001bd427ce000 JavaThread "C1 CompilerThread0" daemon [_thread_blocked, id=14332, stack(0x0000001b88a00000,0x0000001b88b00000)]
  0x000001bd427d0000 JavaThread "Sweeper thread" daemon [_thread_blocked, id=9040, stack(0x0000001b88b00000,0x0000001b88c00000)]
  0x000001bd4326f000 JavaThread "Common-Cleaner" daemon [_thread_blocked, id=1108, stack(0x0000001b88d00000,0x0000001b88e00000)]
  0x000001bd43780000 JavaThread "surefire-forkedjvm-stream-flusher" daemon [_thread_blocked, id=16636, stack(0x0000001b88e00000,0x0000001b88f00000)]
  0x000001bd43762800 JavaThread "surefire-forkedjvm-command-thread" daemon [_thread_in_native, id=16804, stack(0x0000001b88f00000,0x0000001b89000000)]
  0x000001bd44bf4800 JavaThread "ForkJoinPool.commonPool-worker-3" daemon [_thread_blocked, id=5340, stack(0x0000001b89300000,0x0000001b89400000)]
  0x000001bd44713800 JavaThread "ForkJoinPool.commonPool-worker-5" daemon [_thread_blocked, id=14304, stack(0x0000001b89400000,0x0000001b89500000)]
  0x000001bd4457f800 JavaThread "ForkJoinPool.commonPool-worker-7" daemon [_thread_blocked, id=4000, stack(0x0000001b89500000,0x0000001b89600000)]
  0x000001bd44878800 JavaThread "TestNG-test-Surefire test-1" [_thread_in_vm, id=14564, stack(0x0000001b89600000,0x0000001b89700000)]
  0x000001bd45286800 JavaThread "TestNG-test-Surefire test-2" [_thread_in_vm, id=12900, stack(0x0000001b89700000,0x0000001b89800000)]
  0x000001bd44c13800 JavaThread "HttpClient-1-SelectorManager" daemon [_thread_in_native, id=5236, stack(0x0000001b89900000,0x0000001b89a00000)]
  0x000001bd45447800 JavaThread "HttpClient-2-SelectorManager" daemon [_thread_in_native, id=17168, stack(0x0000001b89a00000,0x0000001b89b00000)]
  0x000001bd44db2800 JavaThread "External Process Output Forwarder - C:\Users\RAYTHEON\.cache\selenium\chromedriver\win64\147.0.7727.117\chromedriver.exe" daemon [_thread_in_native, id=13400, stack(0x0000001b89b00000,0x0000001b89c00000)]
  0x000001bd44db4000 JavaThread "Driver Service Executor" daemon [_thread_blocked, id=13000, stack(0x0000001b89c00000,0x0000001b89d00000)]
  0x000001bd44db1000 JavaThread "Driver Service Executor" daemon [_thread_in_native, id=7552, stack(0x0000001b89d00000,0x0000001b89e00000)]
  0x000001bd44db5000 JavaThread "External Process Output Forwarder - C:\Users\RAYTHEON\.cache\selenium\chromedriver\win64\147.0.7727.117\chromedriver.exe" daemon [_thread_in_native, id=12584, stack(0x0000001b89e00000,0x0000001b89f00000)]
  0x000001bd44db3800 JavaThread "Driver Service Executor" daemon [_thread_blocked, id=15552, stack(0x0000001b89f00000,0x0000001b8a000000)]
  0x000001bd44db6000 JavaThread "Driver Service Executor" daemon [_thread_in_native, id=12644, stack(0x0000001b8a000000,0x0000001b8a100000)]
  0x000001bd44db2000 JavaThread "UrlChecker-2" daemon [_thread_blocked, id=15664, stack(0x0000001b8a100000,0x0000001b8a200000)]
  0x000001bd44db7800 JavaThread "UrlChecker-3" daemon [_thread_blocked, id=120, stack(0x0000001b8a200000,0x0000001b8a300000)]
  0x000001bd44db6800 JavaThread "Keep-Alive-Timer" daemon [_thread_blocked, id=1016, stack(0x0000001b89000000,0x0000001b89100000)]
  0x000001bd45361800 JavaThread "JdkHttpClient-0-0" daemon [_thread_blocked, id=15108, stack(0x0000001b8a400000,0x0000001b8a500000)]
  0x000001bd4535f000 JavaThread "JdkHttpClient-1-0" daemon [_thread_blocked, id=9992, stack(0x0000001b8a500000,0x0000001b8a600000)]
  0x000001bd45362000 JavaThread "CompletableFutureDelayScheduler" daemon [_thread_blocked, id=15224, stack(0x0000001b8a600000,0x0000001b8a700000)]
  0x000001bd45360800 JavaThread "JdkHttpClient-0-1" daemon [_thread_blocked, id=7036, stack(0x0000001b8a800000,0x0000001b8a900000)]
  0x000001bd4535d800 JavaThread "JdkHttpClient-1-1" daemon [_thread_blocked, id=14412, stack(0x0000001b8a900000,0x0000001b8aa00000)]
  0x000001bd45363000 JavaThread "JdkHttpClient-1-2" daemon [_thread_blocked, id=15944, stack(0x0000001b8aa00000,0x0000001b8ab00000)]
  0x000001bd45364000 JavaThread "JdkHttpClient-0-2" daemon [_thread_blocked, id=16088, stack(0x0000001b8ab00000,0x0000001b8ac00000)]
  0x000001bd4535e000 JavaThread "JdkHttpClient-1-3" daemon [_thread_blocked, id=8676, stack(0x0000001b8ac00000,0x0000001b8ad00000)]
  0x000001bd45364800 JavaThread "JdkHttpClient-0-3" daemon [_thread_blocked, id=360, stack(0x0000001b8ad00000,0x0000001b8ae00000)]
  0x000001bd456e2000 JavaThread "C2 CompilerThread1" daemon [_thread_in_native, id=3244, stack(0x0000001b8a700000,0x0000001b8a800000)]
  0x000001bd45365800 JavaThread "HttpClient-3-SelectorManager" daemon [_thread_in_native, id=8068, stack(0x0000001b8ae00000,0x0000001b8af00000)]
  0x000001bd45360000 JavaThread "JdkHttpClient-2-0" daemon [_thread_blocked, id=7536, stack(0x0000001b8af00000,0x0000001b8b000000)]
  0x000001bd4536b000 JavaThread "JdkHttpClient-2-1" daemon [_thread_blocked, id=17364, stack(0x0000001b8b000000,0x0000001b8b100000)]
  0x000001bd45367000 JavaThread "JdkHttpClient-2-2" daemon [_thread_blocked, id=6580, stack(0x0000001b8b100000,0x0000001b8b200000)]
  0x000001bd45368800 JavaThread "JdkHttpClient-2-3" daemon [_thread_blocked, id=2352, stack(0x0000001b8b200000,0x0000001b8b300000)]
  0x000001bd45369800 JavaThread "HttpClient-4-SelectorManager" daemon [_thread_in_native, id=17196, stack(0x0000001b8b300000,0x0000001b8b400000)]
  0x000001bd4536c000 JavaThread "JdkHttpClient-3-0" daemon [_thread_blocked, id=3752, stack(0x0000001b8b400000,0x0000001b8b500000)]
  0x000001bd45366800 JavaThread "JdkHttpClient-3-1" daemon [_thread_blocked, id=2420, stack(0x0000001b8b500000,0x0000001b8b600000)]
  0x000001bd45368000 JavaThread "JdkHttpClient-3-2" daemon [_thread_blocked, id=14568, stack(0x0000001b8b600000,0x0000001b8b700000)]
  0x000001bd4536a800 JavaThread "JdkHttpClient-3-3" daemon [_thread_blocked, id=9664, stack(0x0000001b8b700000,0x0000001b8b800000)]

Other Threads:
  0x000001bd42776800 VMThread "VM Thread" [stack: 0x0000001b88200000,0x0000001b88300000] [id=15808]
  0x000001bd4326a000 WatcherThread [stack: 0x0000001b88c00000,0x0000001b88d00000] [id=16856]
  0x000001bd23fbc000 GCTaskThread "GC Thread#0" [stack: 0x0000001b87d00000,0x0000001b87e00000] [id=9184]
  0x000001bd4395b800 GCTaskThread "GC Thread#1" [stack: 0x0000001b89100000,0x0000001b89200000] [id=5972]
  0x000001bd439fb000 GCTaskThread "GC Thread#2" [stack: 0x0000001b89200000,0x0000001b89300000] [id=6020]
  0x000001bd45266000 GCTaskThread "GC Thread#3" [stack: 0x0000001b89800000,0x0000001b89900000] [id=8988]
  0x000001bd23feb000 ConcurrentGCThread "G1 Main Marker" [stack: 0x0000001b87e00000,0x0000001b87f00000] [id=14060]
  0x000001bd23fee800 ConcurrentGCThread "G1 Conc#0" [stack: 0x0000001b87f00000,0x0000001b88000000] [id=15060]
  0x000001bd2407e000 ConcurrentGCThread "G1 Refine#0" [stack: 0x0000001b88000000,0x0000001b88100000] [id=7212]
  0x000001bd425e4800 ConcurrentGCThread "G1 Young RemSet Sampling" [stack: 0x0000001b88100000,0x0000001b88200000] [id=4708]

Threads with active compile tasks:
C2 CompilerThread0     5972 2710   !   4       java.net.URL::set (114 bytes)
C2 CompilerThread1     5972 2711       4       java.net.URLStreamHandler::setURL (73 bytes)

VM state:not at safepoint (normal execution)

VM Mutex/Monitor currently owned by a thread:  ([mutex/lock_event])
[0x000001bd23fa37d0] SystemDictionary_lock - owner thread: 0x0000000000000000

Heap address: 0x0000000081a00000, size: 2022 MB, Compressed Oops mode: 32-bit
Narrow klass base: 0x0000000000000000, Narrow klass shift: 3
Compressed class space size: 1073741824 Address: 0x0000000100000000

Heap:
 garbage-first heap   total 131072K, used 27173K [0x0000000081a00000, 0x0000000100000000)
  region size 1024K, 16 young (16384K), 5 survivors (5120K)
 Metaspace       used 28491K, capacity 30117K, committed 30336K, reserved 1079296K
  class space    used 3289K, capacity 3938K, committed 3968K, reserved 1048576K
Heap Regions: E=young(eden), S=young(survivor), O=old, HS=humongous(starts), HC=humongous(continues), CS=collection set, F=free, A=archive, TAMS=top-at-mark-start (previous, next)
|   0|0x0000000081a00000, 0x0000000081b00000, 0x0000000081b00000|100%|HS|  |TAMS 0x0000000081b00000, 0x0000000081a00000| Complete 
|   1|0x0000000081b00000, 0x0000000081c00000, 0x0000000081c00000|100%| O|  |TAMS 0x0000000081c00000, 0x0000000081b00000| Untracked 
|   2|0x0000000081c00000, 0x0000000081d00000, 0x0000000081d00000|100%| O|  |TAMS 0x0000000081d00000, 0x0000000081c00000| Untracked 
|   3|0x0000000081d00000, 0x0000000081e00000, 0x0000000081e00000|100%| O|  |TAMS 0x0000000081e00000, 0x0000000081d00000| Untracked 
|   4|0x0000000081e00000, 0x0000000081f00000, 0x0000000081f00000|100%| O|  |TAMS 0x0000000081f00000, 0x0000000081e00000| Untracked 
|   5|0x0000000081f00000, 0x0000000082000000, 0x0000000082000000|100%| O|  |TAMS 0x0000000082000000, 0x0000000081f00000| Untracked 
|   6|0x0000000082000000, 0x0000000082100000, 0x0000000082100000|100%| O|  |TAMS 0x0000000082100000, 0x0000000082000000| Untracked 
|   7|0x0000000082100000, 0x0000000082200000, 0x0000000082200000|100%| O|  |TAMS 0x0000000082200000, 0x0000000082100000| Untracked 
|   8|0x0000000082200000, 0x0000000082300000, 0x0000000082300000|100%| O|  |TAMS 0x0000000082300000, 0x0000000082200000| Untracked 
|   9|0x0000000082300000, 0x0000000082400000, 0x0000000082400000|100%| O|  |TAMS 0x00000000823cc600, 0x0000000082300000| Untracked 
|  10|0x0000000082400000, 0x0000000082500000, 0x0000000082500000|100%| O|  |TAMS 0x0000000082400000, 0x0000000082400000| Untracked 
|  11|0x0000000082500000, 0x0000000082589600, 0x0000000082600000| 53%| O|  |TAMS 0x0000000082500000, 0x0000000082500000| Untracked 
|  12|0x0000000082600000, 0x0000000082600000, 0x0000000082700000|  0%| F|  |TAMS 0x0000000082600000, 0x0000000082600000| Untracked 
|  13|0x0000000082700000, 0x0000000082700000, 0x0000000082800000|  0%| F|  |TAMS 0x0000000082700000, 0x0000000082700000| Untracked 
|  14|0x0000000082800000, 0x0000000082800000, 0x0000000082900000|  0%| F|  |TAMS 0x0000000082800000, 0x0000000082800000| Untracked 
|  15|0x0000000082900000, 0x0000000082900000, 0x0000000082a00000|  0%| F|  |TAMS 0x0000000082900000, 0x0000000082900000| Untracked 
|  16|0x0000000082a00000, 0x0000000082a00000, 0x0000000082b00000|  0%| F|  |TAMS 0x0000000082a00000, 0x0000000082a00000| Untracked 
|  17|0x0000000082b00000, 0x0000000082b00000, 0x0000000082c00000|  0%| F|  |TAMS 0x0000000082b00000, 0x0000000082b00000| Untracked 
|  18|0x0000000082c00000, 0x0000000082c00000, 0x0000000082d00000|  0%| F|  |TAMS 0x0000000082c00000, 0x0000000082c00000| Untracked 
|  19|0x0000000082d00000, 0x0000000082d00000, 0x0000000082e00000|  0%| F|  |TAMS 0x0000000082d00000, 0x0000000082d00000| Untracked 
|  20|0x0000000082e00000, 0x0000000082e00000, 0x0000000082f00000|  0%| F|  |TAMS 0x0000000082e00000, 0x0000000082e00000| Untracked 
|  21|0x0000000082f00000, 0x0000000082f00000, 0x0000000083000000|  0%| F|  |TAMS 0x0000000082f00000, 0x0000000082f00000| Untracked 
|  22|0x0000000083000000, 0x0000000083000000, 0x0000000083100000|  0%| F|  |TAMS 0x0000000083000000, 0x0000000083000000| Untracked 
|  23|0x0000000083100000, 0x0000000083100000, 0x0000000083200000|  0%| F|  |TAMS 0x0000000083100000, 0x0000000083100000| Untracked 
|  24|0x0000000083200000, 0x0000000083200000, 0x0000000083300000|  0%| F|  |TAMS 0x0000000083200000, 0x0000000083200000| Untracked 
|  25|0x0000000083300000, 0x0000000083300000, 0x0000000083400000|  0%| F|  |TAMS 0x0000000083300000, 0x0000000083300000| Untracked 
|  26|0x0000000083400000, 0x0000000083400000, 0x0000000083500000|  0%| F|  |TAMS 0x0000000083400000, 0x0000000083400000| Untracked 
|  27|0x0000000083500000, 0x0000000083500000, 0x0000000083600000|  0%| F|  |TAMS 0x0000000083500000, 0x0000000083500000| Untracked 
|  28|0x0000000083600000, 0x0000000083600000, 0x0000000083700000|  0%| F|  |TAMS 0x0000000083600000, 0x0000000083600000| Untracked 
|  29|0x0000000083700000, 0x0000000083700000, 0x0000000083800000|  0%| F|  |TAMS 0x0000000083700000, 0x0000000083700000| Untracked 
|  30|0x0000000083800000, 0x0000000083800000, 0x0000000083900000|  0%| F|  |TAMS 0x0000000083800000, 0x0000000083800000| Untracked 
|  31|0x0000000083900000, 0x0000000083900000, 0x0000000083a00000|  0%| F|  |TAMS 0x0000000083900000, 0x0000000083900000| Untracked 
|  32|0x0000000083a00000, 0x0000000083a00000, 0x0000000083b00000|  0%| F|  |TAMS 0x0000000083a00000, 0x0000000083a00000| Untracked 
|  33|0x0000000083b00000, 0x0000000083b00000, 0x0000000083c00000|  0%| F|  |TAMS 0x0000000083b00000, 0x0000000083b00000| Untracked 
|  34|0x0000000083c00000, 0x0000000083c00000, 0x0000000083d00000|  0%| F|  |TAMS 0x0000000083c00000, 0x0000000083c00000| Untracked 
|  35|0x0000000083d00000, 0x0000000083d00000, 0x0000000083e00000|  0%| F|  |TAMS 0x0000000083d00000, 0x0000000083d00000| Untracked 
|  36|0x0000000083e00000, 0x0000000083e00000, 0x0000000083f00000|  0%| F|  |TAMS 0x0000000083e00000, 0x0000000083e00000| Untracked 
|  37|0x0000000083f00000, 0x0000000083f00000, 0x0000000084000000|  0%| F|  |TAMS 0x0000000083f00000, 0x0000000083f00000| Untracked 
|  38|0x0000000084000000, 0x0000000084000000, 0x0000000084100000|  0%| F|  |TAMS 0x0000000084000000, 0x0000000084000000| Untracked 
|  39|0x0000000084100000, 0x0000000084100000, 0x0000000084200000|  0%| F|  |TAMS 0x0000000084100000, 0x0000000084100000| Untracked 
|  40|0x0000000084200000, 0x0000000084200000, 0x0000000084300000|  0%| F|  |TAMS 0x0000000084200000, 0x0000000084200000| Untracked 
|  41|0x0000000084300000, 0x0000000084300000, 0x0000000084400000|  0%| F|  |TAMS 0x0000000084300000, 0x0000000084300000| Untracked 
|  42|0x0000000084400000, 0x0000000084400000, 0x0000000084500000|  0%| F|  |TAMS 0x0000000084400000, 0x0000000084400000| Untracked 
|  43|0x0000000084500000, 0x0000000084500000, 0x0000000084600000|  0%| F|  |TAMS 0x0000000084500000, 0x0000000084500000| Untracked 
|  44|0x0000000084600000, 0x0000000084600000, 0x0000000084700000|  0%| F|  |TAMS 0x0000000084600000, 0x0000000084600000| Untracked 
|  45|0x0000000084700000, 0x0000000084700000, 0x0000000084800000|  0%| F|  |TAMS 0x0000000084700000, 0x0000000084700000| Untracked 
|  46|0x0000000084800000, 0x0000000084800000, 0x0000000084900000|  0%| F|  |TAMS 0x0000000084800000, 0x0000000084800000| Untracked 
|  47|0x0000000084900000, 0x0000000084900000, 0x0000000084a00000|  0%| F|  |TAMS 0x0000000084900000, 0x0000000084900000| Untracked 
|  48|0x0000000084a00000, 0x0000000084a00000, 0x0000000084b00000|  0%| F|  |TAMS 0x0000000084a00000, 0x0000000084a00000| Untracked 
|  49|0x0000000084b00000, 0x0000000084b00000, 0x0000000084c00000|  0%| F|  |TAMS 0x0000000084b00000, 0x0000000084b00000| Untracked 
|  50|0x0000000084c00000, 0x0000000084c00000, 0x0000000084d00000|  0%| F|  |TAMS 0x0000000084c00000, 0x0000000084c00000| Untracked 
|  51|0x0000000084d00000, 0x0000000084d00000, 0x0000000084e00000|  0%| F|  |TAMS 0x0000000084d00000, 0x0000000084d00000| Untracked 
|  52|0x0000000084e00000, 0x0000000084e00000, 0x0000000084f00000|  0%| F|  |TAMS 0x0000000084e00000, 0x0000000084e00000| Untracked 
|  53|0x0000000084f00000, 0x0000000084f00000, 0x0000000085000000|  0%| F|  |TAMS 0x0000000084f00000, 0x0000000084f00000| Untracked 
|  54|0x0000000085000000, 0x0000000085000000, 0x0000000085100000|  0%| F|  |TAMS 0x0000000085000000, 0x0000000085000000| Untracked 
|  55|0x0000000085100000, 0x0000000085100000, 0x0000000085200000|  0%| F|  |TAMS 0x0000000085100000, 0x0000000085100000| Untracked 
|  56|0x0000000085200000, 0x0000000085200000, 0x0000000085300000|  0%| F|  |TAMS 0x0000000085200000, 0x0000000085200000| Untracked 
|  57|0x0000000085300000, 0x0000000085300000, 0x0000000085400000|  0%| F|  |TAMS 0x0000000085300000, 0x0000000085300000| Untracked 
|  58|0x0000000085400000, 0x0000000085400000, 0x0000000085500000|  0%| F|  |TAMS 0x0000000085400000, 0x0000000085400000| Untracked 
|  59|0x0000000085500000, 0x0000000085500000, 0x0000000085600000|  0%| F|  |TAMS 0x0000000085500000, 0x0000000085500000| Untracked 
|  60|0x0000000085600000, 0x0000000085600000, 0x0000000085700000|  0%| F|  |TAMS 0x0000000085600000, 0x0000000085600000| Untracked 
|  61|0x0000000085700000, 0x0000000085700000, 0x0000000085800000|  0%| F|  |TAMS 0x0000000085700000, 0x0000000085700000| Untracked 
|  62|0x0000000085800000, 0x0000000085800000, 0x0000000085900000|  0%| F|  |TAMS 0x0000000085800000, 0x0000000085800000| Untracked 
|  63|0x0000000085900000, 0x0000000085900000, 0x0000000085a00000|  0%| F|  |TAMS 0x0000000085900000, 0x0000000085900000| Untracked 
|  64|0x0000000085a00000, 0x0000000085a00000, 0x0000000085b00000|  0%| F|  |TAMS 0x0000000085a00000, 0x0000000085a00000| Untracked 
|  65|0x0000000085b00000, 0x0000000085b00000, 0x0000000085c00000|  0%| F|  |TAMS 0x0000000085b00000, 0x0000000085b00000| Untracked 
|  66|0x0000000085c00000, 0x0000000085c00000, 0x0000000085d00000|  0%| F|  |TAMS 0x0000000085c00000, 0x0000000085c00000| Untracked 
|  67|0x0000000085d00000, 0x0000000085d00000, 0x0000000085e00000|  0%| F|  |TAMS 0x0000000085d00000, 0x0000000085d00000| Untracked 
|  68|0x0000000085e00000, 0x0000000085e00000, 0x0000000085f00000|  0%| F|  |TAMS 0x0000000085e00000, 0x0000000085e00000| Untracked 
|  69|0x0000000085f00000, 0x0000000085f00000, 0x0000000086000000|  0%| F|  |TAMS 0x0000000085f00000, 0x0000000085f00000| Untracked 
|  70|0x0000000086000000, 0x0000000086000000, 0x0000000086100000|  0%| F|  |TAMS 0x0000000086000000, 0x0000000086000000| Untracked 
|  71|0x0000000086100000, 0x0000000086100000, 0x0000000086200000|  0%| F|  |TAMS 0x0000000086100000, 0x0000000086100000| Untracked 
|  72|0x0000000086200000, 0x0000000086200000, 0x0000000086300000|  0%| F|  |TAMS 0x0000000086200000, 0x0000000086200000| Untracked 
|  73|0x0000000086300000, 0x0000000086300000, 0x0000000086400000|  0%| F|  |TAMS 0x0000000086300000, 0x0000000086300000| Untracked 
|  74|0x0000000086400000, 0x0000000086400000, 0x0000000086500000|  0%| F|  |TAMS 0x0000000086400000, 0x0000000086400000| Untracked 
|  75|0x0000000086500000, 0x0000000086500000, 0x0000000086600000|  0%| F|  |TAMS 0x0000000086500000, 0x0000000086500000| Untracked 
|  76|0x0000000086600000, 0x0000000086600000, 0x0000000086700000|  0%| F|  |TAMS 0x0000000086600000, 0x0000000086600000| Untracked 
|  77|0x0000000086700000, 0x0000000086700000, 0x0000000086800000|  0%| F|  |TAMS 0x0000000086700000, 0x0000000086700000| Untracked 
|  78|0x0000000086800000, 0x0000000086800000, 0x0000000086900000|  0%| F|  |TAMS 0x0000000086800000, 0x0000000086800000| Untracked 
|  79|0x0000000086900000, 0x0000000086900000, 0x0000000086a00000|  0%| F|  |TAMS 0x0000000086900000, 0x0000000086900000| Untracked 
|  80|0x0000000086a00000, 0x0000000086a00000, 0x0000000086b00000|  0%| F|  |TAMS 0x0000000086a00000, 0x0000000086a00000| Untracked 
|  81|0x0000000086b00000, 0x0000000086b00000, 0x0000000086c00000|  0%| F|  |TAMS 0x0000000086b00000, 0x0000000086b00000| Untracked 
|  82|0x0000000086c00000, 0x0000000086c00000, 0x0000000086d00000|  0%| F|  |TAMS 0x0000000086c00000, 0x0000000086c00000| Untracked 
|  83|0x0000000086d00000, 0x0000000086d00000, 0x0000000086e00000|  0%| F|  |TAMS 0x0000000086d00000, 0x0000000086d00000| Untracked 
|  84|0x0000000086e00000, 0x0000000086f00000, 0x0000000086f00000|100%| S|CS|TAMS 0x0000000086e00000, 0x0000000086e00000| Complete 
|  85|0x0000000086f00000, 0x0000000087000000, 0x0000000087000000|100%| S|CS|TAMS 0x0000000086f00000, 0x0000000086f00000| Complete 
|  86|0x0000000087000000, 0x0000000087100000, 0x0000000087100000|100%| S|CS|TAMS 0x0000000087000000, 0x0000000087000000| Complete 
|  87|0x0000000087100000, 0x0000000087200000, 0x0000000087200000|100%| S|CS|TAMS 0x0000000087100000, 0x0000000087100000| Complete 
|  88|0x0000000087200000, 0x0000000087300000, 0x0000000087300000|100%| S|CS|TAMS 0x0000000087200000, 0x0000000087200000| Complete 
|  89|0x0000000087300000, 0x0000000087300000, 0x0000000087400000|  0%| F|  |TAMS 0x0000000087300000, 0x0000000087300000| Untracked 
|  90|0x0000000087400000, 0x0000000087400000, 0x0000000087500000|  0%| F|  |TAMS 0x0000000087400000, 0x0000000087400000| Untracked 
|  91|0x0000000087500000, 0x0000000087500000, 0x0000000087600000|  0%| F|  |TAMS 0x0000000087500000, 0x0000000087500000| Untracked 
|  92|0x0000000087600000, 0x0000000087600000, 0x0000000087700000|  0%| F|  |TAMS 0x0000000087600000, 0x0000000087600000| Untracked 
|  93|0x0000000087700000, 0x0000000087700000, 0x0000000087800000|  0%| F|  |TAMS 0x0000000087700000, 0x0000000087700000| Untracked 
|  94|0x0000000087800000, 0x0000000087800000, 0x0000000087900000|  0%| F|  |TAMS 0x0000000087800000, 0x0000000087800000| Untracked 
|  95|0x0000000087900000, 0x0000000087900000, 0x0000000087a00000|  0%| F|  |TAMS 0x0000000087900000, 0x0000000087900000| Untracked 
|  96|0x0000000087a00000, 0x0000000087a00000, 0x0000000087b00000|  0%| F|  |TAMS 0x0000000087a00000, 0x0000000087a00000| Untracked 
|  97|0x0000000087b00000, 0x0000000087b00000, 0x0000000087c00000|  0%| F|  |TAMS 0x0000000087b00000, 0x0000000087b00000| Untracked 
|  98|0x0000000087c00000, 0x0000000087c00000, 0x0000000087d00000|  0%| F|  |TAMS 0x0000000087c00000, 0x0000000087c00000| Untracked 
|  99|0x0000000087d00000, 0x0000000087d00000, 0x0000000087e00000|  0%| F|  |TAMS 0x0000000087d00000, 0x0000000087d00000| Untracked 
| 100|0x0000000087e00000, 0x0000000087e00000, 0x0000000087f00000|  0%| F|  |TAMS 0x0000000087e00000, 0x0000000087e00000| Untracked 
| 101|0x0000000087f00000, 0x0000000087f00000, 0x0000000088000000|  0%| F|  |TAMS 0x0000000087f00000, 0x0000000087f00000| Untracked 
| 102|0x0000000088000000, 0x0000000088000000, 0x0000000088100000|  0%| F|  |TAMS 0x0000000088000000, 0x0000000088000000| Untracked 
| 103|0x0000000088100000, 0x0000000088100000, 0x0000000088200000|  0%| F|  |TAMS 0x0000000088100000, 0x0000000088100000| Untracked 
| 104|0x0000000088200000, 0x0000000088200000, 0x0000000088300000|  0%| F|  |TAMS 0x0000000088200000, 0x0000000088200000| Untracked 
| 105|0x0000000088300000, 0x0000000088300000, 0x0000000088400000|  0%| F|  |TAMS 0x0000000088300000, 0x0000000088300000| Untracked 
| 106|0x0000000088400000, 0x0000000088400000, 0x0000000088500000|  0%| F|  |TAMS 0x0000000088400000, 0x0000000088400000| Untracked 
| 107|0x0000000088500000, 0x0000000088500000, 0x0000000088600000|  0%| F|  |TAMS 0x0000000088500000, 0x0000000088500000| Untracked 
| 108|0x0000000088600000, 0x0000000088600000, 0x0000000088700000|  0%| F|  |TAMS 0x0000000088600000, 0x0000000088600000| Untracked 
| 109|0x0000000088700000, 0x0000000088700000, 0x0000000088800000|  0%| F|  |TAMS 0x0000000088700000, 0x0000000088700000| Untracked 
| 110|0x0000000088800000, 0x0000000088800000, 0x0000000088900000|  0%| F|  |TAMS 0x0000000088800000, 0x0000000088800000| Untracked 
| 111|0x0000000088900000, 0x0000000088900000, 0x0000000088a00000|  0%| F|  |TAMS 0x0000000088900000, 0x0000000088900000| Untracked 
| 112|0x0000000088a00000, 0x0000000088a00000, 0x0000000088b00000|  0%| F|  |TAMS 0x0000000088a00000, 0x0000000088a00000| Untracked 
| 113|0x0000000088b00000, 0x0000000088b00000, 0x0000000088c00000|  0%| F|  |TAMS 0x0000000088b00000, 0x0000000088b00000| Untracked 
| 114|0x0000000088c00000, 0x0000000088c00000, 0x0000000088d00000|  0%| F|  |TAMS 0x0000000088c00000, 0x0000000088c00000| Untracked 
| 115|0x0000000088d00000, 0x0000000088d00000, 0x0000000088e00000|  0%| F|  |TAMS 0x0000000088d00000, 0x0000000088d00000| Untracked 
| 116|0x0000000088e00000, 0x0000000088ea6a88, 0x0000000088f00000| 65%| E|  |TAMS 0x0000000088e00000, 0x0000000088e00000| Complete 
| 117|0x0000000088f00000, 0x0000000089000000, 0x0000000089000000|100%| E|CS|TAMS 0x0000000088f00000, 0x0000000088f00000| Complete 
| 118|0x0000000089000000, 0x0000000089100000, 0x0000000089100000|100%| E|CS|TAMS 0x0000000089000000, 0x0000000089000000| Complete 
| 119|0x0000000089100000, 0x0000000089200000, 0x0000000089200000|100%| E|CS|TAMS 0x0000000089100000, 0x0000000089100000| Complete 
| 120|0x0000000089200000, 0x0000000089300000, 0x0000000089300000|100%| E|CS|TAMS 0x0000000089200000, 0x0000000089200000| Complete 
| 121|0x0000000089300000, 0x0000000089400000, 0x0000000089400000|100%| E|CS|TAMS 0x0000000089300000, 0x0000000089300000| Complete 
| 122|0x0000000089400000, 0x0000000089500000, 0x0000000089500000|100%| E|CS|TAMS 0x0000000089400000, 0x0000000089400000| Complete 
| 123|0x0000000089500000, 0x0000000089600000, 0x0000000089600000|100%| E|CS|TAMS 0x0000000089500000, 0x0000000089500000| Complete 
| 124|0x0000000089600000, 0x0000000089700000, 0x0000000089700000|100%| E|CS|TAMS 0x0000000089600000, 0x0000000089600000| Complete 
| 125|0x0000000089700000, 0x0000000089800000, 0x0000000089800000|100%| E|CS|TAMS 0x0000000089700000, 0x0000000089700000| Complete 
| 126|0x0000000089800000, 0x0000000089900000, 0x0000000089900000|100%| E|CS|TAMS 0x0000000089800000, 0x0000000089800000| Complete 
| 127|0x0000000089900000, 0x0000000089a00000, 0x0000000089a00000|100%| E|CS|TAMS 0x0000000089900000, 0x0000000089900000| Complete 

Card table byte_map: [0x000001bd3bb70000,0x000001bd3bf70000] _byte_map_base: 0x000001bd3b763000

Marking Bits (Prev, Next): (CMBitMap*) 0x000001bd23fe2890, (CMBitMap*) 0x000001bd23fe2858
 Prev Bits: [0x000001bd3e310000, 0x000001bd402a8000)
 Next Bits: [0x000001bd3c370000, 0x000001bd3e308000)

Polling page: 0x000001bd23780000

Metaspace:

Usage:
  Non-class:     25.57 MB capacity,    24.65 MB ( 96%) used,   763.34 KB (  3%) free+waste,   176.50 KB ( <1%) overhead. 
      Class:      3.85 MB capacity,     3.22 MB ( 84%) used,   552.48 KB ( 14%) free+waste,    89.69 KB (  2%) overhead. 
       Both:     29.41 MB capacity,    27.87 MB ( 95%) used,     1.28 MB (  4%) free+waste,   266.19 KB ( <1%) overhead. 

Virtual space:
  Non-class space:       30.00 MB reserved,      25.75 MB ( 86%) committed 
      Class space:        1.00 GB reserved,       3.88 MB ( <1%) committed 
             Both:        1.03 GB reserved,      29.62 MB (  3%) committed 

Chunk freelists:
   Non-Class:  61.00 KB
       Class:  0 bytes
        Both:  61.00 KB

MaxMetaspaceSize: 17179869184.00 GB
CompressedClassSpaceSize: 1.00 GB
Initial GC threshold: 20.80 MB
Current GC threshold: 35.00 MB
CDS: off

CodeHeap 'non-profiled nmethods': size=120064Kb used=1307Kb max_used=1307Kb free=118756Kb
 bounds [0x000001bd34230000, 0x000001bd344a0000, 0x000001bd3b770000]
CodeHeap 'profiled nmethods': size=120000Kb used=5495Kb max_used=5495Kb free=114504Kb
 bounds [0x000001bd2cd00000, 0x000001bd2d260000, 0x000001bd34230000]
CodeHeap 'non-nmethods': size=5696Kb used=1252Kb max_used=1282Kb free=4443Kb
 bounds [0x000001bd2c770000, 0x000001bd2c9e0000, 0x000001bd2cd00000]
 total_blobs=3240 nmethods=2705 adapters=447
 compilation: enabled
              stopped_count=0, restarted_count=0
 full_count=0

Compilation events (20 events):
Event: 5.932 Thread 0x000001bd456e2000 2704       4       java.util.regex.Matcher::reset (128 bytes)
Event: 5.932 Thread 0x000001bd427ce000 nmethod 2705 0x000001bd2d252590 code [0x000001bd2d252940, 0x000001bd2d2543b8]
Event: 5.932 Thread 0x000001bd427ce000 2707       3       java.util.regex.Pattern::expr (142 bytes)
Event: 5.933 Thread 0x000001bd427c6800 nmethod 2698 0x000001bd34375610 code [0x000001bd343757c0, 0x000001bd343759b8]
Event: 5.933 Thread 0x000001bd427c6800 2710   !   4       java.net.URL::set (114 bytes)
Event: 5.934 Thread 0x000001bd427ce000 nmethod 2707 0x000001bd2d254c10 code [0x000001bd2d254ea0, 0x000001bd2d255b28]
Event: 5.934 Thread 0x000001bd427ce000 2708       1       com.github.javafaker.service.files.EnFile::getFile (5 bytes)
Event: 5.934 Thread 0x000001bd427ce000 nmethod 2708 0x000001bd34375c90 code [0x000001bd34375e40, 0x000001bd34375ef8]
Event: 5.934 Thread 0x000001bd427ce000 2709       1       com.github.javafaker.service.files.EnFile::getPath (5 bytes)
Event: 5.934 Thread 0x000001bd427ce000 nmethod 2709 0x000001bd34375f90 code [0x000001bd34376140, 0x000001bd343761f8]
Event: 5.934 Thread 0x000001bd427ce000 2706       3       java.util.regex.Pattern$CharProperty::<init> (10 bytes)
Event: 5.934 Thread 0x000001bd427ce000 nmethod 2706 0x000001bd2d256010 code [0x000001bd2d2561e0, 0x000001bd2d256458]
Event: 5.934 Thread 0x000001bd427ce000 2712       3       java.lang.reflect.ProxyGenerator::code_aload (11 bytes)
Event: 5.935 Thread 0x000001bd427ce000 nmethod 2712 0x000001bd2d256510 code [0x000001bd2d2566c0, 0x000001bd2d256808]
Event: 5.935 Thread 0x000001bd427ce000 2713       3       java.lang.reflect.ProxyGenerator$ExceptionTableEntry::<init> (26 bytes)
Event: 5.935 Thread 0x000001bd427ce000 nmethod 2713 0x000001bd2d256890 code [0x000001bd2d256a40, 0x000001bd2d256bb8]
Event: 5.935 Thread 0x000001bd427ce000 2715       3       java.lang.reflect.ProxyGenerator::codeLocalLoadStore (90 bytes)
Event: 5.936 Thread 0x000001bd427ce000 nmethod 2715 0x000001bd2d256c90 code [0x000001bd2d256f40, 0x000001bd2d257d28]
Event: 5.936 Thread 0x000001bd427ce000 2716       3       java.lang.PublicMethods$MethodList::<init> (10 bytes)
Event: 5.937 Thread 0x000001bd427ce000 nmethod 2716 0x000001bd2d258190 code [0x000001bd2d258340, 0x000001bd2d2584f8]

GC Heap History (10 events):
Event: 0.822 GC heap before
{Heap before GC invocations=0 (full 0):
 garbage-first heap   total 131072K, used 14336K [0x0000000081a00000, 0x0000000100000000)
  region size 1024K, 14 young (14336K), 0 survivors (0K)
 Metaspace       used 9172K, capacity 9297K, committed 9344K, reserved 1058816K
  class space    used 838K, capacity 890K, committed 896K, reserved 1048576K
}
Event: 0.828 GC heap after
{Heap after GC invocations=1 (full 0):
 garbage-first heap   total 131072K, used 5929K [0x0000000081a00000, 0x0000000100000000)
  region size 1024K, 2 young (2048K), 2 survivors (2048K)
 Metaspace       used 9172K, capacity 9297K, committed 9344K, reserved 1058816K
  class space    used 838K, capacity 890K, committed 896K, reserved 1048576K
}
Event: 1.603 GC heap before
{Heap before GC invocations=1 (full 0):
 garbage-first heap   total 131072K, used 18217K [0x0000000081a00000, 0x0000000100000000)
  region size 1024K, 14 young (14336K), 2 survivors (2048K)
 Metaspace       used 12843K, capacity 13248K, committed 13568K, reserved 1060864K
  class space    used 1282K, capacity 1454K, committed 1536K, reserved 1048576K
}
Event: 1.609 GC heap after
{Heap after GC invocations=2 (full 0):
 garbage-first heap   total 131072K, used 6967K [0x0000000081a00000, 0x0000000100000000)
  region size 1024K, 1 young (1024K), 1 survivors (1024K)
 Metaspace       used 12843K, capacity 13248K, committed 13568K, reserved 1060864K
  class space    used 1282K, capacity 1454K, committed 1536K, reserved 1048576K
}
Event: 2.459 GC heap before
{Heap before GC invocations=2 (full 0):
 garbage-first heap   total 131072K, used 36663K [0x0000000081a00000, 0x0000000100000000)
  region size 1024K, 31 young (31744K), 1 survivors (1024K)
 Metaspace       used 19038K, capacity 19786K, committed 20096K, reserved 1067008K
  class space    used 2009K, capacity 2323K, committed 2432K, reserved 1048576K
}
Event: 2.466 GC heap after
{Heap after GC invocations=3 (full 0):
 garbage-first heap   total 131072K, used 10151K [0x0000000081a00000, 0x0000000100000000)
  region size 1024K, 4 young (4096K), 4 survivors (4096K)
 Metaspace       used 19038K, capacity 19786K, committed 20096K, reserved 1067008K
  class space    used 2009K, capacity 2323K, committed 2432K, reserved 1048576K
}
Event: 2.659 GC heap before
{Heap before GC invocations=3 (full 0):
 garbage-first heap   total 131072K, used 16295K [0x0000000081a00000, 0x0000000100000000)
  region size 1024K, 11 young (11264K), 4 survivors (4096K)
 Metaspace       used 20293K, capacity 21119K, committed 21248K, reserved 1069056K
  class space    used 2110K, capacity 2469K, committed 2560K, reserved 1048576K
}
Event: 2.673 GC heap after
{Heap after GC invocations=4 (full 0):
 garbage-first heap   total 131072K, used 12050K [0x0000000081a00000, 0x0000000100000000)
  region size 1024K, 2 young (2048K), 2 survivors (2048K)
 Metaspace       used 20293K, capacity 21119K, committed 21248K, reserved 1069056K
  class space    used 2110K, capacity 2469K, committed 2560K, reserved 1048576K
}
Event: 5.191 GC heap before
{Heap before GC invocations=5 (full 0):
 garbage-first heap   total 131072K, used 48914K [0x0000000081a00000, 0x0000000100000000)
  region size 1024K, 39 young (39936K), 2 survivors (2048K)
 Metaspace       used 26757K, capacity 28176K, committed 28288K, reserved 1073152K
  class space    used 3036K, capacity 3632K, committed 3712K, reserved 1048576K
}
Event: 5.203 GC heap after
{Heap after GC invocations=6 (full 0):
 garbage-first heap   total 131072K, used 16933K [0x0000000081a00000, 0x0000000100000000)
  region size 1024K, 5 young (5120K), 5 survivors (5120K)
 Metaspace       used 26757K, capacity 28176K, committed 28288K, reserved 1073152K
  class space    used 3036K, capacity 3632K, committed 3712K, reserved 1048576K
}

Deoptimization events (20 events):
Event: 3.453 Thread 0x000001bd44878800 DEOPT PACKING pc=0x000001bd342922a4 sp=0x0000001b896fb3e0
Event: 3.453 Thread 0x000001bd44878800 DEOPT UNPACKING pc=0x000001bd2c7ba1af sp=0x0000001b896fb360 mode 2
Event: 3.453 Thread 0x000001bd44878800 Uncommon trap: trap_request=0xffffff4d fr.pc=0x000001bd342ac09c relative=0x000000000000067c
Event: 3.453 Thread 0x000001bd44878800 Uncommon trap: reason=unstable_if action=reinterpret pc=0x000001bd342ac09c method=jdk.internal.org.objectweb.asm.Frame.push(Ljdk/internal/org/objectweb/asm/ClassWriter;Ljava/lang/String;)V @ 24 c2
Event: 3.453 Thread 0x000001bd44878800 DEOPT PACKING pc=0x000001bd342ac09c sp=0x0000001b896fb2d0
Event: 3.453 Thread 0x000001bd44878800 DEOPT UNPACKING pc=0x000001bd2c7ba1af sp=0x0000001b896fb1f0 mode 2
Event: 3.519 Thread 0x000001bd44878800 Uncommon trap: trap_request=0xffffff4d fr.pc=0x000001bd342e1e00 relative=0x0000000000000360
Event: 3.519 Thread 0x000001bd45286800 Uncommon trap: trap_request=0xffffff4d fr.pc=0x000001bd342e1e00 relative=0x0000000000000360
Event: 3.519 Thread 0x000001bd44878800 Uncommon trap: reason=unstable_if action=reinterpret pc=0x000001bd342e1e00 method=java.io.ByteArrayInputStream.read([BII)I @ 35 c2
Event: 3.519 Thread 0x000001bd45286800 Uncommon trap: reason=unstable_if action=reinterpret pc=0x000001bd342e1e00 method=java.io.ByteArrayInputStream.read([BII)I @ 35 c2
Event: 3.519 Thread 0x000001bd44878800 DEOPT PACKING pc=0x000001bd342e1e00 sp=0x0000001b896fcfd0
Event: 3.519 Thread 0x000001bd45286800 DEOPT PACKING pc=0x000001bd342e1e00 sp=0x0000001b897fd4f0
Event: 3.519 Thread 0x000001bd45286800 DEOPT UNPACKING pc=0x000001bd2c7ba1af sp=0x0000001b897fd4b0 mode 2
Event: 3.519 Thread 0x000001bd44878800 DEOPT UNPACKING pc=0x000001bd2c7ba1af sp=0x0000001b896fcf90 mode 2
Event: 3.592 Thread 0x000001bd4535f000 Uncommon trap: trap_request=0xffffffcc fr.pc=0x000001bd343424b4 relative=0x00000000000001f4
Event: 3.592 Thread 0x000001bd4535f000 Uncommon trap: reason=intrinsic_or_type_checked_inlining action=make_not_entrant pc=0x000001bd343424b4 method=java.util.Arrays.copyOf([Ljava/lang/Object;ILjava/lang/Class;)[Ljava/lang/Object; @ 35 c2
Event: 3.592 Thread 0x000001bd4535f000 DEOPT PACKING pc=0x000001bd343424b4 sp=0x0000001b8a5fccf0
Event: 3.592 Thread 0x000001bd4535f000 DEOPT UNPACKING pc=0x000001bd2c7ba1af sp=0x0000001b8a5fcc80 mode 2
Event: 5.728 Thread 0x000001bd44878800 DEOPT PACKING pc=0x000001bd2d08fc97 sp=0x0000001b896fcdb0
Event: 5.728 Thread 0x000001bd44878800 DEOPT UNPACKING pc=0x000001bd2c7ba95e sp=0x0000001b896fc350 mode 0

Classes redefined (0 events):
No events

Internal exceptions (20 events):
Event: 3.493 Thread 0x000001bd45286800 Exception <a 'java/lang/NoSuchMethodError'{0x0000000087b4e4c0}: 'java.lang.Object java.lang.invoke.Invokers$Holder.linkToTargetMethod(java.lang.Object, int, int, java.lang.Object)'> (0x0000000087b4e4c0) thrown at [s\src\hotspot\share\interpreter\linkResolver.cpp, line 773]
Event: 3.493 Thread 0x000001bd44878800 Exception <a 'java/lang/NoSuchMethodError'{0x0000000087b349f0}: 'java.lang.Object java.lang.invoke.Invokers$Holder.linkToTargetMethod(java.lang.Object, int, int, java.lang.Object)'> (0x0000000087b349f0) thrown at [s\src\hotspot\share\interpreter\linkResolver.cpp, line 773]
Event: 3.496 Thread 0x000001bd44878800 Exception <a 'java/lang/NoSuchMethodError'{0x0000000087b37a08}: 'void java.lang.invoke.DirectMethodHandle$Holder.invokeStatic(java.lang.Object, java.lang.Object, int)'> (0x0000000087b37a08) thrown at [s\src\hotspot\share\interpreter\linkResolver.cpp, line 773]
Event: 3.496 Thread 0x000001bd45286800 Exception <a 'java/lang/NoSuchMethodError'{0x0000000087b51100}: 'void java.lang.invoke.DirectMethodHandle$Holder.invokeStatic(java.lang.Object, java.lang.Object, int)'> (0x0000000087b51100) thrown at [s\src\hotspot\share\interpreter\linkResolver.cpp, line 773]
Event: 3.525 Thread 0x000001bd44878800 Exception <a 'java/lang/NoSuchMethodError'{0x0000000087aa1518}: 'int java.lang.invoke.DirectMethodHandle$Holder.invokeVirtual(java.lang.Object, java.lang.Object, java.lang.Object)'> (0x0000000087aa1518) thrown at [s\src\hotspot\share\interpreter\linkResolver.cpp, line 773]
Event: 3.525 Thread 0x000001bd45286800 Exception <a 'java/lang/NoSuchMethodError'{0x0000000087a7cb70}: 'int java.lang.invoke.DirectMethodHandle$Holder.invokeVirtual(java.lang.Object, java.lang.Object, java.lang.Object)'> (0x0000000087a7cb70) thrown at [s\src\hotspot\share\interpreter\linkResolver.cpp, line 773]
Event: 3.590 Thread 0x000001bd45361800 Exception <a 'java/lang/NoSuchMethodError'{0x0000000087706230}: 'java.lang.Object java.lang.invoke.DirectMethodHandle$Holder.invokeSpecial(java.lang.Object, java.lang.Object, int, int, java.lang.Object, java.lang.Object, int)'> (0x0000000087706230) thrown at [s\src\hotspot\share\interpreter\linkResolver.cpp, line 773]
Event: 3.590 Thread 0x000001bd4535f000 Exception <a 'java/lang/NoSuchMethodError'{0x00000000878db1b0}: 'java.lang.Object java.lang.invoke.DirectMethodHandle$Holder.invokeSpecial(java.lang.Object, java.lang.Object, int, int, java.lang.Object, java.lang.Object, int)'> (0x00000000878db1b0) thrown at [s\src\hotspot\share\interpreter\linkResolver.cpp, line 773]
Event: 3.591 Thread 0x000001bd45361800 Exception <a 'java/lang/NoSuchMethodError'{0x00000000877096c0}: 'java.lang.Object java.lang.invoke.DelegatingMethodHandle$Holder.reinvoke_L(java.lang.Object, int, int, java.lang.Object, java.lang.Object, int)'> (0x00000000877096c0) thrown at [s\src\hotspot\share\interpreter\linkResolver.cpp, line 773]
Event: 3.591 Thread 0x000001bd4535f000 Exception <a 'java/lang/NoSuchMethodError'{0x00000000878de5c8}: 'java.lang.Object java.lang.invoke.DelegatingMethodHandle$Holder.reinvoke_L(java.lang.Object, int, int, java.lang.Object, java.lang.Object, int)'> (0x00000000878de5c8) thrown at [s\src\hotspot\share\interpreter\linkResolver.cpp, line 773]
Event: 3.592 Thread 0x000001bd4535f000 Exception <a 'java/lang/NoSuchMethodError'{0x0000000087730598}: 'java.lang.Object java.lang.invoke.DirectMethodHandle$Holder.invokeSpecial(java.lang.Object, java.lang.Object, java.lang.Object, java.lang.Object, int)'> (0x0000000087730598) thrown at [s\src\hotspot\share\interpreter\linkResolver.cpp, line 773]
Event: 3.592 Thread 0x000001bd45361800 Exception <a 'java/lang/NoSuchMethodError'{0x000000008771a1b0}: 'java.lang.Object java.lang.invoke.DirectMethodHandle$Holder.invokeSpecial(java.lang.Object, java.lang.Object, java.lang.Object, java.lang.Object, int)'> (0x000000008771a1b0) thrown at [s\src\hotspot\share\interpreter\linkResolver.cpp, line 773]
Event: 3.593 Thread 0x000001bd45361800 Exception <a 'java/lang/NoSuchMethodError'{0x000000008771d218}: 'java.lang.Object java.lang.invoke.Invokers$Holder.linkToTargetMethod(java.lang.Object, java.lang.Object, int, java.lang.Object)'> (0x000000008771d218) thrown at [s\src\hotspot\share\interpreter\linkResolver.cpp, line 773]
Event: 3.593 Thread 0x000001bd4535f000 Exception <a 'java/lang/NoSuchMethodError'{0x00000000877335b0}: 'java.lang.Object java.lang.invoke.Invokers$Holder.linkToTargetMethod(java.lang.Object, java.lang.Object, int, java.lang.Object)'> (0x00000000877335b0) thrown at [s\src\hotspot\share\interpreter\linkResolver.cpp, line 773]
Event: 3.621 Thread 0x000001bd4535f000 Exception <a 'java/lang/NoSuchMethodError'{0x00000000877a3e10}: 'void java.lang.invoke.DirectMethodHandle$Holder.invokeSpecial(java.lang.Object, java.lang.Object, java.lang.Object, java.lang.Object, java.lang.Object)'> (0x00000000877a3e10) thrown at [s\src\hotspot\share\interpreter\linkResolver.cpp, line 773]
Event: 3.621 Thread 0x000001bd45361800 Exception <a 'java/lang/NoSuchMethodError'{0x00000000877c7170}: 'void java.lang.invoke.DirectMethodHandle$Holder.invokeSpecial(java.lang.Object, java.lang.Object, java.lang.Object, java.lang.Object, java.lang.Object)'> (0x00000000877c7170) thrown at [s\src\hotspot\share\interpreter\linkResolver.cpp, line 773]
Event: 3.628 Thread 0x000001bd4535f000 Exception <a 'java/lang/NoSuchMethodError'{0x00000000877f53f0}: 'long java.lang.invoke.DirectMethodHandle$Holder.invokeStatic(java.lang.Object, long, long)'> (0x00000000877f53f0) thrown at [s\src\hotspot\share\interpreter\linkResolver.cpp, line 773]
Event: 3.628 Thread 0x000001bd45361800 Exception <a 'java/lang/NoSuchMethodError'{0x00000000877e5188}: 'long java.lang.invoke.DirectMethodHandle$Holder.invokeStatic(java.lang.Object, long, long)'> (0x00000000877e5188) thrown at [s\src\hotspot\share\interpreter\linkResolver.cpp, line 773]
Event: 4.967 Thread 0x000001bd4535e000 Exception <a 'java/lang/NoSuchMethodError'{0x0000000087430bc0}: 'void java.lang.invoke.DirectMethodHandle$Holder.invokeSpecial(java.lang.Object, java.lang.Object, java.lang.Object, java.lang.Object, java.lang.Object, java.lang.Object, java.lang.Object)'> (0x0000000087430bc0) thrown at [s\src\hotspot\share\interpreter\linkResolver.cpp, line 773]
Event: 5.414 Thread 0x000001bd44878800 Exception <a 'java/lang/NoSuchMethodError'{0x000000008975ae68}: 'java.lang.Object java.lang.invoke.DirectMethodHandle$Holder.invokeSpecialIFC(java.lang.Object, java.lang.Object, java.lang.Object)'> (0x000000008975ae68) thrown at [s\src\hotspot\share\interpreter\linkResolver.cpp, line 773]

Events (20 events):
Event: 5.931 loading class com/github/javafaker/service/FakeValues
Event: 5.931 loading class com/github/javafaker/service/FakeValues done
Event: 5.932 loading class org/openqa/selenium/support/PageFactoryFinder
Event: 5.932 loading class org/openqa/selenium/support/PageFactoryFinder done
Event: 5.933 loading class com/github/javafaker/Ancient
Event: 5.933 loading class com/github/javafaker/Ancient done
Event: 5.933 loading class com/github/javafaker/App
Event: 5.933 loading class com/github/javafaker/App done
Event: 5.936 loading class com/github/javafaker/Artist
Event: 5.936 loading class com/github/javafaker/Artist done
Event: 5.937 loading class org/openqa/selenium/support/FindBys
Event: 5.937 loading class org/openqa/selenium/support/FindBys done
Event: 5.937 loading class org/openqa/selenium/support/FindAll
Event: 5.937 loading class org/openqa/selenium/support/FindAll done
Event: 5.937 loading class com/github/javafaker/Avatar
Event: 5.937 loading class com/github/javafaker/Avatar done
Event: 5.938 loading class java/lang/annotation/ElementType
Event: 5.938 loading class java/lang/annotation/ElementType done
Event: 5.938 loading class com/github/javafaker/Aviation
Event: 5.938 loading class com/github/javafaker/Aviation done


Dynamic libraries:
0x00007ff6399b0000 - 0x00007ff6399be000 	C:\Program Files\Eclipse Adoptium\jdk-11.0.30.7-hotspot\bin\java.exe
0x00007ffa54810000 - 0x00007ffa54a08000 	C:\Windows\SYSTEM32\ntdll.dll
0x00007ffa53f90000 - 0x00007ffa54052000 	C:\Windows\System32\KERNEL32.DLL
0x00007ffa52170000 - 0x00007ffa52466000 	C:\Windows\System32\KERNELBASE.dll
0x00007ffa524f0000 - 0x00007ffa525f0000 	C:\Windows\System32\ucrtbase.dll
0x00007ffa4e110000 - 0x00007ffa4e127000 	C:\Program Files\Eclipse Adoptium\jdk-11.0.30.7-hotspot\bin\jli.dll
0x00007ffa528d0000 - 0x00007ffa52a71000 	C:\Windows\System32\USER32.dll
0x00007ffa52090000 - 0x00007ffa520b2000 	C:\Windows\System32\win32u.dll
0x00007ffa53580000 - 0x00007ffa535ab000 	C:\Windows\System32\GDI32.dll
0x00007ffa51f70000 - 0x00007ffa52089000 	C:\Windows\System32\gdi32full.dll
0x00007ffa51ea0000 - 0x00007ffa51f3d000 	C:\Windows\System32\msvcp_win.dll
0x00007ffa4c560000 - 0x00007ffa4c57e000 	C:\Program Files\Eclipse Adoptium\jdk-11.0.30.7-hotspot\bin\VCRUNTIME140.dll
0x00007ffa43430000 - 0x00007ffa436cb000 	C:\Windows\WinSxS\amd64_microsoft.windows.common-controls_6595b64144ccf1df_6.0.19041.6456_none_60b8a6cb71f64256\COMCTL32.dll
0x00007ffa54060000 - 0x00007ffa540fe000 	C:\Windows\System32\msvcrt.dll
0x00007ffa53e50000 - 0x00007ffa53e7f000 	C:\Windows\System32\IMM32.DLL
0x00007ffa4e100000 - 0x00007ffa4e10c000 	C:\Program Files\Eclipse Adoptium\jdk-11.0.30.7-hotspot\bin\vcruntime140_1.dll
0x00007ffa4bd50000 - 0x00007ffa4bddd000 	C:\Program Files\Eclipse Adoptium\jdk-11.0.30.7-hotspot\bin\msvcp140.dll
0x00007ffa1cdf0000 - 0x00007ffa1d9b2000 	C:\Program Files\Eclipse Adoptium\jdk-11.0.30.7-hotspot\bin\server\jvm.dll
0x00007ffa52f10000 - 0x00007ffa52fc1000 	C:\Windows\System32\ADVAPI32.dll
0x00007ffa53060000 - 0x00007ffa530ff000 	C:\Windows\System32\sechost.dll
0x00007ffa52df0000 - 0x00007ffa52f10000 	C:\Windows\System32\RPCRT4.dll
0x00007ffa51f40000 - 0x00007ffa51f67000 	C:\Windows\System32\bcrypt.dll
0x00007ffa52bc0000 - 0x00007ffa52c2b000 	C:\Windows\System32\WS2_32.dll
0x00007ffa52830000 - 0x00007ffa52838000 	C:\Windows\System32\PSAPI.DLL
0x00007ffa41b70000 - 0x00007ffa41b97000 	C:\Windows\SYSTEM32\WINMM.dll
0x00007ffa41ba0000 - 0x00007ffa41baa000 	C:\Windows\SYSTEM32\VERSION.dll
0x00007ffa4fd10000 - 0x00007ffa4fd22000 	C:\Windows\SYSTEM32\kernel.appcore.dll
0x00007ffa4cf90000 - 0x00007ffa4cfa0000 	C:\Program Files\Eclipse Adoptium\jdk-11.0.30.7-hotspot\bin\verify.dll
0x00007ffa41bb0000 - 0x00007ffa41db1000 	C:\Windows\SYSTEM32\DBGHELP.DLL
0x00007ffa3f3b0000 - 0x00007ffa3f3e4000 	C:\Windows\SYSTEM32\dbgcore.DLL
0x00007ffa52640000 - 0x00007ffa526c2000 	C:\Windows\System32\bcryptPrimitives.dll
0x00007ffa4be20000 - 0x00007ffa4be48000 	C:\Program Files\Eclipse Adoptium\jdk-11.0.30.7-hotspot\bin\java.dll
0x00007ffa4c0c0000 - 0x00007ffa4c0ca000 	C:\Program Files\Eclipse Adoptium\jdk-11.0.30.7-hotspot\bin\jimage.dll
0x00007ffa4bd30000 - 0x00007ffa4bd48000 	C:\Program Files\Eclipse Adoptium\jdk-11.0.30.7-hotspot\bin\zip.dll
0x00007ffa536e0000 - 0x00007ffa53e50000 	C:\Windows\System32\SHELL32.dll
0x00007ffa4ff10000 - 0x00007ffa506b5000 	C:\Windows\SYSTEM32\windows.storage.dll
0x00007ffa53100000 - 0x00007ffa53454000 	C:\Windows\System32\combase.dll
0x00007ffa517f0000 - 0x00007ffa5181b000 	C:\Windows\SYSTEM32\Wldp.dll
0x00007ffa52d20000 - 0x00007ffa52ded000 	C:\Windows\System32\OLEAUT32.dll
0x00007ffa53ee0000 - 0x00007ffa53f8d000 	C:\Windows\System32\SHCORE.dll
0x00007ffa52a80000 - 0x00007ffa52adb000 	C:\Windows\System32\shlwapi.dll
0x00007ffa51dd0000 - 0x00007ffa51df4000 	C:\Windows\SYSTEM32\profapi.dll
0x00007ffa4bcd0000 - 0x00007ffa4bce9000 	C:\Program Files\Eclipse Adoptium\jdk-11.0.30.7-hotspot\bin\net.dll
0x00007ffa4b610000 - 0x00007ffa4b71a000 	C:\Windows\SYSTEM32\WINHTTP.dll
0x00007ffa51550000 - 0x00007ffa515ba000 	C:\Windows\system32\mswsock.dll
0x00007ffa4bc90000 - 0x00007ffa4bca3000 	C:\Program Files\Eclipse Adoptium\jdk-11.0.30.7-hotspot\bin\nio.dll
0x00007ffa4be10000 - 0x00007ffa4be1a000 	C:\Program Files\Eclipse Adoptium\jdk-11.0.30.7-hotspot\bin\management.dll
0x00007ffa4bd20000 - 0x00007ffa4bd2b000 	C:\Program Files\Eclipse Adoptium\jdk-11.0.30.7-hotspot\bin\management_ext.dll
0x00007ffa51750000 - 0x00007ffa51768000 	C:\Windows\SYSTEM32\CRYPTSP.dll
0x00007ffa50e70000 - 0x00007ffa50ea8000 	C:\Windows\system32\rsaenh.dll
0x00007ffa51d50000 - 0x00007ffa51d7e000 	C:\Windows\SYSTEM32\USERENV.dll
0x00007ffa51740000 - 0x00007ffa5174c000 	C:\Windows\SYSTEM32\CRYPTBASE.dll
0x00007ffa51230000 - 0x00007ffa5126b000 	C:\Windows\SYSTEM32\IPHLPAPI.DLL
0x00007ffa52d10000 - 0x00007ffa52d18000 	C:\Windows\System32\NSI.dll
0x00007ffa49b40000 - 0x00007ffa49b57000 	C:\Windows\SYSTEM32\dhcpcsvc6.DLL
0x00007ffa4aa70000 - 0x00007ffa4aa8d000 	C:\Windows\SYSTEM32\dhcpcsvc.DLL
0x00007ffa51270000 - 0x00007ffa5133a000 	C:\Windows\SYSTEM32\DNSAPI.dll
0x00007ffa4ccd0000 - 0x00007ffa4ccde000 	C:\Program Files\Eclipse Adoptium\jdk-11.0.30.7-hotspot\bin\sunmscapi.dll
0x00007ffa526d0000 - 0x00007ffa5282d000 	C:\Windows\System32\CRYPT32.dll
0x00007ffa51860000 - 0x00007ffa51887000 	C:\Windows\SYSTEM32\ncrypt.dll
0x00007ffa51820000 - 0x00007ffa5185b000 	C:\Windows\SYSTEM32\NTASN1.dll
0x00007ffa4c300000 - 0x00007ffa4c327000 	C:\Program Files\Eclipse Adoptium\jdk-11.0.30.7-hotspot\bin\sunec.dll
0x00007ffa45320000 - 0x00007ffa4532a000 	C:\Windows\System32\rasadhlp.dll
0x00007ffa444f0000 - 0x00007ffa44570000 	C:\Windows\System32\fwpuclnt.dll

dbghelp: loaded successfully - version: 4.0.5 - missing functions: none
symbol engine: initialized successfully - sym options: 0x614 - pdb path: .;C:\Program Files\Eclipse Adoptium\jdk-11.0.30.7-hotspot\bin;C:\Windows\SYSTEM32;C:\Windows\WinSxS\amd64_microsoft.windows.common-controls_6595b64144ccf1df_6.0.19041.6456_none_60b8a6cb71f64256;C:\Program Files\Eclipse Adoptium\jdk-11.0.30.7-hotspot\bin\server

VM Arguments:
java_command: C:\Users\RAYTHEON\AppData\Local\Temp\surefire15302387709201026250\surefirebooter-20260512222403098_3.jar C:\Users\RAYTHEON\AppData\Local\Temp\surefire15302387709201026250 2026-05-12T22-24-02_585-jvmRun1 surefire-20260512222403098_1tmp surefire_0-20260512222403098_2tmp
java_class_path (initial): C:\Users\RAYTHEON\AppData\Local\Temp\surefire15302387709201026250\surefirebooter-20260512222403098_3.jar
Launcher Type: SUN_STANDARD

[Global flags]
     intx CICompilerCount                          = 3                                         {product} {ergonomic}
     uint ConcGCThreads                            = 1                                         {product} {ergonomic}
     uint G1ConcRefinementThreads                  = 4                                         {product} {ergonomic}
   size_t G1HeapRegionSize                         = 1048576                                   {product} {ergonomic}
    uintx GCDrainStackTargetSize                   = 64                                        {product} {ergonomic}
   size_t InitialHeapSize                          = 134217728                                 {product} {ergonomic}
   size_t MarkStackSize                            = 4194304                                   {product} {ergonomic}
   size_t MaxHeapSize                              = 2120220672                                {product} {ergonomic}
   size_t MaxNewSize                               = 1271922688                                {product} {ergonomic}
   size_t MinHeapDeltaBytes                        = 1048576                                   {product} {ergonomic}
    uintx NonNMethodCodeHeapSize                   = 5830732                                {pd product} {ergonomic}
    uintx NonProfiledCodeHeapSize                  = 122913754                              {pd product} {ergonomic}
    uintx ProfiledCodeHeapSize                     = 122913754                              {pd product} {ergonomic}
    uintx ReservedCodeCacheSize                    = 251658240                              {pd product} {ergonomic}
     bool SegmentedCodeCache                       = true                                      {product} {ergonomic}
     bool UseCompressedClassPointers               = true                                 {lp64_product} {ergonomic}
     bool UseCompressedOops                        = true                                 {lp64_product} {ergonomic}
     bool UseG1GC                                  = true                                      {product} {ergonomic}
     bool UseLargePagesIndividualAllocation        = false                                  {pd product} {ergonomic}

Logging:
Log output configuration:
 #0: stdout all=warning uptime,level,tags
 #1: stderr all=off uptime,level,tags

Environment Variables:
JAVA_HOME=C:\Program Files\Eclipse Adoptium\jdk-11.0.30.7-hotspot\
PATH=C:\Program Files\Eclipse Adoptium\jdk-11.0.30.7-hotspot\bin;C:\Program Files\Eclipse Adoptium\jdk-8.0.482.8-hotspot\bin;C:\Windows\system32;C:\Windows;C:\Windows\System32\Wbem;C:\Windows\System32\WindowsPowerShell\v1.0\;C:\Windows\System32\OpenSSH\;C:\Program Files\nodejs\;C:\Users\RAYTHEON\Documents\apache-maven-3.9.15\bin;C:\Users\RAYTHEON\AppData\Local\Microsoft\WindowsApps;C:\Users\RAYTHEON\AppData\Roaming\npm;C:\Program Files\JetBrains\IntelliJ IDEA 2026.1\bin
USERNAME=ADHAM
OS=Windows_NT
PROCESSOR_IDENTIFIER=Intel64 Family 6 Model 42 Stepping 7, GenuineIntel
TMP=C:\Users\RAYTHEON\AppData\Local\Temp
TEMP=C:\Users\RAYTHEON\AppData\Local\Temp



---------------  S Y S T E M  ---------------

OS: Windows 10 , 64 bit Build 19041 (10.0.19041.5915)
OS uptime: 0 days 8:02 hours

CPU:total 4 (initial active 4) (2 cores per cpu, 2 threads per core) family 6 model 42 stepping 7 microcode 0x2f, cmov, cx8, fxsr, mmx, sse, sse2, sse3, ssse3, sse4.1, sse4.2, popcnt, avx, aes, clmul, ht, tsc, tscinvbit

Memory: 4k page, system-wide physical 8086M (739M free)
TotalPageFile size 10134M (AvailPageFile size 4M)
current process WorkingSet (physical memory assigned to process): 154M, peak: 154M
current process commit charge ("private bytes"): 259M, peak: 259M

vm_info: OpenJDK 64-Bit Server VM (11.0.30+7) for windows-amd64 JRE (11.0.30+7), built on Jan 21 2026 06:15:59 by "" with MS VC++ 17.7 (VS2022)

END.
