#
# There is insufficient memory for the Java Runtime Environment to continue.
# Native memory allocation (malloc) failed to allocate 237296 bytes for Chunk::new
# Possible reasons:
#   The system is out of physical RAM or swap space
#   The process is running with CompressedOops enabled, and the Java Heap may be blocking the growth of the native heap
# Possible solutions:
#   Reduce memory load on the system
#   Increase physical memory or swap space
#   Check if swap backing store is full
#   Decrease Java heap size (-Xmx/-Xms)
#   Decrease number of Java threads
#   Decrease Java thread stack sizes (-Xss)
#   Set larger code cache with -XX:ReservedCodeCacheSize=
#   JVM is running with Unscaled Compressed Oops mode in which the Java heap is
#     placed in the first 4GB address space. The Java Heap base address is the
#     maximum limit for the native heap growth. Please use -XX:HeapBaseMinAddress
#     to set the Java Heap base and to place the Java Heap above 4GB virtual address.
# This output file may be truncated or incomplete.
#
#  Out of Memory Error (arena.cpp:197), pid=15004, tid=12648
#
# JRE version: OpenJDK Runtime Environment Temurin-11.0.30+7 (11.0.30+7) (build 11.0.30+7)
# Java VM: OpenJDK 64-Bit Server VM Temurin-11.0.30+7 (11.0.30+7, mixed mode, tiered, compressed oops, g1 gc, windows-amd64)
# No core dump will be written. Minidumps are not enabled by default on client versions of Windows
#

---------------  S U M M A R Y ------------

Command Line: -javaagent:C:\Users\RAYTHEON\AppData\Local\JetBrains\IntelliJIdea2026.1\captureAgent\debugger-agent.jar=file:///C:/Users/RAYTHEON/AppData/Local/Temp/capture2433469138700053080.props -ea -Didea.test.cyclic.buffer.size=1048576 -javaagent:C:\Program Files\JetBrains\IntelliJ IDEA 2026.1\lib\idea_rt.jar=60248 -Dkotlinx.coroutines.debug.enable.creation.stack.trace=false -Ddebugger.agent.enable.coroutines=true -Dkotlinx.coroutines.debug.enable.flows.stack.trace=true -Dkotlinx.coroutines.debug.enable.mutable.state.flows.stack.trace=true -Ddebugger.async.stack.trace.for.all.threads=true -Dfile.encoding=UTF-8 com.intellij.rt.testng.RemoteTestNGStarter -usedefaultlisteners false -socket60247 @w@C:\Users\RAYTHEON\AppData\Local\Temp\idea_working_dirs_testng.tmp -temp C:\Users\RAYTHEON\AppData\Local\Temp\idea_testng.tmp

Host: Intel(R) Core(TM) i5-2450M CPU @ 2.50GHz, 4 cores, 7G,  Windows 10 , 64 bit Build 19041 (10.0.19041.5915)
Time: Wed May  6 00:37:20 2026 Egypt Daylight Time elapsed time: 0.518763 seconds (0d 0h 0m 0s)

---------------  T H R E A D  ---------------

Current thread (0x0000020fd5915000):  JavaThread "C2 CompilerThread0" daemon [_thread_in_native, id=12648, stack(0x0000007dfeb00000,0x0000007dfec00000)]


Current CompileTask:
C2:    518  182       4       java.util.HashMap::putVal (300 bytes)

Stack: [0x0000007dfeb00000,0x0000007dfec00000]
Native frames: (J=compiled Java code, j=interpreted, Vv=VM code, C=native code)
V  [jvm.dll+0x6449fa]
V  [jvm.dll+0x7d6909]
V  [jvm.dll+0x7d7fe9]
V  [jvm.dll+0x7d86e3]
V  [jvm.dll+0x269105]
V  [jvm.dll+0xc275c]
V  [jvm.dll+0xc2d6c]
V  [jvm.dll+0x3786c1]
V  [jvm.dll+0x343185]
V  [jvm.dll+0x34254a]
V  [jvm.dll+0x2212ad]
V  [jvm.dll+0x2202d3]
V  [jvm.dll+0x19e021]
V  [jvm.dll+0x2302b4]
V  [jvm.dll+0x22e6ac]
V  [jvm.dll+0x798531]
V  [jvm.dll+0x791094]
V  [jvm.dll+0x6437c5]
C  [ucrtbase.dll+0x21bb2]
C  [KERNEL32.DLL+0x17374]
C  [ntdll.dll+0x4cc91]


---------------  P R O C E S S  ---------------

Threads class SMR info:
_java_thread_list=0x0000020fd5a6e080, length=10, elements={
0x0000020fb67a2800, 0x0000020fd4f9e000, 0x0000020fd4fa7800, 0x0000020fd4fb7000,
0x0000020fd4fb9000, 0x0000020fd4fbe000, 0x0000020fd5915000, 0x0000020fd5917000,
0x0000020fd591b000, 0x0000020fd4f31000
}

Java Threads: ( => current thread )
  0x0000020fb67a2800 JavaThread "main" [_thread_in_native, id=2668, stack(0x0000007dfdf00000,0x0000007dfe000000)]
  0x0000020fd4f9e000 JavaThread "Reference Handler" daemon [_thread_blocked, id=6024, stack(0x0000007dfe600000,0x0000007dfe700000)]
  0x0000020fd4fa7800 JavaThread "Finalizer" daemon [_thread_blocked, id=17308, stack(0x0000007dfe700000,0x0000007dfe800000)]
  0x0000020fd4fb7000 JavaThread "Signal Dispatcher" daemon [_thread_blocked, id=8164, stack(0x0000007dfe800000,0x0000007dfe900000)]
  0x0000020fd4fb9000 JavaThread "Attach Listener" daemon [_thread_blocked, id=5776, stack(0x0000007dfe900000,0x0000007dfea00000)]
  0x0000020fd4fbe000 JavaThread "Service Thread" daemon [_thread_blocked, id=17004, stack(0x0000007dfea00000,0x0000007dfeb00000)]
=>0x0000020fd5915000 JavaThread "C2 CompilerThread0" daemon [_thread_in_native, id=12648, stack(0x0000007dfeb00000,0x0000007dfec00000)]
  0x0000020fd5917000 JavaThread "C1 CompilerThread0" daemon [_thread_blocked, id=2720, stack(0x0000007dfec00000,0x0000007dfed00000)]
  0x0000020fd591b000 JavaThread "Sweeper thread" daemon [_thread_blocked, id=13904, stack(0x0000007dfed00000,0x0000007dfee00000)]
  0x0000020fd4f31000 JavaThread "Common-Cleaner" daemon [_thread_blocked, id=9792, stack(0x0000007dfee00000,0x0000007dfef00000)]

Other Threads:
  0x0000020fd4f76000 VMThread "VM Thread" [stack: 0x0000007dfe500000,0x0000007dfe600000] [id=14048]
  0x0000020fb67bd000 GCTaskThread "GC Thread#0" [stack: 0x0000007dfe000000,0x0000007dfe100000] [id=6352]
  0x0000020fb460c000 ConcurrentGCThread "G1 Main Marker" [stack: 0x0000007dfe100000,0x0000007dfe200000] [id=11164]
  0x0000020fb67ee000 ConcurrentGCThread "G1 Conc#0" [stack: 0x0000007dfe200000,0x0000007dfe300000] [id=4252]
  0x0000020fd4de0800 ConcurrentGCThread "G1 Refine#0" [stack: 0x0000007dfe300000,0x0000007dfe400000] [id=1524]
  0x0000020fd4de1800 ConcurrentGCThread "G1 Young RemSet Sampling" [stack: 0x0000007dfe400000,0x0000007dfe500000] [id=11820]

Threads with active compile tasks:
C2 CompilerThread0      552  182       4       java.util.HashMap::putVal (300 bytes)

VM state:not at safepoint (normal execution)

VM Mutex/Monitor currently owned by a thread: None

Heap address: 0x0000000081a00000, size: 2022 MB, Compressed Oops mode: 32-bit
Narrow klass base: 0x0000000000000000, Narrow klass shift: 3
Compressed class space size: 1073741824 Address: 0x0000000100000000

Heap:
 garbage-first heap   total 131072K, used 1024K [0x0000000081a00000, 0x0000000100000000)
  region size 1024K, 2 young (2048K), 0 survivors (0K)
 Metaspace       used 4980K, capacity 5019K, committed 5120K, reserved 1056768K
  class space    used 411K, capacity 438K, committed 512K, reserved 1048576K
Heap Regions: E=young(eden), S=young(survivor), O=old, HS=humongous(starts), HC=humongous(continues), CS=collection set, F=free, A=archive, TAMS=top-at-mark-start (previous, next)
|   0|0x0000000081a00000, 0x0000000081a00000, 0x0000000081b00000|  0%| F|  |TAMS 0x0000000081a00000, 0x0000000081a00000| Untracked 
|   1|0x0000000081b00000, 0x0000000081b00000, 0x0000000081c00000|  0%| F|  |TAMS 0x0000000081b00000, 0x0000000081b00000| Untracked 
|   2|0x0000000081c00000, 0x0000000081c00000, 0x0000000081d00000|  0%| F|  |TAMS 0x0000000081c00000, 0x0000000081c00000| Untracked 
|   3|0x0000000081d00000, 0x0000000081d00000, 0x0000000081e00000|  0%| F|  |TAMS 0x0000000081d00000, 0x0000000081d00000| Untracked 
|   4|0x0000000081e00000, 0x0000000081e00000, 0x0000000081f00000|  0%| F|  |TAMS 0x0000000081e00000, 0x0000000081e00000| Untracked 
|   5|0x0000000081f00000, 0x0000000081f00000, 0x0000000082000000|  0%| F|  |TAMS 0x0000000081f00000, 0x0000000081f00000| Untracked 
|   6|0x0000000082000000, 0x0000000082000000, 0x0000000082100000|  0%| F|  |TAMS 0x0000000082000000, 0x0000000082000000| Untracked 
|   7|0x0000000082100000, 0x0000000082100000, 0x0000000082200000|  0%| F|  |TAMS 0x0000000082100000, 0x0000000082100000| Untracked 
|   8|0x0000000082200000, 0x0000000082200000, 0x0000000082300000|  0%| F|  |TAMS 0x0000000082200000, 0x0000000082200000| Untracked 
|   9|0x0000000082300000, 0x0000000082300000, 0x0000000082400000|  0%| F|  |TAMS 0x0000000082300000, 0x0000000082300000| Untracked 
|  10|0x0000000082400000, 0x0000000082400000, 0x0000000082500000|  0%| F|  |TAMS 0x0000000082400000, 0x0000000082400000| Untracked 
|  11|0x0000000082500000, 0x0000000082500000, 0x0000000082600000|  0%| F|  |TAMS 0x0000000082500000, 0x0000000082500000| Untracked 
|  12|0x0000000082600000, 0x0000000082600000, 0x0000000082700000|  0%| F|  |TAMS 0x0000000082600000, 0x0000000082600000| Untracked 
|  13|0x0000000082700000, 0x0000000082700000, 0x0000000082800000|  0%| F|  |TAMS 0x0000000082700000, 0x0000000082700000| Untracked 
|  14|0x0000000082800000, 0x0000000082800000, 0x0000000082900000|  0%| F|  |TAMS 0x0000000082800000, 0x0000000082800000| Untracked 
|  15|0x0000000082900000, 0x0000000082900000, 0x0000000082a00000|  0%| F|  |TAMS 0x0000000082900000, 0x0000000082900000| Untracked 
|  16|0x0000000082a00000, 0x0000000082a00000, 0x0000000082b00000|  0%| F|  |TAMS 0x0000000082a00000, 0x0000000082a00000| Untracked 
|  17|0x0000000082b00000, 0x0000000082b00000, 0x0000000082c00000|  0%| F|  |TAMS 0x0000000082b00000, 0x0000000082b00000| Untracked 
|  18|0x0000000082c00000, 0x0000000082c00000, 0x0000000082d00000|  0%| F|  |TAMS 0x0000000082c00000, 0x0000000082c00000| Untracked 
|  19|0x0000000082d00000, 0x0000000082d00000, 0x0000000082e00000|  0%| F|  |TAMS 0x0000000082d00000, 0x0000000082d00000| Untracked 
|  20|0x0000000082e00000, 0x0000000082e00000, 0x0000000082f00000|  0%| F|  |TAMS 0x0000000082e00000, 0x0000000082e00000| Untracked 
|  21|0x0000000082f00000, 0x0000000082f00000, 0x0000000083000000|  0%| F|  |TAMS 0x0000000082f00000, 0x0000000082f00000| Untracked 
|  22|0x0000000083000000, 0x0000000083000000, 0x0000000083100000|  0%| F|  |TAMS 0x0000000083000000, 0x0000000083000000| Untracked 
|  23|0x0000000083100000, 0x0000000083100000, 0x0000000083200000|  0%| F|  |TAMS 0x0000000083100000, 0x0000000083100000| Untracked 
|  24|0x0000000083200000, 0x0000000083200000, 0x0000000083300000|  0%| F|  |TAMS 0x0000000083200000, 0x0000000083200000| Untracked 
|  25|0x0000000083300000, 0x0000000083300000, 0x0000000083400000|  0%| F|  |TAMS 0x0000000083300000, 0x0000000083300000| Untracked 
|  26|0x0000000083400000, 0x0000000083400000, 0x0000000083500000|  0%| F|  |TAMS 0x0000000083400000, 0x0000000083400000| Untracked 
|  27|0x0000000083500000, 0x0000000083500000, 0x0000000083600000|  0%| F|  |TAMS 0x0000000083500000, 0x0000000083500000| Untracked 
|  28|0x0000000083600000, 0x0000000083600000, 0x0000000083700000|  0%| F|  |TAMS 0x0000000083600000, 0x0000000083600000| Untracked 
|  29|0x0000000083700000, 0x0000000083700000, 0x0000000083800000|  0%| F|  |TAMS 0x0000000083700000, 0x0000000083700000| Untracked 
|  30|0x0000000083800000, 0x0000000083800000, 0x0000000083900000|  0%| F|  |TAMS 0x0000000083800000, 0x0000000083800000| Untracked 
|  31|0x0000000083900000, 0x0000000083900000, 0x0000000083a00000|  0%| F|  |TAMS 0x0000000083900000, 0x0000000083900000| Untracked 
|  32|0x0000000083a00000, 0x0000000083a00000, 0x0000000083b00000|  0%| F|  |TAMS 0x0000000083a00000, 0x0000000083a00000| Untracked 
|  33|0x0000000083b00000, 0x0000000083b00000, 0x0000000083c00000|  0%| F|  |TAMS 0x0000000083b00000, 0x0000000083b00000| Untracked 
|  34|0x0000000083c00000, 0x0000000083c00000, 0x0000000083d00000|  0%| F|  |TAMS 0x0000000083c00000, 0x0000000083c00000| Untracked 
|  35|0x0000000083d00000, 0x0000000083d00000, 0x0000000083e00000|  0%| F|  |TAMS 0x0000000083d00000, 0x0000000083d00000| Untracked 
|  36|0x0000000083e00000, 0x0000000083e00000, 0x0000000083f00000|  0%| F|  |TAMS 0x0000000083e00000, 0x0000000083e00000| Untracked 
|  37|0x0000000083f00000, 0x0000000083f00000, 0x0000000084000000|  0%| F|  |TAMS 0x0000000083f00000, 0x0000000083f00000| Untracked 
|  38|0x0000000084000000, 0x0000000084000000, 0x0000000084100000|  0%| F|  |TAMS 0x0000000084000000, 0x0000000084000000| Untracked 
|  39|0x0000000084100000, 0x0000000084100000, 0x0000000084200000|  0%| F|  |TAMS 0x0000000084100000, 0x0000000084100000| Untracked 
|  40|0x0000000084200000, 0x0000000084200000, 0x0000000084300000|  0%| F|  |TAMS 0x0000000084200000, 0x0000000084200000| Untracked 
|  41|0x0000000084300000, 0x0000000084300000, 0x0000000084400000|  0%| F|  |TAMS 0x0000000084300000, 0x0000000084300000| Untracked 
|  42|0x0000000084400000, 0x0000000084400000, 0x0000000084500000|  0%| F|  |TAMS 0x0000000084400000, 0x0000000084400000| Untracked 
|  43|0x0000000084500000, 0x0000000084500000, 0x0000000084600000|  0%| F|  |TAMS 0x0000000084500000, 0x0000000084500000| Untracked 
|  44|0x0000000084600000, 0x0000000084600000, 0x0000000084700000|  0%| F|  |TAMS 0x0000000084600000, 0x0000000084600000| Untracked 
|  45|0x0000000084700000, 0x0000000084700000, 0x0000000084800000|  0%| F|  |TAMS 0x0000000084700000, 0x0000000084700000| Untracked 
|  46|0x0000000084800000, 0x0000000084800000, 0x0000000084900000|  0%| F|  |TAMS 0x0000000084800000, 0x0000000084800000| Untracked 
|  47|0x0000000084900000, 0x0000000084900000, 0x0000000084a00000|  0%| F|  |TAMS 0x0000000084900000, 0x0000000084900000| Untracked 
|  48|0x0000000084a00000, 0x0000000084a00000, 0x0000000084b00000|  0%| F|  |TAMS 0x0000000084a00000, 0x0000000084a00000| Untracked 
|  49|0x0000000084b00000, 0x0000000084b00000, 0x0000000084c00000|  0%| F|  |TAMS 0x0000000084b00000, 0x0000000084b00000| Untracked 
|  50|0x0000000084c00000, 0x0000000084c00000, 0x0000000084d00000|  0%| F|  |TAMS 0x0000000084c00000, 0x0000000084c00000| Untracked 
|  51|0x0000000084d00000, 0x0000000084d00000, 0x0000000084e00000|  0%| F|  |TAMS 0x0000000084d00000, 0x0000000084d00000| Untracked 
|  52|0x0000000084e00000, 0x0000000084e00000, 0x0000000084f00000|  0%| F|  |TAMS 0x0000000084e00000, 0x0000000084e00000| Untracked 
|  53|0x0000000084f00000, 0x0000000084f00000, 0x0000000085000000|  0%| F|  |TAMS 0x0000000084f00000, 0x0000000084f00000| Untracked 
|  54|0x0000000085000000, 0x0000000085000000, 0x0000000085100000|  0%| F|  |TAMS 0x0000000085000000, 0x0000000085000000| Untracked 
|  55|0x0000000085100000, 0x0000000085100000, 0x0000000085200000|  0%| F|  |TAMS 0x0000000085100000, 0x0000000085100000| Untracked 
|  56|0x0000000085200000, 0x0000000085200000, 0x0000000085300000|  0%| F|  |TAMS 0x0000000085200000, 0x0000000085200000| Untracked 
|  57|0x0000000085300000, 0x0000000085300000, 0x0000000085400000|  0%| F|  |TAMS 0x0000000085300000, 0x0000000085300000| Untracked 
|  58|0x0000000085400000, 0x0000000085400000, 0x0000000085500000|  0%| F|  |TAMS 0x0000000085400000, 0x0000000085400000| Untracked 
|  59|0x0000000085500000, 0x0000000085500000, 0x0000000085600000|  0%| F|  |TAMS 0x0000000085500000, 0x0000000085500000| Untracked 
|  60|0x0000000085600000, 0x0000000085600000, 0x0000000085700000|  0%| F|  |TAMS 0x0000000085600000, 0x0000000085600000| Untracked 
|  61|0x0000000085700000, 0x0000000085700000, 0x0000000085800000|  0%| F|  |TAMS 0x0000000085700000, 0x0000000085700000| Untracked 
|  62|0x0000000085800000, 0x0000000085800000, 0x0000000085900000|  0%| F|  |TAMS 0x0000000085800000, 0x0000000085800000| Untracked 
|  63|0x0000000085900000, 0x0000000085900000, 0x0000000085a00000|  0%| F|  |TAMS 0x0000000085900000, 0x0000000085900000| Untracked 
|  64|0x0000000085a00000, 0x0000000085a00000, 0x0000000085b00000|  0%| F|  |TAMS 0x0000000085a00000, 0x0000000085a00000| Untracked 
|  65|0x0000000085b00000, 0x0000000085b00000, 0x0000000085c00000|  0%| F|  |TAMS 0x0000000085b00000, 0x0000000085b00000| Untracked 
|  66|0x0000000085c00000, 0x0000000085c00000, 0x0000000085d00000|  0%| F|  |TAMS 0x0000000085c00000, 0x0000000085c00000| Untracked 
|  67|0x0000000085d00000, 0x0000000085d00000, 0x0000000085e00000|  0%| F|  |TAMS 0x0000000085d00000, 0x0000000085d00000| Untracked 
|  68|0x0000000085e00000, 0x0000000085e00000, 0x0000000085f00000|  0%| F|  |TAMS 0x0000000085e00000, 0x0000000085e00000| Untracked 
|  69|0x0000000085f00000, 0x0000000085f00000, 0x0000000086000000|  0%| F|  |TAMS 0x0000000085f00000, 0x0000000085f00000| Untracked 
|  70|0x0000000086000000, 0x0000000086000000, 0x0000000086100000|  0%| F|  |TAMS 0x0000000086000000, 0x0000000086000000| Untracked 
|  71|0x0000000086100000, 0x0000000086100000, 0x0000000086200000|  0%| F|  |TAMS 0x0000000086100000, 0x0000000086100000| Untracked 
|  72|0x0000000086200000, 0x0000000086200000, 0x0000000086300000|  0%| F|  |TAMS 0x0000000086200000, 0x0000000086200000| Untracked 
|  73|0x0000000086300000, 0x0000000086300000, 0x0000000086400000|  0%| F|  |TAMS 0x0000000086300000, 0x0000000086300000| Untracked 
|  74|0x0000000086400000, 0x0000000086400000, 0x0000000086500000|  0%| F|  |TAMS 0x0000000086400000, 0x0000000086400000| Untracked 
|  75|0x0000000086500000, 0x0000000086500000, 0x0000000086600000|  0%| F|  |TAMS 0x0000000086500000, 0x0000000086500000| Untracked 
|  76|0x0000000086600000, 0x0000000086600000, 0x0000000086700000|  0%| F|  |TAMS 0x0000000086600000, 0x0000000086600000| Untracked 
|  77|0x0000000086700000, 0x0000000086700000, 0x0000000086800000|  0%| F|  |TAMS 0x0000000086700000, 0x0000000086700000| Untracked 
|  78|0x0000000086800000, 0x0000000086800000, 0x0000000086900000|  0%| F|  |TAMS 0x0000000086800000, 0x0000000086800000| Untracked 
|  79|0x0000000086900000, 0x0000000086900000, 0x0000000086a00000|  0%| F|  |TAMS 0x0000000086900000, 0x0000000086900000| Untracked 
|  80|0x0000000086a00000, 0x0000000086a00000, 0x0000000086b00000|  0%| F|  |TAMS 0x0000000086a00000, 0x0000000086a00000| Untracked 
|  81|0x0000000086b00000, 0x0000000086b00000, 0x0000000086c00000|  0%| F|  |TAMS 0x0000000086b00000, 0x0000000086b00000| Untracked 
|  82|0x0000000086c00000, 0x0000000086c00000, 0x0000000086d00000|  0%| F|  |TAMS 0x0000000086c00000, 0x0000000086c00000| Untracked 
|  83|0x0000000086d00000, 0x0000000086d00000, 0x0000000086e00000|  0%| F|  |TAMS 0x0000000086d00000, 0x0000000086d00000| Untracked 
|  84|0x0000000086e00000, 0x0000000086e00000, 0x0000000086f00000|  0%| F|  |TAMS 0x0000000086e00000, 0x0000000086e00000| Untracked 
|  85|0x0000000086f00000, 0x0000000086f00000, 0x0000000087000000|  0%| F|  |TAMS 0x0000000086f00000, 0x0000000086f00000| Untracked 
|  86|0x0000000087000000, 0x0000000087000000, 0x0000000087100000|  0%| F|  |TAMS 0x0000000087000000, 0x0000000087000000| Untracked 
|  87|0x0000000087100000, 0x0000000087100000, 0x0000000087200000|  0%| F|  |TAMS 0x0000000087100000, 0x0000000087100000| Untracked 
|  88|0x0000000087200000, 0x0000000087200000, 0x0000000087300000|  0%| F|  |TAMS 0x0000000087200000, 0x0000000087200000| Untracked 
|  89|0x0000000087300000, 0x0000000087300000, 0x0000000087400000|  0%| F|  |TAMS 0x0000000087300000, 0x0000000087300000| Untracked 
|  90|0x0000000087400000, 0x0000000087400000, 0x0000000087500000|  0%| F|  |TAMS 0x0000000087400000, 0x0000000087400000| Untracked 
|  91|0x0000000087500000, 0x0000000087500000, 0x0000000087600000|  0%| F|  |TAMS 0x0000000087500000, 0x0000000087500000| Untracked 
|  92|0x0000000087600000, 0x0000000087600000, 0x0000000087700000|  0%| F|  |TAMS 0x0000000087600000, 0x0000000087600000| Untracked 
|  93|0x0000000087700000, 0x0000000087700000, 0x0000000087800000|  0%| F|  |TAMS 0x0000000087700000, 0x0000000087700000| Untracked 
|  94|0x0000000087800000, 0x0000000087800000, 0x0000000087900000|  0%| F|  |TAMS 0x0000000087800000, 0x0000000087800000| Untracked 
|  95|0x0000000087900000, 0x0000000087900000, 0x0000000087a00000|  0%| F|  |TAMS 0x0000000087900000, 0x0000000087900000| Untracked 
|  96|0x0000000087a00000, 0x0000000087a00000, 0x0000000087b00000|  0%| F|  |TAMS 0x0000000087a00000, 0x0000000087a00000| Untracked 
|  97|0x0000000087b00000, 0x0000000087b00000, 0x0000000087c00000|  0%| F|  |TAMS 0x0000000087b00000, 0x0000000087b00000| Untracked 
|  98|0x0000000087c00000, 0x0000000087c00000, 0x0000000087d00000|  0%| F|  |TAMS 0x0000000087c00000, 0x0000000087c00000| Untracked 
|  99|0x0000000087d00000, 0x0000000087d00000, 0x0000000087e00000|  0%| F|  |TAMS 0x0000000087d00000, 0x0000000087d00000| Untracked 
| 100|0x0000000087e00000, 0x0000000087e00000, 0x0000000087f00000|  0%| F|  |TAMS 0x0000000087e00000, 0x0000000087e00000| Untracked 
| 101|0x0000000087f00000, 0x0000000087f00000, 0x0000000088000000|  0%| F|  |TAMS 0x0000000087f00000, 0x0000000087f00000| Untracked 
| 102|0x0000000088000000, 0x0000000088000000, 0x0000000088100000|  0%| F|  |TAMS 0x0000000088000000, 0x0000000088000000| Untracked 
| 103|0x0000000088100000, 0x0000000088100000, 0x0000000088200000|  0%| F|  |TAMS 0x0000000088100000, 0x0000000088100000| Untracked 
| 104|0x0000000088200000, 0x0000000088200000, 0x0000000088300000|  0%| F|  |TAMS 0x0000000088200000, 0x0000000088200000| Untracked 
| 105|0x0000000088300000, 0x0000000088300000, 0x0000000088400000|  0%| F|  |TAMS 0x0000000088300000, 0x0000000088300000| Untracked 
| 106|0x0000000088400000, 0x0000000088400000, 0x0000000088500000|  0%| F|  |TAMS 0x0000000088400000, 0x0000000088400000| Untracked 
| 107|0x0000000088500000, 0x0000000088500000, 0x0000000088600000|  0%| F|  |TAMS 0x0000000088500000, 0x0000000088500000| Untracked 
| 108|0x0000000088600000, 0x0000000088600000, 0x0000000088700000|  0%| F|  |TAMS 0x0000000088600000, 0x0000000088600000| Untracked 
| 109|0x0000000088700000, 0x0000000088700000, 0x0000000088800000|  0%| F|  |TAMS 0x0000000088700000, 0x0000000088700000| Untracked 
| 110|0x0000000088800000, 0x0000000088800000, 0x0000000088900000|  0%| F|  |TAMS 0x0000000088800000, 0x0000000088800000| Untracked 
| 111|0x0000000088900000, 0x0000000088900000, 0x0000000088a00000|  0%| F|  |TAMS 0x0000000088900000, 0x0000000088900000| Untracked 
| 112|0x0000000088a00000, 0x0000000088a00000, 0x0000000088b00000|  0%| F|  |TAMS 0x0000000088a00000, 0x0000000088a00000| Untracked 
| 113|0x0000000088b00000, 0x0000000088b00000, 0x0000000088c00000|  0%| F|  |TAMS 0x0000000088b00000, 0x0000000088b00000| Untracked 
| 114|0x0000000088c00000, 0x0000000088c00000, 0x0000000088d00000|  0%| F|  |TAMS 0x0000000088c00000, 0x0000000088c00000| Untracked 
| 115|0x0000000088d00000, 0x0000000088d00000, 0x0000000088e00000|  0%| F|  |TAMS 0x0000000088d00000, 0x0000000088d00000| Untracked 
| 116|0x0000000088e00000, 0x0000000088e00000, 0x0000000088f00000|  0%| F|  |TAMS 0x0000000088e00000, 0x0000000088e00000| Untracked 
| 117|0x0000000088f00000, 0x0000000088f00000, 0x0000000089000000|  0%| F|  |TAMS 0x0000000088f00000, 0x0000000088f00000| Untracked 
| 118|0x0000000089000000, 0x0000000089000000, 0x0000000089100000|  0%| F|  |TAMS 0x0000000089000000, 0x0000000089000000| Untracked 
| 119|0x0000000089100000, 0x0000000089100000, 0x0000000089200000|  0%| F|  |TAMS 0x0000000089100000, 0x0000000089100000| Untracked 
| 120|0x0000000089200000, 0x0000000089200000, 0x0000000089300000|  0%| F|  |TAMS 0x0000000089200000, 0x0000000089200000| Untracked 
| 121|0x0000000089300000, 0x0000000089300000, 0x0000000089400000|  0%| F|  |TAMS 0x0000000089300000, 0x0000000089300000| Untracked 
| 122|0x0000000089400000, 0x0000000089400000, 0x0000000089500000|  0%| F|  |TAMS 0x0000000089400000, 0x0000000089400000| Untracked 
| 123|0x0000000089500000, 0x0000000089500000, 0x0000000089600000|  0%| F|  |TAMS 0x0000000089500000, 0x0000000089500000| Untracked 
| 124|0x0000000089600000, 0x0000000089600000, 0x0000000089700000|  0%| F|  |TAMS 0x0000000089600000, 0x0000000089600000| Untracked 
| 125|0x0000000089700000, 0x0000000089700000, 0x0000000089800000|  0%| F|  |TAMS 0x0000000089700000, 0x0000000089700000| Untracked 
| 126|0x0000000089800000, 0x00000000898d7a08, 0x0000000089900000| 84%| E|  |TAMS 0x0000000089800000, 0x0000000089800000| Complete 
| 127|0x0000000089900000, 0x0000000089a00000, 0x0000000089a00000|100%| E|CS|TAMS 0x0000000089900000, 0x0000000089900000| Complete 

Card table byte_map: [0x0000020fce360000,0x0000020fce760000] _byte_map_base: 0x0000020fcdf53000

Marking Bits (Prev, Next): (CMBitMap*) 0x0000020fb460b0c8, (CMBitMap*) 0x0000020fb460b100
 Prev Bits: [0x0000020fceb60000, 0x0000020fd0af8000)
 Next Bits: [0x0000020fd0b00000, 0x0000020fd2a98000)

Polling page: 0x0000020fb46f0000

Metaspace:

Usage:
  Non-class:      4.47 MB capacity,     4.46 MB (>99%) used,     9.78 KB ( <1%) free+waste,     2.06 KB ( <1%) overhead. 
      Class:    438.00 KB capacity,   411.11 KB ( 94%) used,    25.64 KB (  6%) free+waste,     1.25 KB ( <1%) overhead. 
       Both:      4.90 MB capacity,     4.86 MB (>99%) used,    35.42 KB ( <1%) free+waste,     3.31 KB ( <1%) overhead. 

Virtual space:
  Non-class space:        8.00 MB reserved,       4.50 MB ( 56%) committed 
      Class space:        1.00 GB reserved,     512.00 KB ( <1%) committed 
             Both:        1.01 GB reserved,       5.00 MB ( <1%) committed 

Chunk freelists:
   Non-Class:  27.00 KB
       Class:  10.00 KB
        Both:  37.00 KB

MaxMetaspaceSize: 17179869184.00 GB
CompressedClassSpaceSize: 1.00 GB
Initial GC threshold: 20.80 MB
Current GC threshold: 20.80 MB
CDS: off

CodeHeap 'non-profiled nmethods': size=120064Kb used=57Kb max_used=57Kb free=120006Kb
 bounds [0x0000020fc6a20000, 0x0000020fc6c90000, 0x0000020fcdf60000]
CodeHeap 'profiled nmethods': size=120000Kb used=233Kb max_used=233Kb free=119766Kb
 bounds [0x0000020fbf4f0000, 0x0000020fbf760000, 0x0000020fc6a20000]
CodeHeap 'non-nmethods': size=5696Kb used=1071Kb max_used=1071Kb free=4624Kb
 bounds [0x0000020fbef60000, 0x0000020fbf1d0000, 0x0000020fbf4f0000]
 total_blobs=500 nmethods=194 adapters=219
 compilation: enabled
              stopped_count=0, restarted_count=0
 full_count=0

Compilation events (20 events):
Event: 0.463 Thread 0x0000020fd5917000 nmethod 176 0x0000020fbf526710 code [0x0000020fbf526900, 0x0000020fbf526dc8]
Event: 0.463 Thread 0x0000020fd5917000  173       3       java.lang.CharacterData::of (120 bytes)
Event: 0.464 Thread 0x0000020fd5917000 nmethod 173 0x0000020fbf526f90 code [0x0000020fbf5271a0, 0x0000020fbf527938]
Event: 0.464 Thread 0x0000020fd5917000  175       3       java.lang.AbstractStringBuilder::putStringAt (29 bytes)
Event: 0.464 Thread 0x0000020fd5917000 nmethod 175 0x0000020fbf527b90 code [0x0000020fbf527d80, 0x0000020fbf528078]
Event: 0.464 Thread 0x0000020fd5917000  177       1       java.lang.module.ModuleDescriptor::packages (5 bytes)
Event: 0.464 Thread 0x0000020fd5917000 nmethod 177 0x0000020fc6a2c490 code [0x0000020fc6a2c640, 0x0000020fc6a2c6f8]
Event: 0.464 Thread 0x0000020fd5917000  178       3       java.util.Optional::orElse (16 bytes)
Event: 0.465 Thread 0x0000020fd5917000 nmethod 178 0x0000020fbf528190 code [0x0000020fbf528340, 0x0000020fbf528498]
Event: 0.466 Thread 0x0000020fd5917000  179       1       java.lang.module.ModuleDescriptor$Version::toString (5 bytes)
Event: 0.466 Thread 0x0000020fd5917000 nmethod 179 0x0000020fc6a2c790 code [0x0000020fc6a2c940, 0x0000020fc6a2c9f8]
Event: 0.467 Thread 0x0000020fd5917000  180       3       java.lang.module.ResolvedModule::name (11 bytes)
Event: 0.467 Thread 0x0000020fd5917000 nmethod 180 0x0000020fbf528510 code [0x0000020fbf5286c0, 0x0000020fbf528838]
Event: 0.467 Thread 0x0000020fd5917000  181       3       java.util.HashSet::<init> (16 bytes)
Event: 0.467 Thread 0x0000020fd5915000  182       4       java.util.HashMap::putVal (300 bytes)
Event: 0.467 Thread 0x0000020fd5917000 nmethod 181 0x0000020fbf528910 code [0x0000020fbf528b00, 0x0000020fbf528ef8]
Event: 0.484 Thread 0x0000020fd5917000  184       1       java.lang.module.ResolvedModule::configuration (5 bytes)
Event: 0.484 Thread 0x0000020fd5917000 nmethod 184 0x0000020fc6a2ca90 code [0x0000020fc6a2cc40, 0x0000020fc6a2ccf8]
Event: 0.484 Thread 0x0000020fd5917000  185       3       java.util.Collections$UnmodifiableCollection$1::hasNext (10 bytes)
Event: 0.484 Thread 0x0000020fd5917000 nmethod 185 0x0000020fbf529090 code [0x0000020fbf529240, 0x0000020fbf529408]

GC Heap History (0 events):
No events

Deoptimization events (0 events):
No events

Classes redefined (0 events):
No events

Internal exceptions (0 events):
No events

Events (20 events):
Event: 0.406 loading class java/lang/module/ModuleFinder$1
Event: 0.406 loading class java/lang/module/ModuleFinder$1 done
Event: 0.408 loading class java/lang/ModuleLayer
Event: 0.409 loading class java/lang/ModuleLayer done
Event: 0.409 loading class java/util/HashMap$Values
Event: 0.409 loading class java/util/HashMap$Values done
Event: 0.409 loading class java/util/HashMap$ValueIterator
Event: 0.410 loading class java/util/HashMap$ValueIterator done
Event: 0.411 loading class java/util/LinkedHashSet
Event: 0.411 loading class java/util/LinkedHashSet done
Event: 0.412 loading class java/util/Collections$UnmodifiableCollection$1
Event: 0.412 loading class java/util/Collections$UnmodifiableCollection$1 done
Event: 0.413 loading class java/lang/module/ResolvedModule
Event: 0.413 loading class java/lang/module/ResolvedModule done
Event: 0.449 loading class jdk/internal/module/ModuleLoaderMap
Event: 0.449 loading class jdk/internal/module/ModuleLoaderMap done
Event: 0.457 loading class jdk/internal/module/ModuleLoaderMap$Mapper
Event: 0.457 loading class jdk/internal/module/ModuleLoaderMap$Mapper done
Event: 0.459 loading class java/util/concurrent/ConcurrentHashMap$ForwardingNode
Event: 0.459 loading class java/util/concurrent/ConcurrentHashMap$ForwardingNode done


Dynamic libraries:
0x00007ff6835e0000 - 0x00007ff6835ee000 	C:\Program Files\Eclipse Adoptium\jdk-11.0.30.7-hotspot\bin\java.exe
0x00007fffcaa50000 - 0x00007fffcac48000 	C:\Windows\SYSTEM32\ntdll.dll
0x00007fffc9340000 - 0x00007fffc9402000 	C:\Windows\System32\KERNEL32.DLL
0x00007fffc85a0000 - 0x00007fffc8896000 	C:\Windows\System32\KERNELBASE.dll
0x00007fffc82d0000 - 0x00007fffc83d0000 	C:\Windows\System32\ucrtbase.dll
0x00007fffc27a0000 - 0x00007fffc27be000 	C:\Program Files\Eclipse Adoptium\jdk-11.0.30.7-hotspot\bin\VCRUNTIME140.dll
0x00007fffc2fe0000 - 0x00007fffc2ff7000 	C:\Program Files\Eclipse Adoptium\jdk-11.0.30.7-hotspot\bin\jli.dll
0x00007fffc9ea0000 - 0x00007fffca041000 	C:\Windows\System32\USER32.dll
0x00007fffc83d0000 - 0x00007fffc83f2000 	C:\Windows\System32\win32u.dll
0x00007fffca230000 - 0x00007fffca25b000 	C:\Windows\System32\GDI32.dll
0x00007fffc8950000 - 0x00007fffc8a69000 	C:\Windows\System32\gdi32full.dll
0x00007fffc8480000 - 0x00007fffc851d000 	C:\Windows\System32\msvcp_win.dll
0x00007fffb86f0000 - 0x00007fffb898b000 	C:\Windows\WinSxS\amd64_microsoft.windows.common-controls_6595b64144ccf1df_6.0.19041.6456_none_60b8a6cb71f64256\COMCTL32.dll
0x00007fffc8be0000 - 0x00007fffc8c7e000 	C:\Windows\System32\msvcrt.dll
0x00007fffc8c80000 - 0x00007fffc8caf000 	C:\Windows\System32\IMM32.DLL
0x00007fffc4a40000 - 0x00007fffc4a4c000 	C:\Program Files\Eclipse Adoptium\jdk-11.0.30.7-hotspot\bin\vcruntime140_1.dll
0x00007fffa48f0000 - 0x00007fffa497d000 	C:\Program Files\Eclipse Adoptium\jdk-11.0.30.7-hotspot\bin\msvcp140.dll
0x00007fff6c500000 - 0x00007fff6d0c2000 	C:\Program Files\Eclipse Adoptium\jdk-11.0.30.7-hotspot\bin\server\jvm.dll
0x00007fffca2e0000 - 0x00007fffca391000 	C:\Windows\System32\ADVAPI32.dll
0x00007fffca120000 - 0x00007fffca1bf000 	C:\Windows\System32\sechost.dll
0x00007fffca460000 - 0x00007fffca580000 	C:\Windows\System32\RPCRT4.dll
0x00007fffc8400000 - 0x00007fffc8427000 	C:\Windows\System32\bcrypt.dll
0x00007fffca1c0000 - 0x00007fffca22b000 	C:\Windows\System32\WS2_32.dll
0x00007fffc8cb0000 - 0x00007fffc8cb8000 	C:\Windows\System32\PSAPI.DLL
0x00007fffb7780000 - 0x00007fffb77a7000 	C:\Windows\SYSTEM32\WINMM.dll
0x00007fffb7850000 - 0x00007fffb785a000 	C:\Windows\SYSTEM32\VERSION.dll
0x00007fffc5f50000 - 0x00007fffc5f62000 	C:\Windows\SYSTEM32\kernel.appcore.dll
0x00007fffc2fd0000 - 0x00007fffc2fe0000 	C:\Program Files\Eclipse Adoptium\jdk-11.0.30.7-hotspot\bin\verify.dll
0x00007fffb7920000 - 0x00007fffb7b21000 	C:\Windows\SYSTEM32\DBGHELP.DLL
0x00007fffb5570000 - 0x00007fffb55a4000 	C:\Windows\SYSTEM32\dbgcore.DLL
0x00007fffc8240000 - 0x00007fffc82c2000 	C:\Windows\System32\bcryptPrimitives.dll
0x00007fffc15b0000 - 0x00007fffc15d8000 	C:\Program Files\Eclipse Adoptium\jdk-11.0.30.7-hotspot\bin\java.dll
0x00007fffc2bc0000 - 0x00007fffc2bca000 	C:\Program Files\Eclipse Adoptium\jdk-11.0.30.7-hotspot\bin\jimage.dll
0x00007fffc2550000 - 0x00007fffc255e000 	C:\Program Files\Eclipse Adoptium\jdk-11.0.30.7-hotspot\bin\instrument.dll
0x00007fffc1590000 - 0x00007fffc15a8000 	C:\Program Files\Eclipse Adoptium\jdk-11.0.30.7-hotspot\bin\zip.dll
0x00007fffc9610000 - 0x00007fffc9d80000 	C:\Windows\System32\SHELL32.dll
0x00007fffc6150000 - 0x00007fffc68f5000 	C:\Windows\SYSTEM32\windows.storage.dll
0x00007fffc8cc0000 - 0x00007fffc9014000 	C:\Windows\System32\combase.dll
0x00007fffc7a30000 - 0x00007fffc7a5b000 	C:\Windows\SYSTEM32\Wldp.dll
0x00007fffc9410000 - 0x00007fffc94dd000 	C:\Windows\System32\OLEAUT32.dll
0x00007fffc90e0000 - 0x00007fffc918d000 	C:\Windows\System32\SHCORE.dll
0x00007fffca400000 - 0x00007fffca45b000 	C:\Windows\System32\shlwapi.dll
0x00007fffc8010000 - 0x00007fffc8034000 	C:\Windows\SYSTEM32\profapi.dll
0x00007fffc1210000 - 0x00007fffc1229000 	C:\Program Files\Eclipse Adoptium\jdk-11.0.30.7-hotspot\bin\net.dll
0x00007fffbec60000 - 0x00007fffbed6a000 	C:\Windows\SYSTEM32\WINHTTP.dll

dbghelp: loaded successfully - version: 4.0.5 - missing functions: none
symbol engine: initialized successfully - sym options: 0x614 - pdb path: .;C:\Program Files\Eclipse Adoptium\jdk-11.0.30.7-hotspot\bin;C:\Windows\SYSTEM32;C:\Windows\WinSxS\amd64_microsoft.windows.common-controls_6595b64144ccf1df_6.0.19041.6456_none_60b8a6cb71f64256;C:\Program Files\Eclipse Adoptium\jdk-11.0.30.7-hotspot\bin\server

VM Arguments:
jvm_args: -javaagent:C:\Users\RAYTHEON\AppData\Local\JetBrains\IntelliJIdea2026.1\captureAgent\debugger-agent.jar=file:///C:/Users/RAYTHEON/AppData/Local/Temp/capture2433469138700053080.props -ea -Didea.test.cyclic.buffer.size=1048576 -javaagent:C:\Program Files\JetBrains\IntelliJ IDEA 2026.1\lib\idea_rt.jar=60248 -Dkotlinx.coroutines.debug.enable.creation.stack.trace=false -Ddebugger.agent.enable.coroutines=true -Dkotlinx.coroutines.debug.enable.flows.stack.trace=true -Dkotlinx.coroutines.debug.enable.mutable.state.flows.stack.trace=true -Ddebugger.async.stack.trace.for.all.threads=true -Dfile.encoding=UTF-8 
java_command: com.intellij.rt.testng.RemoteTestNGStarter -usedefaultlisteners false -socket60247 @w@C:\Users\RAYTHEON\AppData\Local\Temp\idea_working_dirs_testng.tmp -temp C:\Users\RAYTHEON\AppData\Local\Temp\idea_testng.tmp
java_class_path (initial): C:\Program Files\JetBrains\IntelliJ IDEA 2026.1\lib\idea_rt.jar;C:\Program Files\JetBrains\IntelliJ IDEA 2026.1\plugins\testng\lib\testng-rt.jar;F:\selenuim\TodoApplocationProject\target\test-classes;F:\selenuim\TodoApplocationProject\target\classes;C:\Users\RAYTHEON\.m2\repository\org\seleniumhq\selenium\selenium-java\4.43.0\selenium-java-4.43.0.jar;C:\Users\RAYTHEON\.m2\repository\org\seleniumhq\selenium\selenium-api\4.43.0\selenium-api-4.43.0.jar;C:\Users\RAYTHEON\.m2\repository\org\jspecify\jspecify\1.0.0\jspecify-1.0.0.jar;C:\Users\RAYTHEON\.m2\repository\org\seleniumhq\selenium\selenium-chrome-driver\4.43.0\selenium-chrome-driver-4.43.0.jar;C:\Users\RAYTHEON\.m2\repository\com\google\auto\service\auto-service-annotations\1.1.1\auto-service-annotations-1.1.1.jar;C:\Users\RAYTHEON\.m2\repository\org\seleniumhq\selenium\selenium-chromium-driver\4.43.0\selenium-chromium-driver-4.43.0.jar;C:\Users\RAYTHEON\.m2\repository\org\seleniumhq\selenium\selenium-json\4.43.0\selenium-json-4.43.0.jar;C:\Users\RAYTHEON\.m2\repository\org\seleniumhq\selenium\selenium-manager\4.43.0\selenium-manager-4.43.0.jar;C:\Users\RAYTHEON\.m2\repository\org\seleniumhq\selenium\selenium-devtools-v145\4.43.0\selenium-devtools-v145-4.43.0.jar;C:\Users\RAYTHEON\.m2\repository\org\seleniumhq\selenium\selenium-devtools-v146\4.43.0\selenium-devtools-v146-4.43.0.jar;C:\Users\RAYTHEON\.m2\repository\org\seleniumhq\selenium\selenium-devtools-v147\4.43.0\selenium-devtools-v147-4.43.0.jar;C:\Users\RAYTHEON\.m2\repository\org\seleniumhq\selenium\selenium-edge-driver\4.43.0\selenium-edge-driver-4.43.0.jar;C:\Users\RAYTHEON\.m2\repository\org\seleniumhq\selenium\selenium-firefox-driver\4.43.0\selenium-firefox-driver-4.43.0.jar;C:\Users\RAYTHEON\.m2\repository\org\seleniumhq\selenium\selenium-http\4.43.0\selenium-http-4.43.0.jar;C:\Users\RAYTHEON\.m2\repository\org\seleniumhq\selenium\selenium-ie-driver\4.43.0\selenium-ie-driver-4.43.0.jar;C:\Users\RAYTHEON\.m2\repository\org\
Launcher Type: SUN_STANDARD

[Global flags]
     intx CICompilerCount                          = 3                                         {product} {ergonomic}
     uint ConcGCThreads                            = 1                                         {product} {ergonomic}
     uint G1ConcRefinementThreads                  = 4                                         {product} {ergonomic}
   size_t G1HeapRegionSize                         = 1048576                                   {product} {ergonomic}
    uintx GCDrainStackTargetSize                   = 64                                        {product} {ergonomic}
   size_t InitialHeapSize                          = 134217728                                 {product} {ergonomic}
   size_t MarkStackSize                            = 4194304                                   {product} {ergonomic}
   size_t MaxHeapSize                              = 2120220672                                {product} {ergonomic}
   size_t MaxNewSize                               = 1271922688                                {product} {ergonomic}
   size_t MinHeapDeltaBytes                        = 1048576                                   {product} {ergonomic}
    uintx NonNMethodCodeHeapSize                   = 5830732                                {pd product} {ergonomic}
    uintx NonProfiledCodeHeapSize                  = 122913754                              {pd product} {ergonomic}
    uintx ProfiledCodeHeapSize                     = 122913754                              {pd product} {ergonomic}
    uintx ReservedCodeCacheSize                    = 251658240                              {pd product} {ergonomic}
     bool SegmentedCodeCache                       = true                                      {product} {ergonomic}
     bool UseCompressedClassPointers               = true                                 {lp64_product} {ergonomic}
     bool UseCompressedOops                        = true                                 {lp64_product} {ergonomic}
     bool UseG1GC                                  = true                                      {product} {ergonomic}
     bool UseLargePagesIndividualAllocation        = false                                  {pd product} {ergonomic}

Logging:
Log output configuration:
 #0: stdout all=warning uptime,level,tags
 #1: stderr all=off uptime,level,tags

Environment Variables:
JAVA_HOME=C:\Program Files\Eclipse Adoptium\jdk-11.0.30.7-hotspot\
PATH=C:\Program Files\Eclipse Adoptium\jdk-11.0.30.7-hotspot\bin;C:\Program Files\Eclipse Adoptium\jdk-8.0.482.8-hotspot\bin;C:\Windows\system32;C:\Windows;C:\Windows\System32\Wbem;C:\Windows\System32\WindowsPowerShell\v1.0\;C:\Windows\System32\OpenSSH\;C:\Program Files\nodejs\;C:\Users\RAYTHEON\Documents\apache-maven-3.9.15\bin;C:\Users\RAYTHEON\AppData\Local\Microsoft\WindowsApps;C:\Users\RAYTHEON\AppData\Roaming\npm;C:\Program Files\JetBrains\IntelliJ IDEA 2026.1\bin
USERNAME=ADHAM
OS=Windows_NT
PROCESSOR_IDENTIFIER=Intel64 Family 6 Model 42 Stepping 7, GenuineIntel
TMP=C:\Users\RAYTHEON\AppData\Local\Temp
TEMP=C:\Users\RAYTHEON\AppData\Local\Temp



---------------  S Y S T E M  ---------------

OS: Windows 10 , 64 bit Build 19041 (10.0.19041.5915)
OS uptime: 2 days 11:44 hours

CPU:total 4 (initial active 4) (2 cores per cpu, 2 threads per core) family 6 model 42 stepping 7 microcode 0x2f, cmov, cx8, fxsr, mmx, sse, sse2, sse3, ssse3, sse4.1, sse4.2, popcnt, avx, aes, clmul, ht, tsc, tscinvbit

Memory: 4k page, system-wide physical 8086M (977M free)
TotalPageFile size 10134M (AvailPageFile size 5M)
current process WorkingSet (physical memory assigned to process): 34M, peak: 34M
current process commit charge ("private bytes"): 196M, peak: 196M

vm_info: OpenJDK 64-Bit Server VM (11.0.30+7) for windows-amd64 JRE (11.0.30+7), built on Jan 21 2026 06:15:59 by "" with MS VC++ 17.7 (VS2022)

END.
