#
# There is insufficient memory for the Java Runtime Environment to continue.
# Native memory allocation (mmap) failed to map 27262976 bytes for Failed to commit area from 0x0000000089a00000 to 0x000000008b400000 of length 27262976.
# Possible reasons:
#   The system is out of physical RAM or swap space
#   The process is running with CompressedOops enabled, and the Java Heap may be blocking the growth of the native heap
# Possible solutions:
#   Reduce memory load on the system
#   Increase physical memory or swap space
#   Check if swap backing store is full
#   Decrease Java heap size (-Xmx/-Xms)
#   Decrease number of Java threads
#   Decrease Java thread stack sizes (-Xss)
#   Set larger code cache with -XX:ReservedCodeCacheSize=
#   JVM is running with Unscaled Compressed Oops mode in which the Java heap is
#     placed in the first 4GB address space. The Java Heap base address is the
#     maximum limit for the native heap growth. Please use -XX:HeapBaseMinAddress
#     to set the Java Heap base and to place the Java Heap above 4GB virtual address.
# This output file may be truncated or incomplete.
#
#  Out of Memory Error (os_windows.cpp:3391), pid=4000, tid=9272
#
# JRE version: OpenJDK Runtime Environment Temurin-11.0.30+7 (11.0.30+7) (build 11.0.30+7)
# Java VM: OpenJDK 64-Bit Server VM Temurin-11.0.30+7 (11.0.30+7, mixed mode, tiered, compressed oops, g1 gc, windows-amd64)
# No core dump will be written. Minidumps are not enabled by default on client versions of Windows
#

---------------  S U M M A R Y ------------

Command Line: C:\Users\RAYTHEON\AppData\Local\Temp\surefire17653142115100521636\surefirebooter-20260512223031231_3.jar C:\Users\RAYTHEON\AppData\Local\Temp\surefire17653142115100521636 2026-05-12T22-30-30_682-jvmRun1 surefire-20260512223031231_1tmp surefire_0-20260512223031231_2tmp

Host: Intel(R) Core(TM) i5-2450M CPU @ 2.50GHz, 4 cores, 7G,  Windows 10 , 64 bit Build 19041 (10.0.19041.5915)
Time: Tue May 12 22:30:38 2026 Egypt Daylight Time elapsed time: 6.488138 seconds (0d 0h 0m 6s)

---------------  T H R E A D  ---------------

Current thread (0x000002ab86807800):  VMThread "VM Thread" [stack: 0x000000bbfcf00000,0x000000bbfd000000] [id=9272]

Stack: [0x000000bbfcf00000,0x000000bbfd000000]
[error occurred during error reporting (printing stack bounds), id 0xc0000005, EXCEPTION_ACCESS_VIOLATION (0xc0000005) at pc=0x000002abf071112d]

Native frames: (J=compiled Java code, j=interpreted, Vv=VM code, C=native code)
V  [jvm.dll+0x6449fa]
V  [jvm.dll+0x7d6909]
V  [jvm.dll+0x7d7fe9]
V  [jvm.dll+0x7d8645]
V  [jvm.dll+0x7d85fb]
V  [jvm.dll+0x643d08]
V  [jvm.dll+0x6443f8]
C  [ntdll.dll+0xa296f]
C  [ntdll.dll+0x52554]
C  [ntdll.dll+0xa147e]
C  0x000002abf071112d

VM_Operation (0x000000bbfe2fe460): G1CollectForAllocation, mode: safepoint, requested by thread 0x000002ab8879b800


---------------  P R O C E S S  ---------------

Threads class SMR info:
_java_thread_list=0x000002ab88d716c0, length=43, elements={
0x000002abe7f42800, 0x000002ab8683c000, 0x000002ab86845800, 0x000002ab8684a800,
0x000002ab8684b800, 0x000002ab86850000, 0x000002ab86851000, 0x000002ab86857800,
0x000002ab86869800, 0x000002ab87310800, 0x000002ab8781f800, 0x000002ab877e2000,
0x000002ab88410800, 0x000002ab883d5800, 0x000002ab8879b800, 0x000002ab88799000,
0x000002ab8879a000, 0x000002ab8879c800, 0x000002ab8879a800, 0x000002ab88798000,
0x000002ab88796800, 0x000002ab8879d000, 0x000002ab88797800, 0x000002ab89753800,
0x000002ab89750000, 0x000002ab89754800, 0x000002ab89752000, 0x000002ab89752800,
0x000002ab89751000, 0x000002ab89755000, 0x000002ab8974f800, 0x000002ab89756000,
0x000002ab89759000, 0x000002ab8975a000, 0x000002ab8975b000, 0x000002ab89757800,
0x000002ab8975b800, 0x000002ab87369000, 0x000002ab89758800, 0x000002ab8975c800,
0x000002ab89756800, 0x000002ab8975d800, 0x000002ab8975e000
}

Java Threads: ( => current thread )
  0x000002abe7f42800 JavaThread "main" [_thread_blocked, id=14568, stack(0x000000bbfc900000,0x000000bbfca00000)]
  0x000002ab8683c000 JavaThread "Reference Handler" daemon [_thread_blocked, id=3020, stack(0x000000bbfd000000,0x000000bbfd100000)]
  0x000002ab86845800 JavaThread "Finalizer" daemon [_thread_blocked, id=2348, stack(0x000000bbfd100000,0x000000bbfd200000)]
  0x000002ab8684a800 JavaThread "Signal Dispatcher" daemon [_thread_blocked, id=10432, stack(0x000000bbfd300000,0x000000bbfd400000)]
  0x000002ab8684b800 JavaThread "Attach Listener" daemon [_thread_blocked, id=5412, stack(0x000000bbfd400000,0x000000bbfd500000)]
  0x000002ab86850000 JavaThread "Service Thread" daemon [_thread_blocked, id=12448, stack(0x000000bbfd500000,0x000000bbfd600000)]
  0x000002ab86851000 JavaThread "C2 CompilerThread0" daemon [_thread_in_native, id=14900, stack(0x000000bbfd600000,0x000000bbfd700000)]
  0x000002ab86857800 JavaThread "C1 CompilerThread0" daemon [_thread_blocked, id=11772, stack(0x000000bbfd700000,0x000000bbfd800000)]
  0x000002ab86869800 JavaThread "Sweeper thread" daemon [_thread_blocked, id=10736, stack(0x000000bbfd800000,0x000000bbfd900000)]
  0x000002ab87310800 JavaThread "Common-Cleaner" daemon [_thread_blocked, id=13004, stack(0x000000bbfda00000,0x000000bbfdb00000)]
  0x000002ab8781f800 JavaThread "surefire-forkedjvm-stream-flusher" daemon [_thread_blocked, id=748, stack(0x000000bbfdb00000,0x000000bbfdc00000)]
  0x000002ab877e2000 JavaThread "surefire-forkedjvm-command-thread" daemon [_thread_in_native, id=3748, stack(0x000000bbfdc00000,0x000000bbfdd00000)]
  0x000002ab88410800 JavaThread "ForkJoinPool.commonPool-worker-3" daemon [_thread_blocked, id=1164, stack(0x000000bbfe000000,0x000000bbfe100000)]
  0x000002ab883d5800 JavaThread "ForkJoinPool.commonPool-worker-5" daemon [_thread_blocked, id=4272, stack(0x000000bbfe100000,0x000000bbfe200000)]
  0x000002ab8879b800 JavaThread "ForkJoinPool.commonPool-worker-7" daemon [_thread_blocked, id=16080, stack(0x000000bbfe200000,0x000000bbfe300000)]
  0x000002ab88799000 JavaThread "Forwarding newSession on session null to remote" [_thread_blocked, id=11088, stack(0x000000bbfe300000,0x000000bbfe400000)]
  0x000002ab8879a000 JavaThread "TestNG-test-Surefire test-2" [_thread_blocked, id=16492, stack(0x000000bbfe400000,0x000000bbfe500000)]
  0x000002ab8879c800 JavaThread "HttpClient-2-SelectorManager" daemon [_thread_in_native, id=13052, stack(0x000000bbfe600000,0x000000bbfe700000)]
  0x000002ab8879a800 JavaThread "HttpClient-1-SelectorManager" daemon [_thread_in_native, id=13408, stack(0x000000bbfe700000,0x000000bbfe800000)]
  0x000002ab88798000 JavaThread "External Process Output Forwarder - C:\Users\RAYTHEON\.cache\selenium\chromedriver\win64\147.0.7727.117\chromedriver.exe" daemon [_thread_in_native, id=15464, stack(0x000000bbfe800000,0x000000bbfe900000)]
  0x000002ab88796800 JavaThread "Driver Service Executor" daemon [_thread_blocked, id=1016, stack(0x000000bbfe900000,0x000000bbfea00000)]
  0x000002ab8879d000 JavaThread "Driver Service Executor" daemon [_thread_in_native, id=14024, stack(0x000000bbfea00000,0x000000bbfeb00000)]
  0x000002ab88797800 JavaThread "External Process Output Forwarder - C:\Users\RAYTHEON\.cache\selenium\chromedriver\win64\147.0.7727.117\chromedriver.exe" daemon [_thread_in_native, id=488, stack(0x000000bbfeb00000,0x000000bbfec00000)]
  0x000002ab89753800 JavaThread "Driver Service Executor" daemon [_thread_blocked, id=9964, stack(0x000000bbfec00000,0x000000bbfed00000)]
  0x000002ab89750000 JavaThread "Driver Service Executor" daemon [_thread_in_native, id=16472, stack(0x000000bbfed00000,0x000000bbfee00000)]
  0x000002ab89754800 JavaThread "UrlChecker-2" daemon [_thread_blocked, id=3360, stack(0x000000bbfee00000,0x000000bbfef00000)]
  0x000002ab89752000 JavaThread "UrlChecker-3" daemon [_thread_blocked, id=11756, stack(0x000000bbfef00000,0x000000bbff000000)]
  0x000002ab89752800 JavaThread "Keep-Alive-Timer" daemon [_thread_blocked, id=1596, stack(0x000000bbfdf00000,0x000000bbfe000000)]
  0x000002ab89751000 JavaThread "JdkHttpClient-0-0" daemon [_thread_blocked, id=14752, stack(0x000000bbff100000,0x000000bbff200000)]
  0x000002ab89755000 JavaThread "JdkHttpClient-1-0" daemon [_thread_blocked, id=7840, stack(0x000000bbff200000,0x000000bbff300000)]
  0x000002ab8974f800 JavaThread "CompletableFutureDelayScheduler" daemon [_thread_blocked, id=17396, stack(0x000000bbff300000,0x000000bbff400000)]
  0x000002ab89756000 JavaThread "JdkHttpClient-0-1" daemon [_thread_blocked, id=16696, stack(0x000000bbff500000,0x000000bbff600000)]
  0x000002ab89759000 JavaThread "JdkHttpClient-1-1" daemon [_thread_blocked, id=12748, stack(0x000000bbff600000,0x000000bbff700000)]
  0x000002ab8975a000 JavaThread "JdkHttpClient-0-2" daemon [_thread_blocked, id=7148, stack(0x000000bbff700000,0x000000bbff800000)]
  0x000002ab8975b000 JavaThread "JdkHttpClient-1-2" daemon [_thread_blocked, id=14840, stack(0x000000bbff800000,0x000000bbff900000)]
  0x000002ab89757800 JavaThread "JdkHttpClient-1-3" daemon [_thread_blocked, id=16192, stack(0x000000bbff900000,0x000000bbffa00000)]
  0x000002ab8975b800 JavaThread "JdkHttpClient-0-3" daemon [_thread_blocked, id=17104, stack(0x000000bbffa00000,0x000000bbffb00000)]
  0x000002ab87369000 JavaThread "C2 CompilerThread1" daemon [_thread_blocked, id=14664, stack(0x000000bbff400000,0x000000bbff500000)]
  0x000002ab89758800 JavaThread "HttpClient-3-SelectorManager" daemon [_thread_in_native, id=1080, stack(0x000000bbffb00000,0x000000bbffc00000)]
  0x000002ab8975c800 JavaThread "JdkHttpClient-2-0" daemon [_thread_blocked, id=12328, stack(0x000000bbffc00000,0x000000bbffd00000)]
  0x000002ab89756800 JavaThread "JdkHttpClient-2-1" daemon [_thread_blocked, id=8220, stack(0x000000bbffd00000,0x000000bbffe00000)]
  0x000002ab8975d800 JavaThread "JdkHttpClient-2-2" daemon [_thread_blocked, id=14972, stack(0x000000bbffe00000,0x000000bbfff00000)]
  0x000002ab8975e000 JavaThread "JdkHttpClient-2-3" daemon [_thread_blocked, id=16664, stack(0x000000bbfff00000,0x000000bc00000000)]

Other Threads:
=>0x000002ab86807800 VMThread "VM Thread" [stack: 0x000000bbfcf00000,0x000000bbfd000000] [id=9272]
  0x000002ab87309000 WatcherThread [stack: 0x000000bbfd900000,0x000000bbfda00000] [id=14388]
  0x000002abe7f5b800 GCTaskThread "GC Thread#0" [stack: 0x000000bbfca00000,0x000000bbfcb00000] [id=11348]
  0x000002ab87fcb800 GCTaskThread "GC Thread#1" [stack: 0x000000bbfdd00000,0x000000bbfde00000] [id=1108]
  0x000002ab87967800 GCTaskThread "GC Thread#2" [stack: 0x000000bbfde00000,0x000000bbfdf00000] [id=6160]
  0x000002ab88f4e800 GCTaskThread "GC Thread#3" [stack: 0x000000bbfe500000,0x000000bbfe600000] [id=11812]
  0x000002abe7f8b800 ConcurrentGCThread "G1 Main Marker" [stack: 0x000000bbfcb00000,0x000000bbfcc00000] [id=17376]
  0x000002abe7f8e800 ConcurrentGCThread "G1 Conc#0" [stack: 0x000000bbfcc00000,0x000000bbfcd00000] [id=7200]
  0x000002abe801d800 ConcurrentGCThread "G1 Refine#0" [stack: 0x000000bbfcd00000,0x000000bbfce00000] [id=8092]
  0x000002abe801e800 ConcurrentGCThread "G1 Young RemSet Sampling" [stack: 0x000000bbfce00000,0x000000bbfcf00000] [id=884]

Threads with active compile tasks:
C2 CompilerThread0     6510 2506       4       jdk.internal.loader.URLClassPath::getResource (74 bytes)

VM state:at safepoint (normal execution)

VM Mutex/Monitor currently owned by a thread:  ([mutex/lock_event])
[0x000002abe7f403c0] Threads_lock - owner thread: 0x000002ab86807800
[0x000002abe7f3ea70] Heap_lock - owner thread: 0x000002ab8879b800

Heap address: 0x0000000081a00000, size: 2022 MB, Compressed Oops mode: 32-bit
Narrow klass base: 0x0000000000000000, Narrow klass shift: 3
Compressed class space size: 1073741824 Address: 0x0000000100000000

Heap:
 garbage-first heap   total 157696K, used 16307K [0x0000000081a00000, 0x0000000100000000)
  region size 1024K, 6 young (6144K), 6 survivors (6144K)
 Metaspace       used 27820K, capacity 29371K, committed 29440K, reserved 1075200K
  class space    used 3201K, capacity 3838K, committed 3840K, reserved 1048576K
Heap Regions: E=young(eden), S=young(survivor), O=old, HS=humongous(starts), HC=humongous(continues), CS=collection set, F=free, A=archive, TAMS=top-at-mark-start (previous, next)
|   0|0x0000000081a00000, 0x0000000081b00000, 0x0000000081b00000|100%|HS|  |TAMS 0x0000000081b00000, 0x0000000081a00000| Complete 
|   1|0x0000000081b00000, 0x0000000081c00000, 0x0000000081c00000|100%| O|  |TAMS 0x0000000081c00000, 0x0000000081b00000| Untracked 
|   2|0x0000000081c00000, 0x0000000081d00000, 0x0000000081d00000|100%| O|  |TAMS 0x0000000081d00000, 0x0000000081c00000| Untracked 
|   3|0x0000000081d00000, 0x0000000081e00000, 0x0000000081e00000|100%| O|  |TAMS 0x0000000081e00000, 0x0000000081d00000| Untracked 
|   4|0x0000000081e00000, 0x0000000081f00000, 0x0000000081f00000|100%| O|  |TAMS 0x0000000081f00000, 0x0000000081e00000| Untracked 
|   5|0x0000000081f00000, 0x0000000082000000, 0x0000000082000000|100%| O|  |TAMS 0x0000000082000000, 0x0000000081f00000| Untracked 
|   6|0x0000000082000000, 0x0000000082100000, 0x0000000082100000|100%| O|  |TAMS 0x000000008202c800, 0x0000000082000000| Untracked 
|   7|0x0000000082100000, 0x0000000082200000, 0x0000000082200000|100%| O|  |TAMS 0x0000000082100000, 0x0000000082100000| Untracked 
|   8|0x0000000082200000, 0x0000000082300000, 0x0000000082300000|100%| O|  |TAMS 0x0000000082200000, 0x0000000082200000| Untracked 
|   9|0x0000000082300000, 0x00000000823ecc00, 0x0000000082400000| 92%| O|  |TAMS 0x0000000082300000, 0x0000000082300000| Untracked 
|  10|0x0000000082400000, 0x0000000082400000, 0x0000000082500000|  0%| F|  |TAMS 0x0000000082400000, 0x0000000082400000| Untracked 
|  11|0x0000000082500000, 0x0000000082500000, 0x0000000082600000|  0%| F|  |TAMS 0x0000000082500000, 0x0000000082500000| Untracked 
|  12|0x0000000082600000, 0x0000000082600000, 0x0000000082700000|  0%| F|  |TAMS 0x0000000082600000, 0x0000000082600000| Untracked 
|  13|0x0000000082700000, 0x0000000082700000, 0x0000000082800000|  0%| F|  |TAMS 0x0000000082700000, 0x0000000082700000| Untracked 
|  14|0x0000000082800000, 0x0000000082800000, 0x0000000082900000|  0%| F|  |TAMS 0x0000000082800000, 0x0000000082800000| Untracked 
|  15|0x0000000082900000, 0x0000000082900000, 0x0000000082a00000|  0%| F|  |TAMS 0x0000000082900000, 0x0000000082900000| Untracked 
|  16|0x0000000082a00000, 0x0000000082a00000, 0x0000000082b00000|  0%| F|  |TAMS 0x0000000082a00000, 0x0000000082a00000| Untracked 
|  17|0x0000000082b00000, 0x0000000082b00000, 0x0000000082c00000|  0%| F|  |TAMS 0x0000000082b00000, 0x0000000082b00000| Untracked 
|  18|0x0000000082c00000, 0x0000000082c00000, 0x0000000082d00000|  0%| F|  |TAMS 0x0000000082c00000, 0x0000000082c00000| Untracked 
|  19|0x0000000082d00000, 0x0000000082d00000, 0x0000000082e00000|  0%| F|  |TAMS 0x0000000082d00000, 0x0000000082d00000| Untracked 
|  20|0x0000000082e00000, 0x0000000082e00000, 0x0000000082f00000|  0%| F|  |TAMS 0x0000000082e00000, 0x0000000082e00000| Untracked 
|  21|0x0000000082f00000, 0x0000000082f00000, 0x0000000083000000|  0%| F|  |TAMS 0x0000000082f00000, 0x0000000082f00000| Untracked 
|  22|0x0000000083000000, 0x0000000083000000, 0x0000000083100000|  0%| F|  |TAMS 0x0000000083000000, 0x0000000083000000| Untracked 
|  23|0x0000000083100000, 0x0000000083100000, 0x0000000083200000|  0%| F|  |TAMS 0x0000000083100000, 0x0000000083100000| Untracked 
|  24|0x0000000083200000, 0x0000000083200000, 0x0000000083300000|  0%| F|  |TAMS 0x0000000083200000, 0x0000000083200000| Untracked 
|  25|0x0000000083300000, 0x0000000083300000, 0x0000000083400000|  0%| F|  |TAMS 0x0000000083300000, 0x0000000083300000| Untracked 
|  26|0x0000000083400000, 0x0000000083400000, 0x0000000083500000|  0%| F|  |TAMS 0x0000000083400000, 0x0000000083400000| Untracked 
|  27|0x0000000083500000, 0x0000000083500000, 0x0000000083600000|  0%| F|  |TAMS 0x0000000083500000, 0x0000000083500000| Untracked 
|  28|0x0000000083600000, 0x0000000083600000, 0x0000000083700000|  0%| F|  |TAMS 0x0000000083600000, 0x0000000083600000| Untracked 
|  29|0x0000000083700000, 0x0000000083700000, 0x0000000083800000|  0%| F|  |TAMS 0x0000000083700000, 0x0000000083700000| Untracked 
|  30|0x0000000083800000, 0x0000000083800000, 0x0000000083900000|  0%| F|  |TAMS 0x0000000083800000, 0x0000000083800000| Untracked 
|  31|0x0000000083900000, 0x0000000083900000, 0x0000000083a00000|  0%| F|  |TAMS 0x0000000083900000, 0x0000000083900000| Untracked 
|  32|0x0000000083a00000, 0x0000000083a00000, 0x0000000083b00000|  0%| F|  |TAMS 0x0000000083a00000, 0x0000000083a00000| Untracked 
|  33|0x0000000083b00000, 0x0000000083b00000, 0x0000000083c00000|  0%| F|  |TAMS 0x0000000083b00000, 0x0000000083b00000| Untracked 
|  34|0x0000000083c00000, 0x0000000083c00000, 0x0000000083d00000|  0%| F|  |TAMS 0x0000000083c00000, 0x0000000083c00000| Untracked 
|  35|0x0000000083d00000, 0x0000000083d00000, 0x0000000083e00000|  0%| F|  |TAMS 0x0000000083d00000, 0x0000000083d00000| Untracked 
|  36|0x0000000083e00000, 0x0000000083e00000, 0x0000000083f00000|  0%| F|  |TAMS 0x0000000083e00000, 0x0000000083e00000| Untracked 
|  37|0x0000000083f00000, 0x0000000083f00000, 0x0000000084000000|  0%| F|  |TAMS 0x0000000083f00000, 0x0000000083f00000| Untracked 
|  38|0x0000000084000000, 0x0000000084000000, 0x0000000084100000|  0%| F|  |TAMS 0x0000000084000000, 0x0000000084000000| Untracked 
|  39|0x0000000084100000, 0x0000000084100000, 0x0000000084200000|  0%| F|  |TAMS 0x0000000084100000, 0x0000000084100000| Untracked 
|  40|0x0000000084200000, 0x0000000084200000, 0x0000000084300000|  0%| F|  |TAMS 0x0000000084200000, 0x0000000084200000| Untracked 
|  41|0x0000000084300000, 0x0000000084300000, 0x0000000084400000|  0%| F|  |TAMS 0x0000000084300000, 0x0000000084300000| Untracked 
|  42|0x0000000084400000, 0x0000000084400000, 0x0000000084500000|  0%| F|  |TAMS 0x0000000084400000, 0x0000000084400000| Untracked 
|  43|0x0000000084500000, 0x0000000084500000, 0x0000000084600000|  0%| F|  |TAMS 0x0000000084500000, 0x0000000084500000| Untracked 
|  44|0x0000000084600000, 0x0000000084600000, 0x0000000084700000|  0%| F|  |TAMS 0x0000000084600000, 0x0000000084600000| Untracked 
|  45|0x0000000084700000, 0x0000000084700000, 0x0000000084800000|  0%| F|  |TAMS 0x0000000084700000, 0x0000000084700000| Untracked 
|  46|0x0000000084800000, 0x0000000084800000, 0x0000000084900000|  0%| F|  |TAMS 0x0000000084800000, 0x0000000084800000| Untracked 
|  47|0x0000000084900000, 0x0000000084900000, 0x0000000084a00000|  0%| F|  |TAMS 0x0000000084900000, 0x0000000084900000| Untracked 
|  48|0x0000000084a00000, 0x0000000084a00000, 0x0000000084b00000|  0%| F|  |TAMS 0x0000000084a00000, 0x0000000084a00000| Untracked 
|  49|0x0000000084b00000, 0x0000000084b00000, 0x0000000084c00000|  0%| F|  |TAMS 0x0000000084b00000, 0x0000000084b00000| Untracked 
|  50|0x0000000084c00000, 0x0000000084c00000, 0x0000000084d00000|  0%| F|  |TAMS 0x0000000084c00000, 0x0000000084c00000| Untracked 
|  51|0x0000000084d00000, 0x0000000084d00000, 0x0000000084e00000|  0%| F|  |TAMS 0x0000000084d00000, 0x0000000084d00000| Untracked 
|  52|0x0000000084e00000, 0x0000000084e00000, 0x0000000084f00000|  0%| F|  |TAMS 0x0000000084e00000, 0x0000000084e00000| Untracked 
|  53|0x0000000084f00000, 0x0000000084f00000, 0x0000000085000000|  0%| F|  |TAMS 0x0000000084f00000, 0x0000000084f00000| Untracked 
|  54|0x0000000085000000, 0x0000000085000000, 0x0000000085100000|  0%| F|  |TAMS 0x0000000085000000, 0x0000000085000000| Untracked 
|  55|0x0000000085100000, 0x0000000085100000, 0x0000000085200000|  0%| F|  |TAMS 0x0000000085100000, 0x0000000085100000| Untracked 
|  56|0x0000000085200000, 0x0000000085200000, 0x0000000085300000|  0%| F|  |TAMS 0x0000000085200000, 0x0000000085200000| Untracked 
|  57|0x0000000085300000, 0x0000000085300000, 0x0000000085400000|  0%| F|  |TAMS 0x0000000085300000, 0x0000000085300000| Untracked 
|  58|0x0000000085400000, 0x0000000085400000, 0x0000000085500000|  0%| F|  |TAMS 0x0000000085400000, 0x0000000085400000| Untracked 
|  59|0x0000000085500000, 0x0000000085500000, 0x0000000085600000|  0%| F|  |TAMS 0x0000000085500000, 0x0000000085500000| Untracked 
|  60|0x0000000085600000, 0x0000000085600000, 0x0000000085700000|  0%| F|  |TAMS 0x0000000085600000, 0x0000000085600000| Untracked 
|  61|0x0000000085700000, 0x0000000085700000, 0x0000000085800000|  0%| F|  |TAMS 0x0000000085700000, 0x0000000085700000| Untracked 
|  62|0x0000000085800000, 0x0000000085800000, 0x0000000085900000|  0%| F|  |TAMS 0x0000000085800000, 0x0000000085800000| Untracked 
|  63|0x0000000085900000, 0x0000000085900000, 0x0000000085a00000|  0%| F|  |TAMS 0x0000000085900000, 0x0000000085900000| Untracked 
|  64|0x0000000085a00000, 0x0000000085a00000, 0x0000000085b00000|  0%| F|  |TAMS 0x0000000085a00000, 0x0000000085a00000| Untracked 
|  65|0x0000000085b00000, 0x0000000085b00000, 0x0000000085c00000|  0%| F|  |TAMS 0x0000000085b00000, 0x0000000085b00000| Untracked 
|  66|0x0000000085c00000, 0x0000000085c00000, 0x0000000085d00000|  0%| F|  |TAMS 0x0000000085c00000, 0x0000000085c00000| Untracked 
|  67|0x0000000085d00000, 0x0000000085d00000, 0x0000000085e00000|  0%| F|  |TAMS 0x0000000085d00000, 0x0000000085d00000| Untracked 
|  68|0x0000000085e00000, 0x0000000085e00000, 0x0000000085f00000|  0%| F|  |TAMS 0x0000000085e00000, 0x0000000085e00000| Untracked 
|  69|0x0000000085f00000, 0x0000000085f00000, 0x0000000086000000|  0%| F|  |TAMS 0x0000000085f00000, 0x0000000085f00000| Untracked 
|  70|0x0000000086000000, 0x0000000086000000, 0x0000000086100000|  0%| F|  |TAMS 0x0000000086000000, 0x0000000086000000| Untracked 
|  71|0x0000000086100000, 0x0000000086100000, 0x0000000086200000|  0%| F|  |TAMS 0x0000000086100000, 0x0000000086100000| Untracked 
|  72|0x0000000086200000, 0x0000000086200000, 0x0000000086300000|  0%| F|  |TAMS 0x0000000086200000, 0x0000000086200000| Untracked 
|  73|0x0000000086300000, 0x0000000086300000, 0x0000000086400000|  0%| F|  |TAMS 0x0000000086300000, 0x0000000086300000| Untracked 
|  74|0x0000000086400000, 0x0000000086400000, 0x0000000086500000|  0%| F|  |TAMS 0x0000000086400000, 0x0000000086400000| Untracked 
|  75|0x0000000086500000, 0x0000000086600000, 0x0000000086600000|100%| S|CS|TAMS 0x0000000086500000, 0x0000000086500000| Complete 
|  76|0x0000000086600000, 0x0000000086700000, 0x0000000086700000|100%| S|CS|TAMS 0x0000000086600000, 0x0000000086600000| Complete 
|  77|0x0000000086700000, 0x0000000086800000, 0x0000000086800000|100%| S|CS|TAMS 0x0000000086700000, 0x0000000086700000| Complete 
|  78|0x0000000086800000, 0x0000000086900000, 0x0000000086900000|100%| S|CS|TAMS 0x0000000086800000, 0x0000000086800000| Complete 
|  79|0x0000000086900000, 0x0000000086a00000, 0x0000000086a00000|100%| S|CS|TAMS 0x0000000086900000, 0x0000000086900000| Complete 
|  80|0x0000000086a00000, 0x0000000086b00000, 0x0000000086b00000|100%| S|CS|TAMS 0x0000000086a00000, 0x0000000086a00000| Complete 
|  81|0x0000000086b00000, 0x0000000086b00000, 0x0000000086c00000|  0%| F|  |TAMS 0x0000000086b00000, 0x0000000086b00000| Untracked 
|  82|0x0000000086c00000, 0x0000000086c00000, 0x0000000086d00000|  0%| F|  |TAMS 0x0000000086c00000, 0x0000000086c00000| Untracked 
|  83|0x0000000086d00000, 0x0000000086d00000, 0x0000000086e00000|  0%| F|  |TAMS 0x0000000086d00000, 0x0000000086d00000| Untracked 
|  84|0x0000000086e00000, 0x0000000086e00000, 0x0000000086f00000|  0%| F|  |TAMS 0x0000000086e00000, 0x0000000086e00000| Untracked 
|  85|0x0000000086f00000, 0x0000000086f00000, 0x0000000087000000|  0%| F|  |TAMS 0x0000000086f00000, 0x0000000086f00000| Untracked 
|  86|0x0000000087000000, 0x0000000087000000, 0x0000000087100000|  0%| F|  |TAMS 0x0000000087000000, 0x0000000087000000| Untracked 
|  87|0x0000000087100000, 0x0000000087100000, 0x0000000087200000|  0%| F|  |TAMS 0x0000000087100000, 0x0000000087100000| Untracked 
|  88|0x0000000087200000, 0x0000000087200000, 0x0000000087300000|  0%| F|  |TAMS 0x0000000087200000, 0x0000000087200000| Untracked 
|  89|0x0000000087300000, 0x0000000087300000, 0x0000000087400000|  0%| F|  |TAMS 0x0000000087300000, 0x0000000087300000| Untracked 
|  90|0x0000000087400000, 0x0000000087400000, 0x0000000087500000|  0%| F|  |TAMS 0x0000000087400000, 0x0000000087400000| Untracked 
|  91|0x0000000087500000, 0x0000000087500000, 0x0000000087600000|  0%| F|  |TAMS 0x0000000087500000, 0x0000000087500000| Untracked 
|  92|0x0000000087600000, 0x0000000087600000, 0x0000000087700000|  0%| F|  |TAMS 0x0000000087600000, 0x0000000087600000| Untracked 
|  93|0x0000000087700000, 0x0000000087700000, 0x0000000087800000|  0%| F|  |TAMS 0x0000000087700000, 0x0000000087700000| Untracked 
|  94|0x0000000087800000, 0x0000000087800000, 0x0000000087900000|  0%| F|  |TAMS 0x0000000087800000, 0x0000000087800000| Untracked 
|  95|0x0000000087900000, 0x0000000087900000, 0x0000000087a00000|  0%| F|  |TAMS 0x0000000087900000, 0x0000000087900000| Untracked 
|  96|0x0000000087a00000, 0x0000000087a00000, 0x0000000087b00000|  0%| F|  |TAMS 0x0000000087a00000, 0x0000000087a00000| Untracked 
|  97|0x0000000087b00000, 0x0000000087b00000, 0x0000000087c00000|  0%| F|  |TAMS 0x0000000087b00000, 0x0000000087b00000| Untracked 
|  98|0x0000000087c00000, 0x0000000087c00000, 0x0000000087d00000|  0%| F|  |TAMS 0x0000000087c00000, 0x0000000087c00000| Untracked 
|  99|0x0000000087d00000, 0x0000000087d00000, 0x0000000087e00000|  0%| F|  |TAMS 0x0000000087d00000, 0x0000000087d00000| Untracked 
| 100|0x0000000087e00000, 0x0000000087e00000, 0x0000000087f00000|  0%| F|  |TAMS 0x0000000087e00000, 0x0000000087e00000| Untracked 
| 101|0x0000000087f00000, 0x0000000087f00000, 0x0000000088000000|  0%| F|  |TAMS 0x0000000087f00000, 0x0000000087f00000| Untracked 
| 102|0x0000000088000000, 0x0000000088000000, 0x0000000088100000|  0%| F|  |TAMS 0x0000000088000000, 0x0000000088000000| Untracked 
| 103|0x0000000088100000, 0x0000000088100000, 0x0000000088200000|  0%| F|  |TAMS 0x0000000088100000, 0x0000000088100000| Untracked 
| 104|0x0000000088200000, 0x0000000088200000, 0x0000000088300000|  0%| F|  |TAMS 0x0000000088200000, 0x0000000088200000| Untracked 
| 105|0x0000000088300000, 0x0000000088300000, 0x0000000088400000|  0%| F|  |TAMS 0x0000000088300000, 0x0000000088300000| Untracked 
| 106|0x0000000088400000, 0x0000000088400000, 0x0000000088500000|  0%| F|  |TAMS 0x0000000088400000, 0x0000000088400000| Untracked 
| 107|0x0000000088500000, 0x0000000088500000, 0x0000000088600000|  0%| F|  |TAMS 0x0000000088500000, 0x0000000088500000| Untracked 
| 108|0x0000000088600000, 0x0000000088600000, 0x0000000088700000|  0%| F|  |TAMS 0x0000000088600000, 0x0000000088600000| Untracked 
| 109|0x0000000088700000, 0x0000000088700000, 0x0000000088800000|  0%| F|  |TAMS 0x0000000088700000, 0x0000000088700000| Untracked 
| 110|0x0000000088800000, 0x0000000088800000, 0x0000000088900000|  0%| F|  |TAMS 0x0000000088800000, 0x0000000088800000| Untracked 
| 111|0x0000000088900000, 0x0000000088900000, 0x0000000088a00000|  0%| F|  |TAMS 0x0000000088900000, 0x0000000088900000| Untracked 
| 112|0x0000000088a00000, 0x0000000088a00000, 0x0000000088b00000|  0%| F|  |TAMS 0x0000000088a00000, 0x0000000088a00000| Untracked 
| 113|0x0000000088b00000, 0x0000000088b00000, 0x0000000088c00000|  0%| F|  |TAMS 0x0000000088b00000, 0x0000000088b00000| Untracked 
| 114|0x0000000088c00000, 0x0000000088c00000, 0x0000000088d00000|  0%| F|  |TAMS 0x0000000088c00000, 0x0000000088c00000| Untracked 
| 115|0x0000000088d00000, 0x0000000088d00000, 0x0000000088e00000|  0%| F|  |TAMS 0x0000000088d00000, 0x0000000088d00000| Untracked 
| 116|0x0000000088e00000, 0x0000000088e00000, 0x0000000088f00000|  0%| F|  |TAMS 0x0000000088e00000, 0x0000000088e00000| Untracked 
| 117|0x0000000088f00000, 0x0000000088f00000, 0x0000000089000000|  0%| F|  |TAMS 0x0000000088f00000, 0x0000000088f00000| Untracked 
| 118|0x0000000089000000, 0x0000000089000000, 0x0000000089100000|  0%| F|  |TAMS 0x0000000089000000, 0x0000000089000000| Untracked 
| 119|0x0000000089100000, 0x0000000089100000, 0x0000000089200000|  0%| F|  |TAMS 0x0000000089100000, 0x0000000089100000| Untracked 
| 120|0x0000000089200000, 0x0000000089200000, 0x0000000089300000|  0%| F|  |TAMS 0x0000000089200000, 0x0000000089200000| Untracked 
| 121|0x0000000089300000, 0x0000000089300000, 0x0000000089400000|  0%| F|  |TAMS 0x0000000089300000, 0x0000000089300000| Untracked 
| 122|0x0000000089400000, 0x0000000089400000, 0x0000000089500000|  0%| F|  |TAMS 0x0000000089400000, 0x0000000089400000| Untracked 
| 123|0x0000000089500000, 0x0000000089500000, 0x0000000089600000|  0%| F|  |TAMS 0x0000000089500000, 0x0000000089500000| Untracked 
| 124|0x0000000089600000, 0x0000000089600000, 0x0000000089700000|  0%| F|  |TAMS 0x0000000089600000, 0x0000000089600000| Untracked 
| 125|0x0000000089700000, 0x0000000089700000, 0x0000000089800000|  0%| F|  |TAMS 0x0000000089700000, 0x0000000089700000| Untracked 
| 126|0x0000000089800000, 0x0000000089800000, 0x0000000089900000|  0%| F|  |TAMS 0x0000000089800000, 0x0000000089800000| Untracked 
| 127|0x0000000089900000, 0x0000000089900000, 0x0000000089a00000|  0%| F|  |TAMS 0x0000000089900000, 0x0000000089900000| Untracked 

Card table byte_map: [0x000002abffb10000,0x000002abfff10000] _byte_map_base: 0x000002abff703000

Marking Bits (Prev, Next): (CMBitMap*) 0x000002abe7f82c40, (CMBitMap*) 0x000002abe7f82c08
 Prev Bits: [0x000002ab823a0000, 0x000002ab84338000)
 Next Bits: [0x000002ab80400000, 0x000002ab82398000)

Polling page: 0x000002abe5f30000

Metaspace:

Usage:
  Non-class:     24.93 MB capacity,    24.04 MB ( 96%) used,   743.57 KB (  3%) free+waste,   171.38 KB ( <1%) overhead. 
      Class:      3.75 MB capacity,     3.13 MB ( 83%) used,   548.70 KB ( 14%) free+waste,    87.31 KB (  2%) overhead. 
       Both:     28.68 MB capacity,    27.17 MB ( 95%) used,     1.26 MB (  4%) free+waste,   258.69 KB ( <1%) overhead. 

Virtual space:
  Non-class space:       26.00 MB reserved,      25.00 MB ( 96%) committed 
      Class space:        1.00 GB reserved,       3.75 MB ( <1%) committed 
             Both:        1.03 GB reserved,      28.75 MB (  3%) committed 

Chunk freelists:
   Non-Class:  3.00 KB
       Class:  2.00 KB
        Both:  5.00 KB

MaxMetaspaceSize: 17179869184.00 GB
CompressedClassSpaceSize: 1.00 GB
Initial GC threshold: 20.80 MB
Current GC threshold: 35.00 MB
CDS: off

CodeHeap 'non-profiled nmethods': size=120064Kb used=1161Kb max_used=1161Kb free=118902Kb
 bounds [0x000002abf81d0000, 0x000002abf8440000, 0x000002abff710000]
CodeHeap 'profiled nmethods': size=120000Kb used=5472Kb max_used=5472Kb free=114527Kb
 bounds [0x000002abf0ca0000, 0x000002abf1200000, 0x000002abf81d0000]
CodeHeap 'non-nmethods': size=5696Kb used=1252Kb max_used=1271Kb free=4443Kb
 bounds [0x000002abf0710000, 0x000002abf0980000, 0x000002abf0ca0000]
 total_blobs=3110 nmethods=2575 adapters=447
 compilation: enabled
              stopped_count=0, restarted_count=0
 full_count=0

Compilation events (20 events):
Event: 6.445 Thread 0x000002ab86857800 2573       3       jdk.internal.misc.Unsafe::getAndAddLong (27 bytes)
Event: 6.445 Thread 0x000002ab86857800 nmethod 2573 0x000002abf11f2e90 code [0x000002abf11f3040, 0x000002abf11f3298]
Event: 6.447 Thread 0x000002ab86857800 2574       1       java.util.TreeMap::size (5 bytes)
Event: 6.447 Thread 0x000002ab86857800 nmethod 2574 0x000002abf82f1790 code [0x000002abf82f1940, 0x000002abf82f19f8]
Event: 6.448 Thread 0x000002ab86857800 2575       3       java.util.Collections$UnmodifiableMap$UnmodifiableEntrySet$UnmodifiableEntry::getKey (10 bytes)
Event: 6.449 Thread 0x000002ab86857800 nmethod 2575 0x000002abf11f3390 code [0x000002abf11f3540, 0x000002abf11f3708]
Event: 6.449 Thread 0x000002ab86857800 2576       3       java.util.Collections$UnmodifiableMap$UnmodifiableEntrySet$UnmodifiableEntry::<init> (16 bytes)
Event: 6.449 Thread 0x000002ab86857800 nmethod 2576 0x000002abf11f3810 code [0x000002abf11f3a00, 0x000002abf11f3e08]
Event: 6.450 Thread 0x000002ab86857800 2577       3       java.lang.Math::multiplyExact (74 bytes)
Event: 6.450 Thread 0x000002ab86857800 nmethod 2577 0x000002abf11f3f90 code [0x000002abf11f4180, 0x000002abf11f4688]
Event: 6.450 Thread 0x000002ab86857800 2578       3       java.lang.invoke.VarHandleGuards::guard_LL_V (103 bytes)
Event: 6.453 Thread 0x000002ab86857800 nmethod 2578 0x000002abf11f4810 code [0x000002abf11f4b80, 0x000002abf11f6628]
Event: 6.453 Thread 0x000002ab86857800 2579       3       java.util.concurrent.locks.AbstractQueuedSynchronizer::acquire (27 bytes)
Event: 6.454 Thread 0x000002ab86857800 nmethod 2579 0x000002abf11f6f10 code [0x000002abf11f7100, 0x000002abf11f74d8]
Event: 6.456 Thread 0x000002ab86857800 2581       3       java.lang.invoke.VarHandleObjects$FieldInstanceReadWrite::set (30 bytes)
Event: 6.457 Thread 0x000002ab86857800 nmethod 2581 0x000002abf11f7610 code [0x000002abf11f7840, 0x000002abf11f7f48]
Event: 6.458 Thread 0x000002ab87369000 2582       4       java.lang.ClassLoader::checkName (37 bytes)
Event: 6.460 Thread 0x000002ab86857800 2583       1       java.util.logging.Level::intValue (5 bytes)
Event: 6.460 Thread 0x000002ab86857800 nmethod 2583 0x000002abf82f1d90 code [0x000002abf82f1f40, 0x000002abf82f1ff8]
Event: 6.464 Thread 0x000002ab87369000 nmethod 2582 0x000002abf82f2090 code [0x000002abf82f2240, 0x000002abf82f2438]

GC Heap History (9 events):
Event: 0.637 GC heap before
{Heap before GC invocations=0 (full 0):
 garbage-first heap   total 131072K, used 14336K [0x0000000081a00000, 0x0000000100000000)
  region size 1024K, 14 young (14336K), 0 survivors (0K)
 Metaspace       used 9179K, capacity 9297K, committed 9344K, reserved 1058816K
  class space    used 839K, capacity 890K, committed 896K, reserved 1048576K
}
Event: 0.642 GC heap after
{Heap after GC invocations=1 (full 0):
 garbage-first heap   total 131072K, used 5506K [0x0000000081a00000, 0x0000000100000000)
  region size 1024K, 2 young (2048K), 2 survivors (2048K)
 Metaspace       used 9179K, capacity 9297K, committed 9344K, reserved 1058816K
  class space    used 839K, capacity 890K, committed 896K, reserved 1048576K
}
Event: 1.306 GC heap before
{Heap before GC invocations=1 (full 0):
 garbage-first heap   total 131072K, used 17794K [0x0000000081a00000, 0x0000000100000000)
  region size 1024K, 14 young (14336K), 2 survivors (2048K)
 Metaspace       used 12748K, capacity 13173K, committed 13312K, reserved 1060864K
  class space    used 1273K, capacity 1450K, committed 1536K, reserved 1048576K
}
Event: 1.311 GC heap after
{Heap after GC invocations=2 (full 0):
 garbage-first heap   total 131072K, used 6392K [0x0000000081a00000, 0x0000000100000000)
  region size 1024K, 1 young (1024K), 1 survivors (1024K)
 Metaspace       used 12748K, capacity 13173K, committed 13312K, reserved 1060864K
  class space    used 1273K, capacity 1450K, committed 1536K, reserved 1048576K
}
Event: 2.117 GC heap before
{Heap before GC invocations=2 (full 0):
 garbage-first heap   total 131072K, used 36088K [0x0000000081a00000, 0x0000000100000000)
  region size 1024K, 30 young (30720K), 1 survivors (1024K)
 Metaspace       used 18897K, capacity 19729K, committed 19840K, reserved 1067008K
  class space    used 1987K, capacity 2323K, committed 2432K, reserved 1048576K
}
Event: 2.129 GC heap after
{Heap after GC invocations=3 (full 0):
 garbage-first heap   total 131072K, used 9062K [0x0000000081a00000, 0x0000000100000000)
  region size 1024K, 4 young (4096K), 4 survivors (4096K)
 Metaspace       used 18897K, capacity 19729K, committed 19840K, reserved 1067008K
  class space    used 1987K, capacity 2323K, committed 2432K, reserved 1048576K
}
Event: 2.370 GC heap before
{Heap before GC invocations=3 (full 0):
 garbage-first heap   total 131072K, used 18278K [0x0000000081a00000, 0x0000000100000000)
  region size 1024K, 14 young (14336K), 4 survivors (4096K)
 Metaspace       used 20292K, capacity 21136K, committed 21248K, reserved 1069056K
  class space    used 2109K, capacity 2472K, committed 2560K, reserved 1048576K
}
Event: 2.382 GC heap after
{Heap after GC invocations=4 (full 0):
 garbage-first heap   total 131072K, used 11241K [0x0000000081a00000, 0x0000000100000000)
  region size 1024K, 5 young (5120K), 5 survivors (5120K)
 Metaspace       used 20292K, capacity 21136K, committed 21248K, reserved 1069056K
  class space    used 2109K, capacity 2472K, committed 2560K, reserved 1048576K
}
Event: 6.469 GC heap before
{Heap before GC invocations=5 (full 0):
 garbage-first heap   total 131072K, used 54249K [0x0000000081a00000, 0x0000000100000000)
  region size 1024K, 47 young (48128K), 5 survivors (5120K)
 Metaspace       used 27820K, capacity 29371K, committed 29440K, reserved 1075200K
  class space    used 3201K, capacity 3838K, committed 3840K, reserved 1048576K
}

Deoptimization events (20 events):
Event: 3.045 Thread 0x000002ab8879a000 DEOPT UNPACKING pc=0x000002abf075a1af sp=0x000000bbfe4fce70 mode 2
Event: 3.045 Thread 0x000002ab88799000 DEOPT UNPACKING pc=0x000002abf075a1af sp=0x000000bbfe3fd000 mode 2
Event: 3.121 Thread 0x000002ab89755000 Uncommon trap: trap_request=0xffffffcc fr.pc=0x000002abf82c1eb4 relative=0x00000000000001f4
Event: 3.121 Thread 0x000002ab89751000 Uncommon trap: trap_request=0xffffffcc fr.pc=0x000002abf82c1eb4 relative=0x00000000000001f4
Event: 3.121 Thread 0x000002ab89755000 Uncommon trap: reason=intrinsic_or_type_checked_inlining action=make_not_entrant pc=0x000002abf82c1eb4 method=java.util.Arrays.copyOf([Ljava/lang/Object;ILjava/lang/Class;)[Ljava/lang/Object; @ 35 c2
Event: 3.121 Thread 0x000002ab89751000 Uncommon trap: reason=intrinsic_or_type_checked_inlining action=make_not_entrant pc=0x000002abf82c1eb4 method=java.util.Arrays.copyOf([Ljava/lang/Object;ILjava/lang/Class;)[Ljava/lang/Object; @ 35 c2
Event: 3.121 Thread 0x000002ab89755000 DEOPT PACKING pc=0x000002abf82c1eb4 sp=0x000000bbff2fcf30
Event: 3.121 Thread 0x000002ab89751000 DEOPT PACKING pc=0x000002abf82c1eb4 sp=0x000000bbff1fcfb0
Event: 3.121 Thread 0x000002ab89755000 DEOPT UNPACKING pc=0x000002abf075a1af sp=0x000000bbff2fcec0 mode 2
Event: 3.121 Thread 0x000002ab89751000 DEOPT UNPACKING pc=0x000002abf075a1af sp=0x000000bbff1fcf40 mode 2
Event: 3.170 Thread 0x000002ab8879a800 Uncommon trap: trap_request=0xffffff4d fr.pc=0x000002abf8290910 relative=0x0000000000001330
Event: 3.170 Thread 0x000002ab8879a800 Uncommon trap: reason=unstable_if action=reinterpret pc=0x000002abf8290910 method=java.util.concurrent.ConcurrentHashMap.transfer([Ljava/util/concurrent/ConcurrentHashMap$Node;[Ljava/util/concurrent/ConcurrentHashMap$Node;)V @ 34 c2
Event: 3.170 Thread 0x000002ab8879a800 DEOPT PACKING pc=0x000002abf8290910 sp=0x000000bbfe7fe650
Event: 3.170 Thread 0x000002ab8879a800 DEOPT UNPACKING pc=0x000002abf075a1af sp=0x000000bbfe7fe5f8 mode 2
Event: 3.170 Thread 0x000002ab8879c800 Uncommon trap: trap_request=0xffffff4d fr.pc=0x000002abf8290a08 relative=0x0000000000001428
Event: 3.170 Thread 0x000002ab8879c800 Uncommon trap: reason=unstable_if action=reinterpret pc=0x000002abf8290a08 method=java.util.concurrent.ConcurrentHashMap.transfer([Ljava/util/concurrent/ConcurrentHashMap$Node;[Ljava/util/concurrent/ConcurrentHashMap$Node;)V @ 273 c2
Event: 3.170 Thread 0x000002ab8879c800 DEOPT PACKING pc=0x000002abf8290a08 sp=0x000000bbfe6fe220
Event: 3.170 Thread 0x000002ab8879c800 DEOPT UNPACKING pc=0x000002abf075a1af sp=0x000000bbfe6fe1c0 mode 2
Event: 6.429 Thread 0x000002ab8879a000 DEOPT PACKING pc=0x000002abf11bd776 sp=0x000000bbfe4fab50
Event: 6.429 Thread 0x000002ab8879a000 DEOPT UNPACKING pc=0x000002abf075a95e sp=0x000000bbfe4fa070 mode 0

Classes redefined (0 events):
No events

Internal exceptions (20 events):
Event: 2.985 Thread 0x000002ab8879a000 Exception <a 'java/lang/NoSuchMethodError'{0x0000000087bbd880}: 'long java.lang.invoke.DirectMethodHandle$Holder.invokeVirtual(java.lang.Object, java.lang.Object)'> (0x0000000087bbd880) thrown at [s\src\hotspot\share\interpreter\linkResolver.cpp, line 773]
Event: 3.021 Thread 0x000002ab8879a000 Exception <a 'java/lang/NoSuchMethodError'{0x0000000087953828}: 'java.lang.Object java.lang.invoke.Invokers$Holder.linkToTargetMethod(java.lang.Object, int, int, java.lang.Object)'> (0x0000000087953828) thrown at [s\src\hotspot\share\interpreter\linkResolver.cpp, line 773]
Event: 3.021 Thread 0x000002ab88799000 Exception <a 'java/lang/NoSuchMethodError'{0x000000008792a580}: 'java.lang.Object java.lang.invoke.Invokers$Holder.linkToTargetMethod(java.lang.Object, int, int, java.lang.Object)'> (0x000000008792a580) thrown at [s\src\hotspot\share\interpreter\linkResolver.cpp, line 773]
Event: 3.024 Thread 0x000002ab88799000 Exception <a 'java/lang/NoSuchMethodError'{0x000000008792d1e0}: 'void java.lang.invoke.DirectMethodHandle$Holder.invokeStatic(java.lang.Object, java.lang.Object, int)'> (0x000000008792d1e0) thrown at [s\src\hotspot\share\interpreter\linkResolver.cpp, line 773]
Event: 3.024 Thread 0x000002ab8879a000 Exception <a 'java/lang/NoSuchMethodError'{0x00000000879568c0}: 'void java.lang.invoke.DirectMethodHandle$Holder.invokeStatic(java.lang.Object, java.lang.Object, int)'> (0x00000000879568c0) thrown at [s\src\hotspot\share\interpreter\linkResolver.cpp, line 773]
Event: 3.050 Thread 0x000002ab8879a000 Exception <a 'java/lang/NoSuchMethodError'{0x0000000087869790}: 'int java.lang.invoke.DirectMethodHandle$Holder.invokeVirtual(java.lang.Object, java.lang.Object, java.lang.Object)'> (0x0000000087869790) thrown at [s\src\hotspot\share\interpreter\linkResolver.cpp, line 773]
Event: 3.050 Thread 0x000002ab88799000 Exception <a 'java/lang/NoSuchMethodError'{0x00000000878c0a90}: 'int java.lang.invoke.DirectMethodHandle$Holder.invokeVirtual(java.lang.Object, java.lang.Object, java.lang.Object)'> (0x00000000878c0a90) thrown at [s\src\hotspot\share\interpreter\linkResolver.cpp, line 773]
Event: 3.119 Thread 0x000002ab89755000 Exception <a 'java/lang/NoSuchMethodError'{0x00000000876de028}: 'java.lang.Object java.lang.invoke.DirectMethodHandle$Holder.invokeSpecial(java.lang.Object, java.lang.Object, int, int, java.lang.Object, java.lang.Object, int)'> (0x00000000876de028) thrown at [s\src\hotspot\share\interpreter\linkResolver.cpp, line 773]
Event: 3.119 Thread 0x000002ab89755000 Exception <a 'java/lang/NoSuchMethodError'{0x00000000876e14b8}: 'java.lang.Object java.lang.invoke.DelegatingMethodHandle$Holder.reinvoke_L(java.lang.Object, int, int, java.lang.Object, java.lang.Object, int)'> (0x00000000876e14b8) thrown at [s\src\hotspot\share\interpreter\linkResolver.cpp, line 773]
Event: 3.119 Thread 0x000002ab89751000 Exception <a 'java/lang/NoSuchMethodError'{0x00000000876b8008}: 'java.lang.Object java.lang.invoke.DelegatingMethodHandle$Holder.reinvoke_L(java.lang.Object, int, int, java.lang.Object, java.lang.Object, int)'> (0x00000000876b8008) thrown at [s\src\hotspot\share\interpreter\linkResolver.cpp, line 773]
Event: 3.122 Thread 0x000002ab89751000 Exception <a 'java/lang/NoSuchMethodError'{0x00000000876c7b60}: 'java.lang.Object java.lang.invoke.DirectMethodHandle$Holder.invokeSpecial(java.lang.Object, java.lang.Object, java.lang.Object, java.lang.Object, int)'> (0x00000000876c7b60) thrown at [s\src\hotspot\share\interpreter\linkResolver.cpp, line 773]
Event: 3.122 Thread 0x000002ab89755000 Exception <a 'java/lang/NoSuchMethodError'{0x00000000876f2068}: 'java.lang.Object java.lang.invoke.DirectMethodHandle$Holder.invokeSpecial(java.lang.Object, java.lang.Object, java.lang.Object, java.lang.Object, int)'> (0x00000000876f2068) thrown at [s\src\hotspot\share\interpreter\linkResolver.cpp, line 773]
Event: 3.122 Thread 0x000002ab89751000 Exception <a 'java/lang/NoSuchMethodError'{0x00000000876cabc8}: 'java.lang.Object java.lang.invoke.Invokers$Holder.linkToTargetMethod(java.lang.Object, java.lang.Object, int, java.lang.Object)'> (0x00000000876cabc8) thrown at [s\src\hotspot\share\interpreter\linkResolver.cpp, line 773]
Event: 3.122 Thread 0x000002ab89755000 Exception <a 'java/lang/NoSuchMethodError'{0x00000000876f5080}: 'java.lang.Object java.lang.invoke.Invokers$Holder.linkToTargetMethod(java.lang.Object, java.lang.Object, int, java.lang.Object)'> (0x00000000876f5080) thrown at [s\src\hotspot\share\interpreter\linkResolver.cpp, line 773]
Event: 3.154 Thread 0x000002ab89751000 Exception <a 'java/lang/NoSuchMethodError'{0x0000000087569128}: 'void java.lang.invoke.DirectMethodHandle$Holder.invokeSpecial(java.lang.Object, java.lang.Object, java.lang.Object, java.lang.Object, java.lang.Object)'> (0x0000000087569128) thrown at [s\src\hotspot\share\interpreter\linkResolver.cpp, line 773]
Event: 3.154 Thread 0x000002ab89755000 Exception <a 'java/lang/NoSuchMethodError'{0x0000000087574978}: 'void java.lang.invoke.DirectMethodHandle$Holder.invokeSpecial(java.lang.Object, java.lang.Object, java.lang.Object, java.lang.Object, java.lang.Object)'> (0x0000000087574978) thrown at [s\src\hotspot\share\interpreter\linkResolver.cpp, line 773]
Event: 3.163 Thread 0x000002ab89755000 Exception <a 'java/lang/NoSuchMethodError'{0x0000000087593828}: 'long java.lang.invoke.DirectMethodHandle$Holder.invokeStatic(java.lang.Object, long, long)'> (0x0000000087593828) thrown at [s\src\hotspot\share\interpreter\linkResolver.cpp, line 773]
Event: 3.163 Thread 0x000002ab89751000 Exception <a 'java/lang/NoSuchMethodError'{0x00000000875c0508}: 'long java.lang.invoke.DirectMethodHandle$Holder.invokeStatic(java.lang.Object, long, long)'> (0x00000000875c0508) thrown at [s\src\hotspot\share\interpreter\linkResolver.cpp, line 773]
Event: 6.142 Thread 0x000002ab8975b800 Exception <a 'java/lang/NoSuchMethodError'{0x0000000087244428}: 'void java.lang.invoke.DirectMethodHandle$Holder.invokeSpecial(java.lang.Object, java.lang.Object, java.lang.Object, java.lang.Object, java.lang.Object, java.lang.Object, java.lang.Object)'> (0x0000000087244428) thrown at [s\src\hotspot\share\interpreter\linkResolver.cpp, line 773]
Event: 6.302 Thread 0x000002ab8879a000 Exception <a 'java/lang/NoSuchMethodError'{0x000000008774c940}: 'java.lang.Object java.lang.invoke.DirectMethodHandle$Holder.invokeSpecialIFC(java.lang.Object, java.lang.Object, java.lang.Object)'> (0x000000008774c940) thrown at [s\src\hotspot\share\interpreter\linkResolver.cpp, line 773]

Events (20 events):
Event: 6.444 loading class java/net/http/HttpResponse$BodyHandler done
Event: 6.445 loading class java/net/http/HttpResponse
Event: 6.445 loading class java/net/http/HttpResponse done
Event: 6.445 loading class java/net/http/HttpResponse
Event: 6.446 loading class java/net/http/HttpResponse done
Event: 6.446 loading class java/net/http/HttpResponse
Event: 6.446 loading class java/net/http/HttpResponse done
Event: 6.446 loading class jdk/internal/net/http/websocket/OpeningHandshake
Event: 6.446 loading class jdk/internal/net/http/websocket/OpeningHandshake done
Event: 6.447 Executing VM operation: RevokeBias
Event: 6.447 Executing VM operation: RevokeBias done
Event: 6.455 Executing VM operation: RevokeBias
Event: 6.455 Executing VM operation: RevokeBias done
Event: 6.455 Executing VM operation: RevokeBias
Event: 6.455 Executing VM operation: RevokeBias done
Event: 6.455 Executing VM operation: RevokeBias
Event: 6.455 Executing VM operation: RevokeBias done
Event: 6.457 loading class jdk/internal/net/http/Http1Exchange
Event: 6.457 loading class jdk/internal/net/http/Http1Exchange done
Event: 6.469 Executing VM operation: G1CollectForAllocation


Dynamic libraries:
0x00007ff6399b0000 - 0x00007ff6399be000 	C:\Program Files\Eclipse Adoptium\jdk-11.0.30.7-hotspot\bin\java.exe
0x00007ffa54810000 - 0x00007ffa54a08000 	C:\Windows\SYSTEM32\ntdll.dll
0x00007ffa53f90000 - 0x00007ffa54052000 	C:\Windows\System32\KERNEL32.DLL
0x00007ffa52170000 - 0x00007ffa52466000 	C:\Windows\System32\KERNELBASE.dll
0x00007ffa524f0000 - 0x00007ffa525f0000 	C:\Windows\System32\ucrtbase.dll
0x00007ffa4e110000 - 0x00007ffa4e127000 	C:\Program Files\Eclipse Adoptium\jdk-11.0.30.7-hotspot\bin\jli.dll
0x00007ffa528d0000 - 0x00007ffa52a71000 	C:\Windows\System32\USER32.dll
0x00007ffa52090000 - 0x00007ffa520b2000 	C:\Windows\System32\win32u.dll
0x00007ffa53580000 - 0x00007ffa535ab000 	C:\Windows\System32\GDI32.dll
0x00007ffa51f70000 - 0x00007ffa52089000 	C:\Windows\System32\gdi32full.dll
0x00007ffa51ea0000 - 0x00007ffa51f3d000 	C:\Windows\System32\msvcp_win.dll
0x00007ffa4c560000 - 0x00007ffa4c57e000 	C:\Program Files\Eclipse Adoptium\jdk-11.0.30.7-hotspot\bin\VCRUNTIME140.dll
0x00007ffa43430000 - 0x00007ffa436cb000 	C:\Windows\WinSxS\amd64_microsoft.windows.common-controls_6595b64144ccf1df_6.0.19041.6456_none_60b8a6cb71f64256\COMCTL32.dll
0x00007ffa54060000 - 0x00007ffa540fe000 	C:\Windows\System32\msvcrt.dll
0x00007ffa53e50000 - 0x00007ffa53e7f000 	C:\Windows\System32\IMM32.DLL
0x00007ffa4e100000 - 0x00007ffa4e10c000 	C:\Program Files\Eclipse Adoptium\jdk-11.0.30.7-hotspot\bin\vcruntime140_1.dll
0x00007ffa4bd50000 - 0x00007ffa4bddd000 	C:\Program Files\Eclipse Adoptium\jdk-11.0.30.7-hotspot\bin\msvcp140.dll
0x00007ffa1cdf0000 - 0x00007ffa1d9b2000 	C:\Program Files\Eclipse Adoptium\jdk-11.0.30.7-hotspot\bin\server\jvm.dll
0x00007ffa52f10000 - 0x00007ffa52fc1000 	C:\Windows\System32\ADVAPI32.dll
0x00007ffa53060000 - 0x00007ffa530ff000 	C:\Windows\System32\sechost.dll
0x00007ffa52df0000 - 0x00007ffa52f10000 	C:\Windows\System32\RPCRT4.dll
0x00007ffa51f40000 - 0x00007ffa51f67000 	C:\Windows\System32\bcrypt.dll
0x00007ffa52bc0000 - 0x00007ffa52c2b000 	C:\Windows\System32\WS2_32.dll
0x00007ffa52830000 - 0x00007ffa52838000 	C:\Windows\System32\PSAPI.DLL
0x00007ffa41b70000 - 0x00007ffa41b97000 	C:\Windows\SYSTEM32\WINMM.dll
0x00007ffa41ba0000 - 0x00007ffa41baa000 	C:\Windows\SYSTEM32\VERSION.dll
0x00007ffa4fd10000 - 0x00007ffa4fd22000 	C:\Windows\SYSTEM32\kernel.appcore.dll
0x00007ffa4cf90000 - 0x00007ffa4cfa0000 	C:\Program Files\Eclipse Adoptium\jdk-11.0.30.7-hotspot\bin\verify.dll
0x00007ffa41bb0000 - 0x00007ffa41db1000 	C:\Windows\SYSTEM32\DBGHELP.DLL
0x00007ffa3f3b0000 - 0x00007ffa3f3e4000 	C:\Windows\SYSTEM32\dbgcore.DLL
0x00007ffa52640000 - 0x00007ffa526c2000 	C:\Windows\System32\bcryptPrimitives.dll
0x00007ffa4be20000 - 0x00007ffa4be48000 	C:\Program Files\Eclipse Adoptium\jdk-11.0.30.7-hotspot\bin\java.dll
0x00007ffa4c0c0000 - 0x00007ffa4c0ca000 	C:\Program Files\Eclipse Adoptium\jdk-11.0.30.7-hotspot\bin\jimage.dll
0x00007ffa4bd30000 - 0x00007ffa4bd48000 	C:\Program Files\Eclipse Adoptium\jdk-11.0.30.7-hotspot\bin\zip.dll
0x00007ffa536e0000 - 0x00007ffa53e50000 	C:\Windows\System32\SHELL32.dll
0x00007ffa4ff10000 - 0x00007ffa506b5000 	C:\Windows\SYSTEM32\windows.storage.dll
0x00007ffa53100000 - 0x00007ffa53454000 	C:\Windows\System32\combase.dll
0x00007ffa517f0000 - 0x00007ffa5181b000 	C:\Windows\SYSTEM32\Wldp.dll
0x00007ffa52d20000 - 0x00007ffa52ded000 	C:\Windows\System32\OLEAUT32.dll
0x00007ffa53ee0000 - 0x00007ffa53f8d000 	C:\Windows\System32\SHCORE.dll
0x00007ffa52a80000 - 0x00007ffa52adb000 	C:\Windows\System32\shlwapi.dll
0x00007ffa51dd0000 - 0x00007ffa51df4000 	C:\Windows\SYSTEM32\profapi.dll
0x00007ffa4bcd0000 - 0x00007ffa4bce9000 	C:\Program Files\Eclipse Adoptium\jdk-11.0.30.7-hotspot\bin\net.dll
0x00007ffa4b610000 - 0x00007ffa4b71a000 	C:\Windows\SYSTEM32\WINHTTP.dll
0x00007ffa51550000 - 0x00007ffa515ba000 	C:\Windows\system32\mswsock.dll
0x00007ffa4bc90000 - 0x00007ffa4bca3000 	C:\Program Files\Eclipse Adoptium\jdk-11.0.30.7-hotspot\bin\nio.dll
0x00007ffa4be10000 - 0x00007ffa4be1a000 	C:\Program Files\Eclipse Adoptium\jdk-11.0.30.7-hotspot\bin\management.dll
0x00007ffa4bd20000 - 0x00007ffa4bd2b000 	C:\Program Files\Eclipse Adoptium\jdk-11.0.30.7-hotspot\bin\management_ext.dll
0x00007ffa51750000 - 0x00007ffa51768000 	C:\Windows\SYSTEM32\CRYPTSP.dll
0x00007ffa50e70000 - 0x00007ffa50ea8000 	C:\Windows\system32\rsaenh.dll
0x00007ffa51d50000 - 0x00007ffa51d7e000 	C:\Windows\SYSTEM32\USERENV.dll
0x00007ffa51740000 - 0x00007ffa5174c000 	C:\Windows\SYSTEM32\CRYPTBASE.dll
0x00007ffa51230000 - 0x00007ffa5126b000 	C:\Windows\SYSTEM32\IPHLPAPI.DLL
0x00007ffa52d10000 - 0x00007ffa52d18000 	C:\Windows\System32\NSI.dll
0x00007ffa49b40000 - 0x00007ffa49b57000 	C:\Windows\SYSTEM32\dhcpcsvc6.DLL
0x00007ffa4aa70000 - 0x00007ffa4aa8d000 	C:\Windows\SYSTEM32\dhcpcsvc.DLL
0x00007ffa51270000 - 0x00007ffa5133a000 	C:\Windows\SYSTEM32\DNSAPI.dll
0x00007ffa4ccd0000 - 0x00007ffa4ccde000 	C:\Program Files\Eclipse Adoptium\jdk-11.0.30.7-hotspot\bin\sunmscapi.dll
0x00007ffa526d0000 - 0x00007ffa5282d000 	C:\Windows\System32\CRYPT32.dll
0x00007ffa51860000 - 0x00007ffa51887000 	C:\Windows\SYSTEM32\ncrypt.dll
0x00007ffa51820000 - 0x00007ffa5185b000 	C:\Windows\SYSTEM32\NTASN1.dll
0x00007ffa4c300000 - 0x00007ffa4c327000 	C:\Program Files\Eclipse Adoptium\jdk-11.0.30.7-hotspot\bin\sunec.dll
0x00007ffa45320000 - 0x00007ffa4532a000 	C:\Windows\System32\rasadhlp.dll
0x00007ffa444f0000 - 0x00007ffa44570000 	C:\Windows\System32\fwpuclnt.dll

dbghelp: loaded successfully - version: 4.0.5 - missing functions: none
symbol engine: initialized successfully - sym options: 0x614 - pdb path: .;C:\Program Files\Eclipse Adoptium\jdk-11.0.30.7-hotspot\bin;C:\Windows\SYSTEM32;C:\Windows\WinSxS\amd64_microsoft.windows.common-controls_6595b64144ccf1df_6.0.19041.6456_none_60b8a6cb71f64256;C:\Program Files\Eclipse Adoptium\jdk-11.0.30.7-hotspot\bin\server

VM Arguments:
java_command: C:\Users\RAYTHEON\AppData\Local\Temp\surefire17653142115100521636\surefirebooter-20260512223031231_3.jar C:\Users\RAYTHEON\AppData\Local\Temp\surefire17653142115100521636 2026-05-12T22-30-30_682-jvmRun1 surefire-20260512223031231_1tmp surefire_0-20260512223031231_2tmp
java_class_path (initial): C:\Users\RAYTHEON\AppData\Local\Temp\surefire17653142115100521636\surefirebooter-20260512223031231_3.jar
Launcher Type: SUN_STANDARD

[Global flags]
     intx CICompilerCount                          = 3                                         {product} {ergonomic}
     uint ConcGCThreads                            = 1                                         {product} {ergonomic}
     uint G1ConcRefinementThreads                  = 4                                         {product} {ergonomic}
   size_t G1HeapRegionSize                         = 1048576                                   {product} {ergonomic}
    uintx GCDrainStackTargetSize                   = 64                                        {product} {ergonomic}
   size_t InitialHeapSize                          = 134217728                                 {product} {ergonomic}
   size_t MarkStackSize                            = 4194304                                   {product} {ergonomic}
   size_t MaxHeapSize                              = 2120220672                                {product} {ergonomic}
   size_t MaxNewSize                               = 1271922688                                {product} {ergonomic}
   size_t MinHeapDeltaBytes                        = 1048576                                   {product} {ergonomic}
    uintx NonNMethodCodeHeapSize                   = 5830732                                {pd product} {ergonomic}
    uintx NonProfiledCodeHeapSize                  = 122913754                              {pd product} {ergonomic}
    uintx ProfiledCodeHeapSize                     = 122913754                              {pd product} {ergonomic}
    uintx ReservedCodeCacheSize                    = 251658240                              {pd product} {ergonomic}
     bool SegmentedCodeCache                       = true                                      {product} {ergonomic}
     bool UseCompressedClassPointers               = true                                 {lp64_product} {ergonomic}
     bool UseCompressedOops                        = true                                 {lp64_product} {ergonomic}
     bool UseG1GC                                  = true                                      {product} {ergonomic}
     bool UseLargePagesIndividualAllocation        = false                                  {pd product} {ergonomic}

Logging:
Log output configuration:
 #0: stdout all=warning uptime,level,tags
 #1: stderr all=off uptime,level,tags

Environment Variables:
JAVA_HOME=C:\Program Files\Eclipse Adoptium\jdk-11.0.30.7-hotspot\
PATH=C:\Program Files\Eclipse Adoptium\jdk-11.0.30.7-hotspot\bin;C:\Program Files\Eclipse Adoptium\jdk-8.0.482.8-hotspot\bin;C:\Windows\system32;C:\Windows;C:\Windows\System32\Wbem;C:\Windows\System32\WindowsPowerShell\v1.0\;C:\Windows\System32\OpenSSH\;C:\Program Files\nodejs\;C:\Users\RAYTHEON\Documents\apache-maven-3.9.15\bin;C:\Users\RAYTHEON\AppData\Local\Microsoft\WindowsApps;C:\Users\RAYTHEON\AppData\Roaming\npm;C:\Program Files\JetBrains\IntelliJ IDEA 2026.1\bin
USERNAME=ADHAM
OS=Windows_NT
PROCESSOR_IDENTIFIER=Intel64 Family 6 Model 42 Stepping 7, GenuineIntel
TMP=C:\Users\RAYTHEON\AppData\Local\Temp
TEMP=C:\Users\RAYTHEON\AppData\Local\Temp



---------------  S Y S T E M  ---------------

OS: Windows 10 , 64 bit Build 19041 (10.0.19041.5915)
OS uptime: 0 days 8:09 hours

CPU:total 4 (initial active 4) (2 cores per cpu, 2 threads per core) family 6 model 42 stepping 7 microcode 0x2f, cmov, cx8, fxsr, mmx, sse, sse2, sse3, ssse3, sse4.1, sse4.2, popcnt, avx, aes, clmul, ht, tsc, tscinvbit

Memory: 4k page, system-wide physical 8086M (664M free)
TotalPageFile size 10134M (AvailPageFile size 10M)
current process WorkingSet (physical memory assigned to process): 154M, peak: 154M
current process commit charge ("private bytes"): 253M, peak: 278M

vm_info: OpenJDK 64-Bit Server VM (11.0.30+7) for windows-amd64 JRE (11.0.30+7), built on Jan 21 2026 06:15:59 by "" with MS VC++ 17.7 (VS2022)

END.
