#
# There is insufficient memory for the Java Runtime Environment to continue.
# Native memory allocation (malloc) failed to allocate 32744 bytes for ChunkPool::allocate
# Possible reasons:
#   The system is out of physical RAM or swap space
#   The process is running with CompressedOops enabled, and the Java Heap may be blocking the growth of the native heap
# Possible solutions:
#   Reduce memory load on the system
#   Increase physical memory or swap space
#   Check if swap backing store is full
#   Decrease Java heap size (-Xmx/-Xms)
#   Decrease number of Java threads
#   Decrease Java thread stack sizes (-Xss)
#   Set larger code cache with -XX:ReservedCodeCacheSize=
#   JVM is running with Unscaled Compressed Oops mode in which the Java heap is
#     placed in the first 4GB address space. The Java Heap base address is the
#     maximum limit for the native heap growth. Please use -XX:HeapBaseMinAddress
#     to set the Java Heap base and to place the Java Heap above 4GB virtual address.
# This output file may be truncated or incomplete.
#
#  Out of Memory Error (arena.cpp:81), pid=17356, tid=7096
#
# JRE version: OpenJDK Runtime Environment Temurin-11.0.30+7 (11.0.30+7) (build 11.0.30+7)
# Java VM: OpenJDK 64-Bit Server VM Temurin-11.0.30+7 (11.0.30+7, mixed mode, tiered, compressed oops, g1 gc, windows-amd64)
# No core dump will be written. Minidumps are not enabled by default on client versions of Windows
#

---------------  S U M M A R Y ------------

Command Line: -javaagent:C:\Program Files\JetBrains\IntelliJ IDEA 2026.1\lib\idea_rt.jar=53678 -Dfile.encoding=UTF-8 com.qacart.todo.testcases.Dummyforrestassured

Host: Intel(R) Core(TM) i5-2450M CPU @ 2.50GHz, 4 cores, 7G,  Windows 10 , 64 bit Build 19041 (10.0.19041.5915)
Time: Mon May 11 14:33:11 2026 Egypt Daylight Time elapsed time: 13.027509 seconds (0d 0h 0m 13s)

---------------  T H R E A D  ---------------

Current thread (0x000002d11c64e800):  JavaThread "C2 CompilerThread1" daemon [_thread_in_native, id=7096, stack(0x000000ed6fd00000,0x000000ed6fe00000)]


Current CompileTask:
C2:  13027 3245   !   4       jdk.internal.loader.BuiltinClassLoader::loadClassOrNull (143 bytes)

Stack: [0x000000ed6fd00000,0x000000ed6fe00000]
Native frames: (J=compiled Java code, j=interpreted, Vv=VM code, C=native code)
V  [jvm.dll+0x6449fa]
V  [jvm.dll+0x7d6909]
V  [jvm.dll+0x7d7fe9]
V  [jvm.dll+0x7d86e3]
V  [jvm.dll+0x269105]
V  [jvm.dll+0xc29cb]
V  [jvm.dll+0xc2d6c]
V  [jvm.dll+0xc2874]
V  [jvm.dll+0x62200f]
V  [jvm.dll+0x676b6a]
V  [jvm.dll+0x1b31e0]
V  [jvm.dll+0x2213fd]
V  [jvm.dll+0x2202d3]
V  [jvm.dll+0x19e021]
V  [jvm.dll+0x2302b4]
V  [jvm.dll+0x22e6ac]
V  [jvm.dll+0x798531]
V  [jvm.dll+0x791094]
V  [jvm.dll+0x6437c5]
C  [ucrtbase.dll+0x21bb2]
C  [KERNEL32.DLL+0x17374]
C  [ntdll.dll+0x4cc91]


---------------  P R O C E S S  ---------------

Threads class SMR info:
_java_thread_list=0x000002d11bb372f0, length=14, elements={
0x000002d17b942000, 0x000002d17eab9800, 0x000002d17eabb000, 0x000002d17f422800,
0x000002d17eaaf000, 0x000002d17eab3000, 0x000002d17eac8000, 0x000002d17eaca800,
0x000002d17ead3000, 0x000002d17f57a800, 0x000002d17f663800, 0x000002d11bfaf000,
0x000002d11cee3000, 0x000002d11c64e800
}

Java Threads: ( => current thread )
  0x000002d17b942000 JavaThread "main" [_thread_in_vm, id=11092, stack(0x000000ed6eb00000,0x000000ed6ec00000)]
  0x000002d17eab9800 JavaThread "Reference Handler" daemon [_thread_blocked, id=10284, stack(0x000000ed6f200000,0x000000ed6f300000)]
  0x000002d17eabb000 JavaThread "Finalizer" daemon [_thread_blocked, id=2576, stack(0x000000ed6f300000,0x000000ed6f400000)]
  0x000002d17f422800 JavaThread "Signal Dispatcher" daemon [_thread_blocked, id=10428, stack(0x000000ed6f400000,0x000000ed6f500000)]
  0x000002d17eaaf000 JavaThread "Attach Listener" daemon [_thread_blocked, id=14184, stack(0x000000ed6f500000,0x000000ed6f600000)]
  0x000002d17eab3000 JavaThread "Service Thread" daemon [_thread_blocked, id=6116, stack(0x000000ed6f600000,0x000000ed6f700000)]
  0x000002d17eac8000 JavaThread "C2 CompilerThread0" daemon [_thread_in_native, id=13880, stack(0x000000ed6f700000,0x000000ed6f800000)]
  0x000002d17eaca800 JavaThread "C1 CompilerThread0" daemon [_thread_blocked, id=16956, stack(0x000000ed6f800000,0x000000ed6f900000)]
  0x000002d17ead3000 JavaThread "Sweeper thread" daemon [_thread_blocked, id=9956, stack(0x000000ed6f900000,0x000000ed6fa00000)]
  0x000002d17f57a800 JavaThread "Common-Cleaner" daemon [_thread_blocked, id=13908, stack(0x000000ed6fa00000,0x000000ed6fb00000)]
  0x000002d17f663800 JavaThread "Monitor Ctrl-Break" daemon [_thread_in_native, id=12100, stack(0x000000ed6fb00000,0x000000ed6fc00000)]
  0x000002d11bfaf000 JavaThread "ForkJoinPool.commonPool-worker-3" daemon [_thread_blocked, id=3016, stack(0x000000ed70000000,0x000000ed70100000)]
  0x000002d11cee3000 JavaThread "ForkJoinPool.commonPool-worker-5" daemon [_thread_blocked, id=16104, stack(0x000000ed70100000,0x000000ed70200000)]
=>0x000002d11c64e800 JavaThread "C2 CompilerThread1" daemon [_thread_in_native, id=7096, stack(0x000000ed6fd00000,0x000000ed6fe00000)]

Other Threads:
  0x000002d17ea84000 VMThread "VM Thread" [stack: 0x000000ed6f100000,0x000000ed6f200000] [id=12940]
  0x000002d17f882800 WatcherThread [stack: 0x000000ed6fc00000,0x000000ed6fd00000] [id=13528]
  0x000002d17b95c000 GCTaskThread "GC Thread#0" [stack: 0x000000ed6ec00000,0x000000ed6ed00000] [id=5904]
  0x000002d17fc24800 GCTaskThread "GC Thread#1" [stack: 0x000000ed6fe00000,0x000000ed6ff00000] [id=236]
  0x000002d17fc25800 GCTaskThread "GC Thread#2" [stack: 0x000000ed6ff00000,0x000000ed70000000] [id=2124]
  0x000002d1797ce000 ConcurrentGCThread "G1 Main Marker" [stack: 0x000000ed6ed00000,0x000000ed6ee00000] [id=9652]
  0x000002d17b98a800 ConcurrentGCThread "G1 Conc#0" [stack: 0x000000ed6ee00000,0x000000ed6ef00000] [id=17548]
  0x000002d17e8f0800 ConcurrentGCThread "G1 Refine#0" [stack: 0x000000ed6ef00000,0x000000ed6f000000] [id=8552]
  0x000002d17ba08800 ConcurrentGCThread "G1 Young RemSet Sampling" [stack: 0x000000ed6f000000,0x000000ed6f100000] [id=4388]

Threads with active compile tasks:
C2 CompilerThread0    13072 3346       4       java.beans.Introspector::addMethod (196 bytes)
C2 CompilerThread1    13072 3245   !   4       jdk.internal.loader.BuiltinClassLoader::loadClassOrNull (143 bytes)

VM state:not at safepoint (normal execution)

VM Mutex/Monitor currently owned by a thread: None

Heap address: 0x0000000081a00000, size: 2022 MB, Compressed Oops mode: 32-bit
Narrow klass base: 0x0000000000000000, Narrow klass shift: 3
Compressed class space size: 1073741824 Address: 0x0000000100000000

Heap:
 garbage-first heap   total 131072K, used 66471K [0x0000000081a00000, 0x0000000100000000)
  region size 1024K, 55 young (56320K), 7 survivors (7168K)
 Metaspace       used 33579K, capacity 34833K, committed 34944K, reserved 1079296K
  class space    used 3610K, capacity 4180K, committed 4224K, reserved 1048576K
Heap Regions: E=young(eden), S=young(survivor), O=old, HS=humongous(starts), HC=humongous(continues), CS=collection set, F=free, A=archive, TAMS=top-at-mark-start (previous, next)
|   0|0x0000000081a00000, 0x0000000081b00000, 0x0000000081b00000|100%|HS|  |TAMS 0x0000000081b00000, 0x0000000081a00000| Complete 
|   1|0x0000000081b00000, 0x0000000081c00000, 0x0000000081c00000|100%| O|  |TAMS 0x0000000081c00000, 0x0000000081b00000| Untracked 
|   2|0x0000000081c00000, 0x0000000081d00000, 0x0000000081d00000|100%| O|  |TAMS 0x0000000081d00000, 0x0000000081c00000| Untracked 
|   3|0x0000000081d00000, 0x0000000081e00000, 0x0000000081e00000|100%| O|  |TAMS 0x0000000081e00000, 0x0000000081d00000| Untracked 
|   4|0x0000000081e00000, 0x0000000081f00000, 0x0000000081f00000|100%| O|  |TAMS 0x0000000081f00000, 0x0000000081e00000| Untracked 
|   5|0x0000000081f00000, 0x0000000082000000, 0x0000000082000000|100%| O|  |TAMS 0x0000000081f37600, 0x0000000081f00000| Untracked 
|   6|0x0000000082000000, 0x0000000082100000, 0x0000000082100000|100%| O|  |TAMS 0x0000000082000000, 0x0000000082000000| Untracked 
|   7|0x0000000082100000, 0x0000000082200000, 0x0000000082200000|100%| O|  |TAMS 0x0000000082100000, 0x0000000082100000| Untracked 
|   8|0x0000000082200000, 0x0000000082300000, 0x0000000082300000|100%| O|  |TAMS 0x0000000082200000, 0x0000000082200000| Untracked 
|   9|0x0000000082300000, 0x0000000082400000, 0x0000000082400000|100%| O|  |TAMS 0x0000000082300000, 0x0000000082300000| Untracked 
|  10|0x0000000082400000, 0x0000000082500000, 0x0000000082500000|100%| O|  |TAMS 0x0000000082400000, 0x0000000082400000| Untracked 
|  11|0x0000000082500000, 0x0000000082578200, 0x0000000082600000| 46%| O|  |TAMS 0x0000000082500000, 0x0000000082500000| Untracked 
|  12|0x0000000082600000, 0x0000000082600000, 0x0000000082700000|  0%| F|  |TAMS 0x0000000082600000, 0x0000000082600000| Untracked 
|  13|0x0000000082700000, 0x0000000082700000, 0x0000000082800000|  0%| F|  |TAMS 0x0000000082700000, 0x0000000082700000| Untracked 
|  14|0x0000000082800000, 0x0000000082800000, 0x0000000082900000|  0%| F|  |TAMS 0x0000000082800000, 0x0000000082800000| Untracked 
|  15|0x0000000082900000, 0x0000000082900000, 0x0000000082a00000|  0%| F|  |TAMS 0x0000000082900000, 0x0000000082900000| Untracked 
|  16|0x0000000082a00000, 0x0000000082a00000, 0x0000000082b00000|  0%| F|  |TAMS 0x0000000082a00000, 0x0000000082a00000| Untracked 
|  17|0x0000000082b00000, 0x0000000082b00000, 0x0000000082c00000|  0%| F|  |TAMS 0x0000000082b00000, 0x0000000082b00000| Untracked 
|  18|0x0000000082c00000, 0x0000000082c00000, 0x0000000082d00000|  0%| F|  |TAMS 0x0000000082c00000, 0x0000000082c00000| Untracked 
|  19|0x0000000082d00000, 0x0000000082d00000, 0x0000000082e00000|  0%| F|  |TAMS 0x0000000082d00000, 0x0000000082d00000| Untracked 
|  20|0x0000000082e00000, 0x0000000082e00000, 0x0000000082f00000|  0%| F|  |TAMS 0x0000000082e00000, 0x0000000082e00000| Untracked 
|  21|0x0000000082f00000, 0x0000000082f00000, 0x0000000083000000|  0%| F|  |TAMS 0x0000000082f00000, 0x0000000082f00000| Untracked 
|  22|0x0000000083000000, 0x0000000083000000, 0x0000000083100000|  0%| F|  |TAMS 0x0000000083000000, 0x0000000083000000| Untracked 
|  23|0x0000000083100000, 0x0000000083100000, 0x0000000083200000|  0%| F|  |TAMS 0x0000000083100000, 0x0000000083100000| Untracked 
|  24|0x0000000083200000, 0x0000000083200000, 0x0000000083300000|  0%| F|  |TAMS 0x0000000083200000, 0x0000000083200000| Untracked 
|  25|0x0000000083300000, 0x0000000083300000, 0x0000000083400000|  0%| F|  |TAMS 0x0000000083300000, 0x0000000083300000| Untracked 
|  26|0x0000000083400000, 0x0000000083400000, 0x0000000083500000|  0%| F|  |TAMS 0x0000000083400000, 0x0000000083400000| Untracked 
|  27|0x0000000083500000, 0x0000000083500000, 0x0000000083600000|  0%| F|  |TAMS 0x0000000083500000, 0x0000000083500000| Untracked 
|  28|0x0000000083600000, 0x0000000083600000, 0x0000000083700000|  0%| F|  |TAMS 0x0000000083600000, 0x0000000083600000| Untracked 
|  29|0x0000000083700000, 0x0000000083700000, 0x0000000083800000|  0%| F|  |TAMS 0x0000000083700000, 0x0000000083700000| Untracked 
|  30|0x0000000083800000, 0x0000000083800000, 0x0000000083900000|  0%| F|  |TAMS 0x0000000083800000, 0x0000000083800000| Untracked 
|  31|0x0000000083900000, 0x0000000083900000, 0x0000000083a00000|  0%| F|  |TAMS 0x0000000083900000, 0x0000000083900000| Untracked 
|  32|0x0000000083a00000, 0x0000000083a00000, 0x0000000083b00000|  0%| F|  |TAMS 0x0000000083a00000, 0x0000000083a00000| Untracked 
|  33|0x0000000083b00000, 0x0000000083b00000, 0x0000000083c00000|  0%| F|  |TAMS 0x0000000083b00000, 0x0000000083b00000| Untracked 
|  34|0x0000000083c00000, 0x0000000083c00000, 0x0000000083d00000|  0%| F|  |TAMS 0x0000000083c00000, 0x0000000083c00000| Untracked 
|  35|0x0000000083d00000, 0x0000000083d00000, 0x0000000083e00000|  0%| F|  |TAMS 0x0000000083d00000, 0x0000000083d00000| Untracked 
|  36|0x0000000083e00000, 0x0000000083e00000, 0x0000000083f00000|  0%| F|  |TAMS 0x0000000083e00000, 0x0000000083e00000| Untracked 
|  37|0x0000000083f00000, 0x0000000083f00000, 0x0000000084000000|  0%| F|  |TAMS 0x0000000083f00000, 0x0000000083f00000| Untracked 
|  38|0x0000000084000000, 0x0000000084000000, 0x0000000084100000|  0%| F|  |TAMS 0x0000000084000000, 0x0000000084000000| Untracked 
|  39|0x0000000084100000, 0x0000000084100000, 0x0000000084200000|  0%| F|  |TAMS 0x0000000084100000, 0x0000000084100000| Untracked 
|  40|0x0000000084200000, 0x0000000084200000, 0x0000000084300000|  0%| F|  |TAMS 0x0000000084200000, 0x0000000084200000| Untracked 
|  41|0x0000000084300000, 0x0000000084300000, 0x0000000084400000|  0%| F|  |TAMS 0x0000000084300000, 0x0000000084300000| Untracked 
|  42|0x0000000084400000, 0x0000000084400000, 0x0000000084500000|  0%| F|  |TAMS 0x0000000084400000, 0x0000000084400000| Untracked 
|  43|0x0000000084500000, 0x0000000084500000, 0x0000000084600000|  0%| F|  |TAMS 0x0000000084500000, 0x0000000084500000| Untracked 
|  44|0x0000000084600000, 0x0000000084600000, 0x0000000084700000|  0%| F|  |TAMS 0x0000000084600000, 0x0000000084600000| Untracked 
|  45|0x0000000084700000, 0x0000000084700000, 0x0000000084800000|  0%| F|  |TAMS 0x0000000084700000, 0x0000000084700000| Untracked 
|  46|0x0000000084800000, 0x0000000084800000, 0x0000000084900000|  0%| F|  |TAMS 0x0000000084800000, 0x0000000084800000| Untracked 
|  47|0x0000000084900000, 0x0000000084900000, 0x0000000084a00000|  0%| F|  |TAMS 0x0000000084900000, 0x0000000084900000| Untracked 
|  48|0x0000000084a00000, 0x0000000084a00000, 0x0000000084b00000|  0%| F|  |TAMS 0x0000000084a00000, 0x0000000084a00000| Untracked 
|  49|0x0000000084b00000, 0x0000000084b00000, 0x0000000084c00000|  0%| F|  |TAMS 0x0000000084b00000, 0x0000000084b00000| Untracked 
|  50|0x0000000084c00000, 0x0000000084c00000, 0x0000000084d00000|  0%| F|  |TAMS 0x0000000084c00000, 0x0000000084c00000| Untracked 
|  51|0x0000000084d00000, 0x0000000084d00000, 0x0000000084e00000|  0%| F|  |TAMS 0x0000000084d00000, 0x0000000084d00000| Untracked 
|  52|0x0000000084e00000, 0x0000000084e00000, 0x0000000084f00000|  0%| F|  |TAMS 0x0000000084e00000, 0x0000000084e00000| Untracked 
|  53|0x0000000084f00000, 0x0000000084f71d40, 0x0000000085000000| 44%| S|CS|TAMS 0x0000000084f00000, 0x0000000084f00000| Complete 
|  54|0x0000000085000000, 0x0000000085100000, 0x0000000085100000|100%| S|CS|TAMS 0x0000000085000000, 0x0000000085000000| Complete 
|  55|0x0000000085100000, 0x0000000085200000, 0x0000000085200000|100%| S|CS|TAMS 0x0000000085100000, 0x0000000085100000| Complete 
|  56|0x0000000085200000, 0x0000000085300000, 0x0000000085300000|100%| S|CS|TAMS 0x0000000085200000, 0x0000000085200000| Complete 
|  57|0x0000000085300000, 0x0000000085400000, 0x0000000085400000|100%| S|CS|TAMS 0x0000000085300000, 0x0000000085300000| Complete 
|  58|0x0000000085400000, 0x0000000085500000, 0x0000000085500000|100%| S|CS|TAMS 0x0000000085400000, 0x0000000085400000| Complete 
|  59|0x0000000085500000, 0x0000000085600000, 0x0000000085600000|100%| S|CS|TAMS 0x0000000085500000, 0x0000000085500000| Complete 
|  60|0x0000000085600000, 0x0000000085600000, 0x0000000085700000|  0%| F|  |TAMS 0x0000000085600000, 0x0000000085600000| Untracked 
|  61|0x0000000085700000, 0x0000000085700000, 0x0000000085800000|  0%| F|  |TAMS 0x0000000085700000, 0x0000000085700000| Untracked 
|  62|0x0000000085800000, 0x0000000085800000, 0x0000000085900000|  0%| F|  |TAMS 0x0000000085800000, 0x0000000085800000| Untracked 
|  63|0x0000000085900000, 0x0000000085900000, 0x0000000085a00000|  0%| F|  |TAMS 0x0000000085900000, 0x0000000085900000| Untracked 
|  64|0x0000000085a00000, 0x0000000085a00000, 0x0000000085b00000|  0%| F|  |TAMS 0x0000000085a00000, 0x0000000085a00000| Untracked 
|  65|0x0000000085b00000, 0x0000000085b00000, 0x0000000085c00000|  0%| F|  |TAMS 0x0000000085b00000, 0x0000000085b00000| Untracked 
|  66|0x0000000085c00000, 0x0000000085c00000, 0x0000000085d00000|  0%| F|  |TAMS 0x0000000085c00000, 0x0000000085c00000| Untracked 
|  67|0x0000000085d00000, 0x0000000085d00000, 0x0000000085e00000|  0%| F|  |TAMS 0x0000000085d00000, 0x0000000085d00000| Untracked 
|  68|0x0000000085e00000, 0x0000000085e00000, 0x0000000085f00000|  0%| F|  |TAMS 0x0000000085e00000, 0x0000000085e00000| Untracked 
|  69|0x0000000085f00000, 0x0000000085f00000, 0x0000000086000000|  0%| F|  |TAMS 0x0000000085f00000, 0x0000000085f00000| Untracked 
|  70|0x0000000086000000, 0x0000000086000000, 0x0000000086100000|  0%| F|  |TAMS 0x0000000086000000, 0x0000000086000000| Untracked 
|  71|0x0000000086100000, 0x0000000086100000, 0x0000000086200000|  0%| F|  |TAMS 0x0000000086100000, 0x0000000086100000| Untracked 
|  72|0x0000000086200000, 0x0000000086200000, 0x0000000086300000|  0%| F|  |TAMS 0x0000000086200000, 0x0000000086200000| Untracked 
|  73|0x0000000086300000, 0x0000000086300000, 0x0000000086400000|  0%| F|  |TAMS 0x0000000086300000, 0x0000000086300000| Untracked 
|  74|0x0000000086400000, 0x0000000086400000, 0x0000000086500000|  0%| F|  |TAMS 0x0000000086400000, 0x0000000086400000| Untracked 
|  75|0x0000000086500000, 0x0000000086500000, 0x0000000086600000|  0%| F|  |TAMS 0x0000000086500000, 0x0000000086500000| Untracked 
|  76|0x0000000086600000, 0x0000000086600000, 0x0000000086700000|  0%| F|  |TAMS 0x0000000086600000, 0x0000000086600000| Untracked 
|  77|0x0000000086700000, 0x0000000086700000, 0x0000000086800000|  0%| F|  |TAMS 0x0000000086700000, 0x0000000086700000| Untracked 
|  78|0x0000000086800000, 0x0000000086800000, 0x0000000086900000|  0%| F|  |TAMS 0x0000000086800000, 0x0000000086800000| Untracked 
|  79|0x0000000086900000, 0x0000000086900000, 0x0000000086a00000|  0%| F|  |TAMS 0x0000000086900000, 0x0000000086900000| Untracked 
|  80|0x0000000086a00000, 0x0000000086a80800, 0x0000000086b00000| 50%| E|  |TAMS 0x0000000086a00000, 0x0000000086a00000| Complete 
|  81|0x0000000086b00000, 0x0000000086c00000, 0x0000000086c00000|100%| E|CS|TAMS 0x0000000086b00000, 0x0000000086b00000| Complete 
|  82|0x0000000086c00000, 0x0000000086d00000, 0x0000000086d00000|100%| E|CS|TAMS 0x0000000086c00000, 0x0000000086c00000| Complete 
|  83|0x0000000086d00000, 0x0000000086e00000, 0x0000000086e00000|100%| E|CS|TAMS 0x0000000086d00000, 0x0000000086d00000| Complete 
|  84|0x0000000086e00000, 0x0000000086f00000, 0x0000000086f00000|100%| E|CS|TAMS 0x0000000086e00000, 0x0000000086e00000| Complete 
|  85|0x0000000086f00000, 0x0000000087000000, 0x0000000087000000|100%| E|CS|TAMS 0x0000000086f00000, 0x0000000086f00000| Complete 
|  86|0x0000000087000000, 0x0000000087100000, 0x0000000087100000|100%| E|CS|TAMS 0x0000000087000000, 0x0000000087000000| Complete 
|  87|0x0000000087100000, 0x0000000087200000, 0x0000000087200000|100%| E|CS|TAMS 0x0000000087100000, 0x0000000087100000| Complete 
|  88|0x0000000087200000, 0x0000000087300000, 0x0000000087300000|100%| E|CS|TAMS 0x0000000087200000, 0x0000000087200000| Complete 
|  89|0x0000000087300000, 0x0000000087400000, 0x0000000087400000|100%| E|CS|TAMS 0x0000000087300000, 0x0000000087300000| Complete 
|  90|0x0000000087400000, 0x0000000087500000, 0x0000000087500000|100%| E|CS|TAMS 0x0000000087400000, 0x0000000087400000| Complete 
|  91|0x0000000087500000, 0x0000000087600000, 0x0000000087600000|100%| E|CS|TAMS 0x0000000087500000, 0x0000000087500000| Complete 
|  92|0x0000000087600000, 0x0000000087700000, 0x0000000087700000|100%| E|CS|TAMS 0x0000000087600000, 0x0000000087600000| Complete 
|  93|0x0000000087700000, 0x0000000087800000, 0x0000000087800000|100%| E|CS|TAMS 0x0000000087700000, 0x0000000087700000| Complete 
|  94|0x0000000087800000, 0x0000000087900000, 0x0000000087900000|100%| E|CS|TAMS 0x0000000087800000, 0x0000000087800000| Complete 
|  95|0x0000000087900000, 0x0000000087a00000, 0x0000000087a00000|100%| E|CS|TAMS 0x0000000087900000, 0x0000000087900000| Complete 
|  96|0x0000000087a00000, 0x0000000087b00000, 0x0000000087b00000|100%| E|CS|TAMS 0x0000000087a00000, 0x0000000087a00000| Complete 
|  97|0x0000000087b00000, 0x0000000087c00000, 0x0000000087c00000|100%| E|CS|TAMS 0x0000000087b00000, 0x0000000087b00000| Complete 
|  98|0x0000000087c00000, 0x0000000087d00000, 0x0000000087d00000|100%| E|CS|TAMS 0x0000000087c00000, 0x0000000087c00000| Complete 
|  99|0x0000000087d00000, 0x0000000087e00000, 0x0000000087e00000|100%| E|CS|TAMS 0x0000000087d00000, 0x0000000087d00000| Complete 
| 100|0x0000000087e00000, 0x0000000087f00000, 0x0000000087f00000|100%| E|CS|TAMS 0x0000000087e00000, 0x0000000087e00000| Complete 
| 101|0x0000000087f00000, 0x0000000088000000, 0x0000000088000000|100%| E|CS|TAMS 0x0000000087f00000, 0x0000000087f00000| Complete 
| 102|0x0000000088000000, 0x0000000088100000, 0x0000000088100000|100%| E|CS|TAMS 0x0000000088000000, 0x0000000088000000| Complete 
| 103|0x0000000088100000, 0x0000000088200000, 0x0000000088200000|100%| E|CS|TAMS 0x0000000088100000, 0x0000000088100000| Complete 
| 104|0x0000000088200000, 0x0000000088300000, 0x0000000088300000|100%| E|CS|TAMS 0x0000000088200000, 0x0000000088200000| Complete 
| 105|0x0000000088300000, 0x0000000088400000, 0x0000000088400000|100%| E|CS|TAMS 0x0000000088300000, 0x0000000088300000| Complete 
| 106|0x0000000088400000, 0x0000000088500000, 0x0000000088500000|100%| E|CS|TAMS 0x0000000088400000, 0x0000000088400000| Complete 
| 107|0x0000000088500000, 0x0000000088600000, 0x0000000088600000|100%| E|CS|TAMS 0x0000000088500000, 0x0000000088500000| Complete 
| 108|0x0000000088600000, 0x0000000088700000, 0x0000000088700000|100%| E|CS|TAMS 0x0000000088600000, 0x0000000088600000| Complete 
| 109|0x0000000088700000, 0x0000000088800000, 0x0000000088800000|100%| E|CS|TAMS 0x0000000088700000, 0x0000000088700000| Complete 
| 110|0x0000000088800000, 0x0000000088900000, 0x0000000088900000|100%| E|CS|TAMS 0x0000000088800000, 0x0000000088800000| Complete 
| 111|0x0000000088900000, 0x0000000088a00000, 0x0000000088a00000|100%| E|CS|TAMS 0x0000000088900000, 0x0000000088900000| Complete 
| 112|0x0000000088a00000, 0x0000000088b00000, 0x0000000088b00000|100%| E|CS|TAMS 0x0000000088a00000, 0x0000000088a00000| Complete 
| 113|0x0000000088b00000, 0x0000000088c00000, 0x0000000088c00000|100%| E|CS|TAMS 0x0000000088b00000, 0x0000000088b00000| Complete 
| 114|0x0000000088c00000, 0x0000000088d00000, 0x0000000088d00000|100%| E|CS|TAMS 0x0000000088c00000, 0x0000000088c00000| Complete 
| 115|0x0000000088d00000, 0x0000000088e00000, 0x0000000088e00000|100%| E|CS|TAMS 0x0000000088d00000, 0x0000000088d00000| Complete 
| 116|0x0000000088e00000, 0x0000000088f00000, 0x0000000088f00000|100%| E|CS|TAMS 0x0000000088e00000, 0x0000000088e00000| Complete 
| 117|0x0000000088f00000, 0x0000000089000000, 0x0000000089000000|100%| E|CS|TAMS 0x0000000088f00000, 0x0000000088f00000| Complete 
| 118|0x0000000089000000, 0x0000000089100000, 0x0000000089100000|100%| E|CS|TAMS 0x0000000089000000, 0x0000000089000000| Complete 
| 119|0x0000000089100000, 0x0000000089200000, 0x0000000089200000|100%| E|CS|TAMS 0x0000000089100000, 0x0000000089100000| Complete 
| 120|0x0000000089200000, 0x0000000089300000, 0x0000000089300000|100%| E|CS|TAMS 0x0000000089200000, 0x0000000089200000| Complete 
| 121|0x0000000089300000, 0x0000000089400000, 0x0000000089400000|100%| E|CS|TAMS 0x0000000089300000, 0x0000000089300000| Complete 
| 122|0x0000000089400000, 0x0000000089500000, 0x0000000089500000|100%| E|CS|TAMS 0x0000000089400000, 0x0000000089400000| Complete 
| 123|0x0000000089500000, 0x0000000089600000, 0x0000000089600000|100%| E|CS|TAMS 0x0000000089500000, 0x0000000089500000| Complete 
| 124|0x0000000089600000, 0x0000000089700000, 0x0000000089700000|100%| E|CS|TAMS 0x0000000089600000, 0x0000000089600000| Complete 
| 125|0x0000000089700000, 0x0000000089800000, 0x0000000089800000|100%| E|CS|TAMS 0x0000000089700000, 0x0000000089700000| Complete 
| 126|0x0000000089800000, 0x0000000089900000, 0x0000000089900000|100%| E|CS|TAMS 0x0000000089800000, 0x0000000089800000| Complete 
| 127|0x0000000089900000, 0x0000000089a00000, 0x0000000089a00000|100%| E|CS|TAMS 0x0000000089900000, 0x0000000089900000| Complete 

Card table byte_map: [0x000002d17be10000,0x000002d17c210000] _byte_map_base: 0x000002d17ba03000

Marking Bits (Prev, Next): (CMBitMap*) 0x000002d17b9823b0, (CMBitMap*) 0x000002d17b982378
 Prev Bits: [0x000002d1176f0000, 0x000002d119688000)
 Next Bits: [0x000002d17c610000, 0x000002d17e5a8000)

Polling page: 0x000002d179900000

Metaspace:

Usage:
  Non-class:     29.93 MB capacity,    29.27 MB ( 98%) used,   610.24 KB (  2%) free+waste,    74.44 KB ( <1%) overhead. 
      Class:      4.08 MB capacity,     3.53 MB ( 86%) used,   530.54 KB ( 13%) free+waste,    38.50 KB ( <1%) overhead. 
       Both:     34.02 MB capacity,    32.79 MB ( 96%) used,     1.11 MB (  3%) free+waste,   112.94 KB ( <1%) overhead. 

Virtual space:
  Non-class space:       30.00 MB reserved,      30.00 MB (100%) committed 
      Class space:        1.00 GB reserved,       4.12 MB ( <1%) committed 
             Both:        1.03 GB reserved,      34.12 MB (  3%) committed 

Chunk freelists:
   Non-Class:  3.00 KB
       Class:  12.00 KB
        Both:  15.00 KB

MaxMetaspaceSize: 17179869184.00 GB
CompressedClassSpaceSize: 1.00 GB
Initial GC threshold: 20.80 MB
Current GC threshold: 35.08 MB
CDS: off

CodeHeap 'non-profiled nmethods': size=120064Kb used=1644Kb max_used=1644Kb free=118419Kb
 bounds [0x000002d1101b0000, 0x000002d110420000, 0x000002d1176f0000]
CodeHeap 'profiled nmethods': size=120000Kb used=7337Kb max_used=7337Kb free=112662Kb
 bounds [0x000002d108c80000, 0x000002d1093b0000, 0x000002d1101b0000]
CodeHeap 'non-nmethods': size=5696Kb used=2279Kb max_used=2298Kb free=3417Kb
 bounds [0x000002d1086f0000, 0x000002d108960000, 0x000002d108c80000]
 total_blobs=4135 nmethods=3362 adapters=685
 compilation: enabled
              stopped_count=0, restarted_count=0
 full_count=0

Compilation events (20 events):
Event: 12.932 Thread 0x000002d17eac8000 nmethod 3341 0x000002d110349490 code [0x000002d1103496a0, 0x000002d11034a1e8]
Event: 12.932 Thread 0x000002d17eac8000 3346       4       java.beans.Introspector::addMethod (196 bytes)
Event: 12.939 Thread 0x000002d17eaca800 3359       3       org.codehaus.groovy.util.FastArray::remove (47 bytes)
Event: 12.939 Thread 0x000002d17eaca800 nmethod 3359 0x000002d10939f610 code [0x000002d10939f7e0, 0x000002d10939fba8]
Event: 12.952 Thread 0x000002d17eaca800 3361       3       groovy.lang.MetaClassImpl::makeStaticPropertyIndex (169 bytes)
Event: 12.954 Thread 0x000002d17eaca800 nmethod 3361 0x000002d10939fd10 code [0x000002d1093a0060, 0x000002d1093a1a48]
Event: 12.962 Thread 0x000002d17eaca800 3362       3       groovy.lang.MetaClassImpl$MethodIndexAction::iterate (105 bytes)
Event: 12.963 Thread 0x000002d17eaca800 nmethod 3362 0x000002d1093a2090 code [0x000002d1093a2300, 0x000002d1093a2ef8]
Event: 12.968 Thread 0x000002d17eaca800 3363       1       groovy.lang.MetaClassImpl::setInitialized (6 bytes)
Event: 12.968 Thread 0x000002d17eaca800 nmethod 3363 0x000002d11034ae90 code [0x000002d11034b040, 0x000002d11034b0f8]
Event: 12.972 Thread 0x000002d17eaca800 3364       3       groovy.lang.MetaClassImpl::getSuperClasses (93 bytes)
Event: 12.974 Thread 0x000002d17eaca800 nmethod 3364 0x000002d1093a3290 code [0x000002d1093a3500, 0x000002d1093a3e58]
Event: 12.982 Thread 0x000002d17eaca800 3365       3       org.codehaus.groovy.runtime.callsite.CallSiteGenerator::genCallXxxWithArray (15 bytes)
Event: 12.982 Thread 0x000002d17eaca800 nmethod 3365 0x000002d1093a4210 code [0x000002d1093a43c0, 0x000002d1093a44e8]
Event: 12.982 Thread 0x000002d17eaca800 3366       3       org.codehaus.groovy.runtime.callsite.CallSiteGenerator::genCallWithFixedParams (69 bytes)
Event: 12.984 Thread 0x000002d17eaca800 nmethod 3366 0x000002d1093a4590 code [0x000002d1093a4820, 0x000002d1093a5408]
Event: 12.990 Thread 0x000002d17eaca800 3367   !   3       org.codehaus.groovy.reflection.stdclasses.CachedSAMClass::getSAMMethod (171 bytes)
Event: 12.993 Thread 0x000002d17eaca800 nmethod 3367 0x000002d1093a5910 code [0x000002d1093a5d00, 0x000002d1093a7798]
Event: 13.022 Thread 0x000002d17eaca800 3368       3       org.codehaus.groovy.reflection.ClassInfo::replaceWeakMetaClassRef (19 bytes)
Event: 13.023 Thread 0x000002d17eaca800 nmethod 3368 0x000002d1093a8310 code [0x000002d1093a84e0, 0x000002d1093a8878]

GC Heap History (8 events):
Event: 2.355 GC heap before
{Heap before GC invocations=0 (full 0):
 garbage-first heap   total 131072K, used 14336K [0x0000000081a00000, 0x0000000100000000)
  region size 1024K, 14 young (14336K), 0 survivors (0K)
 Metaspace       used 9114K, capacity 9272K, committed 9344K, reserved 1058816K
  class space    used 818K, capacity 855K, committed 896K, reserved 1048576K
}
Event: 2.361 GC heap after
{Heap after GC invocations=1 (full 0):
 garbage-first heap   total 131072K, used 5527K [0x0000000081a00000, 0x0000000100000000)
  region size 1024K, 2 young (2048K), 2 survivors (2048K)
 Metaspace       used 9114K, capacity 9272K, committed 9344K, reserved 1058816K
  class space    used 818K, capacity 855K, committed 896K, reserved 1048576K
}
Event: 3.235 GC heap before
{Heap before GC invocations=1 (full 0):
 garbage-first heap   total 131072K, used 12695K [0x0000000081a00000, 0x0000000100000000)
  region size 1024K, 10 young (10240K), 2 survivors (2048K)
 Metaspace       used 11307K, capacity 11483K, committed 11648K, reserved 1060864K
  class space    used 1002K, capacity 1061K, committed 1152K, reserved 1048576K
}
Event: 3.240 GC heap after
{Heap after GC invocations=2 (full 0):
 garbage-first heap   total 131072K, used 6240K [0x0000000081a00000, 0x0000000100000000)
  region size 1024K, 1 young (1024K), 1 survivors (1024K)
 Metaspace       used 11307K, capacity 11483K, committed 11648K, reserved 1060864K
  class space    used 1002K, capacity 1061K, committed 1152K, reserved 1048576K
}
Event: 5.943 GC heap before
{Heap before GC invocations=2 (full 0):
 garbage-first heap   total 131072K, used 66656K [0x0000000081a00000, 0x0000000100000000)
  region size 1024K, 59 young (60416K), 1 survivors (1024K)
 Metaspace       used 20800K, capacity 21163K, committed 21296K, reserved 1069056K
  class space    used 1974K, capacity 2123K, committed 2176K, reserved 1048576K
}
Event: 5.970 GC heap after
{Heap after GC invocations=3 (full 0):
 garbage-first heap   total 131072K, used 11965K [0x0000000081a00000, 0x0000000100000000)
  region size 1024K, 7 young (7168K), 7 survivors (7168K)
 Metaspace       used 20800K, capacity 21163K, committed 21296K, reserved 1069056K
  class space    used 1974K, capacity 2123K, committed 2176K, reserved 1048576K
}
Event: 9.694 GC heap before
{Heap before GC invocations=4 (full 0):
 garbage-first heap   total 131072K, used 74429K [0x0000000081a00000, 0x0000000100000000)
  region size 1024K, 68 young (69632K), 7 survivors (7168K)
 Metaspace       used 25829K, capacity 26709K, committed 26880K, reserved 1073152K
  class space    used 2617K, capacity 2967K, committed 3072K, reserved 1048576K
}
Event: 9.725 GC heap after
{Heap after GC invocations=5 (full 0):
 garbage-first heap   total 131072K, used 18343K [0x0000000081a00000, 0x0000000100000000)
  region size 1024K, 7 young (7168K), 7 survivors (7168K)
 Metaspace       used 25829K, capacity 26709K, committed 26880K, reserved 1073152K
  class space    used 2617K, capacity 2967K, committed 3072K, reserved 1048576K
}

Deoptimization events (20 events):
Event: 11.925 Thread 0x000002d17b942000 DEOPT PACKING pc=0x000002d110327554 sp=0x000000ed6ebf96b0
Event: 11.925 Thread 0x000002d17b942000 DEOPT UNPACKING pc=0x000002d10873a1af sp=0x000000ed6ebf9600 mode 2
Event: 12.717 Thread 0x000002d17b942000 DEOPT PACKING pc=0x000002d1092a7be8 sp=0x000000ed6ebfdb60
Event: 12.717 Thread 0x000002d17b942000 DEOPT UNPACKING pc=0x000002d10873a95e sp=0x000000ed6ebfd068 mode 0
Event: 12.751 Thread 0x000002d17b942000 Uncommon trap: trap_request=0xffffffd6 fr.pc=0x000002d110340510 relative=0x00000000000003b0
Event: 12.751 Thread 0x000002d17b942000 Uncommon trap: reason=array_check action=maybe_recompile pc=0x000002d110340510 method=java.util.stream.Nodes$FixedNodeBuilder.accept(Ljava/lang/Object;)V @ 28 c2
Event: 12.751 Thread 0x000002d17b942000 DEOPT PACKING pc=0x000002d110340510 sp=0x000000ed6ebfe100
Event: 12.751 Thread 0x000002d17b942000 DEOPT UNPACKING pc=0x000002d10873a1af sp=0x000000ed6ebfe048 mode 2
Event: 12.751 Thread 0x000002d17b942000 Uncommon trap: trap_request=0xffffffd6 fr.pc=0x000002d110340510 relative=0x00000000000003b0
Event: 12.751 Thread 0x000002d17b942000 Uncommon trap: reason=array_check action=maybe_recompile pc=0x000002d110340510 method=java.util.stream.Nodes$FixedNodeBuilder.accept(Ljava/lang/Object;)V @ 28 c2
Event: 12.751 Thread 0x000002d17b942000 DEOPT PACKING pc=0x000002d110340510 sp=0x000000ed6ebfe100
Event: 12.751 Thread 0x000002d17b942000 DEOPT UNPACKING pc=0x000002d10873a1af sp=0x000000ed6ebfe048 mode 2
Event: 12.751 Thread 0x000002d17b942000 Uncommon trap: trap_request=0xffffffd6 fr.pc=0x000002d110340510 relative=0x00000000000003b0
Event: 12.751 Thread 0x000002d17b942000 Uncommon trap: reason=array_check action=maybe_recompile pc=0x000002d110340510 method=java.util.stream.Nodes$FixedNodeBuilder.accept(Ljava/lang/Object;)V @ 28 c2
Event: 12.751 Thread 0x000002d17b942000 DEOPT PACKING pc=0x000002d110340510 sp=0x000000ed6ebfe100
Event: 12.751 Thread 0x000002d17b942000 DEOPT UNPACKING pc=0x000002d10873a1af sp=0x000000ed6ebfe048 mode 2
Event: 12.751 Thread 0x000002d17b942000 Uncommon trap: trap_request=0xffffffd6 fr.pc=0x000002d110340510 relative=0x00000000000003b0
Event: 12.751 Thread 0x000002d17b942000 Uncommon trap: reason=array_check action=maybe_recompile pc=0x000002d110340510 method=java.util.stream.Nodes$FixedNodeBuilder.accept(Ljava/lang/Object;)V @ 28 c2
Event: 12.751 Thread 0x000002d17b942000 DEOPT PACKING pc=0x000002d110340510 sp=0x000000ed6ebfe100
Event: 12.751 Thread 0x000002d17b942000 DEOPT UNPACKING pc=0x000002d10873a1af sp=0x000000ed6ebfe048 mode 2

Classes redefined (0 events):
No events

Internal exceptions (20 events):
Event: 12.951 Thread 0x000002d17b942000 Exception <a 'java/lang/ClassNotFoundException'{0x0000000086d8fe98}: io/restassured/internal/common/assertion/AssertionSupport$1Customizer> (0x0000000086d8fe98) thrown at [s\src\hotspot\share\classfile\systemDictionary.cpp, line 230]
Event: 12.964 Thread 0x000002d17b942000 Exception <a 'java/lang/ClassNotFoundException'{0x0000000086df1640}: io/restassured/internal/common/assertion/AssertionSupport$4BeanInfo> (0x0000000086df1640) thrown at [s\src\hotspot\share\classfile\systemDictionary.cpp, line 230]
Event: 12.965 Thread 0x000002d17b942000 Exception <a 'java/lang/ClassNotFoundException'{0x0000000086c05888}: io/restassured/internal/common/assertion/EndToEndQuoteFragmentEscaperBeanInfo> (0x0000000086c05888) thrown at [s\src\hotspot\share\classfile\systemDictionary.cpp, line 230]
Event: 12.965 Thread 0x000002d17b942000 Exception <a 'java/lang/ClassNotFoundException'{0x0000000086c19c10}: io/restassured/internal/common/assertion/EndToEndQuoteFragmentEscaperCustomizer> (0x0000000086c19c10) thrown at [s\src\hotspot\share\classfile\systemDictionary.cpp, line 230]
Event: 12.967 Thread 0x000002d17b942000 Exception <a 'java/lang/ClassNotFoundException'{0x0000000086c361d0}: io/restassured/internal/common/assertion/AssertionSupport$4Customizer> (0x0000000086c361d0) thrown at [s\src\hotspot\share\classfile\systemDictionary.cpp, line 230]
Event: 12.979 Thread 0x000002d17b942000 Exception <a 'java/lang/ClassNotFoundException'{0x0000000086c85c50}: io/restassured/internal/common/assertion/AssertionSupport$7BeanInfo> (0x0000000086c85c50) thrown at [s\src\hotspot\share\classfile\systemDictionary.cpp, line 230]
Event: 12.980 Thread 0x000002d17b942000 Exception <a 'java/lang/ClassNotFoundException'{0x0000000086c98760}: io/restassured/internal/common/assertion/AssertionSupport$7Customizer> (0x0000000086c98760) thrown at [s\src\hotspot\share\classfile\systemDictionary.cpp, line 230]
Event: 12.999 Thread 0x000002d17b942000 Exception <a 'java/lang/ClassNotFoundException'{0x0000000086cfadc0}: io/restassured/internal/common/assertion/AssertionSupport$2BeanInfo> (0x0000000086cfadc0) thrown at [s\src\hotspot\share\classfile\systemDictionary.cpp, line 230]
Event: 13.000 Thread 0x000002d17b942000 Exception <a 'java/lang/ClassNotFoundException'{0x0000000086b0e498}: io/restassured/internal/common/assertion/GetAtPathFragmentEscaperBeanInfo> (0x0000000086b0e498) thrown at [s\src\hotspot\share\classfile\systemDictionary.cpp, line 230]
Event: 13.001 Thread 0x000002d17b942000 Exception <a 'java/lang/ClassNotFoundException'{0x0000000086b22008}: io/restassured/internal/common/assertion/GetAtPathFragmentEscaperCustomizer> (0x0000000086b22008) thrown at [s\src\hotspot\share\classfile\systemDictionary.cpp, line 230]
Event: 13.002 Thread 0x000002d17b942000 Exception <a 'java/lang/ClassNotFoundException'{0x0000000086b3e448}: io/restassured/internal/common/assertion/AssertionSupport$2Customizer> (0x0000000086b3e448) thrown at [s\src\hotspot\share\classfile\systemDictionary.cpp, line 230]
Event: 13.018 Thread 0x000002d17b942000 Exception <a 'java/lang/ClassNotFoundException'{0x0000000086b8df08}: io/restassured/internal/common/assertion/AssertionSupport$3BeanInfo> (0x0000000086b8df08) thrown at [s\src\hotspot\share\classfile\systemDictionary.cpp, line 230]
Event: 13.019 Thread 0x000002d17b942000 Exception <a 'java/lang/ClassNotFoundException'{0x0000000086ba0a18}: io/restassured/internal/common/assertion/AssertionSupport$3Customizer> (0x0000000086ba0a18) thrown at [s\src\hotspot\share\classfile\systemDictionary.cpp, line 230]
Event: 13.021 Thread 0x000002d17b942000 Exception <a 'java/lang/ClassNotFoundException'{0x0000000086bb7f08}: groovy/runtime/metaclass/[Lio/restassured/internal/common/assertion/PathFragmentEscaper;MetaClass> (0x0000000086bb7f08) thrown at [s\src\hotspot\share\prims\jni.cpp, line 638]
Event: 13.022 Thread 0x000002d17b942000 Exception <a 'java/lang/ClassNotFoundException'{0x0000000086bbece8}: [Lio/restassured/internal/common/assertion/PathFragmentEscaper;BeanInfo> (0x0000000086bbece8) thrown at [s\src\hotspot\share\prims\jni.cpp, line 638]
Event: 13.022 Thread 0x000002d17b942000 Exception <a 'java/lang/ClassNotFoundException'{0x0000000086bbf2d0}: [Lio/restassured/internal/common/assertion/PathFragmentEscaper;BeanInfo> (0x0000000086bbf2d0) thrown at [s\src\hotspot\share\prims\jni.cpp, line 638]
Event: 13.022 Thread 0x000002d17b942000 Exception <a 'java/lang/ClassNotFoundException'{0x0000000086bbf8b8}: [Lio/restassured/internal/common/assertion/PathFragmentEscaper;BeanInfo> (0x0000000086bbf8b8) thrown at [s\src\hotspot\share\prims\jni.cpp, line 638]
Event: 13.022 Thread 0x000002d17b942000 Exception <a 'java/lang/ClassNotFoundException'{0x0000000086bbffa8}: [Lio/restassured/internal/common/assertion/PathFragmentEscaper;Customizer> (0x0000000086bbffa8) thrown at [s\src\hotspot\share\prims\jni.cpp, line 638]
Event: 13.022 Thread 0x000002d17b942000 Exception <a 'java/lang/ClassNotFoundException'{0x0000000086bc0598}: [Lio/restassured/internal/common/assertion/PathFragmentEscaper;Customizer> (0x0000000086bc0598) thrown at [s\src\hotspot\share\prims\jni.cpp, line 638]
Event: 13.022 Thread 0x000002d17b942000 Exception <a 'java/lang/ClassNotFoundException'{0x0000000086bc0b88}: [Lio/restassured/internal/common/assertion/PathFragmentEscaper;Customizer> (0x0000000086bc0b88) thrown at [s\src\hotspot\share\prims\jni.cpp, line 638]

Events (20 events):
Event: 13.003 loading class io/restassured/internal/common/assertion/AssertionSupport$3
Event: 13.003 loading class io/restassured/internal/common/assertion/AssertionSupport$3 done
Event: 13.005 loading class groovy/runtime/metaclass/io/restassured/internal/common/assertion/AssertionSupport$3MetaClass
Event: 13.005 loading class groovy/runtime/metaclass/io/restassured/internal/common/assertion/AssertionSupport$3MetaClass done
Event: 13.015 loading class io/restassured/internal/common/assertion/AssertionSupport$3BeanInfo
Event: 13.015 loading class io/restassured/internal/common/assertion/AssertionSupport$3BeanInfo done
Event: 13.017 loading class io/restassured/internal/common/assertion/AssertionSupport$3BeanInfo
Event: 13.017 loading class io/restassured/internal/common/assertion/AssertionSupport$3BeanInfo done
Event: 13.018 loading class io/restassured/internal/common/assertion/AssertionSupport$3BeanInfo
Event: 13.018 loading class io/restassured/internal/common/assertion/AssertionSupport$3BeanInfo done
Event: 13.018 loading class io/restassured/internal/common/assertion/AssertionSupport$3Customizer
Event: 13.018 loading class io/restassured/internal/common/assertion/AssertionSupport$3Customizer done
Event: 13.018 loading class io/restassured/internal/common/assertion/AssertionSupport$3Customizer
Event: 13.018 loading class io/restassured/internal/common/assertion/AssertionSupport$3Customizer done
Event: 13.019 loading class io/restassured/internal/common/assertion/AssertionSupport$3Customizer
Event: 13.019 loading class io/restassured/internal/common/assertion/AssertionSupport$3Customizer done
Event: 13.020 loading class java/util/regex/Pattern$Behind
Event: 13.020 loading class java/util/regex/Pattern$Behind done
Event: 13.020 loading class org/codehaus/groovy/runtime/dgm$695
Event: 13.020 loading class org/codehaus/groovy/runtime/dgm$695 done


Dynamic libraries:
0x00007ff718540000 - 0x00007ff71854e000 	C:\Program Files\Eclipse Adoptium\jdk-11.0.30.7-hotspot\bin\java.exe
0x00007ffa37250000 - 0x00007ffa37448000 	C:\Windows\SYSTEM32\ntdll.dll
0x00007ffa36140000 - 0x00007ffa36202000 	C:\Windows\System32\KERNEL32.DLL
0x00007ffa34a70000 - 0x00007ffa34d66000 	C:\Windows\System32\KERNELBASE.dll
0x00007ffa34e10000 - 0x00007ffa34f10000 	C:\Windows\System32\ucrtbase.dll
0x00007ffa2ef40000 - 0x00007ffa2ef5e000 	C:\Program Files\Eclipse Adoptium\jdk-11.0.30.7-hotspot\bin\VCRUNTIME140.dll
0x00007ffa2ee70000 - 0x00007ffa2ee87000 	C:\Program Files\Eclipse Adoptium\jdk-11.0.30.7-hotspot\bin\jli.dll
0x00007ffa36550000 - 0x00007ffa366f1000 	C:\Windows\System32\USER32.dll
0x00007ffa34a40000 - 0x00007ffa34a62000 	C:\Windows\System32\win32u.dll
0x00007ffa35390000 - 0x00007ffa353bb000 	C:\Windows\System32\GDI32.dll
0x00007ffa34f60000 - 0x00007ffa35079000 	C:\Windows\System32\gdi32full.dll
0x00007ffa34d70000 - 0x00007ffa34e0d000 	C:\Windows\System32\msvcp_win.dll
0x00007ffa24ff0000 - 0x00007ffa2528b000 	C:\Windows\WinSxS\amd64_microsoft.windows.common-controls_6595b64144ccf1df_6.0.19041.6456_none_60b8a6cb71f64256\COMCTL32.dll
0x00007ffa36b80000 - 0x00007ffa36c1e000 	C:\Windows\System32\msvcrt.dll
0x00007ffa35560000 - 0x00007ffa3558f000 	C:\Windows\System32\IMM32.DLL
0x00007ffa2f1f0000 - 0x00007ffa2f1fc000 	C:\Program Files\Eclipse Adoptium\jdk-11.0.30.7-hotspot\bin\vcruntime140_1.dll
0x00007ffa2b850000 - 0x00007ffa2b8dd000 	C:\Program Files\Eclipse Adoptium\jdk-11.0.30.7-hotspot\bin\msvcp140.dll
0x00007ffa07fc0000 - 0x00007ffa08b82000 	C:\Program Files\Eclipse Adoptium\jdk-11.0.30.7-hotspot\bin\server\jvm.dll
0x00007ffa353c0000 - 0x00007ffa35471000 	C:\Windows\System32\ADVAPI32.dll
0x00007ffa36220000 - 0x00007ffa362bf000 	C:\Windows\System32\sechost.dll
0x00007ffa362c0000 - 0x00007ffa363e0000 	C:\Windows\System32\RPCRT4.dll
0x00007ffa35080000 - 0x00007ffa350a7000 	C:\Windows\System32\bcrypt.dll
0x00007ffa354f0000 - 0x00007ffa3555b000 	C:\Windows\System32\WS2_32.dll
0x00007ffa36790000 - 0x00007ffa36798000 	C:\Windows\System32\PSAPI.DLL
0x00007ffa23870000 - 0x00007ffa23897000 	C:\Windows\SYSTEM32\WINMM.dll
0x00007ffa238a0000 - 0x00007ffa238aa000 	C:\Windows\SYSTEM32\VERSION.dll
0x00007ffa32750000 - 0x00007ffa32762000 	C:\Windows\SYSTEM32\kernel.appcore.dll
0x00007ffa2f1d0000 - 0x00007ffa2f1e0000 	C:\Program Files\Eclipse Adoptium\jdk-11.0.30.7-hotspot\bin\verify.dll
0x00007ffa238c0000 - 0x00007ffa23ac1000 	C:\Windows\SYSTEM32\DBGHELP.DLL
0x00007ffa21a70000 - 0x00007ffa21aa4000 	C:\Windows\SYSTEM32\dbgcore.DLL
0x00007ffa350b0000 - 0x00007ffa35132000 	C:\Windows\System32\bcryptPrimitives.dll
0x00007ffa2d510000 - 0x00007ffa2d538000 	C:\Program Files\Eclipse Adoptium\jdk-11.0.30.7-hotspot\bin\java.dll
0x00007ffa2f1b0000 - 0x00007ffa2f1ba000 	C:\Program Files\Eclipse Adoptium\jdk-11.0.30.7-hotspot\bin\jimage.dll
0x00007ffa2ef20000 - 0x00007ffa2ef2e000 	C:\Program Files\Eclipse Adoptium\jdk-11.0.30.7-hotspot\bin\instrument.dll
0x00007ffa2e4a0000 - 0x00007ffa2e4b8000 	C:\Program Files\Eclipse Adoptium\jdk-11.0.30.7-hotspot\bin\zip.dll
0x00007ffa358f0000 - 0x00007ffa36060000 	C:\Windows\System32\SHELL32.dll
0x00007ffa32950000 - 0x00007ffa330f5000 	C:\Windows\SYSTEM32\windows.storage.dll
0x00007ffa35590000 - 0x00007ffa358e4000 	C:\Windows\System32\combase.dll
0x00007ffa34230000 - 0x00007ffa3425b000 	C:\Windows\SYSTEM32\Wldp.dll
0x00007ffa36cd0000 - 0x00007ffa36d9d000 	C:\Windows\System32\OLEAUT32.dll
0x00007ffa36440000 - 0x00007ffa364ed000 	C:\Windows\System32\SHCORE.dll
0x00007ffa364f0000 - 0x00007ffa3654b000 	C:\Windows\System32\shlwapi.dll
0x00007ffa34810000 - 0x00007ffa34834000 	C:\Windows\SYSTEM32\profapi.dll
0x00007ffa2c850000 - 0x00007ffa2c869000 	C:\Program Files\Eclipse Adoptium\jdk-11.0.30.7-hotspot\bin\net.dll
0x00007ffa2ca20000 - 0x00007ffa2cb2a000 	C:\Windows\SYSTEM32\WINHTTP.dll
0x00007ffa33f90000 - 0x00007ffa33ffa000 	C:\Windows\system32\mswsock.dll
0x00007ffa2b830000 - 0x00007ffa2b843000 	C:\Program Files\Eclipse Adoptium\jdk-11.0.30.7-hotspot\bin\nio.dll
0x00007ffa2e520000 - 0x00007ffa2e52e000 	C:\Program Files\Eclipse Adoptium\jdk-11.0.30.7-hotspot\bin\sunmscapi.dll
0x00007ffa348e0000 - 0x00007ffa34a3d000 	C:\Windows\System32\CRYPT32.dll
0x00007ffa342a0000 - 0x00007ffa342c7000 	C:\Windows\SYSTEM32\ncrypt.dll
0x00007ffa34260000 - 0x00007ffa3429b000 	C:\Windows\SYSTEM32\NTASN1.dll
0x00007ffa2b7c0000 - 0x00007ffa2b7e7000 	C:\Program Files\Eclipse Adoptium\jdk-11.0.30.7-hotspot\bin\sunec.dll
0x00007ffa34190000 - 0x00007ffa341a8000 	C:\Windows\SYSTEM32\CRYPTSP.dll
0x00007ffa338b0000 - 0x00007ffa338e8000 	C:\Windows\system32\rsaenh.dll
0x00007ffa347d0000 - 0x00007ffa347fe000 	C:\Windows\SYSTEM32\USERENV.dll
0x00007ffa34180000 - 0x00007ffa3418c000 	C:\Windows\SYSTEM32\CRYPTBASE.dll
0x00007ffa33c70000 - 0x00007ffa33cab000 	C:\Windows\SYSTEM32\IPHLPAPI.DLL
0x00007ffa36210000 - 0x00007ffa36218000 	C:\Windows\System32\NSI.dll
0x00007ffa2bb40000 - 0x00007ffa2bb57000 	C:\Windows\SYSTEM32\dhcpcsvc6.DLL
0x00007ffa2c090000 - 0x00007ffa2c0ad000 	C:\Windows\SYSTEM32\dhcpcsvc.DLL
0x00007ffa33cb0000 - 0x00007ffa33d7a000 	C:\Windows\SYSTEM32\DNSAPI.dll
0x00007ffa2cc50000 - 0x00007ffa2cc5a000 	C:\Windows\System32\rasadhlp.dll
0x00007ffa26200000 - 0x00007ffa26280000 	C:\Windows\System32\fwpuclnt.dll

dbghelp: loaded successfully - version: 4.0.5 - missing functions: none
symbol engine: initialized successfully - sym options: 0x614 - pdb path: .;C:\Program Files\Eclipse Adoptium\jdk-11.0.30.7-hotspot\bin;C:\Windows\SYSTEM32;C:\Windows\WinSxS\amd64_microsoft.windows.common-controls_6595b64144ccf1df_6.0.19041.6456_none_60b8a6cb71f64256;C:\Program Files\Eclipse Adoptium\jdk-11.0.30.7-hotspot\bin\server

VM Arguments:
jvm_args: -javaagent:C:\Program Files\JetBrains\IntelliJ IDEA 2026.1\lib\idea_rt.jar=53678 -Dfile.encoding=UTF-8 
java_command: com.qacart.todo.testcases.Dummyforrestassured
java_class_path (initial): F:\selenuim\TodoApplocationProject\target\test-classes;F:\selenuim\TodoApplocationProject\target\classes;C:\Users\RAYTHEON\.m2\repository\org\seleniumhq\selenium\selenium-java\4.43.0\selenium-java-4.43.0.jar;C:\Users\RAYTHEON\.m2\repository\org\seleniumhq\selenium\selenium-api\4.43.0\selenium-api-4.43.0.jar;C:\Users\RAYTHEON\.m2\repository\org\jspecify\jspecify\1.0.0\jspecify-1.0.0.jar;C:\Users\RAYTHEON\.m2\repository\org\seleniumhq\selenium\selenium-chrome-driver\4.43.0\selenium-chrome-driver-4.43.0.jar;C:\Users\RAYTHEON\.m2\repository\com\google\auto\service\auto-service-annotations\1.1.1\auto-service-annotations-1.1.1.jar;C:\Users\RAYTHEON\.m2\repository\org\seleniumhq\selenium\selenium-chromium-driver\4.43.0\selenium-chromium-driver-4.43.0.jar;C:\Users\RAYTHEON\.m2\repository\org\seleniumhq\selenium\selenium-json\4.43.0\selenium-json-4.43.0.jar;C:\Users\RAYTHEON\.m2\repository\org\seleniumhq\selenium\selenium-manager\4.43.0\selenium-manager-4.43.0.jar;C:\Users\RAYTHEON\.m2\repository\org\seleniumhq\selenium\selenium-devtools-v145\4.43.0\selenium-devtools-v145-4.43.0.jar;C:\Users\RAYTHEON\.m2\repository\org\seleniumhq\selenium\selenium-devtools-v146\4.43.0\selenium-devtools-v146-4.43.0.jar;C:\Users\RAYTHEON\.m2\repository\org\seleniumhq\selenium\selenium-devtools-v147\4.43.0\selenium-devtools-v147-4.43.0.jar;C:\Users\RAYTHEON\.m2\repository\org\seleniumhq\selenium\selenium-edge-driver\4.43.0\selenium-edge-driver-4.43.0.jar;C:\Users\RAYTHEON\.m2\repository\org\seleniumhq\selenium\selenium-firefox-driver\4.43.0\selenium-firefox-driver-4.43.0.jar;C:\Users\RAYTHEON\.m2\repository\org\seleniumhq\selenium\selenium-http\4.43.0\selenium-http-4.43.0.jar;C:\Users\RAYTHEON\.m2\repository\org\seleniumhq\selenium\selenium-ie-driver\4.43.0\selenium-ie-driver-4.43.0.jar;C:\Users\RAYTHEON\.m2\repository\org\seleniumhq\selenium\selenium-remote-driver\4.43.0\selenium-remote-driver-4.43.0.jar;C:\Users\RAYTHEON\.m2\repository\com\google\guava\guava\33.5.
Launcher Type: SUN_STANDARD

[Global flags]
     intx CICompilerCount                          = 3                                         {product} {ergonomic}
     uint ConcGCThreads                            = 1                                         {product} {ergonomic}
     uint G1ConcRefinementThreads                  = 4                                         {product} {ergonomic}
   size_t G1HeapRegionSize                         = 1048576                                   {product} {ergonomic}
    uintx GCDrainStackTargetSize                   = 64                                        {product} {ergonomic}
   size_t InitialHeapSize                          = 134217728                                 {product} {ergonomic}
   size_t MarkStackSize                            = 4194304                                   {product} {ergonomic}
   size_t MaxHeapSize                              = 2120220672                                {product} {ergonomic}
   size_t MaxNewSize                               = 1271922688                                {product} {ergonomic}
   size_t MinHeapDeltaBytes                        = 1048576                                   {product} {ergonomic}
    uintx NonNMethodCodeHeapSize                   = 5830732                                {pd product} {ergonomic}
    uintx NonProfiledCodeHeapSize                  = 122913754                              {pd product} {ergonomic}
    uintx ProfiledCodeHeapSize                     = 122913754                              {pd product} {ergonomic}
    uintx ReservedCodeCacheSize                    = 251658240                              {pd product} {ergonomic}
     bool SegmentedCodeCache                       = true                                      {product} {ergonomic}
     bool UseCompressedClassPointers               = true                                 {lp64_product} {ergonomic}
     bool UseCompressedOops                        = true                                 {lp64_product} {ergonomic}
     bool UseG1GC                                  = true                                      {product} {ergonomic}
     bool UseLargePagesIndividualAllocation        = false                                  {pd product} {ergonomic}

Logging:
Log output configuration:
 #0: stdout all=warning uptime,level,tags
 #1: stderr all=off uptime,level,tags

Environment Variables:
JAVA_HOME=C:\Program Files\Eclipse Adoptium\jdk-11.0.30.7-hotspot\
PATH=C:\Program Files\Eclipse Adoptium\jdk-11.0.30.7-hotspot\bin;C:\Program Files\Eclipse Adoptium\jdk-8.0.482.8-hotspot\bin;C:\Windows\system32;C:\Windows;C:\Windows\System32\Wbem;C:\Windows\System32\WindowsPowerShell\v1.0\;C:\Windows\System32\OpenSSH\;C:\Program Files\nodejs\;C:\Users\RAYTHEON\Documents\apache-maven-3.9.15\bin;C:\Users\RAYTHEON\AppData\Local\Microsoft\WindowsApps;C:\Users\RAYTHEON\AppData\Roaming\npm;C:\Program Files\JetBrains\IntelliJ IDEA 2026.1\bin
USERNAME=ADHAM
OS=Windows_NT
PROCESSOR_IDENTIFIER=Intel64 Family 6 Model 42 Stepping 7, GenuineIntel
TMP=C:\Users\RAYTHEON\AppData\Local\Temp
TEMP=C:\Users\RAYTHEON\AppData\Local\Temp



---------------  S Y S T E M  ---------------

OS: Windows 10 , 64 bit Build 19041 (10.0.19041.5915)
OS uptime: 1 days 3:07 hours

CPU:total 4 (initial active 4) (2 cores per cpu, 2 threads per core) family 6 model 42 stepping 7 microcode 0x2f, cmov, cx8, fxsr, mmx, sse, sse2, sse3, ssse3, sse4.1, sse4.2, popcnt, avx, aes, clmul, ht, tsc, tscinvbit

Memory: 4k page, system-wide physical 8086M (964M free)
TotalPageFile size 10134M (AvailPageFile size 4M)
current process WorkingSet (physical memory assigned to process): 211M, peak: 211M
current process commit charge ("private bytes"): 285M, peak: 285M

vm_info: OpenJDK 64-Bit Server VM (11.0.30+7) for windows-amd64 JRE (11.0.30+7), built on Jan 21 2026 06:15:59 by "" with MS VC++ 17.7 (VS2022)

END.
