#
# There is insufficient memory for the Java Runtime Environment to continue.
# Native memory allocation (malloc) failed to allocate 466576 bytes for Chunk::new
# Possible reasons:
#   The system is out of physical RAM or swap space
#   The process is running with CompressedOops enabled, and the Java Heap may be blocking the growth of the native heap
# Possible solutions:
#   Reduce memory load on the system
#   Increase physical memory or swap space
#   Check if swap backing store is full
#   Decrease Java heap size (-Xmx/-Xms)
#   Decrease number of Java threads
#   Decrease Java thread stack sizes (-Xss)
#   Set larger code cache with -XX:ReservedCodeCacheSize=
#   JVM is running with Unscaled Compressed Oops mode in which the Java heap is
#     placed in the first 4GB address space. The Java Heap base address is the
#     maximum limit for the native heap growth. Please use -XX:HeapBaseMinAddress
#     to set the Java Heap base and to place the Java Heap above 4GB virtual address.
# This output file may be truncated or incomplete.
#
#  Out of Memory Error (arena.cpp:197), pid=14656, tid=15392
#
# JRE version: OpenJDK Runtime Environment Temurin-11.0.30+7 (11.0.30+7) (build 11.0.30+7)
# Java VM: OpenJDK 64-Bit Server VM Temurin-11.0.30+7 (11.0.30+7, mixed mode, tiered, compressed oops, g1 gc, windows-amd64)
# No core dump will be written. Minidumps are not enabled by default on client versions of Windows
#

---------------  S U M M A R Y ------------

Command Line: C:\Users\RAYTHEON\AppData\Local\Temp\surefire1680087059003399720\surefirebooter-20260512222004165_3.jar C:\Users\RAYTHEON\AppData\Local\Temp\surefire1680087059003399720 2026-05-12T22-20-03_630-jvmRun1 surefire-20260512222004165_1tmp surefire_0-20260512222004165_2tmp

Host: Intel(R) Core(TM) i5-2450M CPU @ 2.50GHz, 4 cores, 7G,  Windows 10 , 64 bit Build 19041 (10.0.19041.5915)
Time: Tue May 12 22:20:11 2026 Egypt Daylight Time elapsed time: 7.135975 seconds (0d 0h 0m 7s)

---------------  T H R E A D  ---------------

Current thread (0x00000216f0b89800):  JavaThread "C2 CompilerThread1" daemon [_thread_in_native, id=15392, stack(0x000000da04d00000,0x000000da04e00000)]


Current CompileTask:
C2:   7136 2967       4       org.yaml.snakeyaml.scanner.ScannerImpl::scanPlain (248 bytes)

Stack: [0x000000da04d00000,0x000000da04e00000]
Native frames: (J=compiled Java code, j=interpreted, Vv=VM code, C=native code)
V  [jvm.dll+0x6449fa]
V  [jvm.dll+0x7d6909]
V  [jvm.dll+0x7d7fe9]
V  [jvm.dll+0x7d86e3]
V  [jvm.dll+0x269105]
V  [jvm.dll+0xc275c]
V  [jvm.dll+0xc2d6c]
V  [jvm.dll+0x3786c1]
V  [jvm.dll+0x1b3114]
V  [jvm.dll+0x2213fd]
V  [jvm.dll+0x2202d3]
V  [jvm.dll+0x19e021]
V  [jvm.dll+0x2302b4]
V  [jvm.dll+0x22e6ac]
V  [jvm.dll+0x798531]
V  [jvm.dll+0x791094]
V  [jvm.dll+0x6437c5]
C  [ucrtbase.dll+0x21bb2]
C  [KERNEL32.DLL+0x17374]
C  [ntdll.dll+0x4cc91]


---------------  P R O C E S S  ---------------

Threads class SMR info:
_java_thread_list=0x00000216f1c4dc70, length=48, elements={
0x00000216cf0d2800, 0x00000216ef88c000, 0x00000216ef896000, 0x00000216ef88a000,
0x00000216ef89b000, 0x00000216ef89f800, 0x00000216ef8a2000, 0x00000216ef8a8000,
0x00000216ef8ba000, 0x00000216f0350000, 0x00000216f050b800, 0x00000216f091d000,
0x00000216f12c2000, 0x00000216f12c2800, 0x00000216f17da000, 0x00000216f157b800,
0x00000216f14a9000, 0x00000216f180b800, 0x00000216f16c7000, 0x00000216f19ae800,
0x00000216f19b0000, 0x00000216f19ac000, 0x00000216f19af800, 0x00000216f19b1000,
0x00000216f19b2800, 0x00000216f19b2000, 0x00000216f19ad000, 0x00000216f19ae000,
0x00000216f1a7c800, 0x00000216f1a7d800, 0x00000216f1a80800, 0x00000216f1a7e000,
0x00000216f1a7f000, 0x00000216f1a80000, 0x00000216f1a7b000, 0x00000216f1a81800,
0x00000216f1a7b800, 0x00000216f1a82000, 0x00000216f1a85800, 0x00000216f1a86800,
0x00000216f1a87000, 0x00000216f1a84800, 0x00000216f1a88000, 0x00000216f1a89000,
0x00000216f1a83000, 0x00000216f1a89800, 0x00000216f1a84000, 0x00000216f0b89800
}

Java Threads: ( => current thread )
  0x00000216cf0d2800 JavaThread "main" [_thread_blocked, id=8740, stack(0x000000da01b00000,0x000000da01c00000)]
  0x00000216ef88c000 JavaThread "Reference Handler" daemon [_thread_blocked, id=16380, stack(0x000000da02300000,0x000000da02400000)]
  0x00000216ef896000 JavaThread "Finalizer" daemon [_thread_blocked, id=9768, stack(0x000000da02400000,0x000000da02500000)]
  0x00000216ef88a000 JavaThread "Signal Dispatcher" daemon [_thread_blocked, id=16008, stack(0x000000da02600000,0x000000da02700000)]
  0x00000216ef89b000 JavaThread "Attach Listener" daemon [_thread_blocked, id=12296, stack(0x000000da02700000,0x000000da02800000)]
  0x00000216ef89f800 JavaThread "Service Thread" daemon [_thread_blocked, id=16344, stack(0x000000da02800000,0x000000da02900000)]
  0x00000216ef8a2000 JavaThread "C2 CompilerThread0" daemon [_thread_in_native, id=3248, stack(0x000000da02900000,0x000000da02a00000)]
  0x00000216ef8a8000 JavaThread "C1 CompilerThread0" daemon [_thread_blocked, id=11268, stack(0x000000da02a00000,0x000000da02b00000)]
  0x00000216ef8ba000 JavaThread "Sweeper thread" daemon [_thread_blocked, id=17364, stack(0x000000da02b00000,0x000000da02c00000)]
  0x00000216f0350000 JavaThread "Common-Cleaner" daemon [_thread_blocked, id=11480, stack(0x000000da02d00000,0x000000da02e00000)]
  0x00000216f050b800 JavaThread "surefire-forkedjvm-stream-flusher" daemon [_thread_blocked, id=11040, stack(0x000000da02e00000,0x000000da02f00000)]
  0x00000216f091d000 JavaThread "surefire-forkedjvm-command-thread" daemon [_thread_in_native, id=14904, stack(0x000000da02f00000,0x000000da03000000)]
  0x00000216f12c2000 JavaThread "ForkJoinPool.commonPool-worker-3" daemon [_thread_blocked, id=12432, stack(0x000000da03300000,0x000000da03400000)]
  0x00000216f12c2800 JavaThread "ForkJoinPool.commonPool-worker-5" daemon [_thread_blocked, id=10672, stack(0x000000da03400000,0x000000da03500000)]
  0x00000216f17da000 JavaThread "ForkJoinPool.commonPool-worker-7" daemon [_thread_blocked, id=16012, stack(0x000000da03500000,0x000000da03600000)]
  0x00000216f157b800 JavaThread "Forwarding get on session 4845e23f1a647399643a552087d0e72e to remote" [_thread_blocked, id=16120, stack(0x000000da03600000,0x000000da03700000)]
  0x00000216f14a9000 JavaThread "TestNG-test-Surefire test-2" [_thread_in_Java, id=10668, stack(0x000000da03700000,0x000000da03800000)]
  0x00000216f180b800 JavaThread "HttpClient-2-SelectorManager" daemon [_thread_in_native, id=3724, stack(0x000000da03900000,0x000000da03a00000)]
  0x00000216f16c7000 JavaThread "HttpClient-1-SelectorManager" daemon [_thread_in_native, id=15236, stack(0x000000da03a00000,0x000000da03b00000)]
  0x00000216f19ae800 JavaThread "External Process Output Forwarder - C:\Users\RAYTHEON\.cache\selenium\chromedriver\win64\147.0.7727.117\chromedriver.exe" daemon [_thread_in_native, id=15232, stack(0x000000da03b00000,0x000000da03c00000)]
  0x00000216f19b0000 JavaThread "Driver Service Executor" daemon [_thread_blocked, id=16720, stack(0x000000da03c00000,0x000000da03d00000)]
  0x00000216f19ac000 JavaThread "Driver Service Executor" daemon [_thread_in_native, id=13340, stack(0x000000da03d00000,0x000000da03e00000)]
  0x00000216f19af800 JavaThread "External Process Output Forwarder - C:\Users\RAYTHEON\.cache\selenium\chromedriver\win64\147.0.7727.117\chromedriver.exe" daemon [_thread_in_native, id=4016, stack(0x000000da03e00000,0x000000da03f00000)]
  0x00000216f19b1000 JavaThread "Driver Service Executor" daemon [_thread_blocked, id=8136, stack(0x000000da03f00000,0x000000da04000000)]
  0x00000216f19b2800 JavaThread "Driver Service Executor" daemon [_thread_in_native, id=11000, stack(0x000000da04000000,0x000000da04100000)]
  0x00000216f19b2000 JavaThread "UrlChecker-2" daemon [_thread_blocked, id=15872, stack(0x000000da04100000,0x000000da04200000)]
  0x00000216f19ad000 JavaThread "UrlChecker-3" daemon [_thread_blocked, id=5656, stack(0x000000da04200000,0x000000da04300000)]
  0x00000216f19ae000 JavaThread "Keep-Alive-Timer" daemon [_thread_blocked, id=12576, stack(0x000000da03000000,0x000000da03100000)]
  0x00000216f1a7c800 JavaThread "JdkHttpClient-0-0" daemon [_thread_blocked, id=14756, stack(0x000000da04400000,0x000000da04500000)]
  0x00000216f1a7d800 JavaThread "JdkHttpClient-1-0" daemon [_thread_blocked, id=960, stack(0x000000da04500000,0x000000da04600000)]
  0x00000216f1a80800 JavaThread "CompletableFutureDelayScheduler" daemon [_thread_blocked, id=9644, stack(0x000000da04600000,0x000000da04700000)]
  0x00000216f1a7e000 JavaThread "JdkHttpClient-0-1" daemon [_thread_blocked, id=4172, stack(0x000000da04700000,0x000000da04800000)]
  0x00000216f1a7f000 JavaThread "JdkHttpClient-1-1" daemon [_thread_blocked, id=15368, stack(0x000000da04800000,0x000000da04900000)]
  0x00000216f1a80000 JavaThread "JdkHttpClient-0-2" daemon [_thread_blocked, id=16996, stack(0x000000da04900000,0x000000da04a00000)]
  0x00000216f1a7b000 JavaThread "JdkHttpClient-1-2" daemon [_thread_blocked, id=8104, stack(0x000000da04a00000,0x000000da04b00000)]
  0x00000216f1a81800 JavaThread "JdkHttpClient-0-3" daemon [_thread_blocked, id=12820, stack(0x000000da04b00000,0x000000da04c00000)]
  0x00000216f1a7b800 JavaThread "JdkHttpClient-1-3" daemon [_thread_blocked, id=9136, stack(0x000000da04c00000,0x000000da04d00000)]
  0x00000216f1a82000 JavaThread "HttpClient-3-SelectorManager" daemon [_thread_in_native, id=14964, stack(0x000000da04e00000,0x000000da04f00000)]
  0x00000216f1a85800 JavaThread "HttpClient-4-SelectorManager" daemon [_thread_in_native, id=6008, stack(0x000000da04f00000,0x000000da05000000)]
  0x00000216f1a86800 JavaThread "JdkHttpClient-2-0" daemon [_thread_blocked, id=9256, stack(0x000000da05000000,0x000000da05100000)]
  0x00000216f1a87000 JavaThread "JdkHttpClient-3-0" daemon [_thread_blocked, id=5952, stack(0x000000da05100000,0x000000da05200000)]
  0x00000216f1a84800 JavaThread "JdkHttpClient-2-1" daemon [_thread_blocked, id=9852, stack(0x000000da05200000,0x000000da05300000)]
  0x00000216f1a88000 JavaThread "JdkHttpClient-3-1" daemon [_thread_blocked, id=9812, stack(0x000000da05300000,0x000000da05400000)]
  0x00000216f1a89000 JavaThread "JdkHttpClient-3-2" daemon [_thread_blocked, id=16528, stack(0x000000da05400000,0x000000da05500000)]
  0x00000216f1a83000 JavaThread "JdkHttpClient-3-3" daemon [_thread_blocked, id=14188, stack(0x000000da05500000,0x000000da05600000)]
  0x00000216f1a89800 JavaThread "JdkHttpClient-2-2" daemon [_thread_blocked, id=8320, stack(0x000000da05600000,0x000000da05700000)]
  0x00000216f1a84000 JavaThread "JdkHttpClient-2-3" daemon [_thread_blocked, id=11984, stack(0x000000da05700000,0x000000da05800000)]
=>0x00000216f0b89800 JavaThread "C2 CompilerThread1" daemon [_thread_in_native, id=15392, stack(0x000000da04d00000,0x000000da04e00000)]

Other Threads:
  0x00000216ef878000 VMThread "VM Thread" [stack: 0x000000da02200000,0x000000da02300000] [id=14920]
  0x00000216f034a000 WatcherThread [stack: 0x000000da02c00000,0x000000da02d00000] [id=4272]
  0x00000216cf0eb800 GCTaskThread "GC Thread#0" [stack: 0x000000da01d00000,0x000000da01e00000] [id=15696]
  0x00000216f09f9800 GCTaskThread "GC Thread#1" [stack: 0x000000da03100000,0x000000da03200000] [id=5944]
  0x00000216f0a19000 GCTaskThread "GC Thread#2" [stack: 0x000000da03200000,0x000000da03300000] [id=5484]
  0x00000216f1679000 GCTaskThread "GC Thread#3" [stack: 0x000000da03800000,0x000000da03900000] [id=8980]
  0x00000216cf11b800 ConcurrentGCThread "G1 Main Marker" [stack: 0x000000da01e00000,0x000000da01f00000] [id=16264]
  0x00000216cf11e800 ConcurrentGCThread "G1 Conc#0" [stack: 0x000000da01f00000,0x000000da02000000] [id=11860]
  0x00000216cf1ad800 ConcurrentGCThread "G1 Refine#0" [stack: 0x000000da02000000,0x000000da02100000] [id=15516]
  0x00000216cf1ae800 ConcurrentGCThread "G1 Young RemSet Sampling" [stack: 0x000000da02100000,0x000000da02200000] [id=16468]

Threads with active compile tasks:
C2 CompilerThread0     7180 2891       4       org.yaml.snakeyaml.scanner.ScannerImpl::needMoreTokens (44 bytes)
C2 CompilerThread1     7180 2967       4       org.yaml.snakeyaml.scanner.ScannerImpl::scanPlain (248 bytes)

VM state:not at safepoint (normal execution)

VM Mutex/Monitor currently owned by a thread: None

Heap address: 0x0000000081a00000, size: 2022 MB, Compressed Oops mode: 32-bit
Narrow klass base: 0x0000000000000000, Narrow klass shift: 3
Compressed class space size: 1073741824 Address: 0x0000000100000000

Heap:
 garbage-first heap   total 131072K, used 52204K [0x0000000081a00000, 0x0000000100000000)
  region size 1024K, 40 young (40960K), 5 survivors (5120K)
 Metaspace       used 29681K, capacity 31388K, committed 31616K, reserved 1077248K
  class space    used 3465K, capacity 4172K, committed 4224K, reserved 1048576K
Heap Regions: E=young(eden), S=young(survivor), O=old, HS=humongous(starts), HC=humongous(continues), CS=collection set, F=free, A=archive, TAMS=top-at-mark-start (previous, next)
|   0|0x0000000081a00000, 0x0000000081b00000, 0x0000000081b00000|100%|HS|  |TAMS 0x0000000081b00000, 0x0000000081a00000| Complete 
|   1|0x0000000081b00000, 0x0000000081c00000, 0x0000000081c00000|100%| O|  |TAMS 0x0000000081c00000, 0x0000000081b00000| Untracked 
|   2|0x0000000081c00000, 0x0000000081d00000, 0x0000000081d00000|100%| O|  |TAMS 0x0000000081d00000, 0x0000000081c00000| Untracked 
|   3|0x0000000081d00000, 0x0000000081e00000, 0x0000000081e00000|100%| O|  |TAMS 0x0000000081d42c00, 0x0000000081d00000| Untracked 
|   4|0x0000000081e00000, 0x0000000081f00000, 0x0000000081f00000|100%| O|  |TAMS 0x0000000081e00000, 0x0000000081e00000| Untracked 
|   5|0x0000000081f00000, 0x0000000082000000, 0x0000000082000000|100%| O|  |TAMS 0x0000000081f00000, 0x0000000081f00000| Untracked 
|   6|0x0000000082000000, 0x0000000082100000, 0x0000000082100000|100%| O|  |TAMS 0x0000000082000000, 0x0000000082000000| Untracked 
|   7|0x0000000082100000, 0x0000000082200000, 0x0000000082200000|100%| O|  |TAMS 0x0000000082100000, 0x0000000082100000| Untracked 
|   8|0x0000000082200000, 0x0000000082300000, 0x0000000082300000|100%| O|  |TAMS 0x0000000082200000, 0x0000000082200000| Untracked 
|   9|0x0000000082300000, 0x0000000082400000, 0x0000000082400000|100%| O|  |TAMS 0x0000000082300000, 0x0000000082300000| Untracked 
|  10|0x0000000082400000, 0x0000000082500000, 0x0000000082500000|100%| O|  |TAMS 0x0000000082400000, 0x0000000082400000| Untracked 
|  11|0x0000000082500000, 0x00000000825fb200, 0x0000000082600000| 98%| O|  |TAMS 0x0000000082500000, 0x0000000082500000| Untracked 
|  12|0x0000000082600000, 0x0000000082600000, 0x0000000082700000|  0%| F|  |TAMS 0x0000000082600000, 0x0000000082600000| Untracked 
|  13|0x0000000082700000, 0x0000000082700000, 0x0000000082800000|  0%| F|  |TAMS 0x0000000082700000, 0x0000000082700000| Untracked 
|  14|0x0000000082800000, 0x0000000082800000, 0x0000000082900000|  0%| F|  |TAMS 0x0000000082800000, 0x0000000082800000| Untracked 
|  15|0x0000000082900000, 0x0000000082900000, 0x0000000082a00000|  0%| F|  |TAMS 0x0000000082900000, 0x0000000082900000| Untracked 
|  16|0x0000000082a00000, 0x0000000082a00000, 0x0000000082b00000|  0%| F|  |TAMS 0x0000000082a00000, 0x0000000082a00000| Untracked 
|  17|0x0000000082b00000, 0x0000000082b00000, 0x0000000082c00000|  0%| F|  |TAMS 0x0000000082b00000, 0x0000000082b00000| Untracked 
|  18|0x0000000082c00000, 0x0000000082c00000, 0x0000000082d00000|  0%| F|  |TAMS 0x0000000082c00000, 0x0000000082c00000| Untracked 
|  19|0x0000000082d00000, 0x0000000082d00000, 0x0000000082e00000|  0%| F|  |TAMS 0x0000000082d00000, 0x0000000082d00000| Untracked 
|  20|0x0000000082e00000, 0x0000000082e00000, 0x0000000082f00000|  0%| F|  |TAMS 0x0000000082e00000, 0x0000000082e00000| Untracked 
|  21|0x0000000082f00000, 0x0000000082f00000, 0x0000000083000000|  0%| F|  |TAMS 0x0000000082f00000, 0x0000000082f00000| Untracked 
|  22|0x0000000083000000, 0x0000000083000000, 0x0000000083100000|  0%| F|  |TAMS 0x0000000083000000, 0x0000000083000000| Untracked 
|  23|0x0000000083100000, 0x0000000083100000, 0x0000000083200000|  0%| F|  |TAMS 0x0000000083100000, 0x0000000083100000| Untracked 
|  24|0x0000000083200000, 0x0000000083200000, 0x0000000083300000|  0%| F|  |TAMS 0x0000000083200000, 0x0000000083200000| Untracked 
|  25|0x0000000083300000, 0x0000000083300000, 0x0000000083400000|  0%| F|  |TAMS 0x0000000083300000, 0x0000000083300000| Untracked 
|  26|0x0000000083400000, 0x0000000083400000, 0x0000000083500000|  0%| F|  |TAMS 0x0000000083400000, 0x0000000083400000| Untracked 
|  27|0x0000000083500000, 0x0000000083500000, 0x0000000083600000|  0%| F|  |TAMS 0x0000000083500000, 0x0000000083500000| Untracked 
|  28|0x0000000083600000, 0x0000000083600000, 0x0000000083700000|  0%| F|  |TAMS 0x0000000083600000, 0x0000000083600000| Untracked 
|  29|0x0000000083700000, 0x0000000083700000, 0x0000000083800000|  0%| F|  |TAMS 0x0000000083700000, 0x0000000083700000| Untracked 
|  30|0x0000000083800000, 0x0000000083800000, 0x0000000083900000|  0%| F|  |TAMS 0x0000000083800000, 0x0000000083800000| Untracked 
|  31|0x0000000083900000, 0x0000000083900000, 0x0000000083a00000|  0%| F|  |TAMS 0x0000000083900000, 0x0000000083900000| Untracked 
|  32|0x0000000083a00000, 0x0000000083a00000, 0x0000000083b00000|  0%| F|  |TAMS 0x0000000083a00000, 0x0000000083a00000| Untracked 
|  33|0x0000000083b00000, 0x0000000083b00000, 0x0000000083c00000|  0%| F|  |TAMS 0x0000000083b00000, 0x0000000083b00000| Untracked 
|  34|0x0000000083c00000, 0x0000000083c00000, 0x0000000083d00000|  0%| F|  |TAMS 0x0000000083c00000, 0x0000000083c00000| Untracked 
|  35|0x0000000083d00000, 0x0000000083d00000, 0x0000000083e00000|  0%| F|  |TAMS 0x0000000083d00000, 0x0000000083d00000| Untracked 
|  36|0x0000000083e00000, 0x0000000083e00000, 0x0000000083f00000|  0%| F|  |TAMS 0x0000000083e00000, 0x0000000083e00000| Untracked 
|  37|0x0000000083f00000, 0x0000000083f00000, 0x0000000084000000|  0%| F|  |TAMS 0x0000000083f00000, 0x0000000083f00000| Untracked 
|  38|0x0000000084000000, 0x0000000084000000, 0x0000000084100000|  0%| F|  |TAMS 0x0000000084000000, 0x0000000084000000| Untracked 
|  39|0x0000000084100000, 0x0000000084100000, 0x0000000084200000|  0%| F|  |TAMS 0x0000000084100000, 0x0000000084100000| Untracked 
|  40|0x0000000084200000, 0x0000000084200000, 0x0000000084300000|  0%| F|  |TAMS 0x0000000084200000, 0x0000000084200000| Untracked 
|  41|0x0000000084300000, 0x0000000084300000, 0x0000000084400000|  0%| F|  |TAMS 0x0000000084300000, 0x0000000084300000| Untracked 
|  42|0x0000000084400000, 0x0000000084400000, 0x0000000084500000|  0%| F|  |TAMS 0x0000000084400000, 0x0000000084400000| Untracked 
|  43|0x0000000084500000, 0x0000000084500000, 0x0000000084600000|  0%| F|  |TAMS 0x0000000084500000, 0x0000000084500000| Untracked 
|  44|0x0000000084600000, 0x0000000084600000, 0x0000000084700000|  0%| F|  |TAMS 0x0000000084600000, 0x0000000084600000| Untracked 
|  45|0x0000000084700000, 0x0000000084700000, 0x0000000084800000|  0%| F|  |TAMS 0x0000000084700000, 0x0000000084700000| Untracked 
|  46|0x0000000084800000, 0x0000000084800000, 0x0000000084900000|  0%| F|  |TAMS 0x0000000084800000, 0x0000000084800000| Untracked 
|  47|0x0000000084900000, 0x0000000084900000, 0x0000000084a00000|  0%| F|  |TAMS 0x0000000084900000, 0x0000000084900000| Untracked 
|  48|0x0000000084a00000, 0x0000000084a00000, 0x0000000084b00000|  0%| F|  |TAMS 0x0000000084a00000, 0x0000000084a00000| Untracked 
|  49|0x0000000084b00000, 0x0000000084b00000, 0x0000000084c00000|  0%| F|  |TAMS 0x0000000084b00000, 0x0000000084b00000| Untracked 
|  50|0x0000000084c00000, 0x0000000084c00000, 0x0000000084d00000|  0%| F|  |TAMS 0x0000000084c00000, 0x0000000084c00000| Untracked 
|  51|0x0000000084d00000, 0x0000000084d00000, 0x0000000084e00000|  0%| F|  |TAMS 0x0000000084d00000, 0x0000000084d00000| Untracked 
|  52|0x0000000084e00000, 0x0000000084e00000, 0x0000000084f00000|  0%| F|  |TAMS 0x0000000084e00000, 0x0000000084e00000| Untracked 
|  53|0x0000000084f00000, 0x0000000084f00000, 0x0000000085000000|  0%| F|  |TAMS 0x0000000084f00000, 0x0000000084f00000| Untracked 
|  54|0x0000000085000000, 0x0000000085000000, 0x0000000085100000|  0%| F|  |TAMS 0x0000000085000000, 0x0000000085000000| Untracked 
|  55|0x0000000085100000, 0x0000000085100000, 0x0000000085200000|  0%| F|  |TAMS 0x0000000085100000, 0x0000000085100000| Untracked 
|  56|0x0000000085200000, 0x0000000085200000, 0x0000000085300000|  0%| F|  |TAMS 0x0000000085200000, 0x0000000085200000| Untracked 
|  57|0x0000000085300000, 0x0000000085300000, 0x0000000085400000|  0%| F|  |TAMS 0x0000000085300000, 0x0000000085300000| Untracked 
|  58|0x0000000085400000, 0x0000000085400000, 0x0000000085500000|  0%| F|  |TAMS 0x0000000085400000, 0x0000000085400000| Untracked 
|  59|0x0000000085500000, 0x0000000085500000, 0x0000000085600000|  0%| F|  |TAMS 0x0000000085500000, 0x0000000085500000| Untracked 
|  60|0x0000000085600000, 0x0000000085600000, 0x0000000085700000|  0%| F|  |TAMS 0x0000000085600000, 0x0000000085600000| Untracked 
|  61|0x0000000085700000, 0x0000000085700000, 0x0000000085800000|  0%| F|  |TAMS 0x0000000085700000, 0x0000000085700000| Untracked 
|  62|0x0000000085800000, 0x0000000085800000, 0x0000000085900000|  0%| F|  |TAMS 0x0000000085800000, 0x0000000085800000| Untracked 
|  63|0x0000000085900000, 0x0000000085900000, 0x0000000085a00000|  0%| F|  |TAMS 0x0000000085900000, 0x0000000085900000| Untracked 
|  64|0x0000000085a00000, 0x0000000085a00000, 0x0000000085b00000|  0%| F|  |TAMS 0x0000000085a00000, 0x0000000085a00000| Untracked 
|  65|0x0000000085b00000, 0x0000000085b00000, 0x0000000085c00000|  0%| F|  |TAMS 0x0000000085b00000, 0x0000000085b00000| Untracked 
|  66|0x0000000085c00000, 0x0000000085c00000, 0x0000000085d00000|  0%| F|  |TAMS 0x0000000085c00000, 0x0000000085c00000| Untracked 
|  67|0x0000000085d00000, 0x0000000085d00000, 0x0000000085e00000|  0%| F|  |TAMS 0x0000000085d00000, 0x0000000085d00000| Untracked 
|  68|0x0000000085e00000, 0x0000000085e00000, 0x0000000085f00000|  0%| F|  |TAMS 0x0000000085e00000, 0x0000000085e00000| Untracked 
|  69|0x0000000085f00000, 0x0000000085f00000, 0x0000000086000000|  0%| F|  |TAMS 0x0000000085f00000, 0x0000000085f00000| Untracked 
|  70|0x0000000086000000, 0x0000000086000000, 0x0000000086100000|  0%| F|  |TAMS 0x0000000086000000, 0x0000000086000000| Untracked 
|  71|0x0000000086100000, 0x0000000086100000, 0x0000000086200000|  0%| F|  |TAMS 0x0000000086100000, 0x0000000086100000| Untracked 
|  72|0x0000000086200000, 0x0000000086200000, 0x0000000086300000|  0%| F|  |TAMS 0x0000000086200000, 0x0000000086200000| Untracked 
|  73|0x0000000086300000, 0x0000000086300000, 0x0000000086400000|  0%| F|  |TAMS 0x0000000086300000, 0x0000000086300000| Untracked 
|  74|0x0000000086400000, 0x0000000086400000, 0x0000000086500000|  0%| F|  |TAMS 0x0000000086400000, 0x0000000086400000| Untracked 
|  75|0x0000000086500000, 0x0000000086500000, 0x0000000086600000|  0%| F|  |TAMS 0x0000000086500000, 0x0000000086500000| Untracked 
|  76|0x0000000086600000, 0x0000000086600000, 0x0000000086700000|  0%| F|  |TAMS 0x0000000086600000, 0x0000000086600000| Untracked 
|  77|0x0000000086700000, 0x0000000086700000, 0x0000000086800000|  0%| F|  |TAMS 0x0000000086700000, 0x0000000086700000| Untracked 
|  78|0x0000000086800000, 0x0000000086800000, 0x0000000086900000|  0%| F|  |TAMS 0x0000000086800000, 0x0000000086800000| Untracked 
|  79|0x0000000086900000, 0x0000000086900000, 0x0000000086a00000|  0%| F|  |TAMS 0x0000000086900000, 0x0000000086900000| Untracked 
|  80|0x0000000086a00000, 0x0000000086a00000, 0x0000000086b00000|  0%| F|  |TAMS 0x0000000086a00000, 0x0000000086a00000| Untracked 
|  81|0x0000000086b00000, 0x0000000086b00000, 0x0000000086c00000|  0%| F|  |TAMS 0x0000000086b00000, 0x0000000086b00000| Untracked 
|  82|0x0000000086c00000, 0x0000000086c00000, 0x0000000086d00000|  0%| F|  |TAMS 0x0000000086c00000, 0x0000000086c00000| Untracked 
|  83|0x0000000086d00000, 0x0000000086d00000, 0x0000000086e00000|  0%| F|  |TAMS 0x0000000086d00000, 0x0000000086d00000| Untracked 
|  84|0x0000000086e00000, 0x0000000086f00000, 0x0000000086f00000|100%| S|CS|TAMS 0x0000000086e00000, 0x0000000086e00000| Complete 
|  85|0x0000000086f00000, 0x0000000087000000, 0x0000000087000000|100%| S|CS|TAMS 0x0000000086f00000, 0x0000000086f00000| Complete 
|  86|0x0000000087000000, 0x0000000087100000, 0x0000000087100000|100%| S|CS|TAMS 0x0000000087000000, 0x0000000087000000| Complete 
|  87|0x0000000087100000, 0x0000000087200000, 0x0000000087200000|100%| S|CS|TAMS 0x0000000087100000, 0x0000000087100000| Complete 
|  88|0x0000000087200000, 0x0000000087300000, 0x0000000087300000|100%| S|CS|TAMS 0x0000000087200000, 0x0000000087200000| Complete 
|  89|0x0000000087300000, 0x0000000087300000, 0x0000000087400000|  0%| F|  |TAMS 0x0000000087300000, 0x0000000087300000| Untracked 
|  90|0x0000000087400000, 0x0000000087400000, 0x0000000087500000|  0%| F|  |TAMS 0x0000000087400000, 0x0000000087400000| Untracked 
|  91|0x0000000087500000, 0x0000000087500000, 0x0000000087600000|  0%| F|  |TAMS 0x0000000087500000, 0x0000000087500000| Untracked 
|  92|0x0000000087600000, 0x0000000087600000, 0x0000000087700000|  0%| F|  |TAMS 0x0000000087600000, 0x0000000087600000| Untracked 
|  93|0x0000000087700000, 0x00000000877fff58, 0x0000000087800000| 99%| E|  |TAMS 0x0000000087700000, 0x0000000087700000| Complete 
|  94|0x0000000087800000, 0x0000000087900000, 0x0000000087900000|100%| E|CS|TAMS 0x0000000087800000, 0x0000000087800000| Complete 
|  95|0x0000000087900000, 0x0000000087a00000, 0x0000000087a00000|100%| E|CS|TAMS 0x0000000087900000, 0x0000000087900000| Complete 
|  96|0x0000000087a00000, 0x0000000087b00000, 0x0000000087b00000|100%| E|CS|TAMS 0x0000000087a00000, 0x0000000087a00000| Complete 
|  97|0x0000000087b00000, 0x0000000087c00000, 0x0000000087c00000|100%| E|CS|TAMS 0x0000000087b00000, 0x0000000087b00000| Complete 
|  98|0x0000000087c00000, 0x0000000087d00000, 0x0000000087d00000|100%| E|CS|TAMS 0x0000000087c00000, 0x0000000087c00000| Complete 
|  99|0x0000000087d00000, 0x0000000087e00000, 0x0000000087e00000|100%| E|CS|TAMS 0x0000000087d00000, 0x0000000087d00000| Complete 
| 100|0x0000000087e00000, 0x0000000087f00000, 0x0000000087f00000|100%| E|CS|TAMS 0x0000000087e00000, 0x0000000087e00000| Complete 
| 101|0x0000000087f00000, 0x0000000088000000, 0x0000000088000000|100%| E|CS|TAMS 0x0000000087f00000, 0x0000000087f00000| Complete 
| 102|0x0000000088000000, 0x0000000088100000, 0x0000000088100000|100%| E|CS|TAMS 0x0000000088000000, 0x0000000088000000| Complete 
| 103|0x0000000088100000, 0x0000000088200000, 0x0000000088200000|100%| E|CS|TAMS 0x0000000088100000, 0x0000000088100000| Complete 
| 104|0x0000000088200000, 0x0000000088300000, 0x0000000088300000|100%| E|CS|TAMS 0x0000000088200000, 0x0000000088200000| Complete 
| 105|0x0000000088300000, 0x0000000088400000, 0x0000000088400000|100%| E|CS|TAMS 0x0000000088300000, 0x0000000088300000| Complete 
| 106|0x0000000088400000, 0x0000000088500000, 0x0000000088500000|100%| E|CS|TAMS 0x0000000088400000, 0x0000000088400000| Complete 
| 107|0x0000000088500000, 0x0000000088600000, 0x0000000088600000|100%| E|CS|TAMS 0x0000000088500000, 0x0000000088500000| Complete 
| 108|0x0000000088600000, 0x0000000088700000, 0x0000000088700000|100%| E|CS|TAMS 0x0000000088600000, 0x0000000088600000| Complete 
| 109|0x0000000088700000, 0x0000000088800000, 0x0000000088800000|100%| E|CS|TAMS 0x0000000088700000, 0x0000000088700000| Complete 
| 110|0x0000000088800000, 0x0000000088900000, 0x0000000088900000|100%| E|CS|TAMS 0x0000000088800000, 0x0000000088800000| Complete 
| 111|0x0000000088900000, 0x0000000088a00000, 0x0000000088a00000|100%| E|CS|TAMS 0x0000000088900000, 0x0000000088900000| Complete 
| 112|0x0000000088a00000, 0x0000000088b00000, 0x0000000088b00000|100%| E|CS|TAMS 0x0000000088a00000, 0x0000000088a00000| Complete 
| 113|0x0000000088b00000, 0x0000000088c00000, 0x0000000088c00000|100%| E|CS|TAMS 0x0000000088b00000, 0x0000000088b00000| Complete 
| 114|0x0000000088c00000, 0x0000000088d00000, 0x0000000088d00000|100%| E|CS|TAMS 0x0000000088c00000, 0x0000000088c00000| Complete 
| 115|0x0000000088d00000, 0x0000000088e00000, 0x0000000088e00000|100%| E|CS|TAMS 0x0000000088d00000, 0x0000000088d00000| Complete 
| 116|0x0000000088e00000, 0x0000000088f00000, 0x0000000088f00000|100%| E|CS|TAMS 0x0000000088e00000, 0x0000000088e00000| Complete 
| 117|0x0000000088f00000, 0x0000000089000000, 0x0000000089000000|100%| E|CS|TAMS 0x0000000088f00000, 0x0000000088f00000| Complete 
| 118|0x0000000089000000, 0x0000000089100000, 0x0000000089100000|100%| E|CS|TAMS 0x0000000089000000, 0x0000000089000000| Complete 
| 119|0x0000000089100000, 0x0000000089200000, 0x0000000089200000|100%| E|CS|TAMS 0x0000000089100000, 0x0000000089100000| Complete 
| 120|0x0000000089200000, 0x0000000089300000, 0x0000000089300000|100%| E|CS|TAMS 0x0000000089200000, 0x0000000089200000| Complete 
| 121|0x0000000089300000, 0x0000000089400000, 0x0000000089400000|100%| E|CS|TAMS 0x0000000089300000, 0x0000000089300000| Complete 
| 122|0x0000000089400000, 0x0000000089500000, 0x0000000089500000|100%| E|CS|TAMS 0x0000000089400000, 0x0000000089400000| Complete 
| 123|0x0000000089500000, 0x0000000089600000, 0x0000000089600000|100%| E|CS|TAMS 0x0000000089500000, 0x0000000089500000| Complete 
| 124|0x0000000089600000, 0x0000000089700000, 0x0000000089700000|100%| E|CS|TAMS 0x0000000089600000, 0x0000000089600000| Complete 
| 125|0x0000000089700000, 0x0000000089800000, 0x0000000089800000|100%| E|CS|TAMS 0x0000000089700000, 0x0000000089700000| Complete 
| 126|0x0000000089800000, 0x0000000089900000, 0x0000000089900000|100%| E|CS|TAMS 0x0000000089800000, 0x0000000089800000| Complete 
| 127|0x0000000089900000, 0x0000000089a00000, 0x0000000089a00000|100%| E|CS|TAMS 0x0000000089900000, 0x0000000089900000| Complete 

Card table byte_map: [0x00000216e8ad0000,0x00000216e8ed0000] _byte_map_base: 0x00000216e86c3000

Marking Bits (Prev, Next): (CMBitMap*) 0x00000216cf111c20, (CMBitMap*) 0x00000216cf111be8
 Prev Bits: [0x00000216eb270000, 0x00000216ed208000)
 Next Bits: [0x00000216e92d0000, 0x00000216eb268000)

Polling page: 0x00000216cf1b0000

Metaspace:

Usage:
  Non-class:     26.58 MB capacity,    25.60 MB ( 96%) used,   813.62 KB (  3%) free+waste,   186.00 KB ( <1%) overhead. 
      Class:      4.07 MB capacity,     3.38 MB ( 83%) used,   612.12 KB ( 15%) free+waste,    94.62 KB (  2%) overhead. 
       Both:     30.65 MB capacity,    28.99 MB ( 95%) used,     1.39 MB (  5%) free+waste,   280.62 KB ( <1%) overhead. 

Virtual space:
  Non-class space:       28.00 MB reserved,      26.75 MB ( 96%) committed 
      Class space:        1.00 GB reserved,       4.12 MB ( <1%) committed 
             Both:        1.03 GB reserved,      30.88 MB (  3%) committed 

Chunk freelists:
   Non-Class:  48.00 KB
       Class:  20.00 KB
        Both:  68.00 KB

MaxMetaspaceSize: 17179869184.00 GB
CompressedClassSpaceSize: 1.00 GB
Initial GC threshold: 20.80 MB
Current GC threshold: 35.00 MB
CDS: off

CodeHeap 'non-profiled nmethods': size=120064Kb used=1448Kb max_used=1448Kb free=118616Kb
 bounds [0x00000216e0b70000, 0x00000216e0de0000, 0x00000216e80b0000]
CodeHeap 'profiled nmethods': size=120000Kb used=6257Kb max_used=6257Kb free=113742Kb
 bounds [0x00000216d9640000, 0x00000216d9c60000, 0x00000216e0b70000]
CodeHeap 'non-nmethods': size=5696Kb used=1257Kb max_used=1304Kb free=4439Kb
 bounds [0x00000216d90b0000, 0x00000216d9320000, 0x00000216d9640000]
 total_blobs=3512 nmethods=2974 adapters=450
 compilation: enabled
              stopped_count=0, restarted_count=0
 full_count=0

Compilation events (20 events):
Event: 7.072 Thread 0x00000216ef8a8000 2988       2       java.util.regex.Matcher::appendTail (19 bytes)
Event: 7.073 Thread 0x00000216ef8a8000 nmethod 2988 0x00000216d9c59a90 code [0x00000216d9c59c60, 0x00000216d9c59dd8]
Event: 7.073 Thread 0x00000216ef8a8000 2989       2       java.lang.String::replaceFirst (13 bytes)
Event: 7.073 Thread 0x00000216ef8a8000 nmethod 2989 0x00000216d9c59f10 code [0x00000216d9c5a0e0, 0x00000216d9c5a2c8]
Event: 7.073 Thread 0x00000216ef8a8000 2992       2       java.lang.AbstractStringBuilder::append (67 bytes)
Event: 7.074 Thread 0x00000216ef8a8000 nmethod 2992 0x00000216d9c5a410 code [0x00000216d9c5a600, 0x00000216d9c5a828]
Event: 7.074 Thread 0x00000216ef8a8000 2990       2       java.util.regex.Matcher::replaceFirst (62 bytes)
Event: 7.075 Thread 0x00000216ef8a8000 nmethod 2990 0x00000216d9c5a990 code [0x00000216d9c5abc0, 0x00000216d9c5b098]
Event: 7.075 Thread 0x00000216ef8a8000 2993       2       com.github.javafaker.service.FakeValues::<init> (20 bytes)
Event: 7.075 Thread 0x00000216ef8a8000 nmethod 2993 0x00000216d9c5b310 code [0x00000216d9c5b4c0, 0x00000216d9c5b6d8]
Event: 7.075 Thread 0x00000216ef8a8000 2994       2       com.github.javafaker.service.FakeValuesGrouping::add (12 bytes)
Event: 7.075 Thread 0x00000216ef8a8000 nmethod 2994 0x00000216d9c5b790 code [0x00000216d9c5b940, 0x00000216d9c5ba68]
Event: 7.075 Thread 0x00000216ef8a8000 2991       2       com.github.javafaker.service.files.EnFile::<init> (15 bytes)
Event: 7.076 Thread 0x00000216ef8a8000 nmethod 2991 0x00000216d9c5bb10 code [0x00000216d9c5bcc0, 0x00000216d9c5be58]
Event: 7.076 Thread 0x00000216ef8a8000 2995       2       java.util.HashMap::tableSizeFor (32 bytes)
Event: 7.076 Thread 0x00000216ef8a8000 nmethod 2995 0x00000216d9c5bf10 code [0x00000216d9c5c0c0, 0x00000216d9c5c208]
Event: 7.080 Thread 0x00000216ef8a8000 2996       2       sun.nio.cs.UTF_8$Decoder::xflow (31 bytes)
Event: 7.080 Thread 0x00000216ef8a8000 nmethod 2996 0x00000216d9c5c290 code [0x00000216d9c5c480, 0x00000216d9c5c678]
Event: 7.131 Thread 0x00000216ef8a2000 nmethod 2978 0x00000216e0cd5610 code [0x00000216e0cd58c0, 0x00000216e0cd6ea8]
Event: 7.131 Thread 0x00000216ef8a2000 2960       4       org.yaml.snakeyaml.reader.StreamReader::forward (119 bytes)

GC Heap History (8 events):
Event: 0.718 GC heap before
{Heap before GC invocations=0 (full 0):
 garbage-first heap   total 131072K, used 14336K [0x0000000081a00000, 0x0000000100000000)
  region size 1024K, 14 young (14336K), 0 survivors (0K)
 Metaspace       used 9181K, capacity 9297K, committed 9344K, reserved 1058816K
  class space    used 837K, capacity 890K, committed 896K, reserved 1048576K
}
Event: 0.723 GC heap after
{Heap after GC invocations=1 (full 0):
 garbage-first heap   total 131072K, used 5387K [0x0000000081a00000, 0x0000000100000000)
  region size 1024K, 2 young (2048K), 2 survivors (2048K)
 Metaspace       used 9181K, capacity 9297K, committed 9344K, reserved 1058816K
  class space    used 837K, capacity 890K, committed 896K, reserved 1048576K
}
Event: 2.472 GC heap before
{Heap before GC invocations=1 (full 0):
 garbage-first heap   total 131072K, used 55563K [0x0000000081a00000, 0x0000000100000000)
  region size 1024K, 52 young (53248K), 2 survivors (2048K)
 Metaspace       used 20257K, capacity 21078K, committed 21248K, reserved 1069056K
  class space    used 2099K, capacity 2433K, committed 2560K, reserved 1048576K
}
Event: 2.494 GC heap after
{Heap after GC invocations=2 (full 0):
 garbage-first heap   total 131072K, used 11375K [0x0000000081a00000, 0x0000000100000000)
  region size 1024K, 8 young (8192K), 8 survivors (8192K)
 Metaspace       used 20257K, capacity 21078K, committed 21248K, reserved 1069056K
  class space    used 2099K, capacity 2433K, committed 2560K, reserved 1048576K
}
Event: 2.612 GC heap before
{Heap before GC invocations=3 (full 0):
 garbage-first heap   total 131072K, used 19567K [0x0000000081a00000, 0x0000000100000000)
  region size 1024K, 16 young (16384K), 8 survivors (8192K)
 Metaspace       used 20402K, capacity 21305K, committed 21504K, reserved 1069056K
  class space    used 2103K, capacity 2466K, committed 2560K, reserved 1048576K
}
Event: 2.626 GC heap after
{Heap after GC invocations=4 (full 0):
 garbage-first heap   total 131072K, used 13465K [0x0000000081a00000, 0x0000000100000000)
  region size 1024K, 2 young (2048K), 2 survivors (2048K)
 Metaspace       used 20402K, capacity 21305K, committed 21504K, reserved 1069056K
  class space    used 2103K, capacity 2466K, committed 2560K, reserved 1048576K
}
Event: 6.183 GC heap before
{Heap before GC invocations=4 (full 0):
 garbage-first heap   total 131072K, used 51353K [0x0000000081a00000, 0x0000000100000000)
  region size 1024K, 39 young (39936K), 2 survivors (2048K)
 Metaspace       used 28030K, capacity 29691K, committed 29824K, reserved 1075200K
  class space    used 3250K, capacity 3948K, committed 3968K, reserved 1048576K
}
Event: 6.192 GC heap after
{Heap after GC invocations=5 (full 0):
 garbage-first heap   total 131072K, used 17388K [0x0000000081a00000, 0x0000000100000000)
  region size 1024K, 5 young (5120K), 5 survivors (5120K)
 Metaspace       used 28030K, capacity 29691K, committed 29824K, reserved 1075200K
  class space    used 3250K, capacity 3948K, committed 3968K, reserved 1048576K
}

Deoptimization events (20 events):
Event: 6.860 Thread 0x00000216f14a9000 Uncommon trap: trap_request=0xffffff4d fr.pc=0x00000216e0cbcd60 relative=0x00000000000000a0
Event: 6.860 Thread 0x00000216f14a9000 Uncommon trap: reason=unstable_if action=reinterpret pc=0x00000216e0cbcd60 method=org.yaml.snakeyaml.reader.StreamReader.ensureEnoughData(I)Z @ 34 c2
Event: 6.860 Thread 0x00000216f14a9000 DEOPT PACKING pc=0x00000216e0cbcd60 sp=0x000000da037fce60
Event: 6.860 Thread 0x00000216f14a9000 DEOPT UNPACKING pc=0x00000216d90fa1af sp=0x000000da037fcde8 mode 2
Event: 6.861 Thread 0x00000216f14a9000 Uncommon trap: trap_request=0xffffff4d fr.pc=0x00000216e0cbf8b8 relative=0x0000000000000558
Event: 6.861 Thread 0x00000216f14a9000 Uncommon trap: reason=unstable_if action=reinterpret pc=0x00000216e0cbf8b8 method=org.yaml.snakeyaml.scanner.ScannerImpl.needMoreTokens()Z @ 4 c2
Event: 6.861 Thread 0x00000216f14a9000 DEOPT PACKING pc=0x00000216e0cbf8b8 sp=0x000000da037fd0b0
Event: 6.861 Thread 0x00000216f14a9000 DEOPT UNPACKING pc=0x00000216d90fa1af sp=0x000000da037fd010 mode 2
Event: 6.884 Thread 0x00000216f14a9000 Uncommon trap: trap_request=0xffffff4d fr.pc=0x00000216e0cbae74 relative=0x0000000000000214
Event: 6.884 Thread 0x00000216f14a9000 Uncommon trap: reason=unstable_if action=reinterpret pc=0x00000216e0cbae74 method=java.util.regex.Matcher.reset()Ljava/util/regex/Matcher; @ 71 c2
Event: 6.884 Thread 0x00000216f14a9000 DEOPT PACKING pc=0x00000216e0cbae74 sp=0x000000da037fdc70
Event: 6.884 Thread 0x00000216f14a9000 DEOPT UNPACKING pc=0x00000216d90fa1af sp=0x000000da037fdbf8 mode 2
Event: 6.884 Thread 0x00000216f14a9000 Uncommon trap: trap_request=0xffffffc6 fr.pc=0x00000216e0cc0f00 relative=0x00000000000002a0
Event: 6.884 Thread 0x00000216f14a9000 Uncommon trap: reason=bimorphic_or_optimized_type_check action=maybe_recompile pc=0x00000216e0cc0f00 method=java.util.regex.Pattern$Slice.match(Ljava/util/regex/Matcher;ILjava/lang/CharSequence;)Z @ 75 c2
Event: 6.884 Thread 0x00000216f14a9000 DEOPT PACKING pc=0x00000216e0cc0f00 sp=0x000000da037fdbc0
Event: 6.884 Thread 0x00000216f14a9000 DEOPT UNPACKING pc=0x00000216d90fa1af sp=0x000000da037fdb60 mode 2
Event: 6.903 Thread 0x00000216f14a9000 DEOPT PACKING pc=0x00000216d9c4909c sp=0x000000da037fc6e0
Event: 6.903 Thread 0x00000216f14a9000 DEOPT UNPACKING pc=0x00000216d90fa95e sp=0x000000da037fbbb8 mode 0
Event: 6.958 Thread 0x00000216f14a9000 DEOPT PACKING pc=0x00000216d9c4c9bf sp=0x000000da037fc880
Event: 6.958 Thread 0x00000216f14a9000 DEOPT UNPACKING pc=0x00000216d90fa95e sp=0x000000da037fbd18 mode 0

Classes redefined (0 events):
No events

Internal exceptions (20 events):
Event: 3.208 Thread 0x00000216f157b800 Exception <a 'java/lang/NoSuchMethodError'{0x00000000882773a8}: 'int java.lang.invoke.DirectMethodHandle$Holder.invokeVirtual(java.lang.Object, java.lang.Object, java.lang.Object)'> (0x00000000882773a8) thrown at [s\src\hotspot\share\interpreter\linkResolver.cpp, line 773]
Event: 3.268 Thread 0x00000216f1a7c800 Exception <a 'java/lang/NoSuchMethodError'{0x00000000880e6990}: 'java.lang.Object java.lang.invoke.DirectMethodHandle$Holder.invokeSpecial(java.lang.Object, java.lang.Object, int, int, java.lang.Object, java.lang.Object, int)'> (0x00000000880e6990) thrown at [s\src\hotspot\share\interpreter\linkResolver.cpp, line 773]
Event: 3.268 Thread 0x00000216f1a7d800 Exception <a 'java/lang/NoSuchMethodError'{0x00000000880fc268}: 'java.lang.Object java.lang.invoke.DirectMethodHandle$Holder.invokeSpecial(java.lang.Object, java.lang.Object, int, int, java.lang.Object, java.lang.Object, int)'> (0x00000000880fc268) thrown at [s\src\hotspot\share\interpreter\linkResolver.cpp, line 773]
Event: 3.269 Thread 0x00000216f1a7c800 Exception <a 'java/lang/NoSuchMethodError'{0x00000000880e9e20}: 'java.lang.Object java.lang.invoke.DelegatingMethodHandle$Holder.reinvoke_L(java.lang.Object, int, int, java.lang.Object, java.lang.Object, int)'> (0x00000000880e9e20) thrown at [s\src\hotspot\share\interpreter\linkResolver.cpp, line 773]
Event: 3.269 Thread 0x00000216f1a7d800 Exception <a 'java/lang/NoSuchMethodError'{0x00000000880ff438}: 'java.lang.Object java.lang.invoke.DelegatingMethodHandle$Holder.reinvoke_L(java.lang.Object, int, int, java.lang.Object, java.lang.Object, int)'> (0x00000000880ff438) thrown at [s\src\hotspot\share\interpreter\linkResolver.cpp, line 773]
Event: 3.270 Thread 0x00000216f1a7d800 Exception <a 'java/lang/NoSuchMethodError'{0x0000000087f0ec78}: 'java.lang.Object java.lang.invoke.DirectMethodHandle$Holder.invokeSpecial(java.lang.Object, java.lang.Object, java.lang.Object, java.lang.Object, int)'> (0x0000000087f0ec78) thrown at [s\src\hotspot\share\interpreter\linkResolver.cpp, line 773]
Event: 3.270 Thread 0x00000216f1a7c800 Exception <a 'java/lang/NoSuchMethodError'{0x0000000087f3d008}: 'java.lang.Object java.lang.invoke.DirectMethodHandle$Holder.invokeSpecial(java.lang.Object, java.lang.Object, java.lang.Object, java.lang.Object, int)'> (0x0000000087f3d008) thrown at [s\src\hotspot\share\interpreter\linkResolver.cpp, line 773]
Event: 3.270 Thread 0x00000216f1a7d800 Exception <a 'java/lang/NoSuchMethodError'{0x0000000087f11ce0}: 'java.lang.Object java.lang.invoke.Invokers$Holder.linkToTargetMethod(java.lang.Object, java.lang.Object, int, java.lang.Object)'> (0x0000000087f11ce0) thrown at [s\src\hotspot\share\interpreter\linkResolver.cpp, line 773]
Event: 3.271 Thread 0x00000216f1a7c800 Exception <a 'java/lang/NoSuchMethodError'{0x0000000087f40020}: 'java.lang.Object java.lang.invoke.Invokers$Holder.linkToTargetMethod(java.lang.Object, java.lang.Object, int, java.lang.Object)'> (0x0000000087f40020) thrown at [s\src\hotspot\share\interpreter\linkResolver.cpp, line 773]
Event: 3.299 Thread 0x00000216f1a7c800 Exception <a 'java/lang/NoSuchMethodError'{0x0000000087f8cae8}: 'void java.lang.invoke.DirectMethodHandle$Holder.invokeSpecial(java.lang.Object, java.lang.Object, java.lang.Object, java.lang.Object, java.lang.Object)'> (0x0000000087f8cae8) thrown at [s\src\hotspot\share\interpreter\linkResolver.cpp, line 773]
Event: 3.299 Thread 0x00000216f1a7d800 Exception <a 'java/lang/NoSuchMethodError'{0x0000000087fb16d8}: 'void java.lang.invoke.DirectMethodHandle$Holder.invokeSpecial(java.lang.Object, java.lang.Object, java.lang.Object, java.lang.Object, java.lang.Object)'> (0x0000000087fb16d8) thrown at [s\src\hotspot\share\interpreter\linkResolver.cpp, line 773]
Event: 3.307 Thread 0x00000216f1a7c800 Exception <a 'java/lang/NoSuchMethodError'{0x0000000087fde8a8}: 'long java.lang.invoke.DirectMethodHandle$Holder.invokeStatic(java.lang.Object, long, long)'> (0x0000000087fde8a8) thrown at [s\src\hotspot\share\interpreter\linkResolver.cpp, line 773]
Event: 3.307 Thread 0x00000216f1a7d800 Exception <a 'java/lang/NoSuchMethodError'{0x0000000087ffe768}: 'long java.lang.invoke.DirectMethodHandle$Holder.invokeStatic(java.lang.Object, long, long)'> (0x0000000087ffe768) thrown at [s\src\hotspot\share\interpreter\linkResolver.cpp, line 773]
Event: 5.662 Thread 0x00000216f1a81800 Exception <a 'java/lang/NoSuchMethodError'{0x0000000087c1de78}: 'void java.lang.invoke.DirectMethodHandle$Holder.invokeSpecial(java.lang.Object, java.lang.Object, java.lang.Object, java.lang.Object, java.lang.Object, java.lang.Object, java.lang.Object)'> (0x0000000087c1de78) thrown at [s\src\hotspot\share\interpreter\linkResolver.cpp, line 773]
Event: 5.662 Thread 0x00000216f1a7b800 Exception <a 'java/lang/NoSuchMethodError'{0x0000000087c381b0}: 'void java.lang.invoke.DirectMethodHandle$Holder.invokeSpecial(java.lang.Object, java.lang.Object, java.lang.Object, java.lang.Object, java.lang.Object, java.lang.Object, java.lang.Object)'> (0x0000000087c381b0) thrown at [s\src\hotspot\share\interpreter\linkResolver.cpp, line 773]
Event: 5.946 Thread 0x00000216f14a9000 Exception <a 'java/lang/NoSuchMethodError'{0x0000000088139ab8}: 'java.lang.Object java.lang.invoke.DirectMethodHandle$Holder.invokeSpecialIFC(java.lang.Object, java.lang.Object, java.lang.Object)'> (0x0000000088139ab8) thrown at [s\src\hotspot\share\interpreter\linkResolver.cpp, line 773]
Event: 5.946 Thread 0x00000216f157b800 Exception <a 'java/lang/NoSuchMethodError'{0x0000000088165ef8}: 'java.lang.Object java.lang.invoke.DirectMethodHandle$Holder.invokeSpecialIFC(java.lang.Object, java.lang.Object, java.lang.Object)'> (0x0000000088165ef8) thrown at [s\src\hotspot\share\interpreter\linkResolver.cpp, line 773]
Event: 6.573 Thread 0x00000216f14a9000 Implicit null exception at 0x00000216e0c10078 to 0x00000216e0c1010a
Event: 6.574 Thread 0x00000216f14a9000 Implicit null exception at 0x00000216e0bdd82f to 0x00000216e0bdd89d
Event: 6.614 Thread 0x00000216f14a9000 Implicit null exception at 0x00000216e0bd2375 to 0x00000216e0bd2524

Events (20 events):
Event: 6.861 loading class org/yaml/snakeyaml/parser/ParserImpl$ParseDocumentStart
Event: 6.861 loading class org/yaml/snakeyaml/parser/ParserImpl$ParseDocumentStart done
Event: 6.862 loading class org/yaml/snakeyaml/events/StreamEndEvent
Event: 6.862 loading class org/yaml/snakeyaml/events/StreamEndEvent done
Event: 6.863 loading class java/net/URLDecoder
Event: 6.863 loading class java/net/URLDecoder done
Event: 6.863 loading class java/net/URLEncoder
Event: 6.863 loading class java/net/URLEncoder done
Event: 6.864 loading class java/util/TreeMap$DescendingSubMap
Event: 6.866 loading class java/util/TreeMap$NavigableSubMap
Event: 6.866 loading class java/util/TreeMap$NavigableSubMap done
Event: 6.866 loading class java/util/TreeMap$DescendingSubMap done
Event: 6.867 loading class java/util/Collections$ReverseComparator
Event: 6.867 loading class java/util/Collections$ReverseComparator done
Event: 6.867 loading class java/util/TreeMap$NavigableSubMap$DescendingSubMapKeyIterator
Event: 6.867 loading class java/util/TreeMap$NavigableSubMap$SubMapIterator
Event: 6.867 loading class java/util/TreeMap$NavigableSubMap$SubMapIterator done
Event: 6.867 loading class java/util/TreeMap$NavigableSubMap$DescendingSubMapKeyIterator done
Event: 6.884 loading class java/util/regex/Pattern$2
Event: 6.884 loading class java/util/regex/Pattern$2 done


Dynamic libraries:
0x00007ff6399b0000 - 0x00007ff6399be000 	C:\Program Files\Eclipse Adoptium\jdk-11.0.30.7-hotspot\bin\java.exe
0x00007ffa54810000 - 0x00007ffa54a08000 	C:\Windows\SYSTEM32\ntdll.dll
0x00007ffa53f90000 - 0x00007ffa54052000 	C:\Windows\System32\KERNEL32.DLL
0x00007ffa52170000 - 0x00007ffa52466000 	C:\Windows\System32\KERNELBASE.dll
0x00007ffa524f0000 - 0x00007ffa525f0000 	C:\Windows\System32\ucrtbase.dll
0x00007ffa4e110000 - 0x00007ffa4e127000 	C:\Program Files\Eclipse Adoptium\jdk-11.0.30.7-hotspot\bin\jli.dll
0x00007ffa528d0000 - 0x00007ffa52a71000 	C:\Windows\System32\USER32.dll
0x00007ffa52090000 - 0x00007ffa520b2000 	C:\Windows\System32\win32u.dll
0x00007ffa53580000 - 0x00007ffa535ab000 	C:\Windows\System32\GDI32.dll
0x00007ffa51f70000 - 0x00007ffa52089000 	C:\Windows\System32\gdi32full.dll
0x00007ffa51ea0000 - 0x00007ffa51f3d000 	C:\Windows\System32\msvcp_win.dll
0x00007ffa4c560000 - 0x00007ffa4c57e000 	C:\Program Files\Eclipse Adoptium\jdk-11.0.30.7-hotspot\bin\VCRUNTIME140.dll
0x00007ffa43430000 - 0x00007ffa436cb000 	C:\Windows\WinSxS\amd64_microsoft.windows.common-controls_6595b64144ccf1df_6.0.19041.6456_none_60b8a6cb71f64256\COMCTL32.dll
0x00007ffa54060000 - 0x00007ffa540fe000 	C:\Windows\System32\msvcrt.dll
0x00007ffa53e50000 - 0x00007ffa53e7f000 	C:\Windows\System32\IMM32.DLL
0x00007ffa4e100000 - 0x00007ffa4e10c000 	C:\Program Files\Eclipse Adoptium\jdk-11.0.30.7-hotspot\bin\vcruntime140_1.dll
0x00007ffa4bd50000 - 0x00007ffa4bddd000 	C:\Program Files\Eclipse Adoptium\jdk-11.0.30.7-hotspot\bin\msvcp140.dll
0x00007ffa1cdf0000 - 0x00007ffa1d9b2000 	C:\Program Files\Eclipse Adoptium\jdk-11.0.30.7-hotspot\bin\server\jvm.dll
0x00007ffa52f10000 - 0x00007ffa52fc1000 	C:\Windows\System32\ADVAPI32.dll
0x00007ffa53060000 - 0x00007ffa530ff000 	C:\Windows\System32\sechost.dll
0x00007ffa52df0000 - 0x00007ffa52f10000 	C:\Windows\System32\RPCRT4.dll
0x00007ffa51f40000 - 0x00007ffa51f67000 	C:\Windows\System32\bcrypt.dll
0x00007ffa52bc0000 - 0x00007ffa52c2b000 	C:\Windows\System32\WS2_32.dll
0x00007ffa52830000 - 0x00007ffa52838000 	C:\Windows\System32\PSAPI.DLL
0x00007ffa41b70000 - 0x00007ffa41b97000 	C:\Windows\SYSTEM32\WINMM.dll
0x00007ffa41ba0000 - 0x00007ffa41baa000 	C:\Windows\SYSTEM32\VERSION.dll
0x00007ffa4fd10000 - 0x00007ffa4fd22000 	C:\Windows\SYSTEM32\kernel.appcore.dll
0x00007ffa4cf90000 - 0x00007ffa4cfa0000 	C:\Program Files\Eclipse Adoptium\jdk-11.0.30.7-hotspot\bin\verify.dll
0x00007ffa41bb0000 - 0x00007ffa41db1000 	C:\Windows\SYSTEM32\DBGHELP.DLL
0x00007ffa3f3b0000 - 0x00007ffa3f3e4000 	C:\Windows\SYSTEM32\dbgcore.DLL
0x00007ffa52640000 - 0x00007ffa526c2000 	C:\Windows\System32\bcryptPrimitives.dll
0x00007ffa4be20000 - 0x00007ffa4be48000 	C:\Program Files\Eclipse Adoptium\jdk-11.0.30.7-hotspot\bin\java.dll
0x00007ffa4c0c0000 - 0x00007ffa4c0ca000 	C:\Program Files\Eclipse Adoptium\jdk-11.0.30.7-hotspot\bin\jimage.dll
0x00007ffa4bd30000 - 0x00007ffa4bd48000 	C:\Program Files\Eclipse Adoptium\jdk-11.0.30.7-hotspot\bin\zip.dll
0x00007ffa536e0000 - 0x00007ffa53e50000 	C:\Windows\System32\SHELL32.dll
0x00007ffa4ff10000 - 0x00007ffa506b5000 	C:\Windows\SYSTEM32\windows.storage.dll
0x00007ffa53100000 - 0x00007ffa53454000 	C:\Windows\System32\combase.dll
0x00007ffa517f0000 - 0x00007ffa5181b000 	C:\Windows\SYSTEM32\Wldp.dll
0x00007ffa52d20000 - 0x00007ffa52ded000 	C:\Windows\System32\OLEAUT32.dll
0x00007ffa53ee0000 - 0x00007ffa53f8d000 	C:\Windows\System32\SHCORE.dll
0x00007ffa52a80000 - 0x00007ffa52adb000 	C:\Windows\System32\shlwapi.dll
0x00007ffa51dd0000 - 0x00007ffa51df4000 	C:\Windows\SYSTEM32\profapi.dll
0x00007ffa4bcd0000 - 0x00007ffa4bce9000 	C:\Program Files\Eclipse Adoptium\jdk-11.0.30.7-hotspot\bin\net.dll
0x00007ffa4b610000 - 0x00007ffa4b71a000 	C:\Windows\SYSTEM32\WINHTTP.dll
0x00007ffa51550000 - 0x00007ffa515ba000 	C:\Windows\system32\mswsock.dll
0x00007ffa4bc90000 - 0x00007ffa4bca3000 	C:\Program Files\Eclipse Adoptium\jdk-11.0.30.7-hotspot\bin\nio.dll
0x00007ffa4c2f0000 - 0x00007ffa4c2fa000 	C:\Program Files\Eclipse Adoptium\jdk-11.0.30.7-hotspot\bin\management.dll
0x00007ffa4c2e0000 - 0x00007ffa4c2eb000 	C:\Program Files\Eclipse Adoptium\jdk-11.0.30.7-hotspot\bin\management_ext.dll
0x00007ffa51750000 - 0x00007ffa51768000 	C:\Windows\SYSTEM32\CRYPTSP.dll
0x00007ffa50e70000 - 0x00007ffa50ea8000 	C:\Windows\system32\rsaenh.dll
0x00007ffa51d50000 - 0x00007ffa51d7e000 	C:\Windows\SYSTEM32\USERENV.dll
0x00007ffa51740000 - 0x00007ffa5174c000 	C:\Windows\SYSTEM32\CRYPTBASE.dll
0x00007ffa51230000 - 0x00007ffa5126b000 	C:\Windows\SYSTEM32\IPHLPAPI.DLL
0x00007ffa52d10000 - 0x00007ffa52d18000 	C:\Windows\System32\NSI.dll
0x00007ffa49b40000 - 0x00007ffa49b57000 	C:\Windows\SYSTEM32\dhcpcsvc6.DLL
0x00007ffa4aa70000 - 0x00007ffa4aa8d000 	C:\Windows\SYSTEM32\dhcpcsvc.DLL
0x00007ffa51270000 - 0x00007ffa5133a000 	C:\Windows\SYSTEM32\DNSAPI.dll
0x00007ffa4ccd0000 - 0x00007ffa4ccde000 	C:\Program Files\Eclipse Adoptium\jdk-11.0.30.7-hotspot\bin\sunmscapi.dll
0x00007ffa526d0000 - 0x00007ffa5282d000 	C:\Windows\System32\CRYPT32.dll
0x00007ffa51860000 - 0x00007ffa51887000 	C:\Windows\SYSTEM32\ncrypt.dll
0x00007ffa51820000 - 0x00007ffa5185b000 	C:\Windows\SYSTEM32\NTASN1.dll
0x00007ffa4c300000 - 0x00007ffa4c327000 	C:\Program Files\Eclipse Adoptium\jdk-11.0.30.7-hotspot\bin\sunec.dll
0x00007ffa45320000 - 0x00007ffa4532a000 	C:\Windows\System32\rasadhlp.dll
0x00007ffa444f0000 - 0x00007ffa44570000 	C:\Windows\System32\fwpuclnt.dll

dbghelp: loaded successfully - version: 4.0.5 - missing functions: none
symbol engine: initialized successfully - sym options: 0x614 - pdb path: .;C:\Program Files\Eclipse Adoptium\jdk-11.0.30.7-hotspot\bin;C:\Windows\SYSTEM32;C:\Windows\WinSxS\amd64_microsoft.windows.common-controls_6595b64144ccf1df_6.0.19041.6456_none_60b8a6cb71f64256;C:\Program Files\Eclipse Adoptium\jdk-11.0.30.7-hotspot\bin\server

VM Arguments:
java_command: C:\Users\RAYTHEON\AppData\Local\Temp\surefire1680087059003399720\surefirebooter-20260512222004165_3.jar C:\Users\RAYTHEON\AppData\Local\Temp\surefire1680087059003399720 2026-05-12T22-20-03_630-jvmRun1 surefire-20260512222004165_1tmp surefire_0-20260512222004165_2tmp
java_class_path (initial): C:\Users\RAYTHEON\AppData\Local\Temp\surefire1680087059003399720\surefirebooter-20260512222004165_3.jar
Launcher Type: SUN_STANDARD

[Global flags]
     intx CICompilerCount                          = 3                                         {product} {ergonomic}
     uint ConcGCThreads                            = 1                                         {product} {ergonomic}
     uint G1ConcRefinementThreads                  = 4                                         {product} {ergonomic}
   size_t G1HeapRegionSize                         = 1048576                                   {product} {ergonomic}
    uintx GCDrainStackTargetSize                   = 64                                        {product} {ergonomic}
   size_t InitialHeapSize                          = 134217728                                 {product} {ergonomic}
   size_t MarkStackSize                            = 4194304                                   {product} {ergonomic}
   size_t MaxHeapSize                              = 2120220672                                {product} {ergonomic}
   size_t MaxNewSize                               = 1271922688                                {product} {ergonomic}
   size_t MinHeapDeltaBytes                        = 1048576                                   {product} {ergonomic}
    uintx NonNMethodCodeHeapSize                   = 5830732                                {pd product} {ergonomic}
    uintx NonProfiledCodeHeapSize                  = 122913754                              {pd product} {ergonomic}
    uintx ProfiledCodeHeapSize                     = 122913754                              {pd product} {ergonomic}
    uintx ReservedCodeCacheSize                    = 251658240                              {pd product} {ergonomic}
     bool SegmentedCodeCache                       = true                                      {product} {ergonomic}
     bool UseCompressedClassPointers               = true                                 {lp64_product} {ergonomic}
     bool UseCompressedOops                        = true                                 {lp64_product} {ergonomic}
     bool UseG1GC                                  = true                                      {product} {ergonomic}
     bool UseLargePagesIndividualAllocation        = false                                  {pd product} {ergonomic}

Logging:
Log output configuration:
 #0: stdout all=warning uptime,level,tags
 #1: stderr all=off uptime,level,tags

Environment Variables:
JAVA_HOME=C:\Program Files\Eclipse Adoptium\jdk-11.0.30.7-hotspot\
PATH=C:\Program Files\Eclipse Adoptium\jdk-11.0.30.7-hotspot\bin;C:\Program Files\Eclipse Adoptium\jdk-8.0.482.8-hotspot\bin;C:\Windows\system32;C:\Windows;C:\Windows\System32\Wbem;C:\Windows\System32\WindowsPowerShell\v1.0\;C:\Windows\System32\OpenSSH\;C:\Program Files\nodejs\;C:\Users\RAYTHEON\Documents\apache-maven-3.9.15\bin;C:\Users\RAYTHEON\AppData\Local\Microsoft\WindowsApps;C:\Users\RAYTHEON\AppData\Roaming\npm;C:\Program Files\JetBrains\IntelliJ IDEA 2026.1\bin
USERNAME=ADHAM
OS=Windows_NT
PROCESSOR_IDENTIFIER=Intel64 Family 6 Model 42 Stepping 7, GenuineIntel
TMP=C:\Users\RAYTHEON\AppData\Local\Temp
TEMP=C:\Users\RAYTHEON\AppData\Local\Temp



---------------  S Y S T E M  ---------------

OS: Windows 10 , 64 bit Build 19041 (10.0.19041.5915)
OS uptime: 0 days 7:58 hours

CPU:total 4 (initial active 4) (2 cores per cpu, 2 threads per core) family 6 model 42 stepping 7 microcode 0x2f, cmov, cx8, fxsr, mmx, sse, sse2, sse3, ssse3, sse4.1, sse4.2, popcnt, avx, aes, clmul, ht, tsc, tscinvbit

Memory: 4k page, system-wide physical 8086M (677M free)
TotalPageFile size 10134M (AvailPageFile size 0M)
current process WorkingSet (physical memory assigned to process): 172M, peak: 174M
current process commit charge ("private bytes"): 261M, peak: 263M

vm_info: OpenJDK 64-Bit Server VM (11.0.30+7) for windows-amd64 JRE (11.0.30+7), built on Jan 21 2026 06:15:59 by "" with MS VC++ 17.7 (VS2022)

END.
