#
# There is insufficient memory for the Java Runtime Environment to continue.
# Native memory allocation (malloc) failed to allocate 1920336 bytes for Chunk::new
# Possible reasons:
#   The system is out of physical RAM or swap space
#   The process is running with CompressedOops enabled, and the Java Heap may be blocking the growth of the native heap
# Possible solutions:
#   Reduce memory load on the system
#   Increase physical memory or swap space
#   Check if swap backing store is full
#   Decrease Java heap size (-Xmx/-Xms)
#   Decrease number of Java threads
#   Decrease Java thread stack sizes (-Xss)
#   Set larger code cache with -XX:ReservedCodeCacheSize=
#   JVM is running with Unscaled Compressed Oops mode in which the Java heap is
#     placed in the first 4GB address space. The Java Heap base address is the
#     maximum limit for the native heap growth. Please use -XX:HeapBaseMinAddress
#     to set the Java Heap base and to place the Java Heap above 4GB virtual address.
# This output file may be truncated or incomplete.
#
#  Out of Memory Error (arena.cpp:197), pid=14624, tid=16848
#
# JRE version: OpenJDK Runtime Environment Temurin-11.0.30+7 (11.0.30+7) (build 11.0.30+7)
# Java VM: OpenJDK 64-Bit Server VM Temurin-11.0.30+7 (11.0.30+7, mixed mode, tiered, compressed oops, g1 gc, windows-amd64)
# No core dump will be written. Minidumps are not enabled by default on client versions of Windows
#

---------------  S U M M A R Y ------------

Command Line: -javaagent:C:\Program Files\JetBrains\IntelliJ IDEA 2026.1\lib\idea_rt.jar=53496 -Dfile.encoding=UTF-8 com.qacart.todo.testcases.Dummyforrestassured

Host: Intel(R) Core(TM) i5-2450M CPU @ 2.50GHz, 4 cores, 7G,  Windows 10 , 64 bit Build 19041 (10.0.19041.5915)
Time: Mon May 11 13:51:01 2026 Egypt Daylight Time elapsed time: 6.730627 seconds (0d 0h 0m 6s)

---------------  T H R E A D  ---------------

Current thread (0x0000026964959000):  JavaThread "C2 CompilerThread1" daemon [_thread_in_native, id=16848, stack(0x0000008df0100000,0x0000008df0200000)]


Current CompileTask:
C2:   6730 3214   !   4       jdk.internal.loader.BuiltinClassLoader::loadClassOrNull (143 bytes)

Stack: [0x0000008df0100000,0x0000008df0200000]
Native frames: (J=compiled Java code, j=interpreted, Vv=VM code, C=native code)
V  [jvm.dll+0x6449fa]
V  [jvm.dll+0x7d6909]
V  [jvm.dll+0x7d7fe9]
V  [jvm.dll+0x7d86e3]
V  [jvm.dll+0x269105]
V  [jvm.dll+0xc275c]
V  [jvm.dll+0xc2d6c]
V  [jvm.dll+0x3786c1]
V  [jvm.dll+0x1b2f32]
V  [jvm.dll+0x2213fd]
V  [jvm.dll+0x2202d3]
V  [jvm.dll+0x19e021]
V  [jvm.dll+0x2302b4]
V  [jvm.dll+0x22e6ac]
V  [jvm.dll+0x798531]
V  [jvm.dll+0x791094]
V  [jvm.dll+0x6437c5]
C  [ucrtbase.dll+0x21bb2]
C  [KERNEL32.DLL+0x17374]
C  [ntdll.dll+0x4cc91]


---------------  P R O C E S S  ---------------

Threads class SMR info:
_java_thread_list=0x0000026966ca21c0, length=14, elements={
0x000002694556e800, 0x0000026963d79000, 0x0000026963d82800, 0x00000269646e2800,
0x0000026963d6d000, 0x0000026963d71800, 0x0000026963d88000, 0x0000026963d8e000,
0x0000026963d98000, 0x0000026963cf9800, 0x00000269649c3800, 0x00000269656b5800,
0x00000269656b6800, 0x0000026964959000
}

Java Threads: ( => current thread )
  0x000002694556e800 JavaThread "main" [_thread_in_vm, id=3628, stack(0x0000008deef00000,0x0000008def000000)]
  0x0000026963d79000 JavaThread "Reference Handler" daemon [_thread_blocked, id=11876, stack(0x0000008def600000,0x0000008def700000)]
  0x0000026963d82800 JavaThread "Finalizer" daemon [_thread_blocked, id=6568, stack(0x0000008def700000,0x0000008def800000)]
  0x00000269646e2800 JavaThread "Signal Dispatcher" daemon [_thread_blocked, id=15916, stack(0x0000008def800000,0x0000008def900000)]
  0x0000026963d6d000 JavaThread "Attach Listener" daemon [_thread_blocked, id=17144, stack(0x0000008def900000,0x0000008defa00000)]
  0x0000026963d71800 JavaThread "Service Thread" daemon [_thread_blocked, id=17492, stack(0x0000008defa00000,0x0000008defb00000)]
  0x0000026963d88000 JavaThread "C2 CompilerThread0" daemon [_thread_in_native, id=17576, stack(0x0000008defb00000,0x0000008defc00000)]
  0x0000026963d8e000 JavaThread "C1 CompilerThread0" daemon [_thread_blocked, id=2176, stack(0x0000008defc00000,0x0000008defd00000)]
  0x0000026963d98000 JavaThread "Sweeper thread" daemon [_thread_blocked, id=2588, stack(0x0000008defd00000,0x0000008defe00000)]
  0x0000026963cf9800 JavaThread "Common-Cleaner" daemon [_thread_blocked, id=15184, stack(0x0000008defe00000,0x0000008deff00000)]
  0x00000269649c3800 JavaThread "Monitor Ctrl-Break" daemon [_thread_in_native, id=7976, stack(0x0000008deff00000,0x0000008df0000000)]
  0x00000269656b5800 JavaThread "ForkJoinPool.commonPool-worker-3" daemon [_thread_blocked, id=4108, stack(0x0000008df0400000,0x0000008df0500000)]
  0x00000269656b6800 JavaThread "ForkJoinPool.commonPool-worker-5" daemon [_thread_blocked, id=14676, stack(0x0000008df0500000,0x0000008df0600000)]
=>0x0000026964959000 JavaThread "C2 CompilerThread1" daemon [_thread_in_native, id=16848, stack(0x0000008df0100000,0x0000008df0200000)]

Other Threads:
  0x0000026963d41800 VMThread "VM Thread" [stack: 0x0000008def500000,0x0000008def600000] [id=17172]
  0x00000269649fa000 WatcherThread [stack: 0x0000008df0000000,0x0000008df0100000] [id=17640]
  0x0000026945588800 GCTaskThread "GC Thread#0" [stack: 0x0000008def000000,0x0000008def100000] [id=940]
  0x0000026964d80000 GCTaskThread "GC Thread#1" [stack: 0x0000008df0200000,0x0000008df0300000] [id=18296]
  0x0000026964df3000 GCTaskThread "GC Thread#2" [stack: 0x0000008df0300000,0x0000008df0400000] [id=14712]
  0x00000269455b8000 ConcurrentGCThread "G1 Main Marker" [stack: 0x0000008def100000,0x0000008def200000] [id=18384]
  0x00000269455bb800 ConcurrentGCThread "G1 Conc#0" [stack: 0x0000008def200000,0x0000008def300000] [id=11432]
  0x0000026963bb0800 ConcurrentGCThread "G1 Refine#0" [stack: 0x0000008def300000,0x0000008def400000] [id=14684]
  0x0000026963bb1800 ConcurrentGCThread "G1 Young RemSet Sampling" [stack: 0x0000008def400000,0x0000008def500000] [id=15956]

Threads with active compile tasks:
C2 CompilerThread0     6758 3452       4       groovyjarjarantlr4.v4.runtime.atn.PredictionContext::join (569 bytes)
C2 CompilerThread1     6758 3214   !   4       jdk.internal.loader.BuiltinClassLoader::loadClassOrNull (143 bytes)

VM state:not at safepoint (normal execution)

VM Mutex/Monitor currently owned by a thread: None

Heap address: 0x0000000081a00000, size: 2022 MB, Compressed Oops mode: 32-bit
Narrow klass base: 0x0000000000000000, Narrow klass shift: 3
Compressed class space size: 1073741824 Address: 0x0000000100000000

Heap:
 garbage-first heap   total 131072K, used 42025K [0x0000000081a00000, 0x0000000100000000)
  region size 1024K, 29 young (29696K), 8 survivors (8192K)
 Metaspace       used 32068K, capacity 33305K, committed 33532K, reserved 1079296K
  class space    used 3626K, capacity 4201K, committed 4348K, reserved 1048576K
Heap Regions: E=young(eden), S=young(survivor), O=old, HS=humongous(starts), HC=humongous(continues), CS=collection set, F=free, A=archive, TAMS=top-at-mark-start (previous, next)
|   0|0x0000000081a00000, 0x0000000081b00000, 0x0000000081b00000|100%|HS|  |TAMS 0x0000000081b00000, 0x0000000081a00000| Complete 
|   1|0x0000000081b00000, 0x0000000081c00000, 0x0000000081c00000|100%| O|  |TAMS 0x0000000081c00000, 0x0000000081b00000| Untracked 
|   2|0x0000000081c00000, 0x0000000081d00000, 0x0000000081d00000|100%| O|  |TAMS 0x0000000081d00000, 0x0000000081c00000| Untracked 
|   3|0x0000000081d00000, 0x0000000081e00000, 0x0000000081e00000|100%| O|  |TAMS 0x0000000081e00000, 0x0000000081d00000| Untracked 
|   4|0x0000000081e00000, 0x0000000081f00000, 0x0000000081f00000|100%| O|  |TAMS 0x0000000081f00000, 0x0000000081e00000| Untracked 
|   5|0x0000000081f00000, 0x0000000082000000, 0x0000000082000000|100%| O|  |TAMS 0x0000000082000000, 0x0000000081f00000| Untracked 
|   6|0x0000000082000000, 0x0000000082100000, 0x0000000082100000|100%| O|  |TAMS 0x0000000082100000, 0x0000000082000000| Untracked 
|   7|0x0000000082100000, 0x0000000082200000, 0x0000000082200000|100%| O|  |TAMS 0x0000000082200000, 0x0000000082100000| Untracked 
|   8|0x0000000082200000, 0x0000000082300000, 0x0000000082300000|100%| O|  |TAMS 0x0000000082300000, 0x0000000082200000| Untracked 
|   9|0x0000000082300000, 0x0000000082400000, 0x0000000082400000|100%| O|  |TAMS 0x0000000082400000, 0x0000000082300000| Untracked 
|  10|0x0000000082400000, 0x0000000082500000, 0x0000000082500000|100%| O|  |TAMS 0x0000000082500000, 0x0000000082400000| Untracked 
|  11|0x0000000082500000, 0x0000000082600000, 0x0000000082600000|100%| O|  |TAMS 0x0000000082600000, 0x0000000082500000| Untracked 
|  12|0x0000000082600000, 0x0000000082700000, 0x0000000082700000|100%| O|  |TAMS 0x0000000082700000, 0x0000000082600000| Untracked 
|  13|0x0000000082700000, 0x0000000082796600, 0x0000000082800000| 58%| O|  |TAMS 0x0000000082796600, 0x0000000082700000| Untracked 
|  14|0x0000000082800000, 0x0000000082800000, 0x0000000082900000|  0%| F|  |TAMS 0x0000000082800000, 0x0000000082800000| Untracked 
|  15|0x0000000082900000, 0x0000000082900000, 0x0000000082a00000|  0%| F|  |TAMS 0x0000000082900000, 0x0000000082900000| Untracked 
|  16|0x0000000082a00000, 0x0000000082a00000, 0x0000000082b00000|  0%| F|  |TAMS 0x0000000082a00000, 0x0000000082a00000| Untracked 
|  17|0x0000000082b00000, 0x0000000082b00000, 0x0000000082c00000|  0%| F|  |TAMS 0x0000000082b00000, 0x0000000082b00000| Untracked 
|  18|0x0000000082c00000, 0x0000000082c00000, 0x0000000082d00000|  0%| F|  |TAMS 0x0000000082c00000, 0x0000000082c00000| Untracked 
|  19|0x0000000082d00000, 0x0000000082d00000, 0x0000000082e00000|  0%| F|  |TAMS 0x0000000082d00000, 0x0000000082d00000| Untracked 
|  20|0x0000000082e00000, 0x0000000082e00000, 0x0000000082f00000|  0%| F|  |TAMS 0x0000000082e00000, 0x0000000082e00000| Untracked 
|  21|0x0000000082f00000, 0x0000000082f00000, 0x0000000083000000|  0%| F|  |TAMS 0x0000000082f00000, 0x0000000082f00000| Untracked 
|  22|0x0000000083000000, 0x0000000083000000, 0x0000000083100000|  0%| F|  |TAMS 0x0000000083000000, 0x0000000083000000| Untracked 
|  23|0x0000000083100000, 0x0000000083100000, 0x0000000083200000|  0%| F|  |TAMS 0x0000000083100000, 0x0000000083100000| Untracked 
|  24|0x0000000083200000, 0x0000000083200000, 0x0000000083300000|  0%| F|  |TAMS 0x0000000083200000, 0x0000000083200000| Untracked 
|  25|0x0000000083300000, 0x0000000083300000, 0x0000000083400000|  0%| F|  |TAMS 0x0000000083300000, 0x0000000083300000| Untracked 
|  26|0x0000000083400000, 0x0000000083400000, 0x0000000083500000|  0%| F|  |TAMS 0x0000000083400000, 0x0000000083400000| Untracked 
|  27|0x0000000083500000, 0x0000000083500000, 0x0000000083600000|  0%| F|  |TAMS 0x0000000083500000, 0x0000000083500000| Untracked 
|  28|0x0000000083600000, 0x0000000083600000, 0x0000000083700000|  0%| F|  |TAMS 0x0000000083600000, 0x0000000083600000| Untracked 
|  29|0x0000000083700000, 0x0000000083700000, 0x0000000083800000|  0%| F|  |TAMS 0x0000000083700000, 0x0000000083700000| Untracked 
|  30|0x0000000083800000, 0x0000000083800000, 0x0000000083900000|  0%| F|  |TAMS 0x0000000083800000, 0x0000000083800000| Untracked 
|  31|0x0000000083900000, 0x0000000083900000, 0x0000000083a00000|  0%| F|  |TAMS 0x0000000083900000, 0x0000000083900000| Untracked 
|  32|0x0000000083a00000, 0x0000000083a00000, 0x0000000083b00000|  0%| F|  |TAMS 0x0000000083a00000, 0x0000000083a00000| Untracked 
|  33|0x0000000083b00000, 0x0000000083b00000, 0x0000000083c00000|  0%| F|  |TAMS 0x0000000083b00000, 0x0000000083b00000| Untracked 
|  34|0x0000000083c00000, 0x0000000083c00000, 0x0000000083d00000|  0%| F|  |TAMS 0x0000000083c00000, 0x0000000083c00000| Untracked 
|  35|0x0000000083d00000, 0x0000000083d00000, 0x0000000083e00000|  0%| F|  |TAMS 0x0000000083d00000, 0x0000000083d00000| Untracked 
|  36|0x0000000083e00000, 0x0000000083e00000, 0x0000000083f00000|  0%| F|  |TAMS 0x0000000083e00000, 0x0000000083e00000| Untracked 
|  37|0x0000000083f00000, 0x0000000083f00000, 0x0000000084000000|  0%| F|  |TAMS 0x0000000083f00000, 0x0000000083f00000| Untracked 
|  38|0x0000000084000000, 0x0000000084000000, 0x0000000084100000|  0%| F|  |TAMS 0x0000000084000000, 0x0000000084000000| Untracked 
|  39|0x0000000084100000, 0x0000000084100000, 0x0000000084200000|  0%| F|  |TAMS 0x0000000084100000, 0x0000000084100000| Untracked 
|  40|0x0000000084200000, 0x0000000084200000, 0x0000000084300000|  0%| F|  |TAMS 0x0000000084200000, 0x0000000084200000| Untracked 
|  41|0x0000000084300000, 0x0000000084300000, 0x0000000084400000|  0%| F|  |TAMS 0x0000000084300000, 0x0000000084300000| Untracked 
|  42|0x0000000084400000, 0x0000000084400000, 0x0000000084500000|  0%| F|  |TAMS 0x0000000084400000, 0x0000000084400000| Untracked 
|  43|0x0000000084500000, 0x0000000084500000, 0x0000000084600000|  0%| F|  |TAMS 0x0000000084500000, 0x0000000084500000| Untracked 
|  44|0x0000000084600000, 0x0000000084600000, 0x0000000084700000|  0%| F|  |TAMS 0x0000000084600000, 0x0000000084600000| Untracked 
|  45|0x0000000084700000, 0x0000000084700000, 0x0000000084800000|  0%| F|  |TAMS 0x0000000084700000, 0x0000000084700000| Untracked 
|  46|0x0000000084800000, 0x0000000084800000, 0x0000000084900000|  0%| F|  |TAMS 0x0000000084800000, 0x0000000084800000| Untracked 
|  47|0x0000000084900000, 0x0000000084900000, 0x0000000084a00000|  0%| F|  |TAMS 0x0000000084900000, 0x0000000084900000| Untracked 
|  48|0x0000000084a00000, 0x0000000084a00000, 0x0000000084b00000|  0%| F|  |TAMS 0x0000000084a00000, 0x0000000084a00000| Untracked 
|  49|0x0000000084b00000, 0x0000000084b00000, 0x0000000084c00000|  0%| F|  |TAMS 0x0000000084b00000, 0x0000000084b00000| Untracked 
|  50|0x0000000084c00000, 0x0000000084c00000, 0x0000000084d00000|  0%| F|  |TAMS 0x0000000084c00000, 0x0000000084c00000| Untracked 
|  51|0x0000000084d00000, 0x0000000084d00000, 0x0000000084e00000|  0%| F|  |TAMS 0x0000000084d00000, 0x0000000084d00000| Untracked 
|  52|0x0000000084e00000, 0x0000000084e00000, 0x0000000084f00000|  0%| F|  |TAMS 0x0000000084e00000, 0x0000000084e00000| Untracked 
|  53|0x0000000084f00000, 0x0000000084f00000, 0x0000000085000000|  0%| F|  |TAMS 0x0000000084f00000, 0x0000000084f00000| Untracked 
|  54|0x0000000085000000, 0x0000000085073ea8, 0x0000000085100000| 45%| S|CS|TAMS 0x0000000085000000, 0x0000000085000000| Complete 
|  55|0x0000000085100000, 0x0000000085200000, 0x0000000085200000|100%| S|CS|TAMS 0x0000000085100000, 0x0000000085100000| Complete 
|  56|0x0000000085200000, 0x0000000085300000, 0x0000000085300000|100%| S|CS|TAMS 0x0000000085200000, 0x0000000085200000| Complete 
|  57|0x0000000085300000, 0x0000000085400000, 0x0000000085400000|100%| S|CS|TAMS 0x0000000085300000, 0x0000000085300000| Complete 
|  58|0x0000000085400000, 0x0000000085500000, 0x0000000085500000|100%| S|CS|TAMS 0x0000000085400000, 0x0000000085400000| Complete 
|  59|0x0000000085500000, 0x0000000085600000, 0x0000000085600000|100%| S|CS|TAMS 0x0000000085500000, 0x0000000085500000| Complete 
|  60|0x0000000085600000, 0x0000000085700000, 0x0000000085700000|100%| S|CS|TAMS 0x0000000085600000, 0x0000000085600000| Complete 
|  61|0x0000000085700000, 0x0000000085800000, 0x0000000085800000|100%| S|CS|TAMS 0x0000000085700000, 0x0000000085700000| Complete 
|  62|0x0000000085800000, 0x0000000085800000, 0x0000000085900000|  0%| F|  |TAMS 0x0000000085800000, 0x0000000085800000| Untracked 
|  63|0x0000000085900000, 0x0000000085900000, 0x0000000085a00000|  0%| F|  |TAMS 0x0000000085900000, 0x0000000085900000| Untracked 
|  64|0x0000000085a00000, 0x0000000085a00000, 0x0000000085b00000|  0%| F|  |TAMS 0x0000000085a00000, 0x0000000085a00000| Untracked 
|  65|0x0000000085b00000, 0x0000000085b00000, 0x0000000085c00000|  0%| F|  |TAMS 0x0000000085b00000, 0x0000000085b00000| Untracked 
|  66|0x0000000085c00000, 0x0000000085c00000, 0x0000000085d00000|  0%| F|  |TAMS 0x0000000085c00000, 0x0000000085c00000| Untracked 
|  67|0x0000000085d00000, 0x0000000085d00000, 0x0000000085e00000|  0%| F|  |TAMS 0x0000000085d00000, 0x0000000085d00000| Untracked 
|  68|0x0000000085e00000, 0x0000000085e00000, 0x0000000085f00000|  0%| F|  |TAMS 0x0000000085e00000, 0x0000000085e00000| Untracked 
|  69|0x0000000085f00000, 0x0000000085f00000, 0x0000000086000000|  0%| F|  |TAMS 0x0000000085f00000, 0x0000000085f00000| Untracked 
|  70|0x0000000086000000, 0x0000000086000000, 0x0000000086100000|  0%| F|  |TAMS 0x0000000086000000, 0x0000000086000000| Untracked 
|  71|0x0000000086100000, 0x0000000086100000, 0x0000000086200000|  0%| F|  |TAMS 0x0000000086100000, 0x0000000086100000| Untracked 
|  72|0x0000000086200000, 0x0000000086200000, 0x0000000086300000|  0%| F|  |TAMS 0x0000000086200000, 0x0000000086200000| Untracked 
|  73|0x0000000086300000, 0x0000000086300000, 0x0000000086400000|  0%| F|  |TAMS 0x0000000086300000, 0x0000000086300000| Untracked 
|  74|0x0000000086400000, 0x0000000086400000, 0x0000000086500000|  0%| F|  |TAMS 0x0000000086400000, 0x0000000086400000| Untracked 
|  75|0x0000000086500000, 0x0000000086500000, 0x0000000086600000|  0%| F|  |TAMS 0x0000000086500000, 0x0000000086500000| Untracked 
|  76|0x0000000086600000, 0x0000000086600000, 0x0000000086700000|  0%| F|  |TAMS 0x0000000086600000, 0x0000000086600000| Untracked 
|  77|0x0000000086700000, 0x0000000086700000, 0x0000000086800000|  0%| F|  |TAMS 0x0000000086700000, 0x0000000086700000| Untracked 
|  78|0x0000000086800000, 0x0000000086800000, 0x0000000086900000|  0%| F|  |TAMS 0x0000000086800000, 0x0000000086800000| Untracked 
|  79|0x0000000086900000, 0x0000000086900000, 0x0000000086a00000|  0%| F|  |TAMS 0x0000000086900000, 0x0000000086900000| Untracked 
|  80|0x0000000086a00000, 0x0000000086a00000, 0x0000000086b00000|  0%| F|  |TAMS 0x0000000086a00000, 0x0000000086a00000| Untracked 
|  81|0x0000000086b00000, 0x0000000086b00000, 0x0000000086c00000|  0%| F|  |TAMS 0x0000000086b00000, 0x0000000086b00000| Untracked 
|  82|0x0000000086c00000, 0x0000000086c00000, 0x0000000086d00000|  0%| F|  |TAMS 0x0000000086c00000, 0x0000000086c00000| Untracked 
|  83|0x0000000086d00000, 0x0000000086d00000, 0x0000000086e00000|  0%| F|  |TAMS 0x0000000086d00000, 0x0000000086d00000| Untracked 
|  84|0x0000000086e00000, 0x0000000086e00000, 0x0000000086f00000|  0%| F|  |TAMS 0x0000000086e00000, 0x0000000086e00000| Untracked 
|  85|0x0000000086f00000, 0x0000000086f00000, 0x0000000087000000|  0%| F|  |TAMS 0x0000000086f00000, 0x0000000086f00000| Untracked 
|  86|0x0000000087000000, 0x0000000087000000, 0x0000000087100000|  0%| F|  |TAMS 0x0000000087000000, 0x0000000087000000| Untracked 
|  87|0x0000000087100000, 0x0000000087100000, 0x0000000087200000|  0%| F|  |TAMS 0x0000000087100000, 0x0000000087100000| Untracked 
|  88|0x0000000087200000, 0x0000000087200000, 0x0000000087300000|  0%| F|  |TAMS 0x0000000087200000, 0x0000000087200000| Untracked 
|  89|0x0000000087300000, 0x0000000087300000, 0x0000000087400000|  0%| F|  |TAMS 0x0000000087300000, 0x0000000087300000| Untracked 
|  90|0x0000000087400000, 0x0000000087400000, 0x0000000087500000|  0%| F|  |TAMS 0x0000000087400000, 0x0000000087400000| Untracked 
|  91|0x0000000087500000, 0x0000000087500000, 0x0000000087600000|  0%| F|  |TAMS 0x0000000087500000, 0x0000000087500000| Untracked 
|  92|0x0000000087600000, 0x0000000087600000, 0x0000000087700000|  0%| F|  |TAMS 0x0000000087600000, 0x0000000087600000| Untracked 
|  93|0x0000000087700000, 0x0000000087700000, 0x0000000087800000|  0%| F|  |TAMS 0x0000000087700000, 0x0000000087700000| Untracked 
|  94|0x0000000087800000, 0x0000000087800000, 0x0000000087900000|  0%| F|  |TAMS 0x0000000087800000, 0x0000000087800000| Untracked 
|  95|0x0000000087900000, 0x0000000087900000, 0x0000000087a00000|  0%| F|  |TAMS 0x0000000087900000, 0x0000000087900000| Untracked 
|  96|0x0000000087a00000, 0x0000000087a00000, 0x0000000087b00000|  0%| F|  |TAMS 0x0000000087a00000, 0x0000000087a00000| Untracked 
|  97|0x0000000087b00000, 0x0000000087b00000, 0x0000000087c00000|  0%| F|  |TAMS 0x0000000087b00000, 0x0000000087b00000| Untracked 
|  98|0x0000000087c00000, 0x0000000087c00000, 0x0000000087d00000|  0%| F|  |TAMS 0x0000000087c00000, 0x0000000087c00000| Untracked 
|  99|0x0000000087d00000, 0x0000000087d00000, 0x0000000087e00000|  0%| F|  |TAMS 0x0000000087d00000, 0x0000000087d00000| Untracked 
| 100|0x0000000087e00000, 0x0000000087e00000, 0x0000000087f00000|  0%| F|  |TAMS 0x0000000087e00000, 0x0000000087e00000| Untracked 
| 101|0x0000000087f00000, 0x0000000087f00000, 0x0000000088000000|  0%| F|  |TAMS 0x0000000087f00000, 0x0000000087f00000| Untracked 
| 102|0x0000000088000000, 0x0000000088000000, 0x0000000088100000|  0%| F|  |TAMS 0x0000000088000000, 0x0000000088000000| Untracked 
| 103|0x0000000088100000, 0x0000000088100000, 0x0000000088200000|  0%| F|  |TAMS 0x0000000088100000, 0x0000000088100000| Untracked 
| 104|0x0000000088200000, 0x0000000088200000, 0x0000000088300000|  0%| F|  |TAMS 0x0000000088200000, 0x0000000088200000| Untracked 
| 105|0x0000000088300000, 0x0000000088300000, 0x0000000088400000|  0%| F|  |TAMS 0x0000000088300000, 0x0000000088300000| Untracked 
| 106|0x0000000088400000, 0x0000000088400000, 0x0000000088500000|  0%| F|  |TAMS 0x0000000088400000, 0x0000000088400000| Untracked 
| 107|0x0000000088500000, 0x0000000088600000, 0x0000000088600000|100%| E|  |TAMS 0x0000000088500000, 0x0000000088500000| Complete 
| 108|0x0000000088600000, 0x0000000088700000, 0x0000000088700000|100%| E|CS|TAMS 0x0000000088600000, 0x0000000088600000| Complete 
| 109|0x0000000088700000, 0x0000000088800000, 0x0000000088800000|100%| E|CS|TAMS 0x0000000088700000, 0x0000000088700000| Complete 
| 110|0x0000000088800000, 0x0000000088900000, 0x0000000088900000|100%| E|CS|TAMS 0x0000000088800000, 0x0000000088800000| Complete 
| 111|0x0000000088900000, 0x0000000088a00000, 0x0000000088a00000|100%| E|CS|TAMS 0x0000000088900000, 0x0000000088900000| Complete 
| 112|0x0000000088a00000, 0x0000000088b00000, 0x0000000088b00000|100%| E|CS|TAMS 0x0000000088a00000, 0x0000000088a00000| Complete 
| 113|0x0000000088b00000, 0x0000000088c00000, 0x0000000088c00000|100%| E|CS|TAMS 0x0000000088b00000, 0x0000000088b00000| Complete 
| 114|0x0000000088c00000, 0x0000000088d00000, 0x0000000088d00000|100%| E|CS|TAMS 0x0000000088c00000, 0x0000000088c00000| Complete 
| 115|0x0000000088d00000, 0x0000000088e00000, 0x0000000088e00000|100%| E|CS|TAMS 0x0000000088d00000, 0x0000000088d00000| Complete 
| 116|0x0000000088e00000, 0x0000000088f00000, 0x0000000088f00000|100%| E|CS|TAMS 0x0000000088e00000, 0x0000000088e00000| Complete 
| 117|0x0000000088f00000, 0x0000000089000000, 0x0000000089000000|100%| E|CS|TAMS 0x0000000088f00000, 0x0000000088f00000| Complete 
| 118|0x0000000089000000, 0x0000000089100000, 0x0000000089100000|100%| E|CS|TAMS 0x0000000089000000, 0x0000000089000000| Complete 
| 119|0x0000000089100000, 0x0000000089200000, 0x0000000089200000|100%| E|CS|TAMS 0x0000000089100000, 0x0000000089100000| Complete 
| 120|0x0000000089200000, 0x0000000089300000, 0x0000000089300000|100%| E|CS|TAMS 0x0000000089200000, 0x0000000089200000| Complete 
| 121|0x0000000089300000, 0x0000000089400000, 0x0000000089400000|100%| E|CS|TAMS 0x0000000089300000, 0x0000000089300000| Complete 
| 122|0x0000000089400000, 0x0000000089500000, 0x0000000089500000|100%| E|CS|TAMS 0x0000000089400000, 0x0000000089400000| Complete 
| 123|0x0000000089500000, 0x0000000089600000, 0x0000000089600000|100%| E|CS|TAMS 0x0000000089500000, 0x0000000089500000| Complete 
| 124|0x0000000089600000, 0x0000000089700000, 0x0000000089700000|100%| E|CS|TAMS 0x0000000089600000, 0x0000000089600000| Complete 
| 125|0x0000000089700000, 0x0000000089800000, 0x0000000089800000|100%| E|CS|TAMS 0x0000000089700000, 0x0000000089700000| Complete 
| 126|0x0000000089800000, 0x0000000089900000, 0x0000000089900000|100%| E|CS|TAMS 0x0000000089800000, 0x0000000089800000| Complete 
| 127|0x0000000089900000, 0x0000000089a00000, 0x0000000089a00000|100%| E|CS|TAMS 0x0000000089900000, 0x0000000089900000| Complete 

Card table byte_map: [0x000002695d130000,0x000002695d530000] _byte_map_base: 0x000002695cd23000

Marking Bits (Prev, Next): (CMBitMap*) 0x00000269455af860, (CMBitMap*) 0x00000269455af828
 Prev Bits: [0x000002695f8d0000, 0x0000026961868000)
 Next Bits: [0x000002695d930000, 0x000002695f8c8000)

Polling page: 0x0000026943420000

Metaspace:

Usage:
  Non-class:     28.49 MB capacity,    27.81 MB ( 98%) used,   613.47 KB (  2%) free+waste,    78.31 KB ( <1%) overhead. 
      Class:      4.10 MB capacity,     3.55 MB ( 86%) used,   530.47 KB ( 13%) free+waste,    40.81 KB ( <1%) overhead. 
       Both:     32.59 MB capacity,    31.36 MB ( 96%) used,     1.12 MB (  3%) free+waste,   119.12 KB ( <1%) overhead. 

Virtual space:
  Non-class space:       30.00 MB reserved,      28.50 MB ( 95%) committed 
      Class space:        1.00 GB reserved,       4.25 MB ( <1%) committed 
             Both:        1.03 GB reserved,      32.75 MB (  3%) committed 

Chunk freelists:
   Non-Class:  14.00 KB
       Class:  22.00 KB
        Both:  36.00 KB

MaxMetaspaceSize: 17179869184.00 GB
CompressedClassSpaceSize: 1.00 GB
Initial GC threshold: 20.80 MB
Current GC threshold: 35.20 MB
CDS: off

CodeHeap 'non-profiled nmethods': size=120064Kb used=1661Kb max_used=1661Kb free=118402Kb
 bounds [0x00000269557f0000, 0x0000026955a60000, 0x000002695cd30000]
CodeHeap 'profiled nmethods': size=120000Kb used=7309Kb max_used=7309Kb free=112691Kb
 bounds [0x000002694e2c0000, 0x000002694e9f0000, 0x00000269557f0000]
CodeHeap 'non-nmethods': size=5696Kb used=2279Kb max_used=2301Kb free=3416Kb
 bounds [0x000002694dd30000, 0x000002694dfa0000, 0x000002694e2c0000]
 total_blobs=4237 nmethods=3468 adapters=680
 compilation: enabled
              stopped_count=0, restarted_count=0
 full_count=0

Compilation events (20 events):
Event: 6.684 Thread 0x0000026963d8e000 3472       3       jdk.internal.org.objectweb.asm.MethodVisitor::visitInsn (16 bytes)
Event: 6.684 Thread 0x0000026963d8e000 nmethod 3472 0x000002694e9dd390 code [0x000002694e9dd540, 0x000002694e9dd728]
Event: 6.684 Thread 0x0000026963d8e000 3473       3       java.lang.Class::getDeclaredConstructors (27 bytes)
Event: 6.685 Thread 0x0000026963d8e000 nmethod 3473 0x000002694e9dd810 code [0x000002694e9dda00, 0x000002694e9ddc98]
Event: 6.687 Thread 0x0000026963d8e000 3474       1       groovy.lang.Tuple2::getV2 (5 bytes)
Event: 6.687 Thread 0x0000026963d8e000 nmethod 3474 0x000002695598a410 code [0x000002695598a5c0, 0x000002695598a678]
Event: 6.689 Thread 0x0000026963d8e000 3475       3       jdk.internal.org.objectweb.asm.MethodVisitor::visitMethodInsn (68 bytes)
Event: 6.689 Thread 0x0000026963d8e000 nmethod 3475 0x000002694e9ddd90 code [0x000002694e9ddf80, 0x000002694e9de3c8]
Event: 6.692 Thread 0x0000026963d8e000 3476       3       org.codehaus.groovy.ast.ClassNode::redirect (19 bytes)
Event: 6.692 Thread 0x0000026963d8e000 nmethod 3476 0x000002694e9de510 code [0x000002694e9de6e0, 0x000002694e9dea28]
Event: 6.694 Thread 0x0000026963d8e000 3479       3       org.codehaus.groovy.ast.ASTNode::<init> (25 bytes)
Event: 6.694 Thread 0x0000026963d8e000 nmethod 3479 0x000002694e9deb10 code [0x000002694e9decc0, 0x000002694e9dee38]
Event: 6.694 Thread 0x0000026963d8e000 3480       1       org.codehaus.groovy.ast.ClassNode::isGenericsPlaceHolder (5 bytes)
Event: 6.695 Thread 0x0000026963d8e000 nmethod 3480 0x000002695598a710 code [0x000002695598a8c0, 0x000002695598a978]
Event: 6.695 Thread 0x0000026963d8e000 3481       3       org.codehaus.groovy.ast.AnnotatedNode::<init> (12 bytes)
Event: 6.695 Thread 0x0000026963d8e000 nmethod 3481 0x000002694e9def10 code [0x000002694e9df0e0, 0x000002694e9df378]
Event: 6.709 Thread 0x0000026963d8e000 3483       3       java.lang.reflect.ProxyGenerator::code_aload (11 bytes)
Event: 6.709 Thread 0x0000026963d8e000 nmethod 3483 0x000002694e9df490 code [0x000002694e9df640, 0x000002694e9df788]
Event: 6.710 Thread 0x0000026963d8e000 3484       1       org.codehaus.groovy.ast.ASTNode::getMetaDataMap (5 bytes)
Event: 6.710 Thread 0x0000026963d8e000 nmethod 3484 0x000002695598ad10 code [0x000002695598aec0, 0x000002695598af78]

GC Heap History (10 events):
Event: 1.279 GC heap before
{Heap before GC invocations=0 (full 0):
 garbage-first heap   total 131072K, used 14336K [0x0000000081a00000, 0x0000000100000000)
  region size 1024K, 14 young (14336K), 0 survivors (0K)
 Metaspace       used 9109K, capacity 9272K, committed 9344K, reserved 1058816K
  class space    used 817K, capacity 855K, committed 896K, reserved 1048576K
}
Event: 1.285 GC heap after
{Heap after GC invocations=1 (full 0):
 garbage-first heap   total 131072K, used 5533K [0x0000000081a00000, 0x0000000100000000)
  region size 1024K, 2 young (2048K), 2 survivors (2048K)
 Metaspace       used 9109K, capacity 9272K, committed 9344K, reserved 1058816K
  class space    used 817K, capacity 855K, committed 896K, reserved 1048576K
}
Event: 1.625 GC heap before
{Heap before GC invocations=1 (full 0):
 garbage-first heap   total 131072K, used 12701K [0x0000000081a00000, 0x0000000100000000)
  region size 1024K, 10 young (10240K), 2 survivors (2048K)
 Metaspace       used 11425K, capacity 11611K, committed 11904K, reserved 1060864K
  class space    used 1006K, capacity 1061K, committed 1152K, reserved 1048576K
}
Event: 1.630 GC heap after
{Heap after GC invocations=2 (full 0):
 garbage-first heap   total 131072K, used 6465K [0x0000000081a00000, 0x0000000100000000)
  region size 1024K, 1 young (1024K), 1 survivors (1024K)
 Metaspace       used 11425K, capacity 11611K, committed 11904K, reserved 1060864K
  class space    used 1006K, capacity 1061K, committed 1152K, reserved 1048576K
}
Event: 3.544 GC heap before
{Heap before GC invocations=2 (full 0):
 garbage-first heap   total 131072K, used 86337K [0x0000000081a00000, 0x0000000100000000)
  region size 1024K, 76 young (77824K), 1 survivors (1024K)
 Metaspace       used 19943K, capacity 20677K, committed 20992K, reserved 1069056K
  class space    used 1909K, capacity 2193K, committed 2304K, reserved 1048576K
}
Event: 3.565 GC heap after
{Heap after GC invocations=3 (full 0):
 garbage-first heap   total 131072K, used 14451K [0x0000000081a00000, 0x0000000100000000)
  region size 1024K, 9 young (9216K), 9 survivors (9216K)
 Metaspace       used 19943K, capacity 20677K, committed 20992K, reserved 1069056K
  class space    used 1909K, capacity 2193K, committed 2304K, reserved 1048576K
}
Event: 3.732 GC heap before
{Heap before GC invocations=3 (full 0):
 garbage-first heap   total 131072K, used 19571K [0x0000000081a00000, 0x0000000100000000)
  region size 1024K, 15 young (15360K), 9 survivors (9216K)
 Metaspace       used 20521K, capacity 21222K, committed 21296K, reserved 1069056K
  class space    used 2014K, capacity 2306K, committed 2352K, reserved 1048576K
}
Event: 3.762 GC heap after
{Heap after GC invocations=4 (full 0):
 garbage-first heap   total 131072K, used 15362K [0x0000000081a00000, 0x0000000100000000)
  region size 1024K, 2 young (2048K), 2 survivors (2048K)
 Metaspace       used 20521K, capacity 21222K, committed 21296K, reserved 1069056K
  class space    used 2014K, capacity 2306K, committed 2352K, reserved 1048576K
}
Event: 6.236 GC heap before
{Heap before GC invocations=5 (full 0):
 garbage-first heap   total 131072K, used 80898K [0x0000000081a00000, 0x0000000100000000)
  region size 1024K, 66 young (67584K), 2 survivors (2048K)
 Metaspace       used 29724K, capacity 30919K, committed 30972K, reserved 1077248K
  class space    used 3241K, capacity 3790K, committed 3836K, reserved 1048576K
}
Event: 6.251 GC heap after
{Heap after GC invocations=6 (full 0):
 garbage-first heap   total 131072K, used 21545K [0x0000000081a00000, 0x0000000100000000)
  region size 1024K, 8 young (8192K), 8 survivors (8192K)
 Metaspace       used 29724K, capacity 30919K, committed 30972K, reserved 1077248K
  class space    used 3241K, capacity 3790K, committed 3836K, reserved 1048576K
}

Deoptimization events (20 events):
Event: 6.643 Thread 0x000002694556e800 Uncommon trap: trap_request=0xffffff4d fr.pc=0x00000269559848c8 relative=0x0000000000000748
Event: 6.643 Thread 0x000002694556e800 Uncommon trap: reason=unstable_if action=reinterpret pc=0x00000269559848c8 method=java.util.HashMap.putVal(ILjava/lang/Object;Ljava/lang/Object;ZZ)Ljava/lang/Object; @ 109 c2
Event: 6.643 Thread 0x000002694556e800 DEOPT PACKING pc=0x00000269559848c8 sp=0x0000008deeffb970
Event: 6.643 Thread 0x000002694556e800 DEOPT UNPACKING pc=0x000002694dd7a1af sp=0x0000008deeffb898 mode 2
Event: 6.643 Thread 0x000002694556e800 Uncommon trap: trap_request=0xffffff4d fr.pc=0x0000026955862fdc relative=0x000000000000019c
Event: 6.643 Thread 0x000002694556e800 Uncommon trap: reason=unstable_if action=reinterpret pc=0x0000026955862fdc method=java.util.HashMap.getNode(ILjava/lang/Object;)Ljava/util/HashMap$Node; @ 84 c2
Event: 6.643 Thread 0x000002694556e800 DEOPT PACKING pc=0x0000026955862fdc sp=0x0000008deeffb920
Event: 6.643 Thread 0x000002694556e800 DEOPT UNPACKING pc=0x000002694dd7a1af sp=0x0000008deeffb8a8 mode 2
Event: 6.644 Thread 0x000002694556e800 Uncommon trap: trap_request=0xffffff4d fr.pc=0x0000026955885abc relative=0x00000000000006bc
Event: 6.644 Thread 0x000002694556e800 Uncommon trap: reason=unstable_if action=reinterpret pc=0x0000026955885abc method=java.util.HashMap.putVal(ILjava/lang/Object;Ljava/lang/Object;ZZ)Ljava/lang/Object; @ 109 c2
Event: 6.644 Thread 0x000002694556e800 DEOPT PACKING pc=0x0000026955885abc sp=0x0000008deeffb8c0
Event: 6.644 Thread 0x000002694556e800 DEOPT UNPACKING pc=0x000002694dd7a1af sp=0x0000008deeffb888 mode 2
Event: 6.707 Thread 0x000002694556e800 Uncommon trap: trap_request=0xffffff4d fr.pc=0x0000026955897ecc relative=0x000000000000282c
Event: 6.707 Thread 0x000002694556e800 Uncommon trap: reason=unstable_if action=reinterpret pc=0x0000026955897ecc method=java.util.HashMap.hash(Ljava/lang/Object;)I @ 1 c2
Event: 6.707 Thread 0x000002694556e800 DEOPT PACKING pc=0x0000026955897ecc sp=0x0000008deeffc5e0
Event: 6.707 Thread 0x000002694556e800 DEOPT UNPACKING pc=0x000002694dd7a1af sp=0x0000008deeffc500 mode 2
Event: 6.718 Thread 0x000002694556e800 Uncommon trap: trap_request=0xffffffde fr.pc=0x00000269558d2be8 relative=0x00000000000004e8
Event: 6.718 Thread 0x000002694556e800 Uncommon trap: reason=class_check action=maybe_recompile pc=0x00000269558d2be8 method=java.util.stream.ReferencePipeline.forEachWithCancel(Ljava/util/Spliterator;Ljava/util/stream/Sink;)Z @ 1 c2
Event: 6.718 Thread 0x000002694556e800 DEOPT PACKING pc=0x00000269558d2be8 sp=0x0000008deeffba80
Event: 6.718 Thread 0x000002694556e800 DEOPT UNPACKING pc=0x000002694dd7a1af sp=0x0000008deeffba20 mode 2

Classes redefined (0 events):
No events

Internal exceptions (20 events):
Event: 6.038 Thread 0x000002694556e800 Exception <a 'java/lang/ClassNotFoundException'{0x000000008601c388}: [Lio/restassured/internal/common/assertion/PathFragmentEscaper;BeanInfo> (0x000000008601c388) thrown at [s\src\hotspot\share\prims\jni.cpp, line 638]
Event: 6.038 Thread 0x000002694556e800 Exception <a 'java/lang/ClassNotFoundException'{0x000000008601c970}: [Lio/restassured/internal/common/assertion/PathFragmentEscaper;BeanInfo> (0x000000008601c970) thrown at [s\src\hotspot\share\prims\jni.cpp, line 638]
Event: 6.038 Thread 0x000002694556e800 Exception <a 'java/lang/ClassNotFoundException'{0x000000008601cf58}: [Lio/restassured/internal/common/assertion/PathFragmentEscaper;BeanInfo> (0x000000008601cf58) thrown at [s\src\hotspot\share\prims\jni.cpp, line 638]
Event: 6.038 Thread 0x000002694556e800 Exception <a 'java/lang/ClassNotFoundException'{0x000000008601d648}: [Lio/restassured/internal/common/assertion/PathFragmentEscaper;Customizer> (0x000000008601d648) thrown at [s\src\hotspot\share\prims\jni.cpp, line 638]
Event: 6.038 Thread 0x000002694556e800 Exception <a 'java/lang/ClassNotFoundException'{0x000000008601dc38}: [Lio/restassured/internal/common/assertion/PathFragmentEscaper;Customizer> (0x000000008601dc38) thrown at [s\src\hotspot\share\prims\jni.cpp, line 638]
Event: 6.038 Thread 0x000002694556e800 Exception <a 'java/lang/ClassNotFoundException'{0x000000008601e228}: [Lio/restassured/internal/common/assertion/PathFragmentEscaper;Customizer> (0x000000008601e228) thrown at [s\src\hotspot\share\prims\jni.cpp, line 638]
Event: 6.044 Thread 0x000002694556e800 Exception <a 'java/lang/ClassNotFoundException'{0x0000000086051be0}: java/lang/CharacterBeanInfo> (0x0000000086051be0) thrown at [s\src\hotspot\share\classfile\systemDictionary.cpp, line 230]
Event: 6.045 Thread 0x000002694556e800 Exception <a 'java/lang/ClassNotFoundException'{0x0000000086052e70}: java/lang/CharacterCustomizer> (0x0000000086052e70) thrown at [s\src\hotspot\share\classfile\systemDictionary.cpp, line 230]
Event: 6.057 Thread 0x000002694556e800 Exception <a 'java/lang/ClassNotFoundException'{0x00000000860caa50}: org/apache/commons/lang3/math/NumberUtilsBeanInfo> (0x00000000860caa50) thrown at [s\src\hotspot\share\classfile\systemDictionary.cpp, line 230]
Event: 6.058 Thread 0x000002694556e800 Exception <a 'java/lang/ClassNotFoundException'{0x00000000860dae78}: org/apache/commons/lang3/math/NumberUtilsCustomizer> (0x00000000860dae78) thrown at [s\src\hotspot\share\classfile\systemDictionary.cpp, line 230]
Event: 6.072 Thread 0x000002694556e800 Exception <a 'java/lang/ClassNotFoundException'{0x0000000085f87fb8}: groovy/lang/BindingBeanInfo> (0x0000000085f87fb8) thrown at [s\src\hotspot\share\classfile\systemDictionary.cpp, line 230]
Event: 6.073 Thread 0x000002694556e800 Exception <a 'java/lang/ClassNotFoundException'{0x0000000085fa0f68}: groovy/lang/BindingCustomizer> (0x0000000085fa0f68) thrown at [s\src\hotspot\share\classfile\systemDictionary.cpp, line 230]
Event: 6.078 Thread 0x000002694556e800 Exception <a 'java/lang/ClassNotFoundException'{0x0000000085fea660}: groovy/lang/GroovyShellBeanInfo> (0x0000000085fea660) thrown at [s\src\hotspot\share\classfile\systemDictionary.cpp, line 230]
Event: 6.079 Thread 0x000002694556e800 Exception <a 'java/lang/ClassNotFoundException'{0x0000000085e041c8}: groovy/lang/GroovyShellCustomizer> (0x0000000085e041c8) thrown at [s\src\hotspot\share\classfile\systemDictionary.cpp, line 230]
Event: 6.106 Thread 0x000002694556e800 Exception <a 'java/lang/NoSuchMethodError'{0x0000000085d1e240}: 'void java.lang.invoke.DirectMethodHandle$Holder.invokeVirtual(java.lang.Object, java.lang.Object)'> (0x0000000085d1e240) thrown at [s\src\hotspot\share\interpreter\linkResolver.cpp, line 773]
Event: 6.108 Thread 0x000002694556e800 Exception <a 'java/lang/NoSuchMethodError'{0x0000000085d267b8}: 'void java.lang.invoke.DirectMethodHandle$Holder.invokeSpecial(java.lang.Object, java.lang.Object, java.lang.Object, java.lang.Object, java.lang.Object)'> (0x0000000085d267b8) thrown at [s\src\hotspot\share\interpreter\linkResolver.cpp, line 773]
Event: 6.137 Thread 0x000002694556e800 Exception <a 'java/lang/NoSuchMethodError'{0x0000000085c02f00}: 'void java.lang.invoke.DirectMethodHandle$Holder.invokeStatic(java.lang.Object, java.lang.Object, java.lang.Object, java.lang.Object, java.lang.Object, java.lang.Object)'> (0x0000000085c02f00) thrown at [s\src\hotspot\share\interpreter\linkResolver.cpp, line 773]
Event: 6.698 Thread 0x000002694556e800 Exception <a 'java/lang/NoSuchMethodError'{0x0000000088751438}: 'int java.lang.invoke.DirectMethodHandle$Holder.invokeStatic(java.lang.Object, int, java.lang.Object, java.lang.Object)'> (0x0000000088751438) thrown at [s\src\hotspot\share\interpreter\linkResolver.cpp, line 773]
Event: 6.707 Thread 0x000002694556e800 Implicit null exception at 0x0000026955895706 to 0x0000026955897eb8
Event: 6.725 Thread 0x000002694556e800 Exception <a 'java/lang/NoSuchMethodError'{0x0000000088613df0}: 'int java.lang.invoke.DirectMethodHandle$Holder.invokeSpecial(java.lang.Object, java.lang.Object, java.lang.Object, java.lang.Object, java.lang.Object)'> (0x0000000088613df0) thrown at [s\src\hotspot\share\interpreter\linkResolver.cpp, line 773]

Events (20 events):
Event: 6.723 loading class groovy/lang/GeneratedGroovyProxy
Event: 6.723 loading class groovy/lang/GeneratedGroovyProxy done
Event: 6.723 loading class groovy/transform/SelfType
Event: 6.723 loading class groovy/transform/SelfType done
Event: 6.724 loading class org/codehaus/groovy/ast/GenericsType$GenericsTypeName
Event: 6.724 loading class org/codehaus/groovy/ast/GenericsType$GenericsTypeName done
Event: 6.725 loading class org/codehaus/groovy/ast/ClassNode
Event: 6.725 loading class org/codehaus/groovy/ast/ClassNode done
Event: 6.725 loading class org/codehaus/groovy/ast/ClassNode
Event: 6.725 loading class org/codehaus/groovy/ast/ClassNode done
Event: 6.725 loading class org/codehaus/groovy/control/ResolveVisitor
Event: 6.725 loading class org/codehaus/groovy/control/ResolveVisitor done
Event: 6.726 loading class java/net/URLClassLoader$2
Event: 6.727 loading class java/net/URLClassLoader$2 done
Event: 6.727 loading class Script1$restAssuredJsonRootObject
Event: 6.727 loading class Script1$restAssuredJsonRootObject done
Event: 6.727 loading class java/net/URLClassLoader$1
Event: 6.727 loading class java/net/URLClassLoader$1 done
Event: 6.728 loading class groovy/lang/Script$restAssuredJsonRootObject
Event: 6.728 loading class groovy/lang/Script$restAssuredJsonRootObject done


Dynamic libraries:
0x00007ff718540000 - 0x00007ff71854e000 	C:\Program Files\Eclipse Adoptium\jdk-11.0.30.7-hotspot\bin\java.exe
0x00007ffa37250000 - 0x00007ffa37448000 	C:\Windows\SYSTEM32\ntdll.dll
0x00007ffa36140000 - 0x00007ffa36202000 	C:\Windows\System32\KERNEL32.DLL
0x00007ffa34a70000 - 0x00007ffa34d66000 	C:\Windows\System32\KERNELBASE.dll
0x00007ffa34e10000 - 0x00007ffa34f10000 	C:\Windows\System32\ucrtbase.dll
0x00007ffa2ee70000 - 0x00007ffa2ee8e000 	C:\Program Files\Eclipse Adoptium\jdk-11.0.30.7-hotspot\bin\VCRUNTIME140.dll
0x00007ffa2e4a0000 - 0x00007ffa2e4b7000 	C:\Program Files\Eclipse Adoptium\jdk-11.0.30.7-hotspot\bin\jli.dll
0x00007ffa36550000 - 0x00007ffa366f1000 	C:\Windows\System32\USER32.dll
0x00007ffa34a40000 - 0x00007ffa34a62000 	C:\Windows\System32\win32u.dll
0x00007ffa24ff0000 - 0x00007ffa2528b000 	C:\Windows\WinSxS\amd64_microsoft.windows.common-controls_6595b64144ccf1df_6.0.19041.6456_none_60b8a6cb71f64256\COMCTL32.dll
0x00007ffa35390000 - 0x00007ffa353bb000 	C:\Windows\System32\GDI32.dll
0x00007ffa36b80000 - 0x00007ffa36c1e000 	C:\Windows\System32\msvcrt.dll
0x00007ffa34f60000 - 0x00007ffa35079000 	C:\Windows\System32\gdi32full.dll
0x00007ffa34d70000 - 0x00007ffa34e0d000 	C:\Windows\System32\msvcp_win.dll
0x00007ffa35560000 - 0x00007ffa3558f000 	C:\Windows\System32\IMM32.DLL
0x00007ffa2ef20000 - 0x00007ffa2ef2c000 	C:\Program Files\Eclipse Adoptium\jdk-11.0.30.7-hotspot\bin\vcruntime140_1.dll
0x00007ffa1bcb0000 - 0x00007ffa1bd3d000 	C:\Program Files\Eclipse Adoptium\jdk-11.0.30.7-hotspot\bin\msvcp140.dll
0x00007ffa07fc0000 - 0x00007ffa08b82000 	C:\Program Files\Eclipse Adoptium\jdk-11.0.30.7-hotspot\bin\server\jvm.dll
0x00007ffa353c0000 - 0x00007ffa35471000 	C:\Windows\System32\ADVAPI32.dll
0x00007ffa36220000 - 0x00007ffa362bf000 	C:\Windows\System32\sechost.dll
0x00007ffa362c0000 - 0x00007ffa363e0000 	C:\Windows\System32\RPCRT4.dll
0x00007ffa35080000 - 0x00007ffa350a7000 	C:\Windows\System32\bcrypt.dll
0x00007ffa354f0000 - 0x00007ffa3555b000 	C:\Windows\System32\WS2_32.dll
0x00007ffa36790000 - 0x00007ffa36798000 	C:\Windows\System32\PSAPI.DLL
0x00007ffa23870000 - 0x00007ffa23897000 	C:\Windows\SYSTEM32\WINMM.dll
0x00007ffa238a0000 - 0x00007ffa238aa000 	C:\Windows\SYSTEM32\VERSION.dll
0x00007ffa32750000 - 0x00007ffa32762000 	C:\Windows\SYSTEM32\kernel.appcore.dll
0x00007ffa2ed50000 - 0x00007ffa2ed60000 	C:\Program Files\Eclipse Adoptium\jdk-11.0.30.7-hotspot\bin\verify.dll
0x00007ffa238c0000 - 0x00007ffa23ac1000 	C:\Windows\SYSTEM32\DBGHELP.DLL
0x00007ffa21a70000 - 0x00007ffa21aa4000 	C:\Windows\SYSTEM32\dbgcore.DLL
0x00007ffa350b0000 - 0x00007ffa35132000 	C:\Windows\System32\bcryptPrimitives.dll
0x00007ffa2d510000 - 0x00007ffa2d538000 	C:\Program Files\Eclipse Adoptium\jdk-11.0.30.7-hotspot\bin\java.dll
0x00007ffa2ec80000 - 0x00007ffa2ec8a000 	C:\Program Files\Eclipse Adoptium\jdk-11.0.30.7-hotspot\bin\jimage.dll
0x00007ffa2e520000 - 0x00007ffa2e52e000 	C:\Program Files\Eclipse Adoptium\jdk-11.0.30.7-hotspot\bin\instrument.dll
0x00007ffa2c850000 - 0x00007ffa2c868000 	C:\Program Files\Eclipse Adoptium\jdk-11.0.30.7-hotspot\bin\zip.dll
0x00007ffa358f0000 - 0x00007ffa36060000 	C:\Windows\System32\SHELL32.dll
0x00007ffa32950000 - 0x00007ffa330f5000 	C:\Windows\SYSTEM32\windows.storage.dll
0x00007ffa35590000 - 0x00007ffa358e4000 	C:\Windows\System32\combase.dll
0x00007ffa34230000 - 0x00007ffa3425b000 	C:\Windows\SYSTEM32\Wldp.dll
0x00007ffa36cd0000 - 0x00007ffa36d9d000 	C:\Windows\System32\OLEAUT32.dll
0x00007ffa36440000 - 0x00007ffa364ed000 	C:\Windows\System32\SHCORE.dll
0x00007ffa364f0000 - 0x00007ffa3654b000 	C:\Windows\System32\shlwapi.dll
0x00007ffa34810000 - 0x00007ffa34834000 	C:\Windows\SYSTEM32\profapi.dll
0x00007ffa2b830000 - 0x00007ffa2b849000 	C:\Program Files\Eclipse Adoptium\jdk-11.0.30.7-hotspot\bin\net.dll
0x00007ffa2ca20000 - 0x00007ffa2cb2a000 	C:\Windows\SYSTEM32\WINHTTP.dll
0x00007ffa33f90000 - 0x00007ffa33ffa000 	C:\Windows\system32\mswsock.dll
0x00007ffa2b7d0000 - 0x00007ffa2b7e3000 	C:\Program Files\Eclipse Adoptium\jdk-11.0.30.7-hotspot\bin\nio.dll
0x00007ffa2b820000 - 0x00007ffa2b82e000 	C:\Program Files\Eclipse Adoptium\jdk-11.0.30.7-hotspot\bin\sunmscapi.dll
0x00007ffa348e0000 - 0x00007ffa34a3d000 	C:\Windows\System32\CRYPT32.dll
0x00007ffa342a0000 - 0x00007ffa342c7000 	C:\Windows\SYSTEM32\ncrypt.dll
0x00007ffa34260000 - 0x00007ffa3429b000 	C:\Windows\SYSTEM32\NTASN1.dll
0x00007ffa24e70000 - 0x00007ffa24e97000 	C:\Program Files\Eclipse Adoptium\jdk-11.0.30.7-hotspot\bin\sunec.dll
0x00007ffa34190000 - 0x00007ffa341a8000 	C:\Windows\SYSTEM32\CRYPTSP.dll
0x00007ffa338b0000 - 0x00007ffa338e8000 	C:\Windows\system32\rsaenh.dll
0x00007ffa347d0000 - 0x00007ffa347fe000 	C:\Windows\SYSTEM32\USERENV.dll
0x00007ffa34180000 - 0x00007ffa3418c000 	C:\Windows\SYSTEM32\CRYPTBASE.dll
0x00007ffa33c70000 - 0x00007ffa33cab000 	C:\Windows\SYSTEM32\IPHLPAPI.DLL
0x00007ffa36210000 - 0x00007ffa36218000 	C:\Windows\System32\NSI.dll
0x00007ffa2bb40000 - 0x00007ffa2bb57000 	C:\Windows\SYSTEM32\dhcpcsvc6.DLL
0x00007ffa2c090000 - 0x00007ffa2c0ad000 	C:\Windows\SYSTEM32\dhcpcsvc.DLL
0x00007ffa33cb0000 - 0x00007ffa33d7a000 	C:\Windows\SYSTEM32\DNSAPI.dll
0x00007ffa2cc50000 - 0x00007ffa2cc5a000 	C:\Windows\System32\rasadhlp.dll
0x00007ffa26200000 - 0x00007ffa26280000 	C:\Windows\System32\fwpuclnt.dll

dbghelp: loaded successfully - version: 4.0.5 - missing functions: none
symbol engine: initialized successfully - sym options: 0x614 - pdb path: .;C:\Program Files\Eclipse Adoptium\jdk-11.0.30.7-hotspot\bin;C:\Windows\SYSTEM32;C:\Windows\WinSxS\amd64_microsoft.windows.common-controls_6595b64144ccf1df_6.0.19041.6456_none_60b8a6cb71f64256;C:\Program Files\Eclipse Adoptium\jdk-11.0.30.7-hotspot\bin\server

VM Arguments:
jvm_args: -javaagent:C:\Program Files\JetBrains\IntelliJ IDEA 2026.1\lib\idea_rt.jar=53496 -Dfile.encoding=UTF-8 
java_command: com.qacart.todo.testcases.Dummyforrestassured
java_class_path (initial): F:\selenuim\TodoApplocationProject\target\test-classes;F:\selenuim\TodoApplocationProject\target\classes;C:\Users\RAYTHEON\.m2\repository\org\seleniumhq\selenium\selenium-java\4.43.0\selenium-java-4.43.0.jar;C:\Users\RAYTHEON\.m2\repository\org\seleniumhq\selenium\selenium-api\4.43.0\selenium-api-4.43.0.jar;C:\Users\RAYTHEON\.m2\repository\org\jspecify\jspecify\1.0.0\jspecify-1.0.0.jar;C:\Users\RAYTHEON\.m2\repository\org\seleniumhq\selenium\selenium-chrome-driver\4.43.0\selenium-chrome-driver-4.43.0.jar;C:\Users\RAYTHEON\.m2\repository\com\google\auto\service\auto-service-annotations\1.1.1\auto-service-annotations-1.1.1.jar;C:\Users\RAYTHEON\.m2\repository\org\seleniumhq\selenium\selenium-chromium-driver\4.43.0\selenium-chromium-driver-4.43.0.jar;C:\Users\RAYTHEON\.m2\repository\org\seleniumhq\selenium\selenium-json\4.43.0\selenium-json-4.43.0.jar;C:\Users\RAYTHEON\.m2\repository\org\seleniumhq\selenium\selenium-manager\4.43.0\selenium-manager-4.43.0.jar;C:\Users\RAYTHEON\.m2\repository\org\seleniumhq\selenium\selenium-devtools-v145\4.43.0\selenium-devtools-v145-4.43.0.jar;C:\Users\RAYTHEON\.m2\repository\org\seleniumhq\selenium\selenium-devtools-v146\4.43.0\selenium-devtools-v146-4.43.0.jar;C:\Users\RAYTHEON\.m2\repository\org\seleniumhq\selenium\selenium-devtools-v147\4.43.0\selenium-devtools-v147-4.43.0.jar;C:\Users\RAYTHEON\.m2\repository\org\seleniumhq\selenium\selenium-edge-driver\4.43.0\selenium-edge-driver-4.43.0.jar;C:\Users\RAYTHEON\.m2\repository\org\seleniumhq\selenium\selenium-firefox-driver\4.43.0\selenium-firefox-driver-4.43.0.jar;C:\Users\RAYTHEON\.m2\repository\org\seleniumhq\selenium\selenium-http\4.43.0\selenium-http-4.43.0.jar;C:\Users\RAYTHEON\.m2\repository\org\seleniumhq\selenium\selenium-ie-driver\4.43.0\selenium-ie-driver-4.43.0.jar;C:\Users\RAYTHEON\.m2\repository\org\seleniumhq\selenium\selenium-remote-driver\4.43.0\selenium-remote-driver-4.43.0.jar;C:\Users\RAYTHEON\.m2\repository\com\google\guava\guava\33.5.
Launcher Type: SUN_STANDARD

[Global flags]
     intx CICompilerCount                          = 3                                         {product} {ergonomic}
     uint ConcGCThreads                            = 1                                         {product} {ergonomic}
     uint G1ConcRefinementThreads                  = 4                                         {product} {ergonomic}
   size_t G1HeapRegionSize                         = 1048576                                   {product} {ergonomic}
    uintx GCDrainStackTargetSize                   = 64                                        {product} {ergonomic}
   size_t InitialHeapSize                          = 134217728                                 {product} {ergonomic}
   size_t MarkStackSize                            = 4194304                                   {product} {ergonomic}
   size_t MaxHeapSize                              = 2120220672                                {product} {ergonomic}
   size_t MaxNewSize                               = 1271922688                                {product} {ergonomic}
   size_t MinHeapDeltaBytes                        = 1048576                                   {product} {ergonomic}
    uintx NonNMethodCodeHeapSize                   = 5830732                                {pd product} {ergonomic}
    uintx NonProfiledCodeHeapSize                  = 122913754                              {pd product} {ergonomic}
    uintx ProfiledCodeHeapSize                     = 122913754                              {pd product} {ergonomic}
    uintx ReservedCodeCacheSize                    = 251658240                              {pd product} {ergonomic}
     bool SegmentedCodeCache                       = true                                      {product} {ergonomic}
     bool UseCompressedClassPointers               = true                                 {lp64_product} {ergonomic}
     bool UseCompressedOops                        = true                                 {lp64_product} {ergonomic}
     bool UseG1GC                                  = true                                      {product} {ergonomic}
     bool UseLargePagesIndividualAllocation        = false                                  {pd product} {ergonomic}

Logging:
Log output configuration:
 #0: stdout all=warning uptime,level,tags
 #1: stderr all=off uptime,level,tags

Environment Variables:
JAVA_HOME=C:\Program Files\Eclipse Adoptium\jdk-11.0.30.7-hotspot\
PATH=C:\Program Files\Eclipse Adoptium\jdk-11.0.30.7-hotspot\bin;C:\Program Files\Eclipse Adoptium\jdk-8.0.482.8-hotspot\bin;C:\Windows\system32;C:\Windows;C:\Windows\System32\Wbem;C:\Windows\System32\WindowsPowerShell\v1.0\;C:\Windows\System32\OpenSSH\;C:\Program Files\nodejs\;C:\Users\RAYTHEON\Documents\apache-maven-3.9.15\bin;C:\Users\RAYTHEON\AppData\Local\Microsoft\WindowsApps;C:\Users\RAYTHEON\AppData\Roaming\npm;C:\Program Files\JetBrains\IntelliJ IDEA 2026.1\bin
USERNAME=ADHAM
OS=Windows_NT
PROCESSOR_IDENTIFIER=Intel64 Family 6 Model 42 Stepping 7, GenuineIntel
TMP=C:\Users\RAYTHEON\AppData\Local\Temp
TEMP=C:\Users\RAYTHEON\AppData\Local\Temp



---------------  S Y S T E M  ---------------

OS: Windows 10 , 64 bit Build 19041 (10.0.19041.5915)
OS uptime: 1 days 2:25 hours

CPU:total 4 (initial active 4) (2 cores per cpu, 2 threads per core) family 6 model 42 stepping 7 microcode 0x2f, cmov, cx8, fxsr, mmx, sse, sse2, sse3, ssse3, sse4.1, sse4.2, popcnt, avx, aes, clmul, ht, tsc, tscinvbit

Memory: 4k page, system-wide physical 8086M (701M free)
TotalPageFile size 10134M (AvailPageFile size 5M)
current process WorkingSet (physical memory assigned to process): 208M, peak: 208M
current process commit charge ("private bytes"): 270M, peak: 272M

vm_info: OpenJDK 64-Bit Server VM (11.0.30+7) for windows-amd64 JRE (11.0.30+7), built on Jan 21 2026 06:15:59 by "" with MS VC++ 17.7 (VS2022)

END.
